[2023-05-30T01:32:28.701+0000] {warnings.py:110} WARNING - /usr/local/lib/python3.7/site-packages/***/models/taskinstance.py:871: SAWarning: TypeDecorator ExecutorConfigType() will not produce a cache key because the ``cache_ok`` attribute is not set to True.  This can have significant performance implications including some performance degradations in comparison to prior SQLAlchemy versions.  Set this attribute to True if this type object's state is safe to use in a cache key, or False to disable this warning. (Background on this error at: https://sqlalche.me/e/14/cprf)
  ti: TaskInstance | None = qry.with_for_update().one_or_none()

[2023-05-30T01:32:28.777+0000] {taskinstance.py:1165} INFO - Dependencies all met for <TaskInstance: word_count_1.word_count manual__2023-05-29T17:08:16.722521+00:00 [queued]>
[2023-05-30T01:32:28.830+0000] {taskinstance.py:1165} INFO - Dependencies all met for <TaskInstance: word_count_1.word_count manual__2023-05-29T17:08:16.722521+00:00 [queued]>
[2023-05-30T01:32:28.831+0000] {taskinstance.py:1362} INFO - 
--------------------------------------------------------------------------------
[2023-05-30T01:32:28.831+0000] {taskinstance.py:1363} INFO - Starting attempt 2 of 2
[2023-05-30T01:32:28.832+0000] {taskinstance.py:1364} INFO - 
--------------------------------------------------------------------------------
[2023-05-30T01:32:28.915+0000] {taskinstance.py:1383} INFO - Executing <Task(SparkSubmitOperator): word_count> on 2023-05-29 17:08:16.722521+00:00
[2023-05-30T01:32:28.931+0000] {standard_task_runner.py:54} INFO - Started process 58 to run task
[2023-05-30T01:32:28.940+0000] {standard_task_runner.py:82} INFO - Running: ['***', 'tasks', 'run', 'word_count_1', 'word_count', 'manual__2023-05-29T17:08:16.722521+00:00', '--job-id', '4592', '--raw', '--subdir', 'DAGS_FOLDER/word_count_scheduler.py', '--cfg-path', '/tmp/tmpnh16_xyk']
[2023-05-30T01:32:28.942+0000] {standard_task_runner.py:83} INFO - Job 4592: Subtask word_count
[2023-05-30T01:32:28.944+0000] {dagbag.py:525} INFO - Filling up the DagBag from /opt/***/dags/word_count_scheduler.py
[2023-05-30T01:32:29.271+0000] {task_command.py:384} INFO - Running <TaskInstance: word_count_1.word_count manual__2023-05-29T17:08:16.722521+00:00 [running]> on host fb138c374944
[2023-05-30T01:32:29.280+0000] {warnings.py:110} WARNING - /usr/local/lib/python3.7/site-packages/***/models/taskinstance.py:873: SAWarning: TypeDecorator ExecutorConfigType() will not produce a cache key because the ``cache_ok`` attribute is not set to True.  This can have significant performance implications including some performance degradations in comparison to prior SQLAlchemy versions.  Set this attribute to True if this type object's state is safe to use in a cache key, or False to disable this warning. (Background on this error at: https://sqlalche.me/e/14/cprf)
  ti = qry.one_or_none()

[2023-05-30T01:32:29.547+0000] {taskinstance.py:1592} INFO - Exporting the following env vars:
AIRFLOW_CTX_DAG_EMAIL=pioneer22022001@gmail.com
AIRFLOW_CTX_DAG_OWNER=***
AIRFLOW_CTX_DAG_ID=word_count_1
AIRFLOW_CTX_TASK_ID=word_count
AIRFLOW_CTX_EXECUTION_DATE=2023-05-29T17:08:16.722521+00:00
AIRFLOW_CTX_TRY_NUMBER=2
AIRFLOW_CTX_DAG_RUN_ID=manual__2023-05-29T17:08:16.722521+00:00
[2023-05-30T01:32:29.580+0000] {base.py:71} INFO - Using connection ID 'other_spark_local' for task execution.
[2023-05-30T01:32:29.583+0000] {spark_submit.py:339} INFO - Spark-Submit cmd: spark-submit --master spark://spark-master:7077 --conf spark.master=spark://spark-master:7077 --name word_count --verbose /opt/spark/app/word_count.py
[2023-05-30T01:32:29.624+0000] {spark_submit.py:490} INFO - /opt/spark/bin/load-spark-env.sh: line 68: ps: command not found
[2023-05-30T01:32:33.331+0000] {spark_submit.py:490} INFO - Using properties file: null
[2023-05-30T01:32:33.956+0000] {spark_submit.py:490} INFO - Parsed arguments:
[2023-05-30T01:32:33.957+0000] {spark_submit.py:490} INFO - master                  spark://spark-master:7077
[2023-05-30T01:32:33.957+0000] {spark_submit.py:490} INFO - deployMode              null
[2023-05-30T01:32:33.958+0000] {spark_submit.py:490} INFO - executorMemory          null
[2023-05-30T01:32:33.959+0000] {spark_submit.py:490} INFO - executorCores           null
[2023-05-30T01:32:33.959+0000] {spark_submit.py:490} INFO - totalExecutorCores      null
[2023-05-30T01:32:33.960+0000] {spark_submit.py:490} INFO - propertiesFile          null
[2023-05-30T01:32:33.960+0000] {spark_submit.py:490} INFO - driverMemory            null
[2023-05-30T01:32:33.961+0000] {spark_submit.py:490} INFO - driverCores             null
[2023-05-30T01:32:33.961+0000] {spark_submit.py:490} INFO - driverExtraClassPath    null
[2023-05-30T01:32:33.962+0000] {spark_submit.py:490} INFO - driverExtraLibraryPath  null
[2023-05-30T01:32:33.962+0000] {spark_submit.py:490} INFO - driverExtraJavaOptions  null
[2023-05-30T01:32:33.963+0000] {spark_submit.py:490} INFO - supervise               false
[2023-05-30T01:32:33.963+0000] {spark_submit.py:490} INFO - queue                   null
[2023-05-30T01:32:33.964+0000] {spark_submit.py:490} INFO - numExecutors            null
[2023-05-30T01:32:33.964+0000] {spark_submit.py:490} INFO - files                   null
[2023-05-30T01:32:33.965+0000] {spark_submit.py:490} INFO - pyFiles                 null
[2023-05-30T01:32:33.965+0000] {spark_submit.py:490} INFO - archives                null
[2023-05-30T01:32:33.966+0000] {spark_submit.py:490} INFO - mainClass               null
[2023-05-30T01:32:33.966+0000] {spark_submit.py:490} INFO - primaryResource         file:/opt/spark/app/word_count.py
[2023-05-30T01:32:33.967+0000] {spark_submit.py:490} INFO - name                    word_count
[2023-05-30T01:32:33.967+0000] {spark_submit.py:490} INFO - childArgs               []
[2023-05-30T01:32:33.968+0000] {spark_submit.py:490} INFO - jars                    null
[2023-05-30T01:32:33.968+0000] {spark_submit.py:490} INFO - packages                null
[2023-05-30T01:32:33.969+0000] {spark_submit.py:490} INFO - packagesExclusions      null
[2023-05-30T01:32:33.969+0000] {spark_submit.py:490} INFO - repositories            null
[2023-05-30T01:32:33.970+0000] {spark_submit.py:490} INFO - verbose                 true
[2023-05-30T01:32:33.970+0000] {spark_submit.py:490} INFO - 
[2023-05-30T01:32:33.971+0000] {spark_submit.py:490} INFO - Spark properties used, including those specified through
[2023-05-30T01:32:33.971+0000] {spark_submit.py:490} INFO - --conf and those from the properties file null:
[2023-05-30T01:32:33.972+0000] {spark_submit.py:490} INFO - (spark.master,spark://spark-master:7077)
[2023-05-30T01:32:33.972+0000] {spark_submit.py:490} INFO - 
[2023-05-30T01:32:33.973+0000] {spark_submit.py:490} INFO - 
[2023-05-30T01:32:34.046+0000] {warnings.py:110} WARNING - /usr/local/lib/python3.7/site-packages/***/models/taskinstance.py:873: SAWarning: TypeDecorator ExecutorConfigType() will not produce a cache key because the ``cache_ok`` attribute is not set to True.  This can have significant performance implications including some performance degradations in comparison to prior SQLAlchemy versions.  Set this attribute to True if this type object's state is safe to use in a cache key, or False to disable this warning. (Background on this error at: https://sqlalche.me/e/14/cprf)
  ti = qry.one_or_none()

[2023-05-30T01:32:35.172+0000] {spark_submit.py:490} INFO - Main class:
[2023-05-30T01:32:35.173+0000] {spark_submit.py:490} INFO - org.apache.spark.deploy.PythonRunner
[2023-05-30T01:32:35.174+0000] {spark_submit.py:490} INFO - Arguments:
[2023-05-30T01:32:35.174+0000] {spark_submit.py:490} INFO - file:/opt/spark/app/word_count.py
[2023-05-30T01:32:35.175+0000] {spark_submit.py:490} INFO - null
[2023-05-30T01:32:35.180+0000] {spark_submit.py:490} INFO - Spark config:
[2023-05-30T01:32:35.181+0000] {spark_submit.py:490} INFO - (spark.master,spark://spark-master:7077)
[2023-05-30T01:32:35.182+0000] {spark_submit.py:490} INFO - (spark.submit.pyFiles,)
[2023-05-30T01:32:35.182+0000] {spark_submit.py:490} INFO - (spark.app.name,word_count)
[2023-05-30T01:32:35.183+0000] {spark_submit.py:490} INFO - (spark.submit.deployMode,client)
[2023-05-30T01:32:35.184+0000] {spark_submit.py:490} INFO - Classpath elements:
[2023-05-30T01:32:35.184+0000] {spark_submit.py:490} INFO - 
[2023-05-30T01:32:35.185+0000] {spark_submit.py:490} INFO - 
[2023-05-30T01:32:35.185+0000] {spark_submit.py:490} INFO - 
[2023-05-30T01:32:36.872+0000] {spark_submit.py:490} INFO - Using Spark's default log4j profile: org/apache/spark/log4j-defaults.properties
[2023-05-30T01:32:36.897+0000] {spark_submit.py:490} INFO - 23/05/30 01:32:36 INFO SparkContext: Running Spark version 3.2.3
[2023-05-30T01:32:37.390+0000] {spark_submit.py:490} INFO - 23/05/30 01:32:37 WARN NativeCodeLoader: Unable to load native-hadoop library for your platform... using builtin-java classes where applicable
[2023-05-30T01:32:37.687+0000] {spark_submit.py:490} INFO - 23/05/30 01:32:37 INFO ResourceUtils: ==============================================================
[2023-05-30T01:32:37.689+0000] {spark_submit.py:490} INFO - 23/05/30 01:32:37 INFO ResourceUtils: No custom resources configured for spark.driver.
[2023-05-30T01:32:37.690+0000] {spark_submit.py:490} INFO - 23/05/30 01:32:37 INFO ResourceUtils: ==============================================================
[2023-05-30T01:32:37.691+0000] {spark_submit.py:490} INFO - 23/05/30 01:32:37 INFO SparkContext: Submitted application: Firstprogram
[2023-05-30T01:32:37.764+0000] {spark_submit.py:490} INFO - 23/05/30 01:32:37 INFO ResourceProfile: Default ResourceProfile created, executor resources: Map(cores -> name: cores, amount: 1, script: , vendor: , memory -> name: memory, amount: 1024, script: , vendor: , offHeap -> name: offHeap, amount: 0, script: , vendor: ), task resources: Map(cpus -> name: cpus, amount: 1.0)
[2023-05-30T01:32:37.810+0000] {spark_submit.py:490} INFO - 23/05/30 01:32:37 INFO ResourceProfile: Limiting resource is cpu
[2023-05-30T01:32:37.812+0000] {spark_submit.py:490} INFO - 23/05/30 01:32:37 INFO ResourceProfileManager: Added ResourceProfile id: 0
[2023-05-30T01:32:38.030+0000] {spark_submit.py:490} INFO - 23/05/30 01:32:38 INFO SecurityManager: Changing view acls to: ***
[2023-05-30T01:32:38.032+0000] {spark_submit.py:490} INFO - 23/05/30 01:32:38 INFO SecurityManager: Changing modify acls to: ***
[2023-05-30T01:32:38.034+0000] {spark_submit.py:490} INFO - 23/05/30 01:32:38 INFO SecurityManager: Changing view acls groups to:
[2023-05-30T01:32:38.035+0000] {spark_submit.py:490} INFO - 23/05/30 01:32:38 INFO SecurityManager: Changing modify acls groups to:
[2023-05-30T01:32:38.037+0000] {spark_submit.py:490} INFO - 23/05/30 01:32:38 INFO SecurityManager: SecurityManager: authentication disabled; ui acls disabled; users  with view permissions: Set(***); groups with view permissions: Set(); users  with modify permissions: Set(***); groups with modify permissions: Set()
[2023-05-30T01:32:38.921+0000] {spark_submit.py:490} INFO - 23/05/30 01:32:38 INFO Utils: Successfully started service 'sparkDriver' on port 35241.
[2023-05-30T01:32:39.044+0000] {spark_submit.py:490} INFO - 23/05/30 01:32:39 INFO SparkEnv: Registering MapOutputTracker
[2023-05-30T01:32:39.167+0000] {spark_submit.py:490} INFO - 23/05/30 01:32:39 INFO SparkEnv: Registering BlockManagerMaster
[2023-05-30T01:32:39.263+0000] {spark_submit.py:490} INFO - 23/05/30 01:32:39 INFO BlockManagerMasterEndpoint: Using org.apache.spark.storage.DefaultTopologyMapper for getting topology information
[2023-05-30T01:32:39.267+0000] {spark_submit.py:490} INFO - 23/05/30 01:32:39 INFO BlockManagerMasterEndpoint: BlockManagerMasterEndpoint up
[2023-05-30T01:32:39.286+0000] {spark_submit.py:490} INFO - 23/05/30 01:32:39 INFO SparkEnv: Registering BlockManagerMasterHeartbeat
[2023-05-30T01:32:39.389+0000] {spark_submit.py:490} INFO - 23/05/30 01:32:39 INFO DiskBlockManager: Created local directory at /tmp/blockmgr-ecb68875-5e88-4882-93ec-08da548432d2
[2023-05-30T01:32:39.491+0000] {spark_submit.py:490} INFO - 23/05/30 01:32:39 INFO MemoryStore: MemoryStore started with capacity 366.3 MiB
[2023-05-30T01:32:39.555+0000] {spark_submit.py:490} INFO - 23/05/30 01:32:39 INFO SparkEnv: Registering OutputCommitCoordinator
[2023-05-30T01:32:40.460+0000] {spark_submit.py:490} INFO - 23/05/30 01:32:40 INFO Utils: Successfully started service 'SparkUI' on port 4040.
[2023-05-30T01:32:40.787+0000] {spark_submit.py:490} INFO - 23/05/30 01:32:40 INFO SparkUI: Bound SparkUI to 0.0.0.0, and started at http://fb138c374944:4040
[2023-05-30T01:32:41.928+0000] {spark_submit.py:490} INFO - 23/05/30 01:32:41 INFO StandaloneAppClient$ClientEndpoint: Connecting to master spark://spark-master:7077...
[2023-05-30T01:32:42.258+0000] {spark_submit.py:490} INFO - 23/05/30 01:32:42 WARN StandaloneAppClient$ClientEndpoint: Failed to connect to master spark-master:7077
[2023-05-30T01:32:42.259+0000] {spark_submit.py:490} INFO - org.apache.spark.SparkException: Exception thrown in awaitResult:
[2023-05-30T01:32:42.260+0000] {spark_submit.py:490} INFO - at org.apache.spark.util.ThreadUtils$.awaitResult(ThreadUtils.scala:301)
[2023-05-30T01:32:42.260+0000] {spark_submit.py:490} INFO - at org.apache.spark.rpc.RpcTimeout.awaitResult(RpcTimeout.scala:75)
[2023-05-30T01:32:42.261+0000] {spark_submit.py:490} INFO - at org.apache.spark.rpc.RpcEnv.setupEndpointRefByURI(RpcEnv.scala:102)
[2023-05-30T01:32:42.262+0000] {spark_submit.py:490} INFO - at org.apache.spark.rpc.RpcEnv.setupEndpointRef(RpcEnv.scala:110)
[2023-05-30T01:32:42.262+0000] {spark_submit.py:490} INFO - at org.apache.spark.deploy.client.StandaloneAppClient$ClientEndpoint$$anon$1.run(StandaloneAppClient.scala:107)
[2023-05-30T01:32:42.263+0000] {spark_submit.py:490} INFO - at java.util.concurrent.Executors$RunnableAdapter.call(Executors.java:511)
[2023-05-30T01:32:42.263+0000] {spark_submit.py:490} INFO - at java.util.concurrent.FutureTask.run(FutureTask.java:266)
[2023-05-30T01:32:42.264+0000] {spark_submit.py:490} INFO - at java.util.concurrent.ThreadPoolExecutor.runWorker(ThreadPoolExecutor.java:1149)
[2023-05-30T01:32:42.264+0000] {spark_submit.py:490} INFO - at java.util.concurrent.ThreadPoolExecutor$Worker.run(ThreadPoolExecutor.java:624)
[2023-05-30T01:32:42.265+0000] {spark_submit.py:490} INFO - at java.lang.Thread.run(Thread.java:748)
[2023-05-30T01:32:42.265+0000] {spark_submit.py:490} INFO - Caused by: java.io.IOException: Failed to connect to spark-master:7077
[2023-05-30T01:32:42.266+0000] {spark_submit.py:490} INFO - at org.apache.spark.network.client.TransportClientFactory.createClient(TransportClientFactory.java:288)
[2023-05-30T01:32:42.266+0000] {spark_submit.py:490} INFO - at org.apache.spark.network.client.TransportClientFactory.createClient(TransportClientFactory.java:218)
[2023-05-30T01:32:42.267+0000] {spark_submit.py:490} INFO - at org.apache.spark.network.client.TransportClientFactory.createClient(TransportClientFactory.java:230)
[2023-05-30T01:32:42.267+0000] {spark_submit.py:490} INFO - at org.apache.spark.rpc.netty.NettyRpcEnv.createClient(NettyRpcEnv.scala:204)
[2023-05-30T01:32:42.268+0000] {spark_submit.py:490} INFO - at org.apache.spark.rpc.netty.Outbox$$anon$1.call(Outbox.scala:202)
[2023-05-30T01:32:42.269+0000] {spark_submit.py:490} INFO - at org.apache.spark.rpc.netty.Outbox$$anon$1.call(Outbox.scala:198)
[2023-05-30T01:32:42.269+0000] {spark_submit.py:490} INFO - ... 4 more
[2023-05-30T01:32:42.270+0000] {spark_submit.py:490} INFO - Caused by: java.net.UnknownHostException: spark-master
[2023-05-30T01:32:42.270+0000] {spark_submit.py:490} INFO - at java.net.InetAddress.getAllByName0(InetAddress.java:1281)
[2023-05-30T01:32:42.271+0000] {spark_submit.py:490} INFO - at java.net.InetAddress.getAllByName(InetAddress.java:1193)
[2023-05-30T01:32:42.271+0000] {spark_submit.py:490} INFO - at java.net.InetAddress.getAllByName(InetAddress.java:1127)
[2023-05-30T01:32:42.272+0000] {spark_submit.py:490} INFO - at java.net.InetAddress.getByName(InetAddress.java:1077)
[2023-05-30T01:32:42.272+0000] {spark_submit.py:490} INFO - at io.netty.util.internal.SocketUtils$8.run(SocketUtils.java:156)
[2023-05-30T01:32:42.273+0000] {spark_submit.py:490} INFO - at io.netty.util.internal.SocketUtils$8.run(SocketUtils.java:153)
[2023-05-30T01:32:42.273+0000] {spark_submit.py:490} INFO - at java.security.AccessController.doPrivileged(Native Method)
[2023-05-30T01:32:42.274+0000] {spark_submit.py:490} INFO - at io.netty.util.internal.SocketUtils.addressByName(SocketUtils.java:153)
[2023-05-30T01:32:42.274+0000] {spark_submit.py:490} INFO - at io.netty.resolver.DefaultNameResolver.doResolve(DefaultNameResolver.java:41)
[2023-05-30T01:32:42.275+0000] {spark_submit.py:490} INFO - at io.netty.resolver.SimpleNameResolver.resolve(SimpleNameResolver.java:61)
[2023-05-30T01:32:42.275+0000] {spark_submit.py:490} INFO - at io.netty.resolver.SimpleNameResolver.resolve(SimpleNameResolver.java:53)
[2023-05-30T01:32:42.276+0000] {spark_submit.py:490} INFO - at io.netty.resolver.InetSocketAddressResolver.doResolve(InetSocketAddressResolver.java:55)
[2023-05-30T01:32:42.276+0000] {spark_submit.py:490} INFO - at io.netty.resolver.InetSocketAddressResolver.doResolve(InetSocketAddressResolver.java:31)
[2023-05-30T01:32:42.277+0000] {spark_submit.py:490} INFO - at io.netty.resolver.AbstractAddressResolver.resolve(AbstractAddressResolver.java:106)
[2023-05-30T01:32:42.278+0000] {spark_submit.py:490} INFO - at io.netty.bootstrap.Bootstrap.doResolveAndConnect0(Bootstrap.java:206)
[2023-05-30T01:32:42.278+0000] {spark_submit.py:490} INFO - at io.netty.bootstrap.Bootstrap.access$000(Bootstrap.java:46)
[2023-05-30T01:32:42.279+0000] {spark_submit.py:490} INFO - at io.netty.bootstrap.Bootstrap$1.operationComplete(Bootstrap.java:180)
[2023-05-30T01:32:42.279+0000] {spark_submit.py:490} INFO - at io.netty.bootstrap.Bootstrap$1.operationComplete(Bootstrap.java:166)
[2023-05-30T01:32:42.280+0000] {spark_submit.py:490} INFO - at io.netty.util.concurrent.DefaultPromise.notifyListener0(DefaultPromise.java:578)
[2023-05-30T01:32:42.280+0000] {spark_submit.py:490} INFO - at io.netty.util.concurrent.DefaultPromise.notifyListenersNow(DefaultPromise.java:552)
[2023-05-30T01:32:42.281+0000] {spark_submit.py:490} INFO - at io.netty.util.concurrent.DefaultPromise.notifyListeners(DefaultPromise.java:491)
[2023-05-30T01:32:42.281+0000] {spark_submit.py:490} INFO - at io.netty.util.concurrent.DefaultPromise.setValue0(DefaultPromise.java:616)
[2023-05-30T01:32:42.282+0000] {spark_submit.py:490} INFO - at io.netty.util.concurrent.DefaultPromise.setSuccess0(DefaultPromise.java:605)
[2023-05-30T01:32:42.282+0000] {spark_submit.py:490} INFO - at io.netty.util.concurrent.DefaultPromise.trySuccess(DefaultPromise.java:104)
[2023-05-30T01:32:42.283+0000] {spark_submit.py:490} INFO - at io.netty.channel.DefaultChannelPromise.trySuccess(DefaultChannelPromise.java:84)
[2023-05-30T01:32:42.283+0000] {spark_submit.py:490} INFO - at io.netty.channel.AbstractChannel$AbstractUnsafe.safeSetSuccess(AbstractChannel.java:1008)
[2023-05-30T01:32:42.284+0000] {spark_submit.py:490} INFO - at io.netty.channel.AbstractChannel$AbstractUnsafe.register0(AbstractChannel.java:516)
[2023-05-30T01:32:42.284+0000] {spark_submit.py:490} INFO - at io.netty.channel.AbstractChannel$AbstractUnsafe.access$200(AbstractChannel.java:429)
[2023-05-30T01:32:42.285+0000] {spark_submit.py:490} INFO - at io.netty.channel.AbstractChannel$AbstractUnsafe$1.run(AbstractChannel.java:486)
[2023-05-30T01:32:42.285+0000] {spark_submit.py:490} INFO - at io.netty.util.concurrent.AbstractEventExecutor.safeExecute(AbstractEventExecutor.java:164)
[2023-05-30T01:32:42.286+0000] {spark_submit.py:490} INFO - at io.netty.util.concurrent.SingleThreadEventExecutor.runAllTasks(SingleThreadEventExecutor.java:469)
[2023-05-30T01:32:42.286+0000] {spark_submit.py:490} INFO - at io.netty.channel.nio.NioEventLoop.run(NioEventLoop.java:500)
[2023-05-30T01:32:42.287+0000] {spark_submit.py:490} INFO - at io.netty.util.concurrent.SingleThreadEventExecutor$4.run(SingleThreadEventExecutor.java:986)
[2023-05-30T01:32:42.287+0000] {spark_submit.py:490} INFO - at io.netty.util.internal.ThreadExecutorMap$2.run(ThreadExecutorMap.java:74)
[2023-05-30T01:32:42.288+0000] {spark_submit.py:490} INFO - at io.netty.util.concurrent.FastThreadLocalRunnable.run(FastThreadLocalRunnable.java:30)
[2023-05-30T01:32:42.289+0000] {spark_submit.py:490} INFO - ... 1 more
[2023-05-30T01:33:01.887+0000] {spark_submit.py:490} INFO - 23/05/30 01:33:01 INFO StandaloneAppClient$ClientEndpoint: Connecting to master spark://spark-master:7077...
[2023-05-30T01:33:01.930+0000] {spark_submit.py:490} INFO - 23/05/30 01:33:01 WARN StandaloneAppClient$ClientEndpoint: Failed to connect to master spark-master:7077
[2023-05-30T01:33:01.931+0000] {spark_submit.py:490} INFO - org.apache.spark.SparkException: Exception thrown in awaitResult:
[2023-05-30T01:33:01.932+0000] {spark_submit.py:490} INFO - at org.apache.spark.util.ThreadUtils$.awaitResult(ThreadUtils.scala:301)
[2023-05-30T01:33:01.932+0000] {spark_submit.py:490} INFO - at org.apache.spark.rpc.RpcTimeout.awaitResult(RpcTimeout.scala:75)
[2023-05-30T01:33:01.933+0000] {spark_submit.py:490} INFO - at org.apache.spark.rpc.RpcEnv.setupEndpointRefByURI(RpcEnv.scala:102)
[2023-05-30T01:33:01.933+0000] {spark_submit.py:490} INFO - at org.apache.spark.rpc.RpcEnv.setupEndpointRef(RpcEnv.scala:110)
[2023-05-30T01:33:01.934+0000] {spark_submit.py:490} INFO - at org.apache.spark.deploy.client.StandaloneAppClient$ClientEndpoint$$anon$1.run(StandaloneAppClient.scala:107)
[2023-05-30T01:33:01.934+0000] {spark_submit.py:490} INFO - at java.util.concurrent.Executors$RunnableAdapter.call(Executors.java:511)
[2023-05-30T01:33:01.935+0000] {spark_submit.py:490} INFO - at java.util.concurrent.FutureTask.run(FutureTask.java:266)
[2023-05-30T01:33:01.935+0000] {spark_submit.py:490} INFO - at java.util.concurrent.ThreadPoolExecutor.runWorker(ThreadPoolExecutor.java:1149)
[2023-05-30T01:33:01.936+0000] {spark_submit.py:490} INFO - at java.util.concurrent.ThreadPoolExecutor$Worker.run(ThreadPoolExecutor.java:624)
[2023-05-30T01:33:01.936+0000] {spark_submit.py:490} INFO - at java.lang.Thread.run(Thread.java:748)
[2023-05-30T01:33:01.937+0000] {spark_submit.py:490} INFO - Caused by: java.io.IOException: Failed to connect to spark-master:7077
[2023-05-30T01:33:01.938+0000] {spark_submit.py:490} INFO - at org.apache.spark.network.client.TransportClientFactory.createClient(TransportClientFactory.java:288)
[2023-05-30T01:33:01.938+0000] {spark_submit.py:490} INFO - at org.apache.spark.network.client.TransportClientFactory.createClient(TransportClientFactory.java:218)
[2023-05-30T01:33:01.939+0000] {spark_submit.py:490} INFO - at org.apache.spark.network.client.TransportClientFactory.createClient(TransportClientFactory.java:230)
[2023-05-30T01:33:01.939+0000] {spark_submit.py:490} INFO - at org.apache.spark.rpc.netty.NettyRpcEnv.createClient(NettyRpcEnv.scala:204)
[2023-05-30T01:33:01.940+0000] {spark_submit.py:490} INFO - at org.apache.spark.rpc.netty.Outbox$$anon$1.call(Outbox.scala:202)
[2023-05-30T01:33:01.940+0000] {spark_submit.py:490} INFO - at org.apache.spark.rpc.netty.Outbox$$anon$1.call(Outbox.scala:198)
[2023-05-30T01:33:01.941+0000] {spark_submit.py:490} INFO - ... 4 more
[2023-05-30T01:33:01.941+0000] {spark_submit.py:490} INFO - Caused by: java.net.UnknownHostException: spark-master
[2023-05-30T01:33:01.942+0000] {spark_submit.py:490} INFO - at java.net.InetAddress.getAllByName0(InetAddress.java:1281)
[2023-05-30T01:33:01.942+0000] {spark_submit.py:490} INFO - at java.net.InetAddress.getAllByName(InetAddress.java:1193)
[2023-05-30T01:33:01.943+0000] {spark_submit.py:490} INFO - at java.net.InetAddress.getAllByName(InetAddress.java:1127)
[2023-05-30T01:33:01.943+0000] {spark_submit.py:490} INFO - at java.net.InetAddress.getByName(InetAddress.java:1077)
[2023-05-30T01:33:01.944+0000] {spark_submit.py:490} INFO - at io.netty.util.internal.SocketUtils$8.run(SocketUtils.java:156)
[2023-05-30T01:33:01.944+0000] {spark_submit.py:490} INFO - at io.netty.util.internal.SocketUtils$8.run(SocketUtils.java:153)
[2023-05-30T01:33:01.945+0000] {spark_submit.py:490} INFO - at java.security.AccessController.doPrivileged(Native Method)
[2023-05-30T01:33:01.946+0000] {spark_submit.py:490} INFO - at io.netty.util.internal.SocketUtils.addressByName(SocketUtils.java:153)
[2023-05-30T01:33:01.946+0000] {spark_submit.py:490} INFO - at io.netty.resolver.DefaultNameResolver.doResolve(DefaultNameResolver.java:41)
[2023-05-30T01:33:01.947+0000] {spark_submit.py:490} INFO - at io.netty.resolver.SimpleNameResolver.resolve(SimpleNameResolver.java:61)
[2023-05-30T01:33:01.947+0000] {spark_submit.py:490} INFO - at io.netty.resolver.SimpleNameResolver.resolve(SimpleNameResolver.java:53)
[2023-05-30T01:33:01.948+0000] {spark_submit.py:490} INFO - at io.netty.resolver.InetSocketAddressResolver.doResolve(InetSocketAddressResolver.java:55)
[2023-05-30T01:33:01.948+0000] {spark_submit.py:490} INFO - at io.netty.resolver.InetSocketAddressResolver.doResolve(InetSocketAddressResolver.java:31)
[2023-05-30T01:33:01.949+0000] {spark_submit.py:490} INFO - at io.netty.resolver.AbstractAddressResolver.resolve(AbstractAddressResolver.java:106)
[2023-05-30T01:33:01.949+0000] {spark_submit.py:490} INFO - at io.netty.bootstrap.Bootstrap.doResolveAndConnect0(Bootstrap.java:206)
[2023-05-30T01:33:01.950+0000] {spark_submit.py:490} INFO - at io.netty.bootstrap.Bootstrap.access$000(Bootstrap.java:46)
[2023-05-30T01:33:01.950+0000] {spark_submit.py:490} INFO - at io.netty.bootstrap.Bootstrap$1.operationComplete(Bootstrap.java:180)
[2023-05-30T01:33:01.951+0000] {spark_submit.py:490} INFO - at io.netty.bootstrap.Bootstrap$1.operationComplete(Bootstrap.java:166)
[2023-05-30T01:33:01.951+0000] {spark_submit.py:490} INFO - at io.netty.util.concurrent.DefaultPromise.notifyListener0(DefaultPromise.java:578)
[2023-05-30T01:33:01.952+0000] {spark_submit.py:490} INFO - at io.netty.util.concurrent.DefaultPromise.notifyListenersNow(DefaultPromise.java:552)
[2023-05-30T01:33:01.952+0000] {spark_submit.py:490} INFO - at io.netty.util.concurrent.DefaultPromise.notifyListeners(DefaultPromise.java:491)
[2023-05-30T01:33:01.977+0000] {spark_submit.py:490} INFO - at io.netty.util.concurrent.DefaultPromise.setValue0(DefaultPromise.java:616)
[2023-05-30T01:33:01.978+0000] {spark_submit.py:490} INFO - at io.netty.util.concurrent.DefaultPromise.setSuccess0(DefaultPromise.java:605)
[2023-05-30T01:33:01.978+0000] {spark_submit.py:490} INFO - at io.netty.util.concurrent.DefaultPromise.trySuccess(DefaultPromise.java:104)
[2023-05-30T01:33:01.979+0000] {spark_submit.py:490} INFO - at io.netty.channel.DefaultChannelPromise.trySuccess(DefaultChannelPromise.java:84)
[2023-05-30T01:33:01.979+0000] {spark_submit.py:490} INFO - at io.netty.channel.AbstractChannel$AbstractUnsafe.safeSetSuccess(AbstractChannel.java:1008)
[2023-05-30T01:33:01.980+0000] {spark_submit.py:490} INFO - at io.netty.channel.AbstractChannel$AbstractUnsafe.register0(AbstractChannel.java:516)
[2023-05-30T01:33:01.980+0000] {spark_submit.py:490} INFO - at io.netty.channel.AbstractChannel$AbstractUnsafe.access$200(AbstractChannel.java:429)
[2023-05-30T01:33:01.981+0000] {spark_submit.py:490} INFO - at io.netty.channel.AbstractChannel$AbstractUnsafe$1.run(AbstractChannel.java:486)
[2023-05-30T01:33:01.982+0000] {spark_submit.py:490} INFO - at io.netty.util.concurrent.AbstractEventExecutor.safeExecute(AbstractEventExecutor.java:164)
[2023-05-30T01:33:01.982+0000] {spark_submit.py:490} INFO - at io.netty.util.concurrent.SingleThreadEventExecutor.runAllTasks(SingleThreadEventExecutor.java:469)
[2023-05-30T01:33:01.983+0000] {spark_submit.py:490} INFO - at io.netty.channel.nio.NioEventLoop.run(NioEventLoop.java:500)
[2023-05-30T01:33:01.983+0000] {spark_submit.py:490} INFO - at io.netty.util.concurrent.SingleThreadEventExecutor$4.run(SingleThreadEventExecutor.java:986)
[2023-05-30T01:33:01.984+0000] {spark_submit.py:490} INFO - at io.netty.util.internal.ThreadExecutorMap$2.run(ThreadExecutorMap.java:74)
[2023-05-30T01:33:01.984+0000] {spark_submit.py:490} INFO - at io.netty.util.concurrent.FastThreadLocalRunnable.run(FastThreadLocalRunnable.java:30)
[2023-05-30T01:33:01.985+0000] {spark_submit.py:490} INFO - ... 1 more
[2023-05-30T01:33:21.885+0000] {spark_submit.py:490} INFO - 23/05/30 01:33:21 INFO StandaloneAppClient$ClientEndpoint: Connecting to master spark://spark-master:7077...
[2023-05-30T01:33:21.901+0000] {spark_submit.py:490} INFO - 23/05/30 01:33:21 WARN StandaloneAppClient$ClientEndpoint: Failed to connect to master spark-master:7077
[2023-05-30T01:33:21.901+0000] {spark_submit.py:490} INFO - org.apache.spark.SparkException: Exception thrown in awaitResult:
[2023-05-30T01:33:21.902+0000] {spark_submit.py:490} INFO - at org.apache.spark.util.ThreadUtils$.awaitResult(ThreadUtils.scala:301)
[2023-05-30T01:33:21.902+0000] {spark_submit.py:490} INFO - at org.apache.spark.rpc.RpcTimeout.awaitResult(RpcTimeout.scala:75)
[2023-05-30T01:33:21.903+0000] {spark_submit.py:490} INFO - at org.apache.spark.rpc.RpcEnv.setupEndpointRefByURI(RpcEnv.scala:102)
[2023-05-30T01:33:21.903+0000] {spark_submit.py:490} INFO - at org.apache.spark.rpc.RpcEnv.setupEndpointRef(RpcEnv.scala:110)
[2023-05-30T01:33:21.904+0000] {spark_submit.py:490} INFO - at org.apache.spark.deploy.client.StandaloneAppClient$ClientEndpoint$$anon$1.run(StandaloneAppClient.scala:107)
[2023-05-30T01:33:21.904+0000] {spark_submit.py:490} INFO - at java.util.concurrent.Executors$RunnableAdapter.call(Executors.java:511)
[2023-05-30T01:33:21.905+0000] {spark_submit.py:490} INFO - at java.util.concurrent.FutureTask.run(FutureTask.java:266)
[2023-05-30T01:33:21.905+0000] {spark_submit.py:490} INFO - at java.util.concurrent.ThreadPoolExecutor.runWorker(ThreadPoolExecutor.java:1149)
[2023-05-30T01:33:21.906+0000] {spark_submit.py:490} INFO - at java.util.concurrent.ThreadPoolExecutor$Worker.run(ThreadPoolExecutor.java:624)
[2023-05-30T01:33:21.906+0000] {spark_submit.py:490} INFO - at java.lang.Thread.run(Thread.java:748)
[2023-05-30T01:33:21.907+0000] {spark_submit.py:490} INFO - Caused by: java.io.IOException: Failed to connect to spark-master:7077
[2023-05-30T01:33:21.907+0000] {spark_submit.py:490} INFO - at org.apache.spark.network.client.TransportClientFactory.createClient(TransportClientFactory.java:288)
[2023-05-30T01:33:21.908+0000] {spark_submit.py:490} INFO - at org.apache.spark.network.client.TransportClientFactory.createClient(TransportClientFactory.java:218)
[2023-05-30T01:33:21.908+0000] {spark_submit.py:490} INFO - at org.apache.spark.network.client.TransportClientFactory.createClient(TransportClientFactory.java:230)
[2023-05-30T01:33:21.908+0000] {spark_submit.py:490} INFO - at org.apache.spark.rpc.netty.NettyRpcEnv.createClient(NettyRpcEnv.scala:204)
[2023-05-30T01:33:21.909+0000] {spark_submit.py:490} INFO - at org.apache.spark.rpc.netty.Outbox$$anon$1.call(Outbox.scala:202)
[2023-05-30T01:33:21.909+0000] {spark_submit.py:490} INFO - at org.apache.spark.rpc.netty.Outbox$$anon$1.call(Outbox.scala:198)
[2023-05-30T01:33:21.910+0000] {spark_submit.py:490} INFO - ... 4 more
[2023-05-30T01:33:21.910+0000] {spark_submit.py:490} INFO - Caused by: java.net.UnknownHostException: spark-master
[2023-05-30T01:33:21.911+0000] {spark_submit.py:490} INFO - at java.net.InetAddress.getAllByName0(InetAddress.java:1281)
[2023-05-30T01:33:21.911+0000] {spark_submit.py:490} INFO - at java.net.InetAddress.getAllByName(InetAddress.java:1193)
[2023-05-30T01:33:21.912+0000] {spark_submit.py:490} INFO - at java.net.InetAddress.getAllByName(InetAddress.java:1127)
[2023-05-30T01:33:21.912+0000] {spark_submit.py:490} INFO - at java.net.InetAddress.getByName(InetAddress.java:1077)
[2023-05-30T01:33:21.912+0000] {spark_submit.py:490} INFO - at io.netty.util.internal.SocketUtils$8.run(SocketUtils.java:156)
[2023-05-30T01:33:21.913+0000] {spark_submit.py:490} INFO - at io.netty.util.internal.SocketUtils$8.run(SocketUtils.java:153)
[2023-05-30T01:33:21.913+0000] {spark_submit.py:490} INFO - at java.security.AccessController.doPrivileged(Native Method)
[2023-05-30T01:33:21.914+0000] {spark_submit.py:490} INFO - at io.netty.util.internal.SocketUtils.addressByName(SocketUtils.java:153)
[2023-05-30T01:33:21.914+0000] {spark_submit.py:490} INFO - at io.netty.resolver.DefaultNameResolver.doResolve(DefaultNameResolver.java:41)
[2023-05-30T01:33:21.915+0000] {spark_submit.py:490} INFO - at io.netty.resolver.SimpleNameResolver.resolve(SimpleNameResolver.java:61)
[2023-05-30T01:33:21.915+0000] {spark_submit.py:490} INFO - at io.netty.resolver.SimpleNameResolver.resolve(SimpleNameResolver.java:53)
[2023-05-30T01:33:21.916+0000] {spark_submit.py:490} INFO - at io.netty.resolver.InetSocketAddressResolver.doResolve(InetSocketAddressResolver.java:55)
[2023-05-30T01:33:21.916+0000] {spark_submit.py:490} INFO - at io.netty.resolver.InetSocketAddressResolver.doResolve(InetSocketAddressResolver.java:31)
[2023-05-30T01:33:21.917+0000] {spark_submit.py:490} INFO - at io.netty.resolver.AbstractAddressResolver.resolve(AbstractAddressResolver.java:106)
[2023-05-30T01:33:21.917+0000] {spark_submit.py:490} INFO - at io.netty.bootstrap.Bootstrap.doResolveAndConnect0(Bootstrap.java:206)
[2023-05-30T01:33:21.918+0000] {spark_submit.py:490} INFO - at io.netty.bootstrap.Bootstrap.access$000(Bootstrap.java:46)
[2023-05-30T01:33:21.918+0000] {spark_submit.py:490} INFO - at io.netty.bootstrap.Bootstrap$1.operationComplete(Bootstrap.java:180)
[2023-05-30T01:33:21.918+0000] {spark_submit.py:490} INFO - at io.netty.bootstrap.Bootstrap$1.operationComplete(Bootstrap.java:166)
[2023-05-30T01:33:21.919+0000] {spark_submit.py:490} INFO - at io.netty.util.concurrent.DefaultPromise.notifyListener0(DefaultPromise.java:578)
[2023-05-30T01:33:21.919+0000] {spark_submit.py:490} INFO - at io.netty.util.concurrent.DefaultPromise.notifyListenersNow(DefaultPromise.java:552)
[2023-05-30T01:33:21.920+0000] {spark_submit.py:490} INFO - at io.netty.util.concurrent.DefaultPromise.notifyListeners(DefaultPromise.java:491)
[2023-05-30T01:33:21.920+0000] {spark_submit.py:490} INFO - at io.netty.util.concurrent.DefaultPromise.setValue0(DefaultPromise.java:616)
[2023-05-30T01:33:21.921+0000] {spark_submit.py:490} INFO - at io.netty.util.concurrent.DefaultPromise.setSuccess0(DefaultPromise.java:605)
[2023-05-30T01:33:21.921+0000] {spark_submit.py:490} INFO - at io.netty.util.concurrent.DefaultPromise.trySuccess(DefaultPromise.java:104)
[2023-05-30T01:33:21.922+0000] {spark_submit.py:490} INFO - at io.netty.channel.DefaultChannelPromise.trySuccess(DefaultChannelPromise.java:84)
[2023-05-30T01:33:21.922+0000] {spark_submit.py:490} INFO - at io.netty.channel.AbstractChannel$AbstractUnsafe.safeSetSuccess(AbstractChannel.java:1008)
[2023-05-30T01:33:21.923+0000] {spark_submit.py:490} INFO - at io.netty.channel.AbstractChannel$AbstractUnsafe.register0(AbstractChannel.java:516)
[2023-05-30T01:33:21.923+0000] {spark_submit.py:490} INFO - at io.netty.channel.AbstractChannel$AbstractUnsafe.access$200(AbstractChannel.java:429)
[2023-05-30T01:33:21.924+0000] {spark_submit.py:490} INFO - at io.netty.channel.AbstractChannel$AbstractUnsafe$1.run(AbstractChannel.java:486)
[2023-05-30T01:33:21.924+0000] {spark_submit.py:490} INFO - at io.netty.util.concurrent.AbstractEventExecutor.safeExecute(AbstractEventExecutor.java:164)
[2023-05-30T01:33:21.924+0000] {spark_submit.py:490} INFO - at io.netty.util.concurrent.SingleThreadEventExecutor.runAllTasks(SingleThreadEventExecutor.java:469)
[2023-05-30T01:33:21.925+0000] {spark_submit.py:490} INFO - at io.netty.channel.nio.NioEventLoop.run(NioEventLoop.java:500)
[2023-05-30T01:33:21.925+0000] {spark_submit.py:490} INFO - at io.netty.util.concurrent.SingleThreadEventExecutor$4.run(SingleThreadEventExecutor.java:986)
[2023-05-30T01:33:21.926+0000] {spark_submit.py:490} INFO - at io.netty.util.internal.ThreadExecutorMap$2.run(ThreadExecutorMap.java:74)
[2023-05-30T01:33:21.926+0000] {spark_submit.py:490} INFO - at io.netty.util.concurrent.FastThreadLocalRunnable.run(FastThreadLocalRunnable.java:30)
[2023-05-30T01:33:21.927+0000] {spark_submit.py:490} INFO - ... 1 more
