[2023-05-29T17:00:04.276+0000] {warnings.py:110} WARNING - /usr/local/lib/python3.7/site-packages/***/models/taskinstance.py:871: SAWarning: TypeDecorator ExecutorConfigType() will not produce a cache key because the ``cache_ok`` attribute is not set to True.  This can have significant performance implications including some performance degradations in comparison to prior SQLAlchemy versions.  Set this attribute to True if this type object's state is safe to use in a cache key, or False to disable this warning. (Background on this error at: https://sqlalche.me/e/14/cprf)
  ti: TaskInstance | None = qry.with_for_update().one_or_none()

[2023-05-29T17:00:04.365+0000] {taskinstance.py:1165} INFO - Dependencies all met for <TaskInstance: trungtran_process_data_1.trungtran_clean_data_11 scheduled__2023-05-28T17:00:00+00:00 [queued]>
[2023-05-29T17:00:04.423+0000] {taskinstance.py:1165} INFO - Dependencies all met for <TaskInstance: trungtran_process_data_1.trungtran_clean_data_11 scheduled__2023-05-28T17:00:00+00:00 [queued]>
[2023-05-29T17:00:04.424+0000] {taskinstance.py:1362} INFO - 
--------------------------------------------------------------------------------
[2023-05-29T17:00:04.425+0000] {taskinstance.py:1363} INFO - Starting attempt 1 of 2
[2023-05-29T17:00:04.425+0000] {taskinstance.py:1364} INFO - 
--------------------------------------------------------------------------------
[2023-05-29T17:00:04.547+0000] {taskinstance.py:1383} INFO - Executing <Task(SparkSubmitOperator): trungtran_clean_data_11> on 2023-05-28 17:00:00+00:00
[2023-05-29T17:00:04.593+0000] {standard_task_runner.py:54} INFO - Started process 5392 to run task
[2023-05-29T17:00:04.648+0000] {standard_task_runner.py:82} INFO - Running: ['***', 'tasks', 'run', 'trungtran_process_data_1', 'trungtran_clean_data_11', 'scheduled__2023-05-28T17:00:00+00:00', '--job-id', '4586', '--raw', '--subdir', 'DAGS_FOLDER/trungtran_process.py', '--cfg-path', '/tmp/tmp8ti2pb3o']
[2023-05-29T17:00:04.650+0000] {standard_task_runner.py:83} INFO - Job 4586: Subtask trungtran_clean_data_11
[2023-05-29T17:00:04.667+0000] {dagbag.py:525} INFO - Filling up the DagBag from /opt/***/dags/trungtran_process.py
[2023-05-29T17:00:05.251+0000] {task_command.py:384} INFO - Running <TaskInstance: trungtran_process_data_1.trungtran_clean_data_11 scheduled__2023-05-28T17:00:00+00:00 [running]> on host fb138c374944
[2023-05-29T17:00:05.264+0000] {warnings.py:110} WARNING - /usr/local/lib/python3.7/site-packages/***/models/taskinstance.py:873: SAWarning: TypeDecorator ExecutorConfigType() will not produce a cache key because the ``cache_ok`` attribute is not set to True.  This can have significant performance implications including some performance degradations in comparison to prior SQLAlchemy versions.  Set this attribute to True if this type object's state is safe to use in a cache key, or False to disable this warning. (Background on this error at: https://sqlalche.me/e/14/cprf)
  ti = qry.one_or_none()

[2023-05-29T17:00:05.978+0000] {taskinstance.py:1592} INFO - Exporting the following env vars:
AIRFLOW_CTX_DAG_EMAIL=pioneer22022001@gmail.com
AIRFLOW_CTX_DAG_OWNER=***
AIRFLOW_CTX_DAG_ID=trungtran_process_data_1
AIRFLOW_CTX_TASK_ID=trungtran_clean_data_11
AIRFLOW_CTX_EXECUTION_DATE=2023-05-28T17:00:00+00:00
AIRFLOW_CTX_TRY_NUMBER=1
AIRFLOW_CTX_DAG_RUN_ID=scheduled__2023-05-28T17:00:00+00:00
[2023-05-29T17:00:06.075+0000] {base.py:71} INFO - Using connection ID 'other_spark_local' for task execution.
[2023-05-29T17:00:06.081+0000] {spark_submit.py:339} INFO - Spark-Submit cmd: spark-submit --master spark://spark-master:7077 --conf spark.master=spark://spark-master:7077 --name trungtran_clean_data --verbose /opt/spark/app/process_trungtran.py
[2023-05-29T17:00:06.208+0000] {spark_submit.py:490} INFO - /opt/spark/bin/load-spark-env.sh: line 68: ps: command not found
[2023-05-29T17:00:10.109+0000] {warnings.py:110} WARNING - /usr/local/lib/python3.7/site-packages/***/models/taskinstance.py:873: SAWarning: TypeDecorator ExecutorConfigType() will not produce a cache key because the ``cache_ok`` attribute is not set to True.  This can have significant performance implications including some performance degradations in comparison to prior SQLAlchemy versions.  Set this attribute to True if this type object's state is safe to use in a cache key, or False to disable this warning. (Background on this error at: https://sqlalche.me/e/14/cprf)
  ti = qry.one_or_none()

[2023-05-29T17:00:19.949+0000] {spark_submit.py:490} INFO - Using properties file: null
[2023-05-29T17:00:21.002+0000] {spark_submit.py:490} INFO - Parsed arguments:
[2023-05-29T17:00:21.003+0000] {spark_submit.py:490} INFO - master                  spark://spark-master:7077
[2023-05-29T17:00:21.006+0000] {spark_submit.py:490} INFO - deployMode              null
[2023-05-29T17:00:21.006+0000] {spark_submit.py:490} INFO - executorMemory          null
[2023-05-29T17:00:21.007+0000] {spark_submit.py:490} INFO - executorCores           null
[2023-05-29T17:00:21.008+0000] {spark_submit.py:490} INFO - totalExecutorCores      null
[2023-05-29T17:00:21.008+0000] {spark_submit.py:490} INFO - propertiesFile          null
[2023-05-29T17:00:21.009+0000] {spark_submit.py:490} INFO - driverMemory            null
[2023-05-29T17:00:21.010+0000] {spark_submit.py:490} INFO - driverCores             null
[2023-05-29T17:00:21.011+0000] {spark_submit.py:490} INFO - driverExtraClassPath    null
[2023-05-29T17:00:21.012+0000] {spark_submit.py:490} INFO - driverExtraLibraryPath  null
[2023-05-29T17:00:21.012+0000] {spark_submit.py:490} INFO - driverExtraJavaOptions  null
[2023-05-29T17:00:21.016+0000] {spark_submit.py:490} INFO - supervise               false
[2023-05-29T17:00:21.017+0000] {spark_submit.py:490} INFO - queue                   null
[2023-05-29T17:00:21.018+0000] {spark_submit.py:490} INFO - numExecutors            null
[2023-05-29T17:00:21.018+0000] {spark_submit.py:490} INFO - files                   null
[2023-05-29T17:00:21.019+0000] {spark_submit.py:490} INFO - pyFiles                 null
[2023-05-29T17:00:21.020+0000] {spark_submit.py:490} INFO - archives                null
[2023-05-29T17:00:21.020+0000] {spark_submit.py:490} INFO - mainClass               null
[2023-05-29T17:00:21.021+0000] {spark_submit.py:490} INFO - primaryResource         file:/opt/spark/app/process_trungtran.py
[2023-05-29T17:00:21.021+0000] {spark_submit.py:490} INFO - name                    trungtran_clean_data
[2023-05-29T17:00:21.022+0000] {spark_submit.py:490} INFO - childArgs               []
[2023-05-29T17:00:21.022+0000] {spark_submit.py:490} INFO - jars                    null
[2023-05-29T17:00:21.023+0000] {spark_submit.py:490} INFO - packages                null
[2023-05-29T17:00:21.024+0000] {spark_submit.py:490} INFO - packagesExclusions      null
[2023-05-29T17:00:21.024+0000] {spark_submit.py:490} INFO - repositories            null
[2023-05-29T17:00:21.043+0000] {spark_submit.py:490} INFO - verbose                 true
[2023-05-29T17:00:21.045+0000] {spark_submit.py:490} INFO - 
[2023-05-29T17:00:21.046+0000] {spark_submit.py:490} INFO - Spark properties used, including those specified through
[2023-05-29T17:00:21.052+0000] {spark_submit.py:490} INFO - --conf and those from the properties file null:
[2023-05-29T17:00:21.053+0000] {spark_submit.py:490} INFO - (spark.master,spark://spark-master:7077)
[2023-05-29T17:00:21.054+0000] {spark_submit.py:490} INFO - 
[2023-05-29T17:00:21.054+0000] {spark_submit.py:490} INFO - 
[2023-05-29T17:00:24.006+0000] {spark_submit.py:490} INFO - Main class:
[2023-05-29T17:00:24.007+0000] {spark_submit.py:490} INFO - org.apache.spark.deploy.PythonRunner
[2023-05-29T17:00:24.010+0000] {spark_submit.py:490} INFO - Arguments:
[2023-05-29T17:00:24.011+0000] {spark_submit.py:490} INFO - file:/opt/spark/app/process_trungtran.py
[2023-05-29T17:00:24.012+0000] {spark_submit.py:490} INFO - null
[2023-05-29T17:00:24.021+0000] {spark_submit.py:490} INFO - Spark config:
[2023-05-29T17:00:24.022+0000] {spark_submit.py:490} INFO - (spark.app.name,trungtran_clean_data)
[2023-05-29T17:00:24.023+0000] {spark_submit.py:490} INFO - (spark.master,spark://spark-master:7077)
[2023-05-29T17:00:24.023+0000] {spark_submit.py:490} INFO - (spark.submit.pyFiles,)
[2023-05-29T17:00:24.024+0000] {spark_submit.py:490} INFO - (spark.submit.deployMode,client)
[2023-05-29T17:00:24.035+0000] {spark_submit.py:490} INFO - Classpath elements:
[2023-05-29T17:00:24.041+0000] {spark_submit.py:490} INFO - 
[2023-05-29T17:00:24.043+0000] {spark_submit.py:490} INFO - 
[2023-05-29T17:00:24.044+0000] {spark_submit.py:490} INFO - 
[2023-05-29T17:00:27.512+0000] {spark_submit.py:490} INFO - Using Spark's default log4j profile: org/apache/spark/log4j-defaults.properties
[2023-05-29T17:00:27.597+0000] {spark_submit.py:490} INFO - 23/05/29 17:00:27 INFO SparkContext: Running Spark version 3.2.3
[2023-05-29T17:00:28.375+0000] {spark_submit.py:490} INFO - 23/05/29 17:00:28 WARN NativeCodeLoader: Unable to load native-hadoop library for your platform... using builtin-java classes where applicable
[2023-05-29T17:00:29.184+0000] {spark_submit.py:490} INFO - 23/05/29 17:00:29 INFO ResourceUtils: ==============================================================
[2023-05-29T17:00:29.188+0000] {spark_submit.py:490} INFO - 23/05/29 17:00:29 INFO ResourceUtils: No custom resources configured for spark.driver.
[2023-05-29T17:00:29.192+0000] {spark_submit.py:490} INFO - 23/05/29 17:00:29 INFO ResourceUtils: ==============================================================
[2023-05-29T17:00:29.210+0000] {spark_submit.py:490} INFO - 23/05/29 17:00:29 INFO SparkContext: Submitted application: clean_data_trungtran
[2023-05-29T17:00:29.367+0000] {spark_submit.py:490} INFO - 23/05/29 17:00:29 INFO ResourceProfile: Default ResourceProfile created, executor resources: Map(cores -> name: cores, amount: 1, script: , vendor: , memory -> name: memory, amount: 1024, script: , vendor: , offHeap -> name: offHeap, amount: 0, script: , vendor: ), task resources: Map(cpus -> name: cpus, amount: 1.0)
[2023-05-29T17:00:29.470+0000] {spark_submit.py:490} INFO - 23/05/29 17:00:29 INFO ResourceProfile: Limiting resource is cpu
[2023-05-29T17:00:29.475+0000] {spark_submit.py:490} INFO - 23/05/29 17:00:29 INFO ResourceProfileManager: Added ResourceProfile id: 0
[2023-05-29T17:00:29.921+0000] {spark_submit.py:490} INFO - 23/05/29 17:00:29 INFO SecurityManager: Changing view acls to: ***
[2023-05-29T17:00:29.963+0000] {spark_submit.py:490} INFO - 23/05/29 17:00:29 INFO SecurityManager: Changing modify acls to: ***
[2023-05-29T17:00:29.967+0000] {spark_submit.py:490} INFO - 23/05/29 17:00:29 INFO SecurityManager: Changing view acls groups to:
[2023-05-29T17:00:29.982+0000] {spark_submit.py:490} INFO - 23/05/29 17:00:29 INFO SecurityManager: Changing modify acls groups to:
[2023-05-29T17:00:29.986+0000] {spark_submit.py:490} INFO - 23/05/29 17:00:29 INFO SecurityManager: SecurityManager: authentication disabled; ui acls disabled; users  with view permissions: Set(***); groups with view permissions: Set(); users  with modify permissions: Set(***); groups with modify permissions: Set()
[2023-05-29T17:00:31.492+0000] {spark_submit.py:490} INFO - 23/05/29 17:00:31 INFO Utils: Successfully started service 'sparkDriver' on port 37563.
[2023-05-29T17:00:31.644+0000] {spark_submit.py:490} INFO - 23/05/29 17:00:31 INFO SparkEnv: Registering MapOutputTracker
[2023-05-29T17:00:32.153+0000] {spark_submit.py:490} INFO - 23/05/29 17:00:32 INFO SparkEnv: Registering BlockManagerMaster
[2023-05-29T17:00:32.425+0000] {spark_submit.py:490} INFO - 23/05/29 17:00:32 INFO BlockManagerMasterEndpoint: Using org.apache.spark.storage.DefaultTopologyMapper for getting topology information
[2023-05-29T17:00:32.454+0000] {spark_submit.py:490} INFO - 23/05/29 17:00:32 INFO BlockManagerMasterEndpoint: BlockManagerMasterEndpoint up
[2023-05-29T17:00:32.507+0000] {spark_submit.py:490} INFO - 23/05/29 17:00:32 INFO SparkEnv: Registering BlockManagerMasterHeartbeat
[2023-05-29T17:00:32.682+0000] {spark_submit.py:490} INFO - 23/05/29 17:00:32 INFO DiskBlockManager: Created local directory at /tmp/blockmgr-d28c23c2-abef-4b6e-8d2b-2effada701ee
[2023-05-29T17:00:32.875+0000] {spark_submit.py:490} INFO - 23/05/29 17:00:32 INFO MemoryStore: MemoryStore started with capacity 366.3 MiB
[2023-05-29T17:00:33.165+0000] {spark_submit.py:490} INFO - 23/05/29 17:00:33 INFO SparkEnv: Registering OutputCommitCoordinator
[2023-05-29T17:00:36.065+0000] {spark_submit.py:490} INFO - 23/05/29 17:00:36 WARN Utils: Service 'SparkUI' could not bind on port 4040. Attempting port 4041.
[2023-05-29T17:00:36.083+0000] {spark_submit.py:490} INFO - 23/05/29 17:00:36 WARN Utils: Service 'SparkUI' could not bind on port 4041. Attempting port 4042.
[2023-05-29T17:00:36.103+0000] {spark_submit.py:490} INFO - 23/05/29 17:00:36 WARN Utils: Service 'SparkUI' could not bind on port 4042. Attempting port 4043.
[2023-05-29T17:00:36.198+0000] {spark_submit.py:490} INFO - 23/05/29 17:00:36 INFO Utils: Successfully started service 'SparkUI' on port 4043.
[2023-05-29T17:00:37.135+0000] {spark_submit.py:490} INFO - 23/05/29 17:00:37 INFO SparkUI: Bound SparkUI to 0.0.0.0, and started at http://fb138c374944:4043
[2023-05-29T17:00:40.703+0000] {spark_submit.py:490} INFO - 23/05/29 17:00:40 INFO StandaloneAppClient$ClientEndpoint: Connecting to master spark://spark-master:7077...
[2023-05-29T17:00:41.420+0000] {spark_submit.py:490} INFO - 23/05/29 17:00:41 INFO TransportClientFactory: Successfully created connection to spark-master/172.27.0.2:7077 after 404 ms (0 ms spent in bootstraps)
[2023-05-29T17:00:42.420+0000] {spark_submit.py:490} INFO - 23/05/29 17:00:42 INFO StandaloneSchedulerBackend: Connected to Spark cluster with app ID app-20230529170042-0013
[2023-05-29T17:00:42.477+0000] {spark_submit.py:490} INFO - 23/05/29 17:00:42 INFO Utils: Successfully started service 'org.apache.spark.network.netty.NettyBlockTransferService' on port 43983.
[2023-05-29T17:00:42.479+0000] {spark_submit.py:490} INFO - 23/05/29 17:00:42 INFO NettyBlockTransferService: Server created on fb138c374944:43983
[2023-05-29T17:00:42.491+0000] {spark_submit.py:490} INFO - 23/05/29 17:00:42 INFO BlockManager: Using org.apache.spark.storage.RandomBlockReplicationPolicy for block replication policy
[2023-05-29T17:00:42.525+0000] {spark_submit.py:490} INFO - 23/05/29 17:00:42 INFO BlockManagerMaster: Registering BlockManager BlockManagerId(driver, fb138c374944, 43983, None)
[2023-05-29T17:00:42.555+0000] {spark_submit.py:490} INFO - 23/05/29 17:00:42 INFO BlockManagerMasterEndpoint: Registering block manager fb138c374944:43983 with 366.3 MiB RAM, BlockManagerId(driver, fb138c374944, 43983, None)
[2023-05-29T17:00:42.590+0000] {spark_submit.py:490} INFO - 23/05/29 17:00:42 INFO BlockManagerMaster: Registered BlockManager BlockManagerId(driver, fb138c374944, 43983, None)
[2023-05-29T17:00:42.611+0000] {spark_submit.py:490} INFO - 23/05/29 17:00:42 INFO BlockManager: Initialized BlockManager: BlockManagerId(driver, fb138c374944, 43983, None)
[2023-05-29T17:00:43.819+0000] {spark_submit.py:490} INFO - 23/05/29 17:00:43 INFO StandaloneSchedulerBackend: SchedulerBackend is ready for scheduling beginning after reached minRegisteredResourcesRatio: 0.0
[2023-05-29T17:00:45.465+0000] {spark_submit.py:490} INFO - 23/05/29 17:00:45 INFO SharedState: Setting hive.metastore.warehouse.dir ('null') to the value of spark.sql.warehouse.dir.
[2023-05-29T17:00:45.719+0000] {spark_submit.py:490} INFO - 23/05/29 17:00:45 INFO SharedState: Warehouse path is 'file:/opt/***/spark-warehouse'.
[2023-05-29T17:00:51.568+0000] {spark_submit.py:490} INFO - /usr/local/lib/python3.7/site-packages/pyspark/sql/context.py:79: FutureWarning: Deprecated in 3.0.0. Use SparkSession.builder.getOrCreate() instead.
[2023-05-29T17:00:51.569+0000] {spark_submit.py:490} INFO - FutureWarning
[2023-05-29T17:00:55.538+0000] {spark_submit.py:490} INFO - 23/05/29 17:00:55 INFO InMemoryFileIndex: It took 236 ms to list leaf files for 1 paths.
[2023-05-29T17:01:15.086+0000] {spark_submit.py:490} INFO - 23/05/29 17:01:15 INFO FileSourceStrategy: Pushed Filters: IsNotNull(Price),Not(StringContains(Price,Liên hệ))
[2023-05-29T17:01:15.095+0000] {spark_submit.py:490} INFO - 23/05/29 17:01:15 INFO FileSourceStrategy: Post-Scan Filters: isnotnull(Price#9),NOT Contains(Price#9, Liên hệ)
[2023-05-29T17:01:15.121+0000] {spark_submit.py:490} INFO - 23/05/29 17:01:15 INFO FileSourceStrategy: Output Data Schema: struct<Battery: string, Brand: string, CPU: string, Color: string, Display: string ... 14 more fields>
[2023-05-29T17:01:20.812+0000] {spark_submit.py:490} INFO - 23/05/29 17:01:20 INFO CodeGenerator: Code generated in 1919.64559 ms
[2023-05-29T17:01:21.245+0000] {spark_submit.py:490} INFO - 23/05/29 17:01:21 INFO MemoryStore: Block broadcast_0 stored as values in memory (estimated size 338.6 KiB, free 366.0 MiB)
[2023-05-29T17:01:21.830+0000] {spark_submit.py:490} INFO - 23/05/29 17:01:21 INFO MemoryStore: Block broadcast_0_piece0 stored as bytes in memory (estimated size 32.5 KiB, free 365.9 MiB)
[2023-05-29T17:01:21.838+0000] {spark_submit.py:490} INFO - 23/05/29 17:01:21 INFO BlockManagerInfo: Added broadcast_0_piece0 in memory on fb138c374944:43983 (size: 32.5 KiB, free: 366.3 MiB)
[2023-05-29T17:01:21.853+0000] {spark_submit.py:490} INFO - 23/05/29 17:01:21 INFO SparkContext: Created broadcast 0 from showString at NativeMethodAccessorImpl.java:0
[2023-05-29T17:01:21.923+0000] {spark_submit.py:490} INFO - 23/05/29 17:01:21 INFO FileSourceScanExec: Planning scan with bin packing, max size: 4194304 bytes, open cost is considered as scanning 4194304 bytes.
[2023-05-29T17:01:22.201+0000] {spark_submit.py:490} INFO - 23/05/29 17:01:22 INFO SparkContext: Starting job: showString at NativeMethodAccessorImpl.java:0
[2023-05-29T17:01:22.249+0000] {spark_submit.py:490} INFO - 23/05/29 17:01:22 INFO DAGScheduler: Got job 0 (showString at NativeMethodAccessorImpl.java:0) with 1 output partitions
[2023-05-29T17:01:22.250+0000] {spark_submit.py:490} INFO - 23/05/29 17:01:22 INFO DAGScheduler: Final stage: ResultStage 0 (showString at NativeMethodAccessorImpl.java:0)
[2023-05-29T17:01:22.251+0000] {spark_submit.py:490} INFO - 23/05/29 17:01:22 INFO DAGScheduler: Parents of final stage: List()
[2023-05-29T17:01:22.255+0000] {spark_submit.py:490} INFO - 23/05/29 17:01:22 INFO DAGScheduler: Missing parents: List()
[2023-05-29T17:01:22.273+0000] {spark_submit.py:490} INFO - 23/05/29 17:01:22 INFO DAGScheduler: Submitting ResultStage 0 (MapPartitionsRDD[3] at showString at NativeMethodAccessorImpl.java:0), which has no missing parents
[2023-05-29T17:01:22.734+0000] {spark_submit.py:490} INFO - 23/05/29 17:01:22 INFO MemoryStore: Block broadcast_1 stored as values in memory (estimated size 64.5 KiB, free 365.9 MiB)
[2023-05-29T17:01:22.747+0000] {spark_submit.py:490} INFO - 23/05/29 17:01:22 INFO MemoryStore: Block broadcast_1_piece0 stored as bytes in memory (estimated size 19.8 KiB, free 365.9 MiB)
[2023-05-29T17:01:22.751+0000] {spark_submit.py:490} INFO - 23/05/29 17:01:22 INFO BlockManagerInfo: Added broadcast_1_piece0 in memory on fb138c374944:43983 (size: 19.8 KiB, free: 366.2 MiB)
[2023-05-29T17:01:22.759+0000] {spark_submit.py:490} INFO - 23/05/29 17:01:22 INFO SparkContext: Created broadcast 1 from broadcast at DAGScheduler.scala:1478
[2023-05-29T17:01:22.803+0000] {spark_submit.py:490} INFO - 23/05/29 17:01:22 INFO DAGScheduler: Submitting 1 missing tasks from ResultStage 0 (MapPartitionsRDD[3] at showString at NativeMethodAccessorImpl.java:0) (first 15 tasks are for partitions Vector(0))
[2023-05-29T17:01:22.807+0000] {spark_submit.py:490} INFO - 23/05/29 17:01:22 INFO TaskSchedulerImpl: Adding task set 0.0 with 1 tasks resource profile 0
[2023-05-29T17:01:37.893+0000] {spark_submit.py:490} INFO - 23/05/29 17:01:37 WARN TaskSchedulerImpl: Initial job has not accepted any resources; check your cluster UI to ensure that workers are registered and have sufficient resources
[2023-05-29T17:01:52.892+0000] {spark_submit.py:490} INFO - 23/05/29 17:01:52 WARN TaskSchedulerImpl: Initial job has not accepted any resources; check your cluster UI to ensure that workers are registered and have sufficient resources
[2023-05-29T17:02:07.891+0000] {spark_submit.py:490} INFO - 23/05/29 17:02:07 WARN TaskSchedulerImpl: Initial job has not accepted any resources; check your cluster UI to ensure that workers are registered and have sufficient resources
[2023-05-29T17:02:22.892+0000] {spark_submit.py:490} INFO - 23/05/29 17:02:22 WARN TaskSchedulerImpl: Initial job has not accepted any resources; check your cluster UI to ensure that workers are registered and have sufficient resources
[2023-05-29T17:02:37.891+0000] {spark_submit.py:490} INFO - 23/05/29 17:02:37 WARN TaskSchedulerImpl: Initial job has not accepted any resources; check your cluster UI to ensure that workers are registered and have sufficient resources
[2023-05-29T17:02:52.892+0000] {spark_submit.py:490} INFO - 23/05/29 17:02:52 WARN TaskSchedulerImpl: Initial job has not accepted any resources; check your cluster UI to ensure that workers are registered and have sufficient resources
[2023-05-29T17:03:07.892+0000] {spark_submit.py:490} INFO - 23/05/29 17:03:07 WARN TaskSchedulerImpl: Initial job has not accepted any resources; check your cluster UI to ensure that workers are registered and have sufficient resources
[2023-05-29T17:03:22.891+0000] {spark_submit.py:490} INFO - 23/05/29 17:03:22 WARN TaskSchedulerImpl: Initial job has not accepted any resources; check your cluster UI to ensure that workers are registered and have sufficient resources
[2023-05-29T17:03:37.897+0000] {spark_submit.py:490} INFO - 23/05/29 17:03:37 WARN TaskSchedulerImpl: Initial job has not accepted any resources; check your cluster UI to ensure that workers are registered and have sufficient resources
[2023-05-29T17:03:52.892+0000] {spark_submit.py:490} INFO - 23/05/29 17:03:52 WARN TaskSchedulerImpl: Initial job has not accepted any resources; check your cluster UI to ensure that workers are registered and have sufficient resources
[2023-05-29T17:04:07.892+0000] {spark_submit.py:490} INFO - 23/05/29 17:04:07 WARN TaskSchedulerImpl: Initial job has not accepted any resources; check your cluster UI to ensure that workers are registered and have sufficient resources
[2023-05-29T17:04:22.892+0000] {spark_submit.py:490} INFO - 23/05/29 17:04:22 WARN TaskSchedulerImpl: Initial job has not accepted any resources; check your cluster UI to ensure that workers are registered and have sufficient resources
[2023-05-29T17:04:37.891+0000] {spark_submit.py:490} INFO - 23/05/29 17:04:37 WARN TaskSchedulerImpl: Initial job has not accepted any resources; check your cluster UI to ensure that workers are registered and have sufficient resources
[2023-05-29T17:04:52.892+0000] {spark_submit.py:490} INFO - 23/05/29 17:04:52 WARN TaskSchedulerImpl: Initial job has not accepted any resources; check your cluster UI to ensure that workers are registered and have sufficient resources
[2023-05-29T17:05:07.891+0000] {spark_submit.py:490} INFO - 23/05/29 17:05:07 WARN TaskSchedulerImpl: Initial job has not accepted any resources; check your cluster UI to ensure that workers are registered and have sufficient resources
[2023-05-29T17:05:22.897+0000] {spark_submit.py:490} INFO - 23/05/29 17:05:22 WARN TaskSchedulerImpl: Initial job has not accepted any resources; check your cluster UI to ensure that workers are registered and have sufficient resources
[2023-05-29T17:05:37.891+0000] {spark_submit.py:490} INFO - 23/05/29 17:05:37 WARN TaskSchedulerImpl: Initial job has not accepted any resources; check your cluster UI to ensure that workers are registered and have sufficient resources
[2023-05-29T17:05:52.892+0000] {spark_submit.py:490} INFO - 23/05/29 17:05:52 WARN TaskSchedulerImpl: Initial job has not accepted any resources; check your cluster UI to ensure that workers are registered and have sufficient resources
[2023-05-29T17:06:07.892+0000] {spark_submit.py:490} INFO - 23/05/29 17:06:07 WARN TaskSchedulerImpl: Initial job has not accepted any resources; check your cluster UI to ensure that workers are registered and have sufficient resources
[2023-05-29T17:06:22.897+0000] {spark_submit.py:490} INFO - 23/05/29 17:06:22 WARN TaskSchedulerImpl: Initial job has not accepted any resources; check your cluster UI to ensure that workers are registered and have sufficient resources
[2023-05-29T17:06:37.892+0000] {spark_submit.py:490} INFO - 23/05/29 17:06:37 WARN TaskSchedulerImpl: Initial job has not accepted any resources; check your cluster UI to ensure that workers are registered and have sufficient resources
[2023-05-29T17:06:47.977+0000] {spark_submit.py:490} INFO - 23/05/29 17:06:47 INFO StandaloneAppClient$ClientEndpoint: Executor added: app-20230529170042-0013/0 on worker-20230529151449-172.27.0.3-7000 (172.27.0.3:7000) with 1 core(s)
[2023-05-29T17:06:47.989+0000] {spark_submit.py:490} INFO - 23/05/29 17:06:47 INFO StandaloneSchedulerBackend: Granted executor ID app-20230529170042-0013/0 on hostPort 172.27.0.3:7000 with 1 core(s), 1024.0 MiB RAM
[2023-05-29T17:06:48.186+0000] {spark_submit.py:490} INFO - 23/05/29 17:06:48 INFO StandaloneAppClient$ClientEndpoint: Executor updated: app-20230529170042-0013/0 is now RUNNING
[2023-05-29T17:06:52.892+0000] {spark_submit.py:490} INFO - 23/05/29 17:06:52 WARN TaskSchedulerImpl: Initial job has not accepted any resources; check your cluster UI to ensure that workers are registered and have sufficient resources
[2023-05-29T17:06:56.182+0000] {spark_submit.py:490} INFO - 23/05/29 17:06:56 INFO CoarseGrainedSchedulerBackend$DriverEndpoint: Registered executor NettyRpcEndpointRef(spark-client://Executor) (172.27.0.3:49610) with ID 0,  ResourceProfileId 0
[2023-05-29T17:06:56.618+0000] {spark_submit.py:490} INFO - 23/05/29 17:06:56 INFO BlockManagerMasterEndpoint: Registering block manager 172.27.0.3:36419 with 366.3 MiB RAM, BlockManagerId(0, 172.27.0.3, 36419, None)
[2023-05-29T17:06:56.875+0000] {spark_submit.py:490} INFO - 23/05/29 17:06:56 INFO TaskSetManager: Starting task 0.0 in stage 0.0 (TID 0) (172.27.0.3, executor 0, partition 0, PROCESS_LOCAL, 4882 bytes) taskResourceAssignments Map()
[2023-05-29T17:06:57.864+0000] {spark_submit.py:490} INFO - 23/05/29 17:06:57 INFO BlockManagerInfo: Added broadcast_1_piece0 in memory on 172.27.0.3:36419 (size: 19.8 KiB, free: 366.3 MiB)
[2023-05-29T17:07:03.199+0000] {spark_submit.py:490} INFO - 23/05/29 17:07:03 INFO BlockManagerInfo: Added broadcast_0_piece0 in memory on 172.27.0.3:36419 (size: 32.5 KiB, free: 366.2 MiB)
[2023-05-29T17:07:04.565+0000] {spark_submit.py:490} INFO - 23/05/29 17:07:04 INFO TaskSetManager: Finished task 0.0 in stage 0.0 (TID 0) in 7721 ms on 172.27.0.3 (executor 0) (1/1)
[2023-05-29T17:07:04.573+0000] {spark_submit.py:490} INFO - 23/05/29 17:07:04 INFO TaskSchedulerImpl: Removed TaskSet 0.0, whose tasks have all completed, from pool
[2023-05-29T17:07:04.593+0000] {spark_submit.py:490} INFO - 23/05/29 17:07:04 INFO DAGScheduler: ResultStage 0 (showString at NativeMethodAccessorImpl.java:0) finished in 342.249 s
[2023-05-29T17:07:04.612+0000] {spark_submit.py:490} INFO - 23/05/29 17:07:04 INFO DAGScheduler: Job 0 is finished. Cancelling potential speculative or zombie tasks for this job
[2023-05-29T17:07:04.614+0000] {spark_submit.py:490} INFO - 23/05/29 17:07:04 INFO TaskSchedulerImpl: Killing all running tasks in stage 0: Stage finished
[2023-05-29T17:07:04.627+0000] {spark_submit.py:490} INFO - 23/05/29 17:07:04 INFO DAGScheduler: Job 0 finished: showString at NativeMethodAccessorImpl.java:0, took 342.418730 s
[2023-05-29T17:07:04.875+0000] {spark_submit.py:490} INFO - 23/05/29 17:07:04 INFO CodeGenerator: Code generated in 102.867357 ms
[2023-05-29T17:07:04.952+0000] {spark_submit.py:490} INFO - +-------------+------+--------------------+--------------+--------------------+--------------------+--------+--------------------+--------------+-----------+--------------------+--------------------+--------------------+--------------------+-------------+--------------------+
[2023-05-29T17:07:04.953+0000] {spark_submit.py:490} INFO - |      Battery| Brand|                 CPU|         Color|             Display|            Graphics|MFG_year|                Name|            OS|      Price|                 Ram|                Size|             Storage|                 URL|       Weight|            Wireless|
[2023-05-29T17:07:04.954+0000] {spark_submit.py:490} INFO - +-------------+------+--------------------+--------------+--------------------+--------------------+--------+--------------------+--------------+-----------+--------------------+--------------------+--------------------+--------------------+-------------+--------------------+
[2023-05-29T17:07:04.954+0000] {spark_submit.py:490} INFO - |         51wh|Lenovo|Intel core i5 836...|           Đen|14" Full HD (1920...|   Đồ họa Intel® UHD|    2019|Lenovo Thinkpad X...|    Windows 10|11.400.000đ|16GB LPDDR3 2133,...|32.3 x 21.7 x 1.49cm|256GB SSD, có 1 k...|https://trungtran...|       1.08kg|                null|
[2023-05-29T17:07:04.955+0000] {spark_submit.py:490} INFO - |         51wh|Lenovo|Intel core i5 836...|           Đen|14" Full HD (1920...|   Đồ họa Intel® UHD|    2019|Lenovo Thinkpad X...|    Windows 10|11.900.000đ|16GB LPDDR3 2133,...|32.3 x 21.7 x 1.49cm|256GB SSD, có 1 k...|https://trungtran...|       1.08kg|                null|
[2023-05-29T17:07:04.956+0000] {spark_submit.py:490} INFO - | 3-cell, 57wh|Lenovo|Intel Core i5-835...|           Đen|14″ FHD (1920×108...|Intel® UHD 620 on...|    2018|Thinkpad X1 Carbo...|    Windows 10|10.290.000đ|16GB LPDDR3-2133,...|32.3cm x 21.7cm x...|256 GB PCIe® NVMe...|https://trungtran...|       1.13kg|Intel® wifi 2×2 +...|
[2023-05-29T17:07:04.956+0000] {spark_submit.py:490} INFO - | 3-cell, 57wh|Lenovo|Intel Core i5-835...|           Đen|14″ FHD (1920×108...|Intel® UHD 620 on...|    2018|Thinkpad X1 Carbo...|    Windows 10|10.790.000đ|16GB LPDDR3-2133,...|32.3cm x 21.7cm x...|256 GB PCIe® NVMe...|https://trungtran...|       1.13kg|Intel® wifi 2×2 +...|
[2023-05-29T17:07:04.957+0000] {spark_submit.py:490} INFO - | 3-cell, 57wh|Lenovo|Intel Core i5-835...|           Đen|14″ FHD (1920×108...|Intel® UHD 620 on...|    2018|Lenovo Thinkpad X...|    Windows 10|11.400.000đ|16GB LPDDR3-2133,...|32.3cm x 21.7cm x...|256 GB PCIe® NVMe...|https://trungtran...|       1.13kg|Intel® wifi 2×2 +...|
[2023-05-29T17:07:04.957+0000] {spark_submit.py:490} INFO - |         96wh|    HP|Intel Core i7 682...|           Xám|17.3 in diagonal ...|Intel HD Graphics...|    2016|HP ZBook 17 G3 i7...|    Windows 10|13.800.000đ|     16 GB DDR4-2133|42.0 x 28.0 x 3.0 cm|           512GB SSD|https://trungtran...|          3kg|   Wi-Fi + Bluetooth|
[2023-05-29T17:07:04.958+0000] {spark_submit.py:490} INFO - |4-cell, 60 Wh|  Dell|Intel Core i7-866...|           Đen|14″ FHD (1920 x 1...|Intel® UHD 620 on...|    2018|Dell Latitude 740...|    Windows 10| 9.400.000đ|8GB DDR4 2666 (2X...|32.1 x 21.4 x 1.8...|256 GB PCIe® NVMe...|https://trungtran...|       1.35kg|Intel Dual-Band W...|
[2023-05-29T17:07:04.959+0000] {spark_submit.py:490} INFO - |4-cell, 60 Wh|  Dell|Intel Core i7-866...|           Đen|14″ FHD (1920 x 1...|Intel® UHD 620 on...|    2018|Dell Latitude 740...|    Windows 10| 9.900.000đ|8GB DDR4 2666 (2X...|32.1 x 21.4 x 1.8...|256 GB PCIe® NVMe...|https://trungtran...|       1.35kg|Intel Dual-Band W...|
[2023-05-29T17:07:04.959+0000] {spark_submit.py:490} INFO - |4-cell, 60 Wh|  Dell|Intel Core i7-866...|           Đen|14″ FHD (1920 x 1...|Intel® UHD 620 on...|    2018|Dell Latitude 740...|    Windows 10| 9.900.000đ|8GB DDR4 2666 (2X...|32.1 x 21.4 x 1.8...|256 GB PCIe® NVMe...|https://trungtran...|       1.35kg|Intel Dual-Band W...|
[2023-05-29T17:07:04.960+0000] {spark_submit.py:490} INFO - |4-cell, 60 Wh|  Dell|Intel Core i7-866...|           Đen|14″ FHD (1920 x 1...|Intel® UHD 620 on...|    2018|Dell Latitude 740...|    Windows 10|10.400.000đ|8GB DDR4 2666 (2X...|32.1 x 21.4 x 1.8...|256 GB PCIe® NVMe...|https://trungtran...|       1.35kg|Intel Dual-Band W...|
[2023-05-29T17:07:04.960+0000] {spark_submit.py:490} INFO - |4-cell, 60 Wh|  Dell|Intel Core i7-866...|           Đen|14″ FHD (1920 x 1...|Intel® UHD 620 on...|    2018|Dell Latitude 740...|    Windows 10| 8.100.000đ|8GB DDR4 2666 (2X...|32.1 x 21.4 x 1.8...|256 GB PCIe® NVMe...|https://trungtran...|       1.35kg|Intel Dual-Band W...|
[2023-05-29T17:07:04.961+0000] {spark_submit.py:490} INFO - |       6cells|Lenovo|Intel® Core™ i7-7...|           Đen|14.1inch Màn 2K I...|Intel® HD Graphic...|    2017|Lenovo Thinkpad T...|    Windows 10|14.990.000đ|16GB RAM DDR4 240...|34cm x 23,5cm x 2...|           512GB SSD|https://trungtran...|1.85 - 1.95kg|   Wi-Fi + Bluetooth|
[2023-05-29T17:07:04.961+0000] {spark_submit.py:490} INFO - |       6 Cell|Lenovo|Intel Xeon E3-150...|           Đen|15.6 inch FHD (19...|Intel® HD Graphic...|    2017|ThinkPad P50 Xeon...|    Windows 10|15.000.000đ|   16GB DDR4 2133Mhz|37.7 x 25.2 x 2.6...|           512GB SSD|https://trungtran...|    2.8-2.9kg|   Wi-Fi + Bluetooth|
[2023-05-29T17:07:04.962+0000] {spark_submit.py:490} INFO - |       6 Cell|Lenovo|Intel Xeon E3-150...|           Đen|15.6 inch FHD (19...|Intel® HD Graphic...|    2017|ThinkPad P50 Xeon...|    Windows 10|16.000.000đ|   16GB DDR4 2133Mhz|37.7 x 25.2 x 2.6...|           512GB SSD|https://trungtran...|    2.8-2.9kg|   Wi-Fi + Bluetooth|
[2023-05-29T17:07:04.962+0000] {spark_submit.py:490} INFO - |       6 Cell|Lenovo|Intel Xeon E3-150...|           Đen|15.6 inch FHD (19...|Intel® HD Graphic...|    2017|ThinkPad P50 Xeon...|    Windows 10|18.000.000đ|   16GB DDR4 2133Mhz|37.7 x 25.2 x 2.6...|           512GB SSD|https://trungtran...|    2.8-2.9kg|   Wi-Fi + Bluetooth|
[2023-05-29T17:07:04.963+0000] {spark_submit.py:490} INFO - |       6 Cell|Lenovo|Intel Xeon E3-150...|           Đen|15.6 inch FHD (19...|Intel® HD Graphic...|    2017|ThinkPad P50 Xeon...|    Windows 10|19.000.000đ|   16GB DDR4 2133Mhz|37.7 x 25.2 x 2.6...|           512GB SSD|https://trungtran...|    2.8-2.9kg|   Wi-Fi + Bluetooth|
[2023-05-29T17:07:04.964+0000] {spark_submit.py:490} INFO - | 4-cell, 60wh|  Dell|Intel® Core™ i5-8...|           Đen|14″ FHD WVA (1920...|Intel UHD Graphic...|    2018|Dell Latitude 530...|    Windows 10| 8.500.000đ|8GB DDR4 2666 (2X...|30.5 x 20.7 x 1.6...|256GB PCIe® NVMe™...|https://trungtran...|       1.24kg|Intel® Dual Band ...|
[2023-05-29T17:07:04.964+0000] {spark_submit.py:490} INFO - | 4-cell, 60wh|  Dell|Intel® Core™ i5-8...|           Đen|14″ FHD WVA (1920...|Intel UHD Graphic...|    2018|Dell Latitude 530...|    Windows 10| 9.500.000đ|8GB DDR4 2666 (2X...|30.5 x 20.7 x 1.6...|256GB PCIe® NVMe™...|https://trungtran...|       1.24kg|Intel® Dual Band ...|
[2023-05-29T17:07:04.965+0000] {spark_submit.py:490} INFO - |6-cell, 97whr|  Dell|Intel® Core™ i7 8...|Platinum (bạc)|15.6" UltraSharp ...|Intel UHD Graphic...|    2018|Dell Precision 55...|Windows 10 Pro|13.900.000đ|16GB DDR4 bus 266...|35.7cm x 23.5cm x...|512GB PCIe® NVMe™...|https://trungtran...|       1,87kg|Wi-Fi® 6, Bluetoo...|
[2023-05-29T17:07:04.965+0000] {spark_submit.py:490} INFO - |6-cell, 97whr|  Dell|Intel® Core™ i7 8...|Platinum (bạc)|15.6" UltraSharp ...|Intel UHD Graphic...|    2018|Dell Precision 55...|Windows 10 Pro|14.900.000đ|16GB DDR4 bus 266...|35.7cm x 23.5cm x...|512GB PCIe® NVMe™...|https://trungtran...|       1,87kg|Wi-Fi® 6, Bluetoo...|
[2023-05-29T17:07:04.966+0000] {spark_submit.py:490} INFO - +-------------+------+--------------------+--------------+--------------------+--------------------+--------+--------------------+--------------+-----------+--------------------+--------------------+--------------------+--------------------+-------------+--------------------+
[2023-05-29T17:07:04.966+0000] {spark_submit.py:490} INFO - only showing top 20 rows
[2023-05-29T17:07:04.967+0000] {spark_submit.py:490} INFO - 
[2023-05-29T17:07:05.781+0000] {spark_submit.py:490} INFO - 23/05/29 17:07:05 INFO FileSourceStrategy: Pushed Filters: IsNotNull(Price),Not(StringContains(Price,Liên hệ))
[2023-05-29T17:07:05.782+0000] {spark_submit.py:490} INFO - 23/05/29 17:07:05 INFO FileSourceStrategy: Post-Scan Filters: isnotnull(Price#9),NOT Contains(Price#9, Liên hệ)
[2023-05-29T17:07:05.783+0000] {spark_submit.py:490} INFO - 23/05/29 17:07:05 INFO FileSourceStrategy: Output Data Schema: struct<Battery: string, Brand: string, CPU: string, Color: string, Display: string ... 14 more fields>
[2023-05-29T17:07:06.051+0000] {spark_submit.py:490} INFO - 23/05/29 17:07:06 INFO MemoryStore: Block broadcast_2 stored as values in memory (estimated size 338.6 KiB, free 365.5 MiB)
[2023-05-29T17:07:06.102+0000] {spark_submit.py:490} INFO - 23/05/29 17:07:06 INFO MemoryStore: Block broadcast_2_piece0 stored as bytes in memory (estimated size 32.5 KiB, free 365.5 MiB)
[2023-05-29T17:07:06.108+0000] {spark_submit.py:490} INFO - 23/05/29 17:07:06 INFO BlockManagerInfo: Added broadcast_2_piece0 in memory on fb138c374944:43983 (size: 32.5 KiB, free: 366.2 MiB)
[2023-05-29T17:07:06.111+0000] {spark_submit.py:490} INFO - 23/05/29 17:07:06 INFO SparkContext: Created broadcast 2 from toPandas at /opt/spark/app/process_trungtran.py:52
[2023-05-29T17:07:06.116+0000] {spark_submit.py:490} INFO - 23/05/29 17:07:06 INFO FileSourceScanExec: Planning scan with bin packing, max size: 4194304 bytes, open cost is considered as scanning 4194304 bytes.
[2023-05-29T17:07:06.202+0000] {spark_submit.py:490} INFO - 23/05/29 17:07:06 INFO SparkContext: Starting job: toPandas at /opt/spark/app/process_trungtran.py:52
[2023-05-29T17:07:06.209+0000] {spark_submit.py:490} INFO - 23/05/29 17:07:06 INFO DAGScheduler: Got job 1 (toPandas at /opt/spark/app/process_trungtran.py:52) with 1 output partitions
[2023-05-29T17:07:06.210+0000] {spark_submit.py:490} INFO - 23/05/29 17:07:06 INFO DAGScheduler: Final stage: ResultStage 1 (toPandas at /opt/spark/app/process_trungtran.py:52)
[2023-05-29T17:07:06.210+0000] {spark_submit.py:490} INFO - 23/05/29 17:07:06 INFO DAGScheduler: Parents of final stage: List()
[2023-05-29T17:07:06.211+0000] {spark_submit.py:490} INFO - 23/05/29 17:07:06 INFO DAGScheduler: Missing parents: List()
[2023-05-29T17:07:06.221+0000] {spark_submit.py:490} INFO - 23/05/29 17:07:06 INFO DAGScheduler: Submitting ResultStage 1 (MapPartitionsRDD[7] at toPandas at /opt/spark/app/process_trungtran.py:52), which has no missing parents
[2023-05-29T17:07:06.238+0000] {spark_submit.py:490} INFO - 23/05/29 17:07:06 INFO MemoryStore: Block broadcast_3 stored as values in memory (estimated size 64.6 KiB, free 365.4 MiB)
[2023-05-29T17:07:06.308+0000] {spark_submit.py:490} INFO - 23/05/29 17:07:06 INFO MemoryStore: Block broadcast_3_piece0 stored as bytes in memory (estimated size 19.8 KiB, free 365.4 MiB)
[2023-05-29T17:07:06.327+0000] {spark_submit.py:490} INFO - 23/05/29 17:07:06 INFO BlockManagerInfo: Added broadcast_3_piece0 in memory on fb138c374944:43983 (size: 19.8 KiB, free: 366.2 MiB)
[2023-05-29T17:07:06.332+0000] {spark_submit.py:490} INFO - 23/05/29 17:07:06 INFO SparkContext: Created broadcast 3 from broadcast at DAGScheduler.scala:1478
[2023-05-29T17:07:06.336+0000] {spark_submit.py:490} INFO - 23/05/29 17:07:06 INFO DAGScheduler: Submitting 1 missing tasks from ResultStage 1 (MapPartitionsRDD[7] at toPandas at /opt/spark/app/process_trungtran.py:52) (first 15 tasks are for partitions Vector(0))
[2023-05-29T17:07:06.338+0000] {spark_submit.py:490} INFO - 23/05/29 17:07:06 INFO TaskSchedulerImpl: Adding task set 1.0 with 1 tasks resource profile 0
[2023-05-29T17:07:06.347+0000] {spark_submit.py:490} INFO - 23/05/29 17:07:06 INFO TaskSetManager: Starting task 0.0 in stage 1.0 (TID 1) (172.27.0.3, executor 0, partition 0, PROCESS_LOCAL, 4882 bytes) taskResourceAssignments Map()
[2023-05-29T17:07:06.561+0000] {spark_submit.py:490} INFO - 23/05/29 17:07:06 INFO BlockManagerInfo: Removed broadcast_1_piece0 on fb138c374944:43983 in memory (size: 19.8 KiB, free: 366.2 MiB)
[2023-05-29T17:07:06.598+0000] {spark_submit.py:490} INFO - 23/05/29 17:07:06 INFO BlockManagerInfo: Added broadcast_3_piece0 in memory on 172.27.0.3:36419 (size: 19.8 KiB, free: 366.2 MiB)
[2023-05-29T17:07:06.683+0000] {spark_submit.py:490} INFO - 23/05/29 17:07:06 INFO BlockManagerInfo: Removed broadcast_1_piece0 on 172.27.0.3:36419 in memory (size: 19.8 KiB, free: 366.2 MiB)
[2023-05-29T17:07:06.953+0000] {spark_submit.py:490} INFO - 23/05/29 17:07:06 INFO BlockManagerInfo: Added broadcast_2_piece0 in memory on 172.27.0.3:36419 (size: 32.5 KiB, free: 366.2 MiB)
[2023-05-29T17:07:07.226+0000] {spark_submit.py:490} INFO - 23/05/29 17:07:07 INFO TaskSetManager: Finished task 0.0 in stage 1.0 (TID 1) in 884 ms on 172.27.0.3 (executor 0) (1/1)
[2023-05-29T17:07:07.227+0000] {spark_submit.py:490} INFO - 23/05/29 17:07:07 INFO TaskSchedulerImpl: Removed TaskSet 1.0, whose tasks have all completed, from pool
[2023-05-29T17:07:07.229+0000] {spark_submit.py:490} INFO - 23/05/29 17:07:07 INFO DAGScheduler: ResultStage 1 (toPandas at /opt/spark/app/process_trungtran.py:52) finished in 1.004 s
[2023-05-29T17:07:07.230+0000] {spark_submit.py:490} INFO - 23/05/29 17:07:07 INFO DAGScheduler: Job 1 is finished. Cancelling potential speculative or zombie tasks for this job
[2023-05-29T17:07:07.231+0000] {spark_submit.py:490} INFO - 23/05/29 17:07:07 INFO TaskSchedulerImpl: Killing all running tasks in stage 1: Stage finished
[2023-05-29T17:07:07.231+0000] {spark_submit.py:490} INFO - 23/05/29 17:07:07 INFO DAGScheduler: Job 1 finished: toPandas at /opt/spark/app/process_trungtran.py:52, took 1.026948 s
[2023-05-29T17:07:07.406+0000] {spark_submit.py:490} INFO - 23/05/29 17:07:07 INFO SparkUI: Stopped Spark web UI at http://fb138c374944:4043
[2023-05-29T17:07:07.426+0000] {spark_submit.py:490} INFO - 23/05/29 17:07:07 INFO StandaloneSchedulerBackend: Shutting down all executors
[2023-05-29T17:07:07.428+0000] {spark_submit.py:490} INFO - 23/05/29 17:07:07 INFO CoarseGrainedSchedulerBackend$DriverEndpoint: Asking each executor to shut down
[2023-05-29T17:07:07.593+0000] {spark_submit.py:490} INFO - 23/05/29 17:07:07 INFO MapOutputTrackerMasterEndpoint: MapOutputTrackerMasterEndpoint stopped!
[2023-05-29T17:07:07.709+0000] {spark_submit.py:490} INFO - 23/05/29 17:07:07 INFO MemoryStore: MemoryStore cleared
[2023-05-29T17:07:07.713+0000] {spark_submit.py:490} INFO - 23/05/29 17:07:07 INFO BlockManager: BlockManager stopped
[2023-05-29T17:07:07.758+0000] {spark_submit.py:490} INFO - 23/05/29 17:07:07 INFO BlockManagerMaster: BlockManagerMaster stopped
[2023-05-29T17:07:07.828+0000] {spark_submit.py:490} INFO - 23/05/29 17:07:07 INFO OutputCommitCoordinator$OutputCommitCoordinatorEndpoint: OutputCommitCoordinator stopped!
[2023-05-29T17:07:07.841+0000] {spark_submit.py:490} INFO - 23/05/29 17:07:07 WARN Dispatcher: Message RemoteProcessDisconnected(172.27.0.3:49610) dropped. Could not find OutputCommitCoordinator.
[2023-05-29T17:07:07.953+0000] {spark_submit.py:490} INFO - 23/05/29 17:07:07 INFO SparkContext: Successfully stopped SparkContext
[2023-05-29T17:07:08.497+0000] {spark_submit.py:490} INFO - 23/05/29 17:07:08 INFO ShutdownHookManager: Shutdown hook called
[2023-05-29T17:07:08.499+0000] {spark_submit.py:490} INFO - 23/05/29 17:07:08 INFO ShutdownHookManager: Deleting directory /tmp/spark-3a67eb32-5f1b-4bcf-b1c0-f52448647f45
[2023-05-29T17:07:08.518+0000] {spark_submit.py:490} INFO - 23/05/29 17:07:08 INFO ShutdownHookManager: Deleting directory /tmp/spark-88c47b97-cc0e-42d6-97db-9590fce8af10/pyspark-1561d09b-b275-4611-a837-420ae4348b59
[2023-05-29T17:07:08.528+0000] {spark_submit.py:490} INFO - 23/05/29 17:07:08 INFO ShutdownHookManager: Deleting directory /tmp/spark-88c47b97-cc0e-42d6-97db-9590fce8af10
[2023-05-29T17:07:08.870+0000] {warnings.py:110} WARNING - /usr/local/lib/python3.7/site-packages/***/models/taskinstance.py:871: SAWarning: TypeDecorator ExecutorConfigType() will not produce a cache key because the ``cache_ok`` attribute is not set to True.  This can have significant performance implications including some performance degradations in comparison to prior SQLAlchemy versions.  Set this attribute to True if this type object's state is safe to use in a cache key, or False to disable this warning. (Background on this error at: https://sqlalche.me/e/14/cprf)
  ti: TaskInstance | None = qry.with_for_update().one_or_none()

[2023-05-29T17:07:08.909+0000] {taskinstance.py:1406} INFO - Marking task as SUCCESS. dag_id=trungtran_process_data_1, task_id=trungtran_clean_data_11, execution_date=20230528T170000, start_date=20230529T170004, end_date=20230529T170708
[2023-05-29T17:07:09.045+0000] {local_task_job.py:164} INFO - Task exited with return code 0
[2023-05-29T17:07:09.211+0000] {local_task_job.py:273} INFO - 1 downstream tasks scheduled from follow-on schedule check
