[2023-05-29T15:20:13.513+0000] {warnings.py:110} WARNING - /usr/local/lib/python3.7/site-packages/***/models/taskinstance.py:871: SAWarning: TypeDecorator ExecutorConfigType() will not produce a cache key because the ``cache_ok`` attribute is not set to True.  This can have significant performance implications including some performance degradations in comparison to prior SQLAlchemy versions.  Set this attribute to True if this type object's state is safe to use in a cache key, or False to disable this warning. (Background on this error at: https://sqlalche.me/e/14/cprf)
  ti: TaskInstance | None = qry.with_for_update().one_or_none()

[2023-05-29T15:20:13.546+0000] {taskinstance.py:1165} INFO - Dependencies all met for <TaskInstance: word_count_1.word_count manual__2023-05-29T15:18:24.638270+00:00 [queued]>
[2023-05-29T15:20:13.569+0000] {taskinstance.py:1165} INFO - Dependencies all met for <TaskInstance: word_count_1.word_count manual__2023-05-29T15:18:24.638270+00:00 [queued]>
[2023-05-29T15:20:13.569+0000] {taskinstance.py:1362} INFO - 
--------------------------------------------------------------------------------
[2023-05-29T15:20:13.570+0000] {taskinstance.py:1363} INFO - Starting attempt 2 of 2
[2023-05-29T15:20:13.570+0000] {taskinstance.py:1364} INFO - 
--------------------------------------------------------------------------------
[2023-05-29T15:20:13.605+0000] {taskinstance.py:1383} INFO - Executing <Task(SparkSubmitOperator): word_count> on 2023-05-29 15:18:24.638270+00:00
[2023-05-29T15:20:13.614+0000] {standard_task_runner.py:54} INFO - Started process 342 to run task
[2023-05-29T15:20:13.621+0000] {standard_task_runner.py:82} INFO - Running: ['***', 'tasks', 'run', 'word_count_1', 'word_count', 'manual__2023-05-29T15:18:24.638270+00:00', '--job-id', '4575', '--raw', '--subdir', 'DAGS_FOLDER/word_count_scheduler.py', '--cfg-path', '/tmp/tmp6gqs97qj']
[2023-05-29T15:20:13.622+0000] {standard_task_runner.py:83} INFO - Job 4575: Subtask word_count
[2023-05-29T15:20:13.624+0000] {dagbag.py:525} INFO - Filling up the DagBag from /opt/***/dags/word_count_scheduler.py
[2023-05-29T15:20:13.827+0000] {task_command.py:384} INFO - Running <TaskInstance: word_count_1.word_count manual__2023-05-29T15:18:24.638270+00:00 [running]> on host fb138c374944
[2023-05-29T15:20:13.834+0000] {warnings.py:110} WARNING - /usr/local/lib/python3.7/site-packages/***/models/taskinstance.py:873: SAWarning: TypeDecorator ExecutorConfigType() will not produce a cache key because the ``cache_ok`` attribute is not set to True.  This can have significant performance implications including some performance degradations in comparison to prior SQLAlchemy versions.  Set this attribute to True if this type object's state is safe to use in a cache key, or False to disable this warning. (Background on this error at: https://sqlalche.me/e/14/cprf)
  ti = qry.one_or_none()

[2023-05-29T15:20:14.000+0000] {taskinstance.py:1592} INFO - Exporting the following env vars:
AIRFLOW_CTX_DAG_EMAIL=pioneer22022001@gmail.com
AIRFLOW_CTX_DAG_OWNER=***
AIRFLOW_CTX_DAG_ID=word_count_1
AIRFLOW_CTX_TASK_ID=word_count
AIRFLOW_CTX_EXECUTION_DATE=2023-05-29T15:18:24.638270+00:00
AIRFLOW_CTX_TRY_NUMBER=2
AIRFLOW_CTX_DAG_RUN_ID=manual__2023-05-29T15:18:24.638270+00:00
[2023-05-29T15:20:14.027+0000] {base.py:71} INFO - Using connection ID 'other_spark_local' for task execution.
[2023-05-29T15:20:14.030+0000] {spark_submit.py:339} INFO - Spark-Submit cmd: spark-submit --master spark://spark-master:7077 --conf spark.master=spark://spark-master:7077 --name word_count --verbose /opt/spark/app/word_count.py
[2023-05-29T15:20:14.071+0000] {spark_submit.py:490} INFO - /opt/spark/bin/load-spark-env.sh: line 68: ps: command not found
[2023-05-29T15:20:17.042+0000] {spark_submit.py:490} INFO - Using properties file: null
[2023-05-29T15:20:17.576+0000] {spark_submit.py:490} INFO - Parsed arguments:
[2023-05-29T15:20:17.577+0000] {spark_submit.py:490} INFO - master                  spark://spark-master:7077
[2023-05-29T15:20:17.578+0000] {spark_submit.py:490} INFO - deployMode              null
[2023-05-29T15:20:17.579+0000] {spark_submit.py:490} INFO - executorMemory          null
[2023-05-29T15:20:17.580+0000] {spark_submit.py:490} INFO - executorCores           null
[2023-05-29T15:20:17.581+0000] {spark_submit.py:490} INFO - totalExecutorCores      null
[2023-05-29T15:20:17.581+0000] {spark_submit.py:490} INFO - propertiesFile          null
[2023-05-29T15:20:17.582+0000] {spark_submit.py:490} INFO - driverMemory            null
[2023-05-29T15:20:17.582+0000] {spark_submit.py:490} INFO - driverCores             null
[2023-05-29T15:20:17.583+0000] {spark_submit.py:490} INFO - driverExtraClassPath    null
[2023-05-29T15:20:17.584+0000] {spark_submit.py:490} INFO - driverExtraLibraryPath  null
[2023-05-29T15:20:17.585+0000] {spark_submit.py:490} INFO - driverExtraJavaOptions  null
[2023-05-29T15:20:17.585+0000] {spark_submit.py:490} INFO - supervise               false
[2023-05-29T15:20:17.586+0000] {spark_submit.py:490} INFO - queue                   null
[2023-05-29T15:20:17.586+0000] {spark_submit.py:490} INFO - numExecutors            null
[2023-05-29T15:20:17.587+0000] {spark_submit.py:490} INFO - files                   null
[2023-05-29T15:20:17.588+0000] {spark_submit.py:490} INFO - pyFiles                 null
[2023-05-29T15:20:17.588+0000] {spark_submit.py:490} INFO - archives                null
[2023-05-29T15:20:17.589+0000] {spark_submit.py:490} INFO - mainClass               null
[2023-05-29T15:20:17.590+0000] {spark_submit.py:490} INFO - primaryResource         file:/opt/spark/app/word_count.py
[2023-05-29T15:20:17.591+0000] {spark_submit.py:490} INFO - name                    word_count
[2023-05-29T15:20:17.592+0000] {spark_submit.py:490} INFO - childArgs               []
[2023-05-29T15:20:17.592+0000] {spark_submit.py:490} INFO - jars                    null
[2023-05-29T15:20:17.593+0000] {spark_submit.py:490} INFO - packages                null
[2023-05-29T15:20:17.594+0000] {spark_submit.py:490} INFO - packagesExclusions      null
[2023-05-29T15:20:17.594+0000] {spark_submit.py:490} INFO - repositories            null
[2023-05-29T15:20:17.595+0000] {spark_submit.py:490} INFO - verbose                 true
[2023-05-29T15:20:17.596+0000] {spark_submit.py:490} INFO - 
[2023-05-29T15:20:17.596+0000] {spark_submit.py:490} INFO - Spark properties used, including those specified through
[2023-05-29T15:20:17.597+0000] {spark_submit.py:490} INFO - --conf and those from the properties file null:
[2023-05-29T15:20:17.597+0000] {spark_submit.py:490} INFO - (spark.master,spark://spark-master:7077)
[2023-05-29T15:20:17.598+0000] {spark_submit.py:490} INFO - 
[2023-05-29T15:20:17.598+0000] {spark_submit.py:490} INFO - 
[2023-05-29T15:20:18.711+0000] {spark_submit.py:490} INFO - Main class:
[2023-05-29T15:20:18.712+0000] {spark_submit.py:490} INFO - org.apache.spark.deploy.PythonRunner
[2023-05-29T15:20:18.713+0000] {spark_submit.py:490} INFO - Arguments:
[2023-05-29T15:20:18.714+0000] {spark_submit.py:490} INFO - file:/opt/spark/app/word_count.py
[2023-05-29T15:20:18.714+0000] {spark_submit.py:490} INFO - null
[2023-05-29T15:20:18.720+0000] {spark_submit.py:490} INFO - Spark config:
[2023-05-29T15:20:18.721+0000] {spark_submit.py:490} INFO - (spark.master,spark://spark-master:7077)
[2023-05-29T15:20:18.721+0000] {spark_submit.py:490} INFO - (spark.submit.pyFiles,)
[2023-05-29T15:20:18.722+0000] {spark_submit.py:490} INFO - (spark.app.name,word_count)
[2023-05-29T15:20:18.723+0000] {spark_submit.py:490} INFO - (spark.submit.deployMode,client)
[2023-05-29T15:20:18.723+0000] {spark_submit.py:490} INFO - Classpath elements:
[2023-05-29T15:20:18.724+0000] {spark_submit.py:490} INFO - 
[2023-05-29T15:20:18.725+0000] {spark_submit.py:490} INFO - 
[2023-05-29T15:20:18.726+0000] {spark_submit.py:490} INFO - 
[2023-05-29T15:20:18.739+0000] {warnings.py:110} WARNING - /usr/local/lib/python3.7/site-packages/***/models/taskinstance.py:873: SAWarning: TypeDecorator ExecutorConfigType() will not produce a cache key because the ``cache_ok`` attribute is not set to True.  This can have significant performance implications including some performance degradations in comparison to prior SQLAlchemy versions.  Set this attribute to True if this type object's state is safe to use in a cache key, or False to disable this warning. (Background on this error at: https://sqlalche.me/e/14/cprf)
  ti = qry.one_or_none()

[2023-05-29T15:20:19.879+0000] {spark_submit.py:490} INFO - Using Spark's default log4j profile: org/apache/spark/log4j-defaults.properties
[2023-05-29T15:20:19.906+0000] {spark_submit.py:490} INFO - 23/05/29 15:20:19 INFO SparkContext: Running Spark version 3.2.3
[2023-05-29T15:20:20.250+0000] {spark_submit.py:490} INFO - 23/05/29 15:20:20 WARN NativeCodeLoader: Unable to load native-hadoop library for your platform... using builtin-java classes where applicable
[2023-05-29T15:20:20.489+0000] {spark_submit.py:490} INFO - 23/05/29 15:20:20 INFO ResourceUtils: ==============================================================
[2023-05-29T15:20:20.490+0000] {spark_submit.py:490} INFO - 23/05/29 15:20:20 INFO ResourceUtils: No custom resources configured for spark.driver.
[2023-05-29T15:20:20.491+0000] {spark_submit.py:490} INFO - 23/05/29 15:20:20 INFO ResourceUtils: ==============================================================
[2023-05-29T15:20:20.492+0000] {spark_submit.py:490} INFO - 23/05/29 15:20:20 INFO SparkContext: Submitted application: Firstprogram
[2023-05-29T15:20:20.548+0000] {spark_submit.py:490} INFO - 23/05/29 15:20:20 INFO ResourceProfile: Default ResourceProfile created, executor resources: Map(cores -> name: cores, amount: 1, script: , vendor: , memory -> name: memory, amount: 1024, script: , vendor: , offHeap -> name: offHeap, amount: 0, script: , vendor: ), task resources: Map(cpus -> name: cpus, amount: 1.0)
[2023-05-29T15:20:20.583+0000] {spark_submit.py:490} INFO - 23/05/29 15:20:20 INFO ResourceProfile: Limiting resource is cpu
[2023-05-29T15:20:20.585+0000] {spark_submit.py:490} INFO - 23/05/29 15:20:20 INFO ResourceProfileManager: Added ResourceProfile id: 0
[2023-05-29T15:20:20.772+0000] {spark_submit.py:490} INFO - 23/05/29 15:20:20 INFO SecurityManager: Changing view acls to: ***
[2023-05-29T15:20:20.774+0000] {spark_submit.py:490} INFO - 23/05/29 15:20:20 INFO SecurityManager: Changing modify acls to: ***
[2023-05-29T15:20:20.775+0000] {spark_submit.py:490} INFO - 23/05/29 15:20:20 INFO SecurityManager: Changing view acls groups to:
[2023-05-29T15:20:20.777+0000] {spark_submit.py:490} INFO - 23/05/29 15:20:20 INFO SecurityManager: Changing modify acls groups to:
[2023-05-29T15:20:20.779+0000] {spark_submit.py:490} INFO - 23/05/29 15:20:20 INFO SecurityManager: SecurityManager: authentication disabled; ui acls disabled; users  with view permissions: Set(***); groups with view permissions: Set(); users  with modify permissions: Set(***); groups with modify permissions: Set()
[2023-05-29T15:20:21.580+0000] {spark_submit.py:490} INFO - 23/05/29 15:20:21 INFO Utils: Successfully started service 'sparkDriver' on port 35919.
[2023-05-29T15:20:21.660+0000] {spark_submit.py:490} INFO - 23/05/29 15:20:21 INFO SparkEnv: Registering MapOutputTracker
[2023-05-29T15:20:21.772+0000] {spark_submit.py:490} INFO - 23/05/29 15:20:21 INFO SparkEnv: Registering BlockManagerMaster
[2023-05-29T15:20:21.832+0000] {spark_submit.py:490} INFO - 23/05/29 15:20:21 INFO BlockManagerMasterEndpoint: Using org.apache.spark.storage.DefaultTopologyMapper for getting topology information
[2023-05-29T15:20:21.834+0000] {spark_submit.py:490} INFO - 23/05/29 15:20:21 INFO BlockManagerMasterEndpoint: BlockManagerMasterEndpoint up
[2023-05-29T15:20:21.845+0000] {spark_submit.py:490} INFO - 23/05/29 15:20:21 INFO SparkEnv: Registering BlockManagerMasterHeartbeat
[2023-05-29T15:20:21.927+0000] {spark_submit.py:490} INFO - 23/05/29 15:20:21 INFO DiskBlockManager: Created local directory at /tmp/blockmgr-d9a6234b-a39c-412b-913e-337ca662d7d8
[2023-05-29T15:20:22.056+0000] {spark_submit.py:490} INFO - 23/05/29 15:20:22 INFO MemoryStore: MemoryStore started with capacity 366.3 MiB
[2023-05-29T15:20:22.130+0000] {spark_submit.py:490} INFO - 23/05/29 15:20:22 INFO SparkEnv: Registering OutputCommitCoordinator
[2023-05-29T15:20:23.043+0000] {spark_submit.py:490} INFO - 23/05/29 15:20:23 INFO Utils: Successfully started service 'SparkUI' on port 4040.
[2023-05-29T15:20:23.382+0000] {spark_submit.py:490} INFO - 23/05/29 15:20:23 INFO SparkUI: Bound SparkUI to 0.0.0.0, and started at http://fb138c374944:4040
[2023-05-29T15:20:24.507+0000] {spark_submit.py:490} INFO - 23/05/29 15:20:24 INFO StandaloneAppClient$ClientEndpoint: Connecting to master spark://spark-master:7077...
[2023-05-29T15:20:24.778+0000] {spark_submit.py:490} INFO - 23/05/29 15:20:24 INFO TransportClientFactory: Successfully created connection to spark-master/172.27.0.2:7077 after 157 ms (0 ms spent in bootstraps)
[2023-05-29T15:20:25.163+0000] {spark_submit.py:490} INFO - 23/05/29 15:20:25 INFO StandaloneSchedulerBackend: Connected to Spark cluster with app ID app-20230529152025-0001
[2023-05-29T15:20:25.198+0000] {spark_submit.py:490} INFO - 23/05/29 15:20:25 INFO StandaloneAppClient$ClientEndpoint: Executor added: app-20230529152025-0001/0 on worker-20230529151449-172.27.0.3-7000 (172.27.0.3:7000) with 1 core(s)
[2023-05-29T15:20:25.199+0000] {spark_submit.py:490} INFO - 23/05/29 15:20:25 INFO StandaloneSchedulerBackend: Granted executor ID app-20230529152025-0001/0 on hostPort 172.27.0.3:7000 with 1 core(s), 1024.0 MiB RAM
[2023-05-29T15:20:25.235+0000] {spark_submit.py:490} INFO - 23/05/29 15:20:25 INFO Utils: Successfully started service 'org.apache.spark.network.netty.NettyBlockTransferService' on port 37063.
[2023-05-29T15:20:25.236+0000] {spark_submit.py:490} INFO - 23/05/29 15:20:25 INFO NettyBlockTransferService: Server created on fb138c374944:37063
[2023-05-29T15:20:25.242+0000] {spark_submit.py:490} INFO - 23/05/29 15:20:25 INFO BlockManager: Using org.apache.spark.storage.RandomBlockReplicationPolicy for block replication policy
[2023-05-29T15:20:25.285+0000] {spark_submit.py:490} INFO - 23/05/29 15:20:25 INFO BlockManagerMaster: Registering BlockManager BlockManagerId(driver, fb138c374944, 37063, None)
[2023-05-29T15:20:25.299+0000] {spark_submit.py:490} INFO - 23/05/29 15:20:25 INFO StandaloneAppClient$ClientEndpoint: Executor updated: app-20230529152025-0001/0 is now RUNNING
[2023-05-29T15:20:25.305+0000] {spark_submit.py:490} INFO - 23/05/29 15:20:25 INFO BlockManagerMasterEndpoint: Registering block manager fb138c374944:37063 with 366.3 MiB RAM, BlockManagerId(driver, fb138c374944, 37063, None)
[2023-05-29T15:20:25.326+0000] {spark_submit.py:490} INFO - 23/05/29 15:20:25 INFO BlockManagerMaster: Registered BlockManager BlockManagerId(driver, fb138c374944, 37063, None)
[2023-05-29T15:20:25.327+0000] {spark_submit.py:490} INFO - 23/05/29 15:20:25 INFO BlockManager: Initialized BlockManager: BlockManagerId(driver, fb138c374944, 37063, None)
[2023-05-29T15:20:26.625+0000] {spark_submit.py:490} INFO - 23/05/29 15:20:26 INFO StandaloneSchedulerBackend: SchedulerBackend is ready for scheduling beginning after reached minRegisteredResourcesRatio: 0.0
[2023-05-29T15:20:27.806+0000] {spark_submit.py:490} INFO - 23/05/29 15:20:27 INFO SharedState: Setting hive.metastore.warehouse.dir ('null') to the value of spark.sql.warehouse.dir.
[2023-05-29T15:20:28.081+0000] {spark_submit.py:490} INFO - 23/05/29 15:20:28 INFO SharedState: Warehouse path is 'file:/opt/***/spark-warehouse'.
[2023-05-29T15:20:32.671+0000] {spark_submit.py:490} INFO - 23/05/29 15:20:32 INFO MemoryStore: Block broadcast_0 stored as values in memory (estimated size 354.4 KiB, free 366.0 MiB)
[2023-05-29T15:20:32.874+0000] {spark_submit.py:490} INFO - 23/05/29 15:20:32 INFO MemoryStore: Block broadcast_0_piece0 stored as bytes in memory (estimated size 32.0 KiB, free 365.9 MiB)
[2023-05-29T15:20:32.884+0000] {spark_submit.py:490} INFO - 23/05/29 15:20:32 INFO BlockManagerInfo: Added broadcast_0_piece0 in memory on fb138c374944:37063 (size: 32.0 KiB, free: 366.3 MiB)
[2023-05-29T15:20:32.898+0000] {spark_submit.py:490} INFO - 23/05/29 15:20:32 INFO SparkContext: Created broadcast 0 from textFile at NativeMethodAccessorImpl.java:0
[2023-05-29T15:20:33.673+0000] {spark_submit.py:490} INFO - 23/05/29 15:20:33 INFO FileInputFormat: Total input files to process : 1
[2023-05-29T15:20:34.291+0000] {spark_submit.py:490} INFO - 23/05/29 15:20:34 INFO SparkContext: Starting job: collect at /opt/spark/app/word_count.py:16
[2023-05-29T15:20:34.355+0000] {spark_submit.py:490} INFO - 23/05/29 15:20:34 INFO DAGScheduler: Registering RDD 3 (reduceByKey at /opt/spark/app/word_count.py:15) as input to shuffle 0
[2023-05-29T15:20:34.372+0000] {spark_submit.py:490} INFO - 23/05/29 15:20:34 INFO DAGScheduler: Got job 0 (collect at /opt/spark/app/word_count.py:16) with 34 output partitions
[2023-05-29T15:20:34.373+0000] {spark_submit.py:490} INFO - 23/05/29 15:20:34 INFO DAGScheduler: Final stage: ResultStage 1 (collect at /opt/spark/app/word_count.py:16)
[2023-05-29T15:20:34.374+0000] {spark_submit.py:490} INFO - 23/05/29 15:20:34 INFO DAGScheduler: Parents of final stage: List(ShuffleMapStage 0)
[2023-05-29T15:20:34.385+0000] {spark_submit.py:490} INFO - 23/05/29 15:20:34 INFO DAGScheduler: Missing parents: List(ShuffleMapStage 0)
[2023-05-29T15:20:34.421+0000] {spark_submit.py:490} INFO - 23/05/29 15:20:34 INFO DAGScheduler: Submitting ShuffleMapStage 0 (PairwiseRDD[3] at reduceByKey at /opt/spark/app/word_count.py:15), which has no missing parents
[2023-05-29T15:20:34.663+0000] {spark_submit.py:490} INFO - 23/05/29 15:20:34 INFO MemoryStore: Block broadcast_1 stored as values in memory (estimated size 12.5 KiB, free 365.9 MiB)
[2023-05-29T15:20:34.676+0000] {spark_submit.py:490} INFO - 23/05/29 15:20:34 INFO MemoryStore: Block broadcast_1_piece0 stored as bytes in memory (estimated size 7.4 KiB, free 365.9 MiB)
[2023-05-29T15:20:34.679+0000] {spark_submit.py:490} INFO - 23/05/29 15:20:34 INFO BlockManagerInfo: Added broadcast_1_piece0 in memory on fb138c374944:37063 (size: 7.4 KiB, free: 366.3 MiB)
[2023-05-29T15:20:34.683+0000] {spark_submit.py:490} INFO - 23/05/29 15:20:34 INFO SparkContext: Created broadcast 1 from broadcast at DAGScheduler.scala:1478
[2023-05-29T15:20:34.730+0000] {spark_submit.py:490} INFO - 23/05/29 15:20:34 INFO DAGScheduler: Submitting 34 missing tasks from ShuffleMapStage 0 (PairwiseRDD[3] at reduceByKey at /opt/spark/app/word_count.py:15) (first 15 tasks are for partitions Vector(0, 1, 2, 3, 4, 5, 6, 7, 8, 9, 10, 11, 12, 13, 14))
[2023-05-29T15:20:34.734+0000] {spark_submit.py:490} INFO - 23/05/29 15:20:34 INFO TaskSchedulerImpl: Adding task set 0.0 with 34 tasks resource profile 0
[2023-05-29T15:20:35.351+0000] {spark_submit.py:490} INFO - 23/05/29 15:20:35 INFO CoarseGrainedSchedulerBackend$DriverEndpoint: Registered executor NettyRpcEndpointRef(spark-client://Executor) (172.27.0.3:33708) with ID 0,  ResourceProfileId 0
[2023-05-29T15:20:35.693+0000] {spark_submit.py:490} INFO - 23/05/29 15:20:35 INFO BlockManagerMasterEndpoint: Registering block manager 172.27.0.3:41769 with 366.3 MiB RAM, BlockManagerId(0, 172.27.0.3, 41769, None)
[2023-05-29T15:20:35.870+0000] {spark_submit.py:490} INFO - 23/05/29 15:20:35 INFO TaskSetManager: Starting task 0.0 in stage 0.0 (TID 0) (172.27.0.3, executor 0, partition 0, PROCESS_LOCAL, 4505 bytes) taskResourceAssignments Map()
[2023-05-29T15:20:36.724+0000] {spark_submit.py:490} INFO - 23/05/29 15:20:36 INFO BlockManagerInfo: Added broadcast_1_piece0 in memory on 172.27.0.3:41769 (size: 7.4 KiB, free: 366.3 MiB)
[2023-05-29T15:20:39.349+0000] {spark_submit.py:490} INFO - 23/05/29 15:20:39 INFO BlockManagerInfo: Added broadcast_0_piece0 in memory on 172.27.0.3:41769 (size: 32.0 KiB, free: 366.3 MiB)
[2023-05-29T15:20:44.381+0000] {spark_submit.py:490} INFO - 23/05/29 15:20:44 INFO TaskSetManager: Starting task 1.0 in stage 0.0 (TID 1) (172.27.0.3, executor 0, partition 1, PROCESS_LOCAL, 4505 bytes) taskResourceAssignments Map()
[2023-05-29T15:20:44.451+0000] {spark_submit.py:490} INFO - 23/05/29 15:20:44 WARN TaskSetManager: Lost task 0.0 in stage 0.0 (TID 0) (172.27.0.3 executor 0): org.apache.spark.api.python.PythonException: Traceback (most recent call last):
[2023-05-29T15:20:44.452+0000] {spark_submit.py:490} INFO - File "/opt/spark/python/lib/pyspark.zip/pyspark/worker.py", line 619, in main
[2023-05-29T15:20:44.453+0000] {spark_submit.py:490} INFO - process()
[2023-05-29T15:20:44.454+0000] {spark_submit.py:490} INFO - File "/opt/spark/python/lib/pyspark.zip/pyspark/worker.py", line 609, in process
[2023-05-29T15:20:44.454+0000] {spark_submit.py:490} INFO - out_iter = func(split_index, iterator)
[2023-05-29T15:20:44.455+0000] {spark_submit.py:490} INFO - File "/usr/local/lib/python3.7/site-packages/pyspark/rdd.py", line 2918, in pipeline_func
[2023-05-29T15:20:44.455+0000] {spark_submit.py:490} INFO - File "/usr/local/lib/python3.7/site-packages/pyspark/rdd.py", line 2918, in pipeline_func
[2023-05-29T15:20:44.456+0000] {spark_submit.py:490} INFO - File "/usr/local/lib/python3.7/site-packages/pyspark/rdd.py", line 417, in func
[2023-05-29T15:20:44.457+0000] {spark_submit.py:490} INFO - File "/usr/local/lib/python3.7/site-packages/pyspark/rdd.py", line 2146, in combineLocally
[2023-05-29T15:20:44.457+0000] {spark_submit.py:490} INFO - File "/opt/spark/python/lib/pyspark.zip/pyspark/shuffle.py", line 240, in mergeValues
[2023-05-29T15:20:44.458+0000] {spark_submit.py:490} INFO - for k, v in iterator:
[2023-05-29T15:20:44.459+0000] {spark_submit.py:490} INFO - File "/opt/spark/python/lib/pyspark.zip/pyspark/util.py", line 74, in wrapper
[2023-05-29T15:20:44.459+0000] {spark_submit.py:490} INFO - return f(*args, **kwargs)
[2023-05-29T15:20:44.460+0000] {spark_submit.py:490} INFO - File "/opt/spark/app/word_count.py", line 11, in <lambda>
[2023-05-29T15:20:44.461+0000] {spark_submit.py:490} INFO - clean_text_file = text_file.map(lambda line: regexp_replace(line, '[^\w\s]', ''))
[2023-05-29T15:20:44.461+0000] {spark_submit.py:490} INFO - File "/opt/spark/python/lib/pyspark.zip/pyspark/sql/functions.py", line 3022, in regexp_replace
[2023-05-29T15:20:44.462+0000] {spark_submit.py:490} INFO - jc = sc._jvm.functions.regexp_replace(_to_java_column(str), pattern, replacement)
[2023-05-29T15:20:44.463+0000] {spark_submit.py:490} INFO - AttributeError: 'NoneType' object has no attribute '_jvm'
[2023-05-29T15:20:44.463+0000] {spark_submit.py:490} INFO - 
[2023-05-29T15:20:44.464+0000] {spark_submit.py:490} INFO - at org.apache.spark.api.python.BasePythonRunner$ReaderIterator.handlePythonException(PythonRunner.scala:556)
[2023-05-29T15:20:44.465+0000] {spark_submit.py:490} INFO - at org.apache.spark.api.python.PythonRunner$$anon$3.read(PythonRunner.scala:762)
[2023-05-29T15:20:44.465+0000] {spark_submit.py:490} INFO - at org.apache.spark.api.python.PythonRunner$$anon$3.read(PythonRunner.scala:744)
[2023-05-29T15:20:44.466+0000] {spark_submit.py:490} INFO - at org.apache.spark.api.python.BasePythonRunner$ReaderIterator.hasNext(PythonRunner.scala:509)
[2023-05-29T15:20:44.467+0000] {spark_submit.py:490} INFO - at org.apache.spark.InterruptibleIterator.hasNext(InterruptibleIterator.scala:37)
[2023-05-29T15:20:44.467+0000] {spark_submit.py:490} INFO - at scala.collection.Iterator$GroupedIterator.fill(Iterator.scala:1211)
[2023-05-29T15:20:44.468+0000] {spark_submit.py:490} INFO - at scala.collection.Iterator$GroupedIterator.hasNext(Iterator.scala:1217)
[2023-05-29T15:20:44.469+0000] {spark_submit.py:490} INFO - at scala.collection.Iterator$$anon$10.hasNext(Iterator.scala:460)
[2023-05-29T15:20:44.469+0000] {spark_submit.py:490} INFO - at org.apache.spark.shuffle.sort.BypassMergeSortShuffleWriter.write(BypassMergeSortShuffleWriter.java:140)
[2023-05-29T15:20:44.470+0000] {spark_submit.py:490} INFO - at org.apache.spark.shuffle.ShuffleWriteProcessor.write(ShuffleWriteProcessor.scala:59)
[2023-05-29T15:20:44.470+0000] {spark_submit.py:490} INFO - at org.apache.spark.scheduler.ShuffleMapTask.runTask(ShuffleMapTask.scala:99)
[2023-05-29T15:20:44.471+0000] {spark_submit.py:490} INFO - at org.apache.spark.scheduler.ShuffleMapTask.runTask(ShuffleMapTask.scala:52)
[2023-05-29T15:20:44.472+0000] {spark_submit.py:490} INFO - at org.apache.spark.scheduler.Task.run(Task.scala:131)
[2023-05-29T15:20:44.472+0000] {spark_submit.py:490} INFO - at org.apache.spark.executor.Executor$TaskRunner.$anonfun$run$3(Executor.scala:506)
[2023-05-29T15:20:44.473+0000] {spark_submit.py:490} INFO - at org.apache.spark.util.Utils$.tryWithSafeFinally(Utils.scala:1491)
[2023-05-29T15:20:44.474+0000] {spark_submit.py:490} INFO - at org.apache.spark.executor.Executor$TaskRunner.run(Executor.scala:509)
[2023-05-29T15:20:44.474+0000] {spark_submit.py:490} INFO - at java.util.concurrent.ThreadPoolExecutor.runWorker(ThreadPoolExecutor.java:1149)
[2023-05-29T15:20:44.475+0000] {spark_submit.py:490} INFO - at java.util.concurrent.ThreadPoolExecutor$Worker.run(ThreadPoolExecutor.java:624)
[2023-05-29T15:20:44.476+0000] {spark_submit.py:490} INFO - at java.lang.Thread.run(Thread.java:748)
[2023-05-29T15:20:44.476+0000] {spark_submit.py:490} INFO - 
[2023-05-29T15:20:45.739+0000] {spark_submit.py:490} INFO - 23/05/29 15:20:45 INFO TaskSetManager: Starting task 0.1 in stage 0.0 (TID 2) (172.27.0.3, executor 0, partition 0, PROCESS_LOCAL, 4505 bytes) taskResourceAssignments Map()
[2023-05-29T15:20:45.750+0000] {spark_submit.py:490} INFO - 23/05/29 15:20:45 INFO TaskSetManager: Lost task 1.0 in stage 0.0 (TID 1) on 172.27.0.3, executor 0: org.apache.spark.api.python.PythonException (Traceback (most recent call last):
[2023-05-29T15:20:45.751+0000] {spark_submit.py:490} INFO - File "/opt/spark/python/lib/pyspark.zip/pyspark/worker.py", line 619, in main
[2023-05-29T15:20:45.752+0000] {spark_submit.py:490} INFO - process()
[2023-05-29T15:20:45.752+0000] {spark_submit.py:490} INFO - File "/opt/spark/python/lib/pyspark.zip/pyspark/worker.py", line 609, in process
[2023-05-29T15:20:45.753+0000] {spark_submit.py:490} INFO - out_iter = func(split_index, iterator)
[2023-05-29T15:20:45.754+0000] {spark_submit.py:490} INFO - File "/usr/local/lib/python3.7/site-packages/pyspark/rdd.py", line 2918, in pipeline_func
[2023-05-29T15:20:45.754+0000] {spark_submit.py:490} INFO - File "/usr/local/lib/python3.7/site-packages/pyspark/rdd.py", line 2918, in pipeline_func
[2023-05-29T15:20:45.755+0000] {spark_submit.py:490} INFO - File "/usr/local/lib/python3.7/site-packages/pyspark/rdd.py", line 417, in func
[2023-05-29T15:20:45.756+0000] {spark_submit.py:490} INFO - File "/usr/local/lib/python3.7/site-packages/pyspark/rdd.py", line 2146, in combineLocally
[2023-05-29T15:20:45.756+0000] {spark_submit.py:490} INFO - File "/opt/spark/python/lib/pyspark.zip/pyspark/shuffle.py", line 240, in mergeValues
[2023-05-29T15:20:45.757+0000] {spark_submit.py:490} INFO - for k, v in iterator:
[2023-05-29T15:20:45.758+0000] {spark_submit.py:490} INFO - File "/opt/spark/python/lib/pyspark.zip/pyspark/util.py", line 74, in wrapper
[2023-05-29T15:20:45.758+0000] {spark_submit.py:490} INFO - return f(*args, **kwargs)
[2023-05-29T15:20:45.759+0000] {spark_submit.py:490} INFO - File "/opt/spark/app/word_count.py", line 11, in <lambda>
[2023-05-29T15:20:45.760+0000] {spark_submit.py:490} INFO - clean_text_file = text_file.map(lambda line: regexp_replace(line, '[^\w\s]', ''))
[2023-05-29T15:20:45.760+0000] {spark_submit.py:490} INFO - File "/opt/spark/python/lib/pyspark.zip/pyspark/sql/functions.py", line 3022, in regexp_replace
[2023-05-29T15:20:45.767+0000] {spark_submit.py:490} INFO - jc = sc._jvm.functions.regexp_replace(_to_java_column(str), pattern, replacement)
[2023-05-29T15:20:45.768+0000] {spark_submit.py:490} INFO - AttributeError: 'NoneType' object has no attribute '_jvm'
[2023-05-29T15:20:45.769+0000] {spark_submit.py:490} INFO - ) [duplicate 1]
[2023-05-29T15:20:47.050+0000] {spark_submit.py:490} INFO - 23/05/29 15:20:47 INFO TaskSetManager: Starting task 1.1 in stage 0.0 (TID 3) (172.27.0.3, executor 0, partition 1, PROCESS_LOCAL, 4505 bytes) taskResourceAssignments Map()
[2023-05-29T15:20:47.054+0000] {spark_submit.py:490} INFO - 23/05/29 15:20:47 INFO TaskSetManager: Lost task 0.1 in stage 0.0 (TID 2) on 172.27.0.3, executor 0: org.apache.spark.api.python.PythonException (Traceback (most recent call last):
[2023-05-29T15:20:47.055+0000] {spark_submit.py:490} INFO - File "/opt/spark/python/lib/pyspark.zip/pyspark/worker.py", line 619, in main
[2023-05-29T15:20:47.056+0000] {spark_submit.py:490} INFO - process()
[2023-05-29T15:20:47.057+0000] {spark_submit.py:490} INFO - File "/opt/spark/python/lib/pyspark.zip/pyspark/worker.py", line 609, in process
[2023-05-29T15:20:47.058+0000] {spark_submit.py:490} INFO - out_iter = func(split_index, iterator)
[2023-05-29T15:20:47.058+0000] {spark_submit.py:490} INFO - File "/usr/local/lib/python3.7/site-packages/pyspark/rdd.py", line 2918, in pipeline_func
[2023-05-29T15:20:47.060+0000] {spark_submit.py:490} INFO - File "/usr/local/lib/python3.7/site-packages/pyspark/rdd.py", line 2918, in pipeline_func
[2023-05-29T15:20:47.061+0000] {spark_submit.py:490} INFO - File "/usr/local/lib/python3.7/site-packages/pyspark/rdd.py", line 417, in func
[2023-05-29T15:20:47.061+0000] {spark_submit.py:490} INFO - File "/usr/local/lib/python3.7/site-packages/pyspark/rdd.py", line 2146, in combineLocally
[2023-05-29T15:20:47.062+0000] {spark_submit.py:490} INFO - File "/opt/spark/python/lib/pyspark.zip/pyspark/shuffle.py", line 240, in mergeValues
[2023-05-29T15:20:47.062+0000] {spark_submit.py:490} INFO - for k, v in iterator:
[2023-05-29T15:20:47.063+0000] {spark_submit.py:490} INFO - File "/opt/spark/python/lib/pyspark.zip/pyspark/util.py", line 74, in wrapper
[2023-05-29T15:20:47.064+0000] {spark_submit.py:490} INFO - return f(*args, **kwargs)
[2023-05-29T15:20:47.064+0000] {spark_submit.py:490} INFO - File "/opt/spark/app/word_count.py", line 11, in <lambda>
[2023-05-29T15:20:47.065+0000] {spark_submit.py:490} INFO - clean_text_file = text_file.map(lambda line: regexp_replace(line, '[^\w\s]', ''))
[2023-05-29T15:20:47.066+0000] {spark_submit.py:490} INFO - File "/opt/spark/python/lib/pyspark.zip/pyspark/sql/functions.py", line 3022, in regexp_replace
[2023-05-29T15:20:47.066+0000] {spark_submit.py:490} INFO - jc = sc._jvm.functions.regexp_replace(_to_java_column(str), pattern, replacement)
[2023-05-29T15:20:47.067+0000] {spark_submit.py:490} INFO - AttributeError: 'NoneType' object has no attribute '_jvm'
[2023-05-29T15:20:47.068+0000] {spark_submit.py:490} INFO - ) [duplicate 2]
[2023-05-29T15:20:48.252+0000] {spark_submit.py:490} INFO - 23/05/29 15:20:48 INFO TaskSetManager: Starting task 0.2 in stage 0.0 (TID 4) (172.27.0.3, executor 0, partition 0, PROCESS_LOCAL, 4505 bytes) taskResourceAssignments Map()
[2023-05-29T15:20:48.255+0000] {spark_submit.py:490} INFO - 23/05/29 15:20:48 INFO TaskSetManager: Lost task 1.1 in stage 0.0 (TID 3) on 172.27.0.3, executor 0: org.apache.spark.api.python.PythonException (Traceback (most recent call last):
[2023-05-29T15:20:48.256+0000] {spark_submit.py:490} INFO - File "/opt/spark/python/lib/pyspark.zip/pyspark/worker.py", line 619, in main
[2023-05-29T15:20:48.257+0000] {spark_submit.py:490} INFO - process()
[2023-05-29T15:20:48.257+0000] {spark_submit.py:490} INFO - File "/opt/spark/python/lib/pyspark.zip/pyspark/worker.py", line 609, in process
[2023-05-29T15:20:48.258+0000] {spark_submit.py:490} INFO - out_iter = func(split_index, iterator)
[2023-05-29T15:20:48.258+0000] {spark_submit.py:490} INFO - File "/usr/local/lib/python3.7/site-packages/pyspark/rdd.py", line 2918, in pipeline_func
[2023-05-29T15:20:48.259+0000] {spark_submit.py:490} INFO - File "/usr/local/lib/python3.7/site-packages/pyspark/rdd.py", line 2918, in pipeline_func
[2023-05-29T15:20:48.259+0000] {spark_submit.py:490} INFO - File "/usr/local/lib/python3.7/site-packages/pyspark/rdd.py", line 417, in func
[2023-05-29T15:20:48.259+0000] {spark_submit.py:490} INFO - File "/usr/local/lib/python3.7/site-packages/pyspark/rdd.py", line 2146, in combineLocally
[2023-05-29T15:20:48.260+0000] {spark_submit.py:490} INFO - File "/opt/spark/python/lib/pyspark.zip/pyspark/shuffle.py", line 240, in mergeValues
[2023-05-29T15:20:48.260+0000] {spark_submit.py:490} INFO - for k, v in iterator:
[2023-05-29T15:20:48.261+0000] {spark_submit.py:490} INFO - File "/opt/spark/python/lib/pyspark.zip/pyspark/util.py", line 74, in wrapper
[2023-05-29T15:20:48.261+0000] {spark_submit.py:490} INFO - return f(*args, **kwargs)
[2023-05-29T15:20:48.262+0000] {spark_submit.py:490} INFO - File "/opt/spark/app/word_count.py", line 11, in <lambda>
[2023-05-29T15:20:48.262+0000] {spark_submit.py:490} INFO - clean_text_file = text_file.map(lambda line: regexp_replace(line, '[^\w\s]', ''))
[2023-05-29T15:20:48.263+0000] {spark_submit.py:490} INFO - File "/opt/spark/python/lib/pyspark.zip/pyspark/sql/functions.py", line 3022, in regexp_replace
[2023-05-29T15:20:48.263+0000] {spark_submit.py:490} INFO - jc = sc._jvm.functions.regexp_replace(_to_java_column(str), pattern, replacement)
[2023-05-29T15:20:48.263+0000] {spark_submit.py:490} INFO - AttributeError: 'NoneType' object has no attribute '_jvm'
[2023-05-29T15:20:48.264+0000] {spark_submit.py:490} INFO - ) [duplicate 3]
[2023-05-29T15:20:49.551+0000] {spark_submit.py:490} INFO - 23/05/29 15:20:49 INFO TaskSetManager: Starting task 1.2 in stage 0.0 (TID 5) (172.27.0.3, executor 0, partition 1, PROCESS_LOCAL, 4505 bytes) taskResourceAssignments Map()
[2023-05-29T15:20:49.558+0000] {spark_submit.py:490} INFO - 23/05/29 15:20:49 INFO TaskSetManager: Lost task 0.2 in stage 0.0 (TID 4) on 172.27.0.3, executor 0: org.apache.spark.api.python.PythonException (Traceback (most recent call last):
[2023-05-29T15:20:49.559+0000] {spark_submit.py:490} INFO - File "/opt/spark/python/lib/pyspark.zip/pyspark/worker.py", line 619, in main
[2023-05-29T15:20:49.560+0000] {spark_submit.py:490} INFO - process()
[2023-05-29T15:20:49.561+0000] {spark_submit.py:490} INFO - File "/opt/spark/python/lib/pyspark.zip/pyspark/worker.py", line 609, in process
[2023-05-29T15:20:49.561+0000] {spark_submit.py:490} INFO - out_iter = func(split_index, iterator)
[2023-05-29T15:20:49.562+0000] {spark_submit.py:490} INFO - File "/usr/local/lib/python3.7/site-packages/pyspark/rdd.py", line 2918, in pipeline_func
[2023-05-29T15:20:49.562+0000] {spark_submit.py:490} INFO - File "/usr/local/lib/python3.7/site-packages/pyspark/rdd.py", line 2918, in pipeline_func
[2023-05-29T15:20:49.563+0000] {spark_submit.py:490} INFO - File "/usr/local/lib/python3.7/site-packages/pyspark/rdd.py", line 417, in func
[2023-05-29T15:20:49.564+0000] {spark_submit.py:490} INFO - File "/usr/local/lib/python3.7/site-packages/pyspark/rdd.py", line 2146, in combineLocally
[2023-05-29T15:20:49.564+0000] {spark_submit.py:490} INFO - File "/opt/spark/python/lib/pyspark.zip/pyspark/shuffle.py", line 240, in mergeValues
[2023-05-29T15:20:49.565+0000] {spark_submit.py:490} INFO - for k, v in iterator:
[2023-05-29T15:20:49.566+0000] {spark_submit.py:490} INFO - File "/opt/spark/python/lib/pyspark.zip/pyspark/util.py", line 74, in wrapper
[2023-05-29T15:20:49.566+0000] {spark_submit.py:490} INFO - return f(*args, **kwargs)
[2023-05-29T15:20:49.567+0000] {spark_submit.py:490} INFO - File "/opt/spark/app/word_count.py", line 11, in <lambda>
[2023-05-29T15:20:49.567+0000] {spark_submit.py:490} INFO - clean_text_file = text_file.map(lambda line: regexp_replace(line, '[^\w\s]', ''))
[2023-05-29T15:20:49.568+0000] {spark_submit.py:490} INFO - File "/opt/spark/python/lib/pyspark.zip/pyspark/sql/functions.py", line 3022, in regexp_replace
[2023-05-29T15:20:49.569+0000] {spark_submit.py:490} INFO - jc = sc._jvm.functions.regexp_replace(_to_java_column(str), pattern, replacement)
[2023-05-29T15:20:49.569+0000] {spark_submit.py:490} INFO - AttributeError: 'NoneType' object has no attribute '_jvm'
[2023-05-29T15:20:49.570+0000] {spark_submit.py:490} INFO - ) [duplicate 4]
[2023-05-29T15:20:50.764+0000] {spark_submit.py:490} INFO - 23/05/29 15:20:50 INFO TaskSetManager: Starting task 0.3 in stage 0.0 (TID 6) (172.27.0.3, executor 0, partition 0, PROCESS_LOCAL, 4505 bytes) taskResourceAssignments Map()
[2023-05-29T15:20:50.772+0000] {spark_submit.py:490} INFO - 23/05/29 15:20:50 INFO TaskSetManager: Lost task 1.2 in stage 0.0 (TID 5) on 172.27.0.3, executor 0: org.apache.spark.api.python.PythonException (Traceback (most recent call last):
[2023-05-29T15:20:50.773+0000] {spark_submit.py:490} INFO - File "/opt/spark/python/lib/pyspark.zip/pyspark/worker.py", line 619, in main
[2023-05-29T15:20:50.773+0000] {spark_submit.py:490} INFO - process()
[2023-05-29T15:20:50.774+0000] {spark_submit.py:490} INFO - File "/opt/spark/python/lib/pyspark.zip/pyspark/worker.py", line 609, in process
[2023-05-29T15:20:50.775+0000] {spark_submit.py:490} INFO - out_iter = func(split_index, iterator)
[2023-05-29T15:20:50.775+0000] {spark_submit.py:490} INFO - File "/usr/local/lib/python3.7/site-packages/pyspark/rdd.py", line 2918, in pipeline_func
[2023-05-29T15:20:50.776+0000] {spark_submit.py:490} INFO - File "/usr/local/lib/python3.7/site-packages/pyspark/rdd.py", line 2918, in pipeline_func
[2023-05-29T15:20:50.776+0000] {spark_submit.py:490} INFO - File "/usr/local/lib/python3.7/site-packages/pyspark/rdd.py", line 417, in func
[2023-05-29T15:20:50.777+0000] {spark_submit.py:490} INFO - File "/usr/local/lib/python3.7/site-packages/pyspark/rdd.py", line 2146, in combineLocally
[2023-05-29T15:20:50.778+0000] {spark_submit.py:490} INFO - File "/opt/spark/python/lib/pyspark.zip/pyspark/shuffle.py", line 240, in mergeValues
[2023-05-29T15:20:50.778+0000] {spark_submit.py:490} INFO - for k, v in iterator:
[2023-05-29T15:20:50.779+0000] {spark_submit.py:490} INFO - File "/opt/spark/python/lib/pyspark.zip/pyspark/util.py", line 74, in wrapper
[2023-05-29T15:20:50.780+0000] {spark_submit.py:490} INFO - return f(*args, **kwargs)
[2023-05-29T15:20:50.780+0000] {spark_submit.py:490} INFO - File "/opt/spark/app/word_count.py", line 11, in <lambda>
[2023-05-29T15:20:50.781+0000] {spark_submit.py:490} INFO - clean_text_file = text_file.map(lambda line: regexp_replace(line, '[^\w\s]', ''))
[2023-05-29T15:20:50.781+0000] {spark_submit.py:490} INFO - File "/opt/spark/python/lib/pyspark.zip/pyspark/sql/functions.py", line 3022, in regexp_replace
[2023-05-29T15:20:50.782+0000] {spark_submit.py:490} INFO - jc = sc._jvm.functions.regexp_replace(_to_java_column(str), pattern, replacement)
[2023-05-29T15:20:50.783+0000] {spark_submit.py:490} INFO - AttributeError: 'NoneType' object has no attribute '_jvm'
[2023-05-29T15:20:50.783+0000] {spark_submit.py:490} INFO - ) [duplicate 5]
[2023-05-29T15:20:52.031+0000] {spark_submit.py:490} INFO - 23/05/29 15:20:52 INFO TaskSetManager: Starting task 1.3 in stage 0.0 (TID 7) (172.27.0.3, executor 0, partition 1, PROCESS_LOCAL, 4505 bytes) taskResourceAssignments Map()
[2023-05-29T15:20:52.033+0000] {spark_submit.py:490} INFO - 23/05/29 15:20:52 INFO TaskSetManager: Lost task 0.3 in stage 0.0 (TID 6) on 172.27.0.3, executor 0: org.apache.spark.api.python.PythonException (Traceback (most recent call last):
[2023-05-29T15:20:52.034+0000] {spark_submit.py:490} INFO - File "/opt/spark/python/lib/pyspark.zip/pyspark/worker.py", line 619, in main
[2023-05-29T15:20:52.035+0000] {spark_submit.py:490} INFO - process()
[2023-05-29T15:20:52.035+0000] {spark_submit.py:490} INFO - File "/opt/spark/python/lib/pyspark.zip/pyspark/worker.py", line 609, in process
[2023-05-29T15:20:52.036+0000] {spark_submit.py:490} INFO - out_iter = func(split_index, iterator)
[2023-05-29T15:20:52.037+0000] {spark_submit.py:490} INFO - File "/usr/local/lib/python3.7/site-packages/pyspark/rdd.py", line 2918, in pipeline_func
[2023-05-29T15:20:52.037+0000] {spark_submit.py:490} INFO - File "/usr/local/lib/python3.7/site-packages/pyspark/rdd.py", line 2918, in pipeline_func
[2023-05-29T15:20:52.038+0000] {spark_submit.py:490} INFO - File "/usr/local/lib/python3.7/site-packages/pyspark/rdd.py", line 417, in func
[2023-05-29T15:20:52.038+0000] {spark_submit.py:490} INFO - File "/usr/local/lib/python3.7/site-packages/pyspark/rdd.py", line 2146, in combineLocally
[2023-05-29T15:20:52.039+0000] {spark_submit.py:490} INFO - File "/opt/spark/python/lib/pyspark.zip/pyspark/shuffle.py", line 240, in mergeValues
[2023-05-29T15:20:52.039+0000] {spark_submit.py:490} INFO - for k, v in iterator:
[2023-05-29T15:20:52.040+0000] {spark_submit.py:490} INFO - File "/opt/spark/python/lib/pyspark.zip/pyspark/util.py", line 74, in wrapper
[2023-05-29T15:20:52.041+0000] {spark_submit.py:490} INFO - return f(*args, **kwargs)
[2023-05-29T15:20:52.041+0000] {spark_submit.py:490} INFO - File "/opt/spark/app/word_count.py", line 11, in <lambda>
[2023-05-29T15:20:52.042+0000] {spark_submit.py:490} INFO - clean_text_file = text_file.map(lambda line: regexp_replace(line, '[^\w\s]', ''))
[2023-05-29T15:20:52.042+0000] {spark_submit.py:490} INFO - File "/opt/spark/python/lib/pyspark.zip/pyspark/sql/functions.py", line 3022, in regexp_replace
[2023-05-29T15:20:52.043+0000] {spark_submit.py:490} INFO - jc = sc._jvm.functions.regexp_replace(_to_java_column(str), pattern, replacement)
[2023-05-29T15:20:52.043+0000] {spark_submit.py:490} INFO - AttributeError: 'NoneType' object has no attribute '_jvm'
[2023-05-29T15:20:52.044+0000] {spark_submit.py:490} INFO - ) [duplicate 6]
[2023-05-29T15:20:52.044+0000] {spark_submit.py:490} INFO - 23/05/29 15:20:52 ERROR TaskSetManager: Task 0 in stage 0.0 failed 4 times; aborting job
[2023-05-29T15:20:52.052+0000] {spark_submit.py:490} INFO - 23/05/29 15:20:52 INFO TaskSchedulerImpl: Cancelling stage 0
[2023-05-29T15:20:52.055+0000] {spark_submit.py:490} INFO - 23/05/29 15:20:52 INFO TaskSchedulerImpl: Killing all running tasks in stage 0: Stage cancelled
[2023-05-29T15:20:52.072+0000] {spark_submit.py:490} INFO - 23/05/29 15:20:52 INFO TaskSchedulerImpl: Stage 0 was cancelled
[2023-05-29T15:20:52.077+0000] {spark_submit.py:490} INFO - 23/05/29 15:20:52 INFO DAGScheduler: ShuffleMapStage 0 (reduceByKey at /opt/spark/app/word_count.py:15) failed in 17.535 s due to Job aborted due to stage failure: Task 0 in stage 0.0 failed 4 times, most recent failure: Lost task 0.3 in stage 0.0 (TID 6) (172.27.0.3 executor 0): org.apache.spark.api.python.PythonException: Traceback (most recent call last):
[2023-05-29T15:20:52.078+0000] {spark_submit.py:490} INFO - File "/opt/spark/python/lib/pyspark.zip/pyspark/worker.py", line 619, in main
[2023-05-29T15:20:52.079+0000] {spark_submit.py:490} INFO - process()
[2023-05-29T15:20:52.079+0000] {spark_submit.py:490} INFO - File "/opt/spark/python/lib/pyspark.zip/pyspark/worker.py", line 609, in process
[2023-05-29T15:20:52.080+0000] {spark_submit.py:490} INFO - out_iter = func(split_index, iterator)
[2023-05-29T15:20:52.081+0000] {spark_submit.py:490} INFO - File "/usr/local/lib/python3.7/site-packages/pyspark/rdd.py", line 2918, in pipeline_func
[2023-05-29T15:20:52.082+0000] {spark_submit.py:490} INFO - File "/usr/local/lib/python3.7/site-packages/pyspark/rdd.py", line 2918, in pipeline_func
[2023-05-29T15:20:52.082+0000] {spark_submit.py:490} INFO - File "/usr/local/lib/python3.7/site-packages/pyspark/rdd.py", line 417, in func
[2023-05-29T15:20:52.083+0000] {spark_submit.py:490} INFO - File "/usr/local/lib/python3.7/site-packages/pyspark/rdd.py", line 2146, in combineLocally
[2023-05-29T15:20:52.084+0000] {spark_submit.py:490} INFO - File "/opt/spark/python/lib/pyspark.zip/pyspark/shuffle.py", line 240, in mergeValues
[2023-05-29T15:20:52.085+0000] {spark_submit.py:490} INFO - for k, v in iterator:
[2023-05-29T15:20:52.085+0000] {spark_submit.py:490} INFO - File "/opt/spark/python/lib/pyspark.zip/pyspark/util.py", line 74, in wrapper
[2023-05-29T15:20:52.086+0000] {spark_submit.py:490} INFO - return f(*args, **kwargs)
[2023-05-29T15:20:52.086+0000] {spark_submit.py:490} INFO - File "/opt/spark/app/word_count.py", line 11, in <lambda>
[2023-05-29T15:20:52.087+0000] {spark_submit.py:490} INFO - clean_text_file = text_file.map(lambda line: regexp_replace(line, '[^\w\s]', ''))
[2023-05-29T15:20:52.088+0000] {spark_submit.py:490} INFO - File "/opt/spark/python/lib/pyspark.zip/pyspark/sql/functions.py", line 3022, in regexp_replace
[2023-05-29T15:20:52.088+0000] {spark_submit.py:490} INFO - jc = sc._jvm.functions.regexp_replace(_to_java_column(str), pattern, replacement)
[2023-05-29T15:20:52.089+0000] {spark_submit.py:490} INFO - AttributeError: 'NoneType' object has no attribute '_jvm'
[2023-05-29T15:20:52.090+0000] {spark_submit.py:490} INFO - 
[2023-05-29T15:20:52.090+0000] {spark_submit.py:490} INFO - at org.apache.spark.api.python.BasePythonRunner$ReaderIterator.handlePythonException(PythonRunner.scala:556)
[2023-05-29T15:20:52.091+0000] {spark_submit.py:490} INFO - at org.apache.spark.api.python.PythonRunner$$anon$3.read(PythonRunner.scala:762)
[2023-05-29T15:20:52.092+0000] {spark_submit.py:490} INFO - at org.apache.spark.api.python.PythonRunner$$anon$3.read(PythonRunner.scala:744)
[2023-05-29T15:20:52.093+0000] {spark_submit.py:490} INFO - at org.apache.spark.api.python.BasePythonRunner$ReaderIterator.hasNext(PythonRunner.scala:509)
[2023-05-29T15:20:52.094+0000] {spark_submit.py:490} INFO - at org.apache.spark.InterruptibleIterator.hasNext(InterruptibleIterator.scala:37)
[2023-05-29T15:20:52.095+0000] {spark_submit.py:490} INFO - at scala.collection.Iterator$GroupedIterator.fill(Iterator.scala:1211)
[2023-05-29T15:20:52.095+0000] {spark_submit.py:490} INFO - at scala.collection.Iterator$GroupedIterator.hasNext(Iterator.scala:1217)
[2023-05-29T15:20:52.096+0000] {spark_submit.py:490} INFO - at scala.collection.Iterator$$anon$10.hasNext(Iterator.scala:460)
[2023-05-29T15:20:52.096+0000] {spark_submit.py:490} INFO - at org.apache.spark.shuffle.sort.BypassMergeSortShuffleWriter.write(BypassMergeSortShuffleWriter.java:140)
[2023-05-29T15:20:52.097+0000] {spark_submit.py:490} INFO - at org.apache.spark.shuffle.ShuffleWriteProcessor.write(ShuffleWriteProcessor.scala:59)
[2023-05-29T15:20:52.098+0000] {spark_submit.py:490} INFO - at org.apache.spark.scheduler.ShuffleMapTask.runTask(ShuffleMapTask.scala:99)
[2023-05-29T15:20:52.098+0000] {spark_submit.py:490} INFO - at org.apache.spark.scheduler.ShuffleMapTask.runTask(ShuffleMapTask.scala:52)
[2023-05-29T15:20:52.099+0000] {spark_submit.py:490} INFO - at org.apache.spark.scheduler.Task.run(Task.scala:131)
[2023-05-29T15:20:52.099+0000] {spark_submit.py:490} INFO - at org.apache.spark.executor.Executor$TaskRunner.$anonfun$run$3(Executor.scala:506)
[2023-05-29T15:20:52.100+0000] {spark_submit.py:490} INFO - at org.apache.spark.util.Utils$.tryWithSafeFinally(Utils.scala:1491)
[2023-05-29T15:20:52.105+0000] {spark_submit.py:490} INFO - at org.apache.spark.executor.Executor$TaskRunner.run(Executor.scala:509)
[2023-05-29T15:20:52.107+0000] {spark_submit.py:490} INFO - at java.util.concurrent.ThreadPoolExecutor.runWorker(ThreadPoolExecutor.java:1149)
[2023-05-29T15:20:52.108+0000] {spark_submit.py:490} INFO - at java.util.concurrent.ThreadPoolExecutor$Worker.run(ThreadPoolExecutor.java:624)
[2023-05-29T15:20:52.109+0000] {spark_submit.py:490} INFO - at java.lang.Thread.run(Thread.java:748)
[2023-05-29T15:20:52.109+0000] {spark_submit.py:490} INFO - 
[2023-05-29T15:20:52.110+0000] {spark_submit.py:490} INFO - Driver stacktrace:
[2023-05-29T15:20:52.112+0000] {spark_submit.py:490} INFO - 23/05/29 15:20:52 INFO DAGScheduler: Job 0 failed: collect at /opt/spark/app/word_count.py:16, took 17.811592 s
[2023-05-29T15:20:52.187+0000] {spark_submit.py:490} INFO - 23/05/29 15:20:52 WARN TaskSetManager: Lost task 1.3 in stage 0.0 (TID 7) (172.27.0.3 executor 0): TaskKilled (Stage cancelled)
[2023-05-29T15:20:52.192+0000] {spark_submit.py:490} INFO - 23/05/29 15:20:52 INFO TaskSchedulerImpl: Removed TaskSet 0.0, whose tasks have all completed, from pool
[2023-05-29T15:20:52.286+0000] {spark_submit.py:490} INFO - Traceback (most recent call last):
[2023-05-29T15:20:52.287+0000] {spark_submit.py:490} INFO - File "/opt/spark/app/word_count.py", line 16, in <module>
[2023-05-29T15:20:52.288+0000] {spark_submit.py:490} INFO - output = counts.collect()
[2023-05-29T15:20:52.289+0000] {spark_submit.py:490} INFO - File "/usr/local/lib/python3.7/site-packages/pyspark/rdd.py", line 950, in collect
[2023-05-29T15:20:52.289+0000] {spark_submit.py:490} INFO - sock_info = self.ctx._jvm.PythonRDD.collectAndServe(self._jrdd.rdd())
[2023-05-29T15:20:52.290+0000] {spark_submit.py:490} INFO - File "/usr/local/lib/python3.7/site-packages/py4j/java_gateway.py", line 1322, in __call__
[2023-05-29T15:20:52.290+0000] {spark_submit.py:490} INFO - answer, self.gateway_client, self.target_id, self.name)
[2023-05-29T15:20:52.291+0000] {spark_submit.py:490} INFO - File "/usr/local/lib/python3.7/site-packages/pyspark/sql/utils.py", line 111, in deco
[2023-05-29T15:20:52.292+0000] {spark_submit.py:490} INFO - return f(*a, **kw)
[2023-05-29T15:20:52.292+0000] {spark_submit.py:490} INFO - File "/usr/local/lib/python3.7/site-packages/py4j/protocol.py", line 328, in get_return_value
[2023-05-29T15:20:52.293+0000] {spark_submit.py:490} INFO - format(target_id, ".", name), value)
[2023-05-29T15:20:52.337+0000] {spark_submit.py:490} INFO - py4j.protocol.Py4JJavaError: An error occurred while calling z:org.apache.spark.api.python.PythonRDD.collectAndServe.
[2023-05-29T15:20:52.338+0000] {spark_submit.py:490} INFO - : org.apache.spark.SparkException: Job aborted due to stage failure: Task 0 in stage 0.0 failed 4 times, most recent failure: Lost task 0.3 in stage 0.0 (TID 6) (172.27.0.3 executor 0): org.apache.spark.api.python.PythonException: Traceback (most recent call last):
[2023-05-29T15:20:52.338+0000] {spark_submit.py:490} INFO - File "/opt/spark/python/lib/pyspark.zip/pyspark/worker.py", line 619, in main
[2023-05-29T15:20:52.339+0000] {spark_submit.py:490} INFO - process()
[2023-05-29T15:20:52.339+0000] {spark_submit.py:490} INFO - File "/opt/spark/python/lib/pyspark.zip/pyspark/worker.py", line 609, in process
[2023-05-29T15:20:52.340+0000] {spark_submit.py:490} INFO - out_iter = func(split_index, iterator)
[2023-05-29T15:20:52.340+0000] {spark_submit.py:490} INFO - File "/usr/local/lib/python3.7/site-packages/pyspark/rdd.py", line 2918, in pipeline_func
[2023-05-29T15:20:52.340+0000] {spark_submit.py:490} INFO - File "/usr/local/lib/python3.7/site-packages/pyspark/rdd.py", line 2918, in pipeline_func
[2023-05-29T15:20:52.340+0000] {spark_submit.py:490} INFO - File "/usr/local/lib/python3.7/site-packages/pyspark/rdd.py", line 417, in func
[2023-05-29T15:20:52.341+0000] {spark_submit.py:490} INFO - File "/usr/local/lib/python3.7/site-packages/pyspark/rdd.py", line 2146, in combineLocally
[2023-05-29T15:20:52.341+0000] {spark_submit.py:490} INFO - File "/opt/spark/python/lib/pyspark.zip/pyspark/shuffle.py", line 240, in mergeValues
[2023-05-29T15:20:52.341+0000] {spark_submit.py:490} INFO - for k, v in iterator:
[2023-05-29T15:20:52.342+0000] {spark_submit.py:490} INFO - File "/opt/spark/python/lib/pyspark.zip/pyspark/util.py", line 74, in wrapper
[2023-05-29T15:20:52.342+0000] {spark_submit.py:490} INFO - return f(*args, **kwargs)
[2023-05-29T15:20:52.342+0000] {spark_submit.py:490} INFO - File "/opt/spark/app/word_count.py", line 11, in <lambda>
[2023-05-29T15:20:52.342+0000] {spark_submit.py:490} INFO - clean_text_file = text_file.map(lambda line: regexp_replace(line, '[^\w\s]', ''))
[2023-05-29T15:20:52.343+0000] {spark_submit.py:490} INFO - File "/opt/spark/python/lib/pyspark.zip/pyspark/sql/functions.py", line 3022, in regexp_replace
[2023-05-29T15:20:52.343+0000] {spark_submit.py:490} INFO - jc = sc._jvm.functions.regexp_replace(_to_java_column(str), pattern, replacement)
[2023-05-29T15:20:52.343+0000] {spark_submit.py:490} INFO - AttributeError: 'NoneType' object has no attribute '_jvm'
[2023-05-29T15:20:52.344+0000] {spark_submit.py:490} INFO - 
[2023-05-29T15:20:52.344+0000] {spark_submit.py:490} INFO - at org.apache.spark.api.python.BasePythonRunner$ReaderIterator.handlePythonException(PythonRunner.scala:556)
[2023-05-29T15:20:52.344+0000] {spark_submit.py:490} INFO - at org.apache.spark.api.python.PythonRunner$$anon$3.read(PythonRunner.scala:762)
[2023-05-29T15:20:52.344+0000] {spark_submit.py:490} INFO - at org.apache.spark.api.python.PythonRunner$$anon$3.read(PythonRunner.scala:744)
[2023-05-29T15:20:52.345+0000] {spark_submit.py:490} INFO - at org.apache.spark.api.python.BasePythonRunner$ReaderIterator.hasNext(PythonRunner.scala:509)
[2023-05-29T15:20:52.345+0000] {spark_submit.py:490} INFO - at org.apache.spark.InterruptibleIterator.hasNext(InterruptibleIterator.scala:37)
[2023-05-29T15:20:52.345+0000] {spark_submit.py:490} INFO - at scala.collection.Iterator$GroupedIterator.fill(Iterator.scala:1211)
[2023-05-29T15:20:52.346+0000] {spark_submit.py:490} INFO - at scala.collection.Iterator$GroupedIterator.hasNext(Iterator.scala:1217)
[2023-05-29T15:20:52.346+0000] {spark_submit.py:490} INFO - at scala.collection.Iterator$$anon$10.hasNext(Iterator.scala:460)
[2023-05-29T15:20:52.346+0000] {spark_submit.py:490} INFO - at org.apache.spark.shuffle.sort.BypassMergeSortShuffleWriter.write(BypassMergeSortShuffleWriter.java:140)
[2023-05-29T15:20:52.346+0000] {spark_submit.py:490} INFO - at org.apache.spark.shuffle.ShuffleWriteProcessor.write(ShuffleWriteProcessor.scala:59)
[2023-05-29T15:20:52.347+0000] {spark_submit.py:490} INFO - at org.apache.spark.scheduler.ShuffleMapTask.runTask(ShuffleMapTask.scala:99)
[2023-05-29T15:20:52.347+0000] {spark_submit.py:490} INFO - at org.apache.spark.scheduler.ShuffleMapTask.runTask(ShuffleMapTask.scala:52)
[2023-05-29T15:20:52.347+0000] {spark_submit.py:490} INFO - at org.apache.spark.scheduler.Task.run(Task.scala:131)
[2023-05-29T15:20:52.348+0000] {spark_submit.py:490} INFO - at org.apache.spark.executor.Executor$TaskRunner.$anonfun$run$3(Executor.scala:506)
[2023-05-29T15:20:52.348+0000] {spark_submit.py:490} INFO - at org.apache.spark.util.Utils$.tryWithSafeFinally(Utils.scala:1491)
[2023-05-29T15:20:52.348+0000] {spark_submit.py:490} INFO - at org.apache.spark.executor.Executor$TaskRunner.run(Executor.scala:509)
[2023-05-29T15:20:52.348+0000] {spark_submit.py:490} INFO - at java.util.concurrent.ThreadPoolExecutor.runWorker(ThreadPoolExecutor.java:1149)
[2023-05-29T15:20:52.349+0000] {spark_submit.py:490} INFO - at java.util.concurrent.ThreadPoolExecutor$Worker.run(ThreadPoolExecutor.java:624)
[2023-05-29T15:20:52.349+0000] {spark_submit.py:490} INFO - at java.lang.Thread.run(Thread.java:748)
[2023-05-29T15:20:52.349+0000] {spark_submit.py:490} INFO - 
[2023-05-29T15:20:52.350+0000] {spark_submit.py:490} INFO - Driver stacktrace:
[2023-05-29T15:20:52.350+0000] {spark_submit.py:490} INFO - at org.apache.spark.scheduler.DAGScheduler.failJobAndIndependentStages(DAGScheduler.scala:2454)
[2023-05-29T15:20:52.350+0000] {spark_submit.py:490} INFO - at org.apache.spark.scheduler.DAGScheduler.$anonfun$abortStage$2(DAGScheduler.scala:2403)
[2023-05-29T15:20:52.350+0000] {spark_submit.py:490} INFO - at org.apache.spark.scheduler.DAGScheduler.$anonfun$abortStage$2$adapted(DAGScheduler.scala:2402)
[2023-05-29T15:20:52.351+0000] {spark_submit.py:490} INFO - at scala.collection.mutable.ResizableArray.foreach(ResizableArray.scala:62)
[2023-05-29T15:20:52.351+0000] {spark_submit.py:490} INFO - at scala.collection.mutable.ResizableArray.foreach$(ResizableArray.scala:55)
[2023-05-29T15:20:52.351+0000] {spark_submit.py:490} INFO - at scala.collection.mutable.ArrayBuffer.foreach(ArrayBuffer.scala:49)
[2023-05-29T15:20:52.352+0000] {spark_submit.py:490} INFO - at org.apache.spark.scheduler.DAGScheduler.abortStage(DAGScheduler.scala:2402)
[2023-05-29T15:20:52.352+0000] {spark_submit.py:490} INFO - at org.apache.spark.scheduler.DAGScheduler.$anonfun$handleTaskSetFailed$1(DAGScheduler.scala:1160)
[2023-05-29T15:20:52.353+0000] {spark_submit.py:490} INFO - at org.apache.spark.scheduler.DAGScheduler.$anonfun$handleTaskSetFailed$1$adapted(DAGScheduler.scala:1160)
[2023-05-29T15:20:52.353+0000] {spark_submit.py:490} INFO - at scala.Option.foreach(Option.scala:407)
[2023-05-29T15:20:52.353+0000] {spark_submit.py:490} INFO - at org.apache.spark.scheduler.DAGScheduler.handleTaskSetFailed(DAGScheduler.scala:1160)
[2023-05-29T15:20:52.354+0000] {spark_submit.py:490} INFO - at org.apache.spark.scheduler.DAGSchedulerEventProcessLoop.doOnReceive(DAGScheduler.scala:2642)
[2023-05-29T15:20:52.354+0000] {spark_submit.py:490} INFO - at org.apache.spark.scheduler.DAGSchedulerEventProcessLoop.onReceive(DAGScheduler.scala:2584)
[2023-05-29T15:20:52.354+0000] {spark_submit.py:490} INFO - at org.apache.spark.scheduler.DAGSchedulerEventProcessLoop.onReceive(DAGScheduler.scala:2573)
[2023-05-29T15:20:52.355+0000] {spark_submit.py:490} INFO - at org.apache.spark.util.EventLoop$$anon$1.run(EventLoop.scala:49)
[2023-05-29T15:20:52.355+0000] {spark_submit.py:490} INFO - at org.apache.spark.scheduler.DAGScheduler.runJob(DAGScheduler.scala:938)
[2023-05-29T15:20:52.355+0000] {spark_submit.py:490} INFO - at org.apache.spark.SparkContext.runJob(SparkContext.scala:2214)
[2023-05-29T15:20:52.355+0000] {spark_submit.py:490} INFO - at org.apache.spark.SparkContext.runJob(SparkContext.scala:2235)
[2023-05-29T15:20:52.356+0000] {spark_submit.py:490} INFO - at org.apache.spark.SparkContext.runJob(SparkContext.scala:2254)
[2023-05-29T15:20:52.356+0000] {spark_submit.py:490} INFO - at org.apache.spark.SparkContext.runJob(SparkContext.scala:2279)
[2023-05-29T15:20:52.356+0000] {spark_submit.py:490} INFO - at org.apache.spark.rdd.RDD.$anonfun$collect$1(RDD.scala:1030)
[2023-05-29T15:20:52.357+0000] {spark_submit.py:490} INFO - at org.apache.spark.rdd.RDDOperationScope$.withScope(RDDOperationScope.scala:151)
[2023-05-29T15:20:52.357+0000] {spark_submit.py:490} INFO - at org.apache.spark.rdd.RDDOperationScope$.withScope(RDDOperationScope.scala:112)
[2023-05-29T15:20:52.357+0000] {spark_submit.py:490} INFO - at org.apache.spark.rdd.RDD.withScope(RDD.scala:414)
[2023-05-29T15:20:52.357+0000] {spark_submit.py:490} INFO - at org.apache.spark.rdd.RDD.collect(RDD.scala:1029)
[2023-05-29T15:20:52.358+0000] {spark_submit.py:490} INFO - at org.apache.spark.api.python.PythonRDD$.collectAndServe(PythonRDD.scala:180)
[2023-05-29T15:20:52.358+0000] {spark_submit.py:490} INFO - at org.apache.spark.api.python.PythonRDD.collectAndServe(PythonRDD.scala)
[2023-05-29T15:20:52.358+0000] {spark_submit.py:490} INFO - at sun.reflect.NativeMethodAccessorImpl.invoke0(Native Method)
[2023-05-29T15:20:52.359+0000] {spark_submit.py:490} INFO - at sun.reflect.NativeMethodAccessorImpl.invoke(NativeMethodAccessorImpl.java:62)
[2023-05-29T15:20:52.359+0000] {spark_submit.py:490} INFO - at sun.reflect.DelegatingMethodAccessorImpl.invoke(DelegatingMethodAccessorImpl.java:43)
[2023-05-29T15:20:52.359+0000] {spark_submit.py:490} INFO - at java.lang.reflect.Method.invoke(Method.java:498)
[2023-05-29T15:20:52.359+0000] {spark_submit.py:490} INFO - at py4j.reflection.MethodInvoker.invoke(MethodInvoker.java:244)
[2023-05-29T15:20:52.360+0000] {spark_submit.py:490} INFO - at py4j.reflection.ReflectionEngine.invoke(ReflectionEngine.java:357)
[2023-05-29T15:20:52.360+0000] {spark_submit.py:490} INFO - at py4j.Gateway.invoke(Gateway.java:282)
[2023-05-29T15:20:52.360+0000] {spark_submit.py:490} INFO - at py4j.commands.AbstractCommand.invokeMethod(AbstractCommand.java:132)
[2023-05-29T15:20:52.361+0000] {spark_submit.py:490} INFO - at py4j.commands.CallCommand.execute(CallCommand.java:79)
[2023-05-29T15:20:52.361+0000] {spark_submit.py:490} INFO - at py4j.ClientServerConnection.waitForCommands(ClientServerConnection.java:182)
[2023-05-29T15:20:52.361+0000] {spark_submit.py:490} INFO - at py4j.ClientServerConnection.run(ClientServerConnection.java:106)
[2023-05-29T15:20:52.361+0000] {spark_submit.py:490} INFO - at java.lang.Thread.run(Thread.java:748)
[2023-05-29T15:20:52.362+0000] {spark_submit.py:490} INFO - Caused by: org.apache.spark.api.python.PythonException: Traceback (most recent call last):
[2023-05-29T15:20:52.362+0000] {spark_submit.py:490} INFO - File "/opt/spark/python/lib/pyspark.zip/pyspark/worker.py", line 619, in main
[2023-05-29T15:20:52.362+0000] {spark_submit.py:490} INFO - process()
[2023-05-29T15:20:52.363+0000] {spark_submit.py:490} INFO - File "/opt/spark/python/lib/pyspark.zip/pyspark/worker.py", line 609, in process
[2023-05-29T15:20:52.363+0000] {spark_submit.py:490} INFO - out_iter = func(split_index, iterator)
[2023-05-29T15:20:52.363+0000] {spark_submit.py:490} INFO - File "/usr/local/lib/python3.7/site-packages/pyspark/rdd.py", line 2918, in pipeline_func
[2023-05-29T15:20:52.363+0000] {spark_submit.py:490} INFO - File "/usr/local/lib/python3.7/site-packages/pyspark/rdd.py", line 2918, in pipeline_func
[2023-05-29T15:20:52.364+0000] {spark_submit.py:490} INFO - File "/usr/local/lib/python3.7/site-packages/pyspark/rdd.py", line 417, in func
[2023-05-29T15:20:52.364+0000] {spark_submit.py:490} INFO - File "/usr/local/lib/python3.7/site-packages/pyspark/rdd.py", line 2146, in combineLocally
[2023-05-29T15:20:52.364+0000] {spark_submit.py:490} INFO - File "/opt/spark/python/lib/pyspark.zip/pyspark/shuffle.py", line 240, in mergeValues
[2023-05-29T15:20:52.365+0000] {spark_submit.py:490} INFO - for k, v in iterator:
[2023-05-29T15:20:52.365+0000] {spark_submit.py:490} INFO - File "/opt/spark/python/lib/pyspark.zip/pyspark/util.py", line 74, in wrapper
[2023-05-29T15:20:52.365+0000] {spark_submit.py:490} INFO - return f(*args, **kwargs)
[2023-05-29T15:20:52.366+0000] {spark_submit.py:490} INFO - File "/opt/spark/app/word_count.py", line 11, in <lambda>
[2023-05-29T15:20:52.366+0000] {spark_submit.py:490} INFO - clean_text_file = text_file.map(lambda line: regexp_replace(line, '[^\w\s]', ''))
[2023-05-29T15:20:52.366+0000] {spark_submit.py:490} INFO - File "/opt/spark/python/lib/pyspark.zip/pyspark/sql/functions.py", line 3022, in regexp_replace
[2023-05-29T15:20:52.366+0000] {spark_submit.py:490} INFO - jc = sc._jvm.functions.regexp_replace(_to_java_column(str), pattern, replacement)
[2023-05-29T15:20:52.367+0000] {spark_submit.py:490} INFO - AttributeError: 'NoneType' object has no attribute '_jvm'
[2023-05-29T15:20:52.367+0000] {spark_submit.py:490} INFO - 
[2023-05-29T15:20:52.367+0000] {spark_submit.py:490} INFO - at org.apache.spark.api.python.BasePythonRunner$ReaderIterator.handlePythonException(PythonRunner.scala:556)
[2023-05-29T15:20:52.368+0000] {spark_submit.py:490} INFO - at org.apache.spark.api.python.PythonRunner$$anon$3.read(PythonRunner.scala:762)
[2023-05-29T15:20:52.368+0000] {spark_submit.py:490} INFO - at org.apache.spark.api.python.PythonRunner$$anon$3.read(PythonRunner.scala:744)
[2023-05-29T15:20:52.368+0000] {spark_submit.py:490} INFO - at org.apache.spark.api.python.BasePythonRunner$ReaderIterator.hasNext(PythonRunner.scala:509)
[2023-05-29T15:20:52.369+0000] {spark_submit.py:490} INFO - at org.apache.spark.InterruptibleIterator.hasNext(InterruptibleIterator.scala:37)
[2023-05-29T15:20:52.369+0000] {spark_submit.py:490} INFO - at scala.collection.Iterator$GroupedIterator.fill(Iterator.scala:1211)
[2023-05-29T15:20:52.369+0000] {spark_submit.py:490} INFO - at scala.collection.Iterator$GroupedIterator.hasNext(Iterator.scala:1217)
[2023-05-29T15:20:52.370+0000] {spark_submit.py:490} INFO - at scala.collection.Iterator$$anon$10.hasNext(Iterator.scala:460)
[2023-05-29T15:20:52.370+0000] {spark_submit.py:490} INFO - at org.apache.spark.shuffle.sort.BypassMergeSortShuffleWriter.write(BypassMergeSortShuffleWriter.java:140)
[2023-05-29T15:20:52.370+0000] {spark_submit.py:490} INFO - at org.apache.spark.shuffle.ShuffleWriteProcessor.write(ShuffleWriteProcessor.scala:59)
[2023-05-29T15:20:52.371+0000] {spark_submit.py:490} INFO - at org.apache.spark.scheduler.ShuffleMapTask.runTask(ShuffleMapTask.scala:99)
[2023-05-29T15:20:52.371+0000] {spark_submit.py:490} INFO - at org.apache.spark.scheduler.ShuffleMapTask.runTask(ShuffleMapTask.scala:52)
[2023-05-29T15:20:52.371+0000] {spark_submit.py:490} INFO - at org.apache.spark.scheduler.Task.run(Task.scala:131)
[2023-05-29T15:20:52.372+0000] {spark_submit.py:490} INFO - at org.apache.spark.executor.Executor$TaskRunner.$anonfun$run$3(Executor.scala:506)
[2023-05-29T15:20:52.372+0000] {spark_submit.py:490} INFO - at org.apache.spark.util.Utils$.tryWithSafeFinally(Utils.scala:1491)
[2023-05-29T15:20:52.372+0000] {spark_submit.py:490} INFO - at org.apache.spark.executor.Executor$TaskRunner.run(Executor.scala:509)
[2023-05-29T15:20:52.373+0000] {spark_submit.py:490} INFO - at java.util.concurrent.ThreadPoolExecutor.runWorker(ThreadPoolExecutor.java:1149)
[2023-05-29T15:20:52.373+0000] {spark_submit.py:490} INFO - at java.util.concurrent.ThreadPoolExecutor$Worker.run(ThreadPoolExecutor.java:624)
[2023-05-29T15:20:52.373+0000] {spark_submit.py:490} INFO - ... 1 more
[2023-05-29T15:20:52.373+0000] {spark_submit.py:490} INFO - 
[2023-05-29T15:20:52.428+0000] {spark_submit.py:490} INFO - 23/05/29 15:20:52 INFO SparkContext: Invoking stop() from shutdown hook
[2023-05-29T15:20:52.455+0000] {spark_submit.py:490} INFO - 23/05/29 15:20:52 INFO SparkUI: Stopped Spark web UI at http://fb138c374944:4040
[2023-05-29T15:20:52.465+0000] {spark_submit.py:490} INFO - 23/05/29 15:20:52 INFO StandaloneSchedulerBackend: Shutting down all executors
[2023-05-29T15:20:52.466+0000] {spark_submit.py:490} INFO - 23/05/29 15:20:52 INFO CoarseGrainedSchedulerBackend$DriverEndpoint: Asking each executor to shut down
[2023-05-29T15:20:52.520+0000] {spark_submit.py:490} INFO - 23/05/29 15:20:52 INFO MapOutputTrackerMasterEndpoint: MapOutputTrackerMasterEndpoint stopped!
[2023-05-29T15:20:52.641+0000] {spark_submit.py:490} INFO - 23/05/29 15:20:52 INFO MemoryStore: MemoryStore cleared
[2023-05-29T15:20:52.643+0000] {spark_submit.py:490} INFO - 23/05/29 15:20:52 INFO BlockManager: BlockManager stopped
[2023-05-29T15:20:52.665+0000] {spark_submit.py:490} INFO - 23/05/29 15:20:52 INFO BlockManagerMaster: BlockManagerMaster stopped
[2023-05-29T15:20:52.674+0000] {spark_submit.py:490} INFO - 23/05/29 15:20:52 INFO OutputCommitCoordinator$OutputCommitCoordinatorEndpoint: OutputCommitCoordinator stopped!
[2023-05-29T15:20:52.698+0000] {spark_submit.py:490} INFO - 23/05/29 15:20:52 INFO SparkContext: Successfully stopped SparkContext
[2023-05-29T15:20:52.700+0000] {spark_submit.py:490} INFO - 23/05/29 15:20:52 INFO ShutdownHookManager: Shutdown hook called
[2023-05-29T15:20:52.702+0000] {spark_submit.py:490} INFO - 23/05/29 15:20:52 INFO ShutdownHookManager: Deleting directory /tmp/spark-82dfc086-9b95-4cf7-ad19-e0b7fff34746/pyspark-45e5cc83-1fe2-40db-98f2-084984482598
[2023-05-29T15:20:52.712+0000] {spark_submit.py:490} INFO - 23/05/29 15:20:52 INFO ShutdownHookManager: Deleting directory /tmp/spark-6ced3f0e-92ba-4318-ac09-9858474f4827
[2023-05-29T15:20:52.720+0000] {spark_submit.py:490} INFO - 23/05/29 15:20:52 INFO ShutdownHookManager: Deleting directory /tmp/spark-82dfc086-9b95-4cf7-ad19-e0b7fff34746
[2023-05-29T15:20:53.060+0000] {warnings.py:110} WARNING - /usr/local/lib/python3.7/site-packages/***/models/taskinstance.py:871: SAWarning: TypeDecorator ExecutorConfigType() will not produce a cache key because the ``cache_ok`` attribute is not set to True.  This can have significant performance implications including some performance degradations in comparison to prior SQLAlchemy versions.  Set this attribute to True if this type object's state is safe to use in a cache key, or False to disable this warning. (Background on this error at: https://sqlalche.me/e/14/cprf)
  ti: TaskInstance | None = qry.with_for_update().one_or_none()

[2023-05-29T15:20:53.122+0000] {taskinstance.py:1851} ERROR - Task failed with exception
Traceback (most recent call last):
  File "/usr/local/lib/python3.7/site-packages/airflow/providers/apache/spark/operators/spark_submit.py", line 157, in execute
    self._hook.submit(self._application)
  File "/usr/local/lib/python3.7/site-packages/airflow/providers/apache/spark/hooks/spark_submit.py", line 422, in submit
    f"Cannot execute: {self._mask_cmd(spark_submit_cmd)}. Error code is: {returncode}."
airflow.exceptions.AirflowException: Cannot execute: spark-submit --master spark://spark-master:7077 --conf spark.master=spark://spark-master:7077 --name word_count --verbose /opt/spark/app/word_count.py. Error code is: 1.
[2023-05-29T15:20:53.138+0000] {warnings.py:110} WARNING - /usr/local/lib/python3.7/site-packages/***/models/taskinstance.py:873: SAWarning: TypeDecorator ExecutorConfigType() will not produce a cache key because the ``cache_ok`` attribute is not set to True.  This can have significant performance implications including some performance degradations in comparison to prior SQLAlchemy versions.  Set this attribute to True if this type object's state is safe to use in a cache key, or False to disable this warning. (Background on this error at: https://sqlalche.me/e/14/cprf)
  ti = qry.one_or_none()

[2023-05-29T15:20:53.164+0000] {taskinstance.py:1406} INFO - Marking task as FAILED. dag_id=word_count_1, task_id=word_count, execution_date=20230529T151824, start_date=20230529T152013, end_date=20230529T152053
[2023-05-29T15:20:53.237+0000] {warnings.py:110} WARNING - /usr/local/lib/python3.7/site-packages/***/utils/email.py:120: RemovedInAirflow3Warning: Fetching SMTP credentials from configuration variables will be deprecated in a future release. Please set credentials using a connection instead.
  send_mime_email(e_from=mail_from, e_to=recipients, mime_msg=msg, conn_id=conn_id, dryrun=dryrun)

[2023-05-29T15:20:53.238+0000] {configuration.py:569} WARNING - section/key [smtp/smtp_user] not found in config
[2023-05-29T15:20:53.239+0000] {email.py:229} INFO - Email alerting: attempt 1
[2023-05-29T15:20:53.274+0000] {configuration.py:569} WARNING - section/key [smtp/smtp_user] not found in config
[2023-05-29T15:20:53.275+0000] {email.py:229} INFO - Email alerting: attempt 1
[2023-05-29T15:20:53.278+0000] {taskinstance.py:1914} ERROR - Failed to send email to: ['pioneer22022001@gmail.com']
Traceback (most recent call last):
  File "/usr/local/lib/python3.7/site-packages/airflow/models/taskinstance.py", line 1457, in _run_raw_task
    self._execute_task_with_callbacks(context, test_mode)
  File "/usr/local/lib/python3.7/site-packages/airflow/models/taskinstance.py", line 1603, in _execute_task_with_callbacks
    result = self._execute_task(context, task_orig)
  File "/usr/local/lib/python3.7/site-packages/airflow/models/taskinstance.py", line 1664, in _execute_task
    result = execute_callable(context=context)
  File "/usr/local/lib/python3.7/site-packages/airflow/providers/apache/spark/operators/spark_submit.py", line 157, in execute
    self._hook.submit(self._application)
  File "/usr/local/lib/python3.7/site-packages/airflow/providers/apache/spark/hooks/spark_submit.py", line 422, in submit
    f"Cannot execute: {self._mask_cmd(spark_submit_cmd)}. Error code is: {returncode}."
airflow.exceptions.AirflowException: Cannot execute: spark-submit --master spark://spark-master:7077 --conf spark.master=spark://spark-master:7077 --name word_count --verbose /opt/spark/app/word_count.py. Error code is: 1.

During handling of the above exception, another exception occurred:

Traceback (most recent call last):
  File "/usr/local/lib/python3.7/site-packages/airflow/models/taskinstance.py", line 2311, in email_alert
    send_email(task.email, subject, html_content)
  File "/usr/local/lib/python3.7/site-packages/airflow/utils/email.py", line 72, in send_email
    **kwargs,
  File "/usr/local/lib/python3.7/site-packages/airflow/utils/email.py", line 120, in send_email_smtp
    send_mime_email(e_from=mail_from, e_to=recipients, mime_msg=msg, conn_id=conn_id, dryrun=dryrun)
  File "/usr/local/lib/python3.7/site-packages/airflow/utils/email.py", line 231, in send_mime_email
    smtp_conn = _get_smtp_connection(smtp_host, smtp_port, smtp_timeout, smtp_ssl)
  File "/usr/local/lib/python3.7/site-packages/airflow/utils/email.py", line 265, in _get_smtp_connection
    else smtplib.SMTP(host=host, port=port, timeout=timeout)
  File "/usr/local/lib/python3.7/smtplib.py", line 251, in __init__
    (code, msg) = self.connect(host, port)
  File "/usr/local/lib/python3.7/smtplib.py", line 336, in connect
    self.sock = self._get_socket(host, port, self.timeout)
  File "/usr/local/lib/python3.7/smtplib.py", line 307, in _get_socket
    self.source_address)
  File "/usr/local/lib/python3.7/socket.py", line 728, in create_connection
    raise err
  File "/usr/local/lib/python3.7/socket.py", line 716, in create_connection
    sock.connect(sa)
OSError: [Errno 99] Cannot assign requested address

During handling of the above exception, another exception occurred:

Traceback (most recent call last):
  File "/usr/local/lib/python3.7/site-packages/airflow/models/taskinstance.py", line 1912, in handle_failure
    self.email_alert(error, task)
  File "/usr/local/lib/python3.7/site-packages/airflow/models/taskinstance.py", line 2313, in email_alert
    send_email(task.email, subject, html_content_err)
  File "/usr/local/lib/python3.7/site-packages/airflow/utils/email.py", line 72, in send_email
    **kwargs,
  File "/usr/local/lib/python3.7/site-packages/airflow/utils/email.py", line 120, in send_email_smtp
    send_mime_email(e_from=mail_from, e_to=recipients, mime_msg=msg, conn_id=conn_id, dryrun=dryrun)
  File "/usr/local/lib/python3.7/site-packages/airflow/utils/email.py", line 231, in send_mime_email
    smtp_conn = _get_smtp_connection(smtp_host, smtp_port, smtp_timeout, smtp_ssl)
  File "/usr/local/lib/python3.7/site-packages/airflow/utils/email.py", line 265, in _get_smtp_connection
    else smtplib.SMTP(host=host, port=port, timeout=timeout)
  File "/usr/local/lib/python3.7/smtplib.py", line 251, in __init__
    (code, msg) = self.connect(host, port)
  File "/usr/local/lib/python3.7/smtplib.py", line 336, in connect
    self.sock = self._get_socket(host, port, self.timeout)
  File "/usr/local/lib/python3.7/smtplib.py", line 307, in _get_socket
    self.source_address)
  File "/usr/local/lib/python3.7/socket.py", line 728, in create_connection
    raise err
  File "/usr/local/lib/python3.7/socket.py", line 716, in create_connection
    sock.connect(sa)
OSError: [Errno 99] Cannot assign requested address
[2023-05-29T15:20:53.356+0000] {standard_task_runner.py:107} ERROR - Failed to execute job 4575 for task word_count (Cannot execute: spark-submit --master spark://spark-master:7077 --conf spark.master=spark://spark-master:7077 --name word_count --verbose /opt/spark/app/word_count.py. Error code is: 1.; 342)
[2023-05-29T15:20:53.424+0000] {local_task_job.py:164} INFO - Task exited with return code 1
[2023-05-29T15:20:53.571+0000] {local_task_job.py:273} INFO - 0 downstream tasks scheduled from follow-on schedule check
