[2023-05-30T01:32:11.327+0000] {processor.py:156} INFO - Started process (PID=31) to work on /opt/airflow/dags/azure_cosmos.py
[2023-05-30T01:32:11.331+0000] {processor.py:758} INFO - Processing file /opt/airflow/dags/azure_cosmos.py for tasks to queue
[2023-05-30T01:32:11.340+0000] {logging_mixin.py:117} INFO - [2023-05-30T01:32:11.339+0000] {dagbag.py:525} INFO - Filling up the DagBag from /opt/airflow/dags/azure_cosmos.py
[2023-05-30T01:32:13.320+0000] {processor.py:768} INFO - DAG(s) dict_keys(['read_cosmosdb_to_dataframe']) retrieved from /opt/airflow/dags/azure_cosmos.py
[2023-05-30T01:32:14.047+0000] {logging_mixin.py:117} INFO - [2023-05-30T01:32:14.046+0000] {dag.py:2573} INFO - Sync 1 DAGs
[2023-05-30T01:32:14.222+0000] {logging_mixin.py:117} INFO - [2023-05-30T01:32:14.221+0000] {dag.py:3328} INFO - Setting next_dagrun for read_cosmosdb_to_dataframe to None, run_after=None
[2023-05-30T01:32:14.350+0000] {processor.py:178} INFO - Processing /opt/airflow/dags/azure_cosmos.py took 3.037 seconds
[2023-05-30T01:32:45.161+0000] {processor.py:156} INFO - Started process (PID=57) to work on /opt/airflow/dags/azure_cosmos.py
[2023-05-30T01:32:45.163+0000] {processor.py:758} INFO - Processing file /opt/airflow/dags/azure_cosmos.py for tasks to queue
[2023-05-30T01:32:45.165+0000] {logging_mixin.py:117} INFO - [2023-05-30T01:32:45.165+0000] {dagbag.py:525} INFO - Filling up the DagBag from /opt/airflow/dags/azure_cosmos.py
[2023-05-30T01:32:46.279+0000] {processor.py:768} INFO - DAG(s) dict_keys(['read_cosmosdb_to_dataframe']) retrieved from /opt/airflow/dags/azure_cosmos.py
[2023-05-30T01:32:46.441+0000] {logging_mixin.py:117} INFO - [2023-05-30T01:32:46.441+0000] {dag.py:2573} INFO - Sync 1 DAGs
[2023-05-30T01:32:46.576+0000] {logging_mixin.py:117} INFO - [2023-05-30T01:32:46.575+0000] {dag.py:3328} INFO - Setting next_dagrun for read_cosmosdb_to_dataframe to None, run_after=None
[2023-05-30T01:32:46.680+0000] {processor.py:178} INFO - Processing /opt/airflow/dags/azure_cosmos.py took 1.528 seconds
[2023-05-30T01:33:17.230+0000] {processor.py:156} INFO - Started process (PID=93) to work on /opt/airflow/dags/azure_cosmos.py
[2023-05-30T01:33:17.241+0000] {processor.py:758} INFO - Processing file /opt/airflow/dags/azure_cosmos.py for tasks to queue
[2023-05-30T01:33:17.244+0000] {logging_mixin.py:117} INFO - [2023-05-30T01:33:17.244+0000] {dagbag.py:525} INFO - Filling up the DagBag from /opt/airflow/dags/azure_cosmos.py
[2023-05-30T01:33:18.380+0000] {processor.py:768} INFO - DAG(s) dict_keys(['read_cosmosdb_to_dataframe']) retrieved from /opt/airflow/dags/azure_cosmos.py
[2023-05-30T01:33:18.508+0000] {logging_mixin.py:117} INFO - [2023-05-30T01:33:18.508+0000] {dag.py:2573} INFO - Sync 1 DAGs
[2023-05-30T01:33:18.652+0000] {logging_mixin.py:117} INFO - [2023-05-30T01:33:18.652+0000] {dag.py:3328} INFO - Setting next_dagrun for read_cosmosdb_to_dataframe to None, run_after=None
[2023-05-30T01:33:18.734+0000] {processor.py:178} INFO - Processing /opt/airflow/dags/azure_cosmos.py took 1.514 seconds
[2023-05-30T15:45:52.569+0000] {processor.py:156} INFO - Started process (PID=40) to work on /opt/airflow/dags/azure_cosmos.py
[2023-05-30T15:45:52.573+0000] {processor.py:758} INFO - Processing file /opt/airflow/dags/azure_cosmos.py for tasks to queue
[2023-05-30T15:45:52.576+0000] {logging_mixin.py:117} INFO - [2023-05-30T15:45:52.575+0000] {dagbag.py:525} INFO - Filling up the DagBag from /opt/airflow/dags/azure_cosmos.py
[2023-05-30T15:45:54.352+0000] {processor.py:768} INFO - DAG(s) dict_keys(['read_cosmosdb_to_dataframe']) retrieved from /opt/airflow/dags/azure_cosmos.py
[2023-05-30T15:45:55.185+0000] {logging_mixin.py:117} INFO - [2023-05-30T15:45:55.184+0000] {dag.py:2573} INFO - Sync 1 DAGs
[2023-05-30T15:45:55.343+0000] {logging_mixin.py:117} INFO - [2023-05-30T15:45:55.342+0000] {dag.py:3328} INFO - Setting next_dagrun for read_cosmosdb_to_dataframe to None, run_after=None
[2023-05-30T15:45:55.459+0000] {processor.py:178} INFO - Processing /opt/airflow/dags/azure_cosmos.py took 2.907 seconds
