[2023-05-30T01:32:18.617+0000] {processor.py:156} INFO - Started process (PID=44) to work on /opt/airflow/dags/processSQL.py
[2023-05-30T01:32:18.621+0000] {processor.py:758} INFO - Processing file /opt/airflow/dags/processSQL.py for tasks to queue
[2023-05-30T01:32:18.625+0000] {logging_mixin.py:117} INFO - [2023-05-30T01:32:18.624+0000] {dagbag.py:525} INFO - Filling up the DagBag from /opt/airflow/dags/processSQL.py
[2023-05-30T01:32:18.938+0000] {processor.py:768} INFO - DAG(s) dict_keys(['postgresSQL']) retrieved from /opt/airflow/dags/processSQL.py
[2023-05-30T01:32:20.661+0000] {logging_mixin.py:117} INFO - [2023-05-30T01:32:20.660+0000] {dag.py:2573} INFO - Sync 1 DAGs
[2023-05-30T01:32:20.891+0000] {logging_mixin.py:117} INFO - [2023-05-30T01:32:20.890+0000] {dag.py:3328} INFO - Setting next_dagrun for postgresSQL to 2023-01-31T17:00:00+00:00, run_after=2023-01-31T17:00:00+00:00
[2023-05-30T01:32:21.019+0000] {processor.py:178} INFO - Processing /opt/airflow/dags/processSQL.py took 2.418 seconds
[2023-05-30T01:32:51.748+0000] {processor.py:156} INFO - Started process (PID=71) to work on /opt/airflow/dags/processSQL.py
[2023-05-30T01:32:51.751+0000] {processor.py:758} INFO - Processing file /opt/airflow/dags/processSQL.py for tasks to queue
[2023-05-30T01:32:51.752+0000] {logging_mixin.py:117} INFO - [2023-05-30T01:32:51.752+0000] {dagbag.py:525} INFO - Filling up the DagBag from /opt/airflow/dags/processSQL.py
[2023-05-30T01:32:51.852+0000] {processor.py:768} INFO - DAG(s) dict_keys(['postgresSQL']) retrieved from /opt/airflow/dags/processSQL.py
[2023-05-30T01:32:51.977+0000] {logging_mixin.py:117} INFO - [2023-05-30T01:32:51.976+0000] {dag.py:2573} INFO - Sync 1 DAGs
[2023-05-30T01:32:52.076+0000] {logging_mixin.py:117} INFO - [2023-05-30T01:32:52.075+0000] {dag.py:3328} INFO - Setting next_dagrun for postgresSQL to 2023-01-31T17:00:00+00:00, run_after=2023-01-31T17:00:00+00:00
[2023-05-30T01:32:52.148+0000] {processor.py:178} INFO - Processing /opt/airflow/dags/processSQL.py took 0.409 seconds
[2023-05-30T01:33:22.502+0000] {processor.py:156} INFO - Started process (PID=96) to work on /opt/airflow/dags/processSQL.py
[2023-05-30T01:33:22.504+0000] {processor.py:758} INFO - Processing file /opt/airflow/dags/processSQL.py for tasks to queue
[2023-05-30T01:33:22.506+0000] {logging_mixin.py:117} INFO - [2023-05-30T01:33:22.505+0000] {dagbag.py:525} INFO - Filling up the DagBag from /opt/airflow/dags/processSQL.py
[2023-05-30T01:33:22.589+0000] {processor.py:768} INFO - DAG(s) dict_keys(['postgresSQL']) retrieved from /opt/airflow/dags/processSQL.py
[2023-05-30T01:33:22.704+0000] {logging_mixin.py:117} INFO - [2023-05-30T01:33:22.704+0000] {dag.py:2573} INFO - Sync 1 DAGs
[2023-05-30T01:33:22.796+0000] {logging_mixin.py:117} INFO - [2023-05-30T01:33:22.795+0000] {dag.py:3328} INFO - Setting next_dagrun for postgresSQL to 2023-01-31T17:00:00+00:00, run_after=2023-01-31T17:00:00+00:00
[2023-05-30T01:33:22.858+0000] {processor.py:178} INFO - Processing /opt/airflow/dags/processSQL.py took 0.365 seconds
[2023-05-30T15:45:55.583+0000] {processor.py:156} INFO - Started process (PID=46) to work on /opt/airflow/dags/processSQL.py
[2023-05-30T15:45:55.588+0000] {processor.py:758} INFO - Processing file /opt/airflow/dags/processSQL.py for tasks to queue
[2023-05-30T15:45:55.591+0000] {logging_mixin.py:117} INFO - [2023-05-30T15:45:55.590+0000] {dagbag.py:525} INFO - Filling up the DagBag from /opt/airflow/dags/processSQL.py
[2023-05-30T15:45:55.750+0000] {processor.py:768} INFO - DAG(s) dict_keys(['postgresSQL']) retrieved from /opt/airflow/dags/processSQL.py
[2023-05-30T15:45:56.340+0000] {logging_mixin.py:117} INFO - [2023-05-30T15:45:56.339+0000] {dag.py:2573} INFO - Sync 1 DAGs
[2023-05-30T15:45:56.542+0000] {logging_mixin.py:117} INFO - [2023-05-30T15:45:56.541+0000] {dag.py:3328} INFO - Setting next_dagrun for postgresSQL to 2023-01-31T17:00:00+00:00, run_after=2023-01-31T17:00:00+00:00
