[2023-05-30T01:32:14.518+0000] {processor.py:156} INFO - Started process (PID=42) to work on /opt/airflow/dags/spark_process_scheduler.py
[2023-05-30T01:32:14.601+0000] {processor.py:758} INFO - Processing file /opt/airflow/dags/spark_process_scheduler.py for tasks to queue
[2023-05-30T01:32:14.624+0000] {logging_mixin.py:117} INFO - [2023-05-30T01:32:14.604+0000] {dagbag.py:525} INFO - Filling up the DagBag from /opt/airflow/dags/spark_process_scheduler.py
[2023-05-30T01:32:14.859+0000] {processor.py:768} INFO - DAG(s) dict_keys(['spark_process_data_14']) retrieved from /opt/airflow/dags/spark_process_scheduler.py
[2023-05-30T01:32:15.455+0000] {logging_mixin.py:117} INFO - [2023-05-30T01:32:15.454+0000] {dag.py:2573} INFO - Sync 1 DAGs
[2023-05-30T01:32:15.644+0000] {logging_mixin.py:117} INFO - [2023-05-30T01:32:15.643+0000] {dag.py:3328} INFO - Setting next_dagrun for spark_process_data_14 to 2023-05-29T17:00:00+00:00, run_after=2023-05-30T17:00:00+00:00
[2023-05-30T01:32:15.759+0000] {processor.py:178} INFO - Processing /opt/airflow/dags/spark_process_scheduler.py took 1.269 seconds
[2023-05-30T01:32:46.195+0000] {processor.py:156} INFO - Started process (PID=58) to work on /opt/airflow/dags/spark_process_scheduler.py
[2023-05-30T01:32:46.198+0000] {processor.py:758} INFO - Processing file /opt/airflow/dags/spark_process_scheduler.py for tasks to queue
[2023-05-30T01:32:46.201+0000] {logging_mixin.py:117} INFO - [2023-05-30T01:32:46.200+0000] {dagbag.py:525} INFO - Filling up the DagBag from /opt/airflow/dags/spark_process_scheduler.py
[2023-05-30T01:32:46.366+0000] {processor.py:768} INFO - DAG(s) dict_keys(['spark_process_data_14']) retrieved from /opt/airflow/dags/spark_process_scheduler.py
[2023-05-30T01:32:46.532+0000] {logging_mixin.py:117} INFO - [2023-05-30T01:32:46.531+0000] {dag.py:2573} INFO - Sync 1 DAGs
[2023-05-30T01:32:46.675+0000] {logging_mixin.py:117} INFO - [2023-05-30T01:32:46.675+0000] {dag.py:3328} INFO - Setting next_dagrun for spark_process_data_14 to 2023-05-29T17:00:00+00:00, run_after=2023-05-30T17:00:00+00:00
[2023-05-30T01:32:46.777+0000] {processor.py:178} INFO - Processing /opt/airflow/dags/spark_process_scheduler.py took 0.596 seconds
[2023-05-30T01:33:17.251+0000] {processor.py:156} INFO - Started process (PID=94) to work on /opt/airflow/dags/spark_process_scheduler.py
[2023-05-30T01:33:17.254+0000] {processor.py:758} INFO - Processing file /opt/airflow/dags/spark_process_scheduler.py for tasks to queue
[2023-05-30T01:33:17.257+0000] {logging_mixin.py:117} INFO - [2023-05-30T01:33:17.256+0000] {dagbag.py:525} INFO - Filling up the DagBag from /opt/airflow/dags/spark_process_scheduler.py
[2023-05-30T01:33:17.430+0000] {processor.py:768} INFO - DAG(s) dict_keys(['spark_process_data_14']) retrieved from /opt/airflow/dags/spark_process_scheduler.py
[2023-05-30T01:33:17.619+0000] {logging_mixin.py:117} INFO - [2023-05-30T01:33:17.618+0000] {dag.py:2573} INFO - Sync 1 DAGs
[2023-05-30T01:33:17.764+0000] {logging_mixin.py:117} INFO - [2023-05-30T01:33:17.764+0000] {dag.py:3328} INFO - Setting next_dagrun for spark_process_data_14 to 2023-05-29T17:00:00+00:00, run_after=2023-05-30T17:00:00+00:00
[2023-05-30T01:33:17.830+0000] {processor.py:178} INFO - Processing /opt/airflow/dags/spark_process_scheduler.py took 0.591 seconds
[2023-05-30T15:45:54.005+0000] {processor.py:156} INFO - Started process (PID=44) to work on /opt/airflow/dags/spark_process_scheduler.py
[2023-05-30T15:45:54.013+0000] {processor.py:758} INFO - Processing file /opt/airflow/dags/spark_process_scheduler.py for tasks to queue
[2023-05-30T15:45:54.017+0000] {logging_mixin.py:117} INFO - [2023-05-30T15:45:54.016+0000] {dagbag.py:525} INFO - Filling up the DagBag from /opt/airflow/dags/spark_process_scheduler.py
[2023-05-30T15:45:54.209+0000] {processor.py:768} INFO - DAG(s) dict_keys(['spark_process_data_14']) retrieved from /opt/airflow/dags/spark_process_scheduler.py
[2023-05-30T15:45:54.958+0000] {logging_mixin.py:117} INFO - [2023-05-30T15:45:54.957+0000] {dag.py:2573} INFO - Sync 1 DAGs
[2023-05-30T15:45:55.212+0000] {logging_mixin.py:117} INFO - [2023-05-30T15:45:55.211+0000] {dag.py:3328} INFO - Setting next_dagrun for spark_process_data_14 to 2023-05-29T17:00:00+00:00, run_after=2023-05-30T17:00:00+00:00
[2023-05-30T15:45:55.356+0000] {processor.py:178} INFO - Processing /opt/airflow/dags/spark_process_scheduler.py took 1.373 seconds
