[2023-05-30T01:32:15.891+0000] {processor.py:156} INFO - Started process (PID=43) to work on /opt/airflow/dags/subtaskexample.py
[2023-05-30T01:32:15.895+0000] {processor.py:758} INFO - Processing file /opt/airflow/dags/subtaskexample.py for tasks to queue
[2023-05-30T01:32:15.898+0000] {logging_mixin.py:117} INFO - [2023-05-30T01:32:15.897+0000] {dagbag.py:525} INFO - Filling up the DagBag from /opt/airflow/dags/subtaskexample.py
[2023-05-30T01:32:16.268+0000] {processor.py:768} INFO - DAG(s) dict_keys(['CHIQUANGDAG.subdag', 'CHIQUANGDAG']) retrieved from /opt/airflow/dags/subtaskexample.py
[2023-05-30T01:32:20.802+0000] {logging_mixin.py:117} INFO - [2023-05-30T01:32:20.801+0000] {dag.py:2573} INFO - Sync 2 DAGs
[2023-05-30T01:32:21.020+0000] {logging_mixin.py:117} INFO - [2023-05-30T01:32:21.020+0000] {dag.py:3328} INFO - Setting next_dagrun for CHIQUANGDAG to 2023-01-31T17:00:00+00:00, run_after=2023-02-01T17:00:00+00:00
[2023-05-30T01:32:21.058+0000] {logging_mixin.py:117} INFO - [2023-05-30T01:32:21.057+0000] {dag.py:3328} INFO - Setting next_dagrun for CHIQUANGDAG.subdag to None, run_after=None
[2023-05-30T01:32:21.220+0000] {logging_mixin.py:117} INFO - [2023-05-30T01:32:21.220+0000] {dag.py:2573} INFO - Sync 1 DAGs
[2023-05-30T01:32:21.287+0000] {logging_mixin.py:117} INFO - [2023-05-30T01:32:21.287+0000] {dag.py:3328} INFO - Setting next_dagrun for CHIQUANGDAG.subdag to None, run_after=None
[2023-05-30T01:32:21.362+0000] {processor.py:178} INFO - Processing /opt/airflow/dags/subtaskexample.py took 5.513 seconds
[2023-05-30T01:32:51.735+0000] {processor.py:156} INFO - Started process (PID=70) to work on /opt/airflow/dags/subtaskexample.py
[2023-05-30T01:32:51.745+0000] {processor.py:758} INFO - Processing file /opt/airflow/dags/subtaskexample.py for tasks to queue
[2023-05-30T01:32:51.747+0000] {logging_mixin.py:117} INFO - [2023-05-30T01:32:51.746+0000] {dagbag.py:525} INFO - Filling up the DagBag from /opt/airflow/dags/subtaskexample.py
[2023-05-30T01:32:51.845+0000] {processor.py:768} INFO - DAG(s) dict_keys(['CHIQUANGDAG.subdag', 'CHIQUANGDAG']) retrieved from /opt/airflow/dags/subtaskexample.py
[2023-05-30T01:32:52.482+0000] {logging_mixin.py:117} INFO - [2023-05-30T01:32:52.481+0000] {dag.py:2573} INFO - Sync 2 DAGs
[2023-05-30T01:32:52.662+0000] {logging_mixin.py:117} INFO - [2023-05-30T01:32:52.661+0000] {dag.py:3328} INFO - Setting next_dagrun for CHIQUANGDAG to 2023-01-31T17:00:00+00:00, run_after=2023-02-01T17:00:00+00:00
[2023-05-30T01:32:52.680+0000] {logging_mixin.py:117} INFO - [2023-05-30T01:32:52.679+0000] {dag.py:3328} INFO - Setting next_dagrun for CHIQUANGDAG.subdag to None, run_after=None
[2023-05-30T01:32:52.706+0000] {logging_mixin.py:117} INFO - [2023-05-30T01:32:52.705+0000] {dag.py:2573} INFO - Sync 1 DAGs
[2023-05-30T01:32:52.735+0000] {logging_mixin.py:117} INFO - [2023-05-30T01:32:52.735+0000] {dag.py:3328} INFO - Setting next_dagrun for CHIQUANGDAG.subdag to None, run_after=None
[2023-05-30T01:32:52.779+0000] {processor.py:178} INFO - Processing /opt/airflow/dags/subtaskexample.py took 1.054 seconds
[2023-05-30T01:33:22.911+0000] {processor.py:156} INFO - Started process (PID=97) to work on /opt/airflow/dags/subtaskexample.py
[2023-05-30T01:33:22.914+0000] {processor.py:758} INFO - Processing file /opt/airflow/dags/subtaskexample.py for tasks to queue
[2023-05-30T01:33:22.915+0000] {logging_mixin.py:117} INFO - [2023-05-30T01:33:22.915+0000] {dagbag.py:525} INFO - Filling up the DagBag from /opt/airflow/dags/subtaskexample.py
[2023-05-30T01:33:23.028+0000] {processor.py:768} INFO - DAG(s) dict_keys(['CHIQUANGDAG.subdag', 'CHIQUANGDAG']) retrieved from /opt/airflow/dags/subtaskexample.py
[2023-05-30T01:33:23.518+0000] {logging_mixin.py:117} INFO - [2023-05-30T01:33:23.518+0000] {dag.py:2573} INFO - Sync 2 DAGs
[2023-05-30T01:33:23.602+0000] {logging_mixin.py:117} INFO - [2023-05-30T01:33:23.601+0000] {dag.py:3328} INFO - Setting next_dagrun for CHIQUANGDAG to 2023-01-31T17:00:00+00:00, run_after=2023-02-01T17:00:00+00:00
[2023-05-30T01:33:23.612+0000] {logging_mixin.py:117} INFO - [2023-05-30T01:33:23.612+0000] {dag.py:3328} INFO - Setting next_dagrun for CHIQUANGDAG.subdag to None, run_after=None
[2023-05-30T01:33:23.629+0000] {logging_mixin.py:117} INFO - [2023-05-30T01:33:23.629+0000] {dag.py:2573} INFO - Sync 1 DAGs
[2023-05-30T01:33:23.647+0000] {logging_mixin.py:117} INFO - [2023-05-30T01:33:23.646+0000] {dag.py:3328} INFO - Setting next_dagrun for CHIQUANGDAG.subdag to None, run_after=None
[2023-05-30T01:33:23.687+0000] {processor.py:178} INFO - Processing /opt/airflow/dags/subtaskexample.py took 0.785 seconds
[2023-05-30T15:45:55.447+0000] {processor.py:156} INFO - Started process (PID=45) to work on /opt/airflow/dags/subtaskexample.py
[2023-05-30T15:45:55.450+0000] {processor.py:758} INFO - Processing file /opt/airflow/dags/subtaskexample.py for tasks to queue
[2023-05-30T15:45:55.453+0000] {logging_mixin.py:117} INFO - [2023-05-30T15:45:55.452+0000] {dagbag.py:525} INFO - Filling up the DagBag from /opt/airflow/dags/subtaskexample.py
[2023-05-30T15:45:55.627+0000] {processor.py:768} INFO - DAG(s) dict_keys(['CHIQUANGDAG.subdag', 'CHIQUANGDAG']) retrieved from /opt/airflow/dags/subtaskexample.py
