[2023-05-30T01:32:09.792+0000] {processor.py:156} INFO - Started process (PID=30) to work on /opt/airflow/dags/trungtran_process.py
[2023-05-30T01:32:09.811+0000] {processor.py:758} INFO - Processing file /opt/airflow/dags/trungtran_process.py for tasks to queue
[2023-05-30T01:32:09.817+0000] {logging_mixin.py:117} INFO - [2023-05-30T01:32:09.816+0000] {dagbag.py:525} INFO - Filling up the DagBag from /opt/airflow/dags/trungtran_process.py
[2023-05-30T01:32:10.091+0000] {processor.py:768} INFO - DAG(s) dict_keys(['trungtran_process_data_1']) retrieved from /opt/airflow/dags/trungtran_process.py
[2023-05-30T01:32:10.866+0000] {logging_mixin.py:117} INFO - [2023-05-30T01:32:10.864+0000] {dag.py:2573} INFO - Sync 1 DAGs
[2023-05-30T01:32:11.077+0000] {logging_mixin.py:117} INFO - [2023-05-30T01:32:11.060+0000] {dag.py:3328} INFO - Setting next_dagrun for trungtran_process_data_1 to 2023-05-29T17:00:00+00:00, run_after=2023-05-30T17:00:00+00:00
[2023-05-30T01:32:11.225+0000] {processor.py:178} INFO - Processing /opt/airflow/dags/trungtran_process.py took 1.457 seconds
[2023-05-30T01:32:41.410+0000] {processor.py:156} INFO - Started process (PID=56) to work on /opt/airflow/dags/trungtran_process.py
[2023-05-30T01:32:41.416+0000] {processor.py:758} INFO - Processing file /opt/airflow/dags/trungtran_process.py for tasks to queue
[2023-05-30T01:32:41.421+0000] {logging_mixin.py:117} INFO - [2023-05-30T01:32:41.420+0000] {dagbag.py:525} INFO - Filling up the DagBag from /opt/airflow/dags/trungtran_process.py
[2023-05-30T01:32:41.587+0000] {processor.py:768} INFO - DAG(s) dict_keys(['trungtran_process_data_1']) retrieved from /opt/airflow/dags/trungtran_process.py
[2023-05-30T01:32:41.778+0000] {logging_mixin.py:117} INFO - [2023-05-30T01:32:41.777+0000] {dag.py:2573} INFO - Sync 1 DAGs
[2023-05-30T01:32:41.950+0000] {logging_mixin.py:117} INFO - [2023-05-30T01:32:41.949+0000] {dag.py:3328} INFO - Setting next_dagrun for trungtran_process_data_1 to 2023-05-29T17:00:00+00:00, run_after=2023-05-30T17:00:00+00:00
[2023-05-30T01:32:42.044+0000] {processor.py:178} INFO - Processing /opt/airflow/dags/trungtran_process.py took 0.647 seconds
[2023-05-30T01:33:12.136+0000] {processor.py:156} INFO - Started process (PID=82) to work on /opt/airflow/dags/trungtran_process.py
[2023-05-30T01:33:12.148+0000] {processor.py:758} INFO - Processing file /opt/airflow/dags/trungtran_process.py for tasks to queue
[2023-05-30T01:33:12.151+0000] {logging_mixin.py:117} INFO - [2023-05-30T01:33:12.151+0000] {dagbag.py:525} INFO - Filling up the DagBag from /opt/airflow/dags/trungtran_process.py
[2023-05-30T01:33:12.259+0000] {processor.py:768} INFO - DAG(s) dict_keys(['trungtran_process_data_1']) retrieved from /opt/airflow/dags/trungtran_process.py
[2023-05-30T01:33:12.412+0000] {logging_mixin.py:117} INFO - [2023-05-30T01:33:12.412+0000] {dag.py:2573} INFO - Sync 1 DAGs
[2023-05-30T01:33:12.580+0000] {logging_mixin.py:117} INFO - [2023-05-30T01:33:12.579+0000] {dag.py:3328} INFO - Setting next_dagrun for trungtran_process_data_1 to 2023-05-29T17:00:00+00:00, run_after=2023-05-30T17:00:00+00:00
[2023-05-30T01:33:12.668+0000] {processor.py:178} INFO - Processing /opt/airflow/dags/trungtran_process.py took 0.556 seconds
[2023-05-30T15:45:51.328+0000] {processor.py:156} INFO - Started process (PID=32) to work on /opt/airflow/dags/trungtran_process.py
[2023-05-30T15:45:51.340+0000] {processor.py:758} INFO - Processing file /opt/airflow/dags/trungtran_process.py for tasks to queue
[2023-05-30T15:45:51.343+0000] {logging_mixin.py:117} INFO - [2023-05-30T15:45:51.342+0000] {dagbag.py:525} INFO - Filling up the DagBag from /opt/airflow/dags/trungtran_process.py
[2023-05-30T15:45:51.513+0000] {processor.py:768} INFO - DAG(s) dict_keys(['trungtran_process_data_1']) retrieved from /opt/airflow/dags/trungtran_process.py
[2023-05-30T15:45:52.076+0000] {logging_mixin.py:117} INFO - [2023-05-30T15:45:52.075+0000] {dag.py:2573} INFO - Sync 1 DAGs
[2023-05-30T15:45:52.319+0000] {logging_mixin.py:117} INFO - [2023-05-30T15:45:52.319+0000] {dag.py:3328} INFO - Setting next_dagrun for trungtran_process_data_1 to 2023-05-29T17:00:00+00:00, run_after=2023-05-30T17:00:00+00:00
[2023-05-30T15:45:52.456+0000] {processor.py:178} INFO - Processing /opt/airflow/dags/trungtran_process.py took 1.143 seconds
