[2023-05-29T09:58:28.577+0000] {warnings.py:110} WARNING - /usr/local/lib/python3.7/site-packages/***/models/taskinstance.py:871: SAWarning: TypeDecorator ExecutorConfigType() will not produce a cache key because the ``cache_ok`` attribute is not set to True.  This can have significant performance implications including some performance degradations in comparison to prior SQLAlchemy versions.  Set this attribute to True if this type object's state is safe to use in a cache key, or False to disable this warning. (Background on this error at: https://sqlalche.me/e/14/cprf)
  ti: TaskInstance | None = qry.with_for_update().one_or_none()

[2023-05-29T09:58:28.627+0000] {taskinstance.py:1165} INFO - Dependencies all met for <TaskInstance: trungtran_process_data_1.trungtran_clean_data_11 manual__2023-05-29T09:58:25.046418+00:00 [queued]>
[2023-05-29T09:58:28.668+0000] {taskinstance.py:1165} INFO - Dependencies all met for <TaskInstance: trungtran_process_data_1.trungtran_clean_data_11 manual__2023-05-29T09:58:25.046418+00:00 [queued]>
[2023-05-29T09:58:28.669+0000] {taskinstance.py:1362} INFO - 
--------------------------------------------------------------------------------
[2023-05-29T09:58:28.669+0000] {taskinstance.py:1363} INFO - Starting attempt 1 of 2
[2023-05-29T09:58:28.670+0000] {taskinstance.py:1364} INFO - 
--------------------------------------------------------------------------------
[2023-05-29T09:58:28.724+0000] {taskinstance.py:1383} INFO - Executing <Task(SparkSubmitOperator): trungtran_clean_data_11> on 2023-05-29 09:58:25.046418+00:00
[2023-05-29T09:58:28.739+0000] {standard_task_runner.py:54} INFO - Started process 9618 to run task
[2023-05-29T09:58:28.750+0000] {standard_task_runner.py:82} INFO - Running: ['***', 'tasks', 'run', 'trungtran_process_data_1', 'trungtran_clean_data_11', 'manual__2023-05-29T09:58:25.046418+00:00', '--job-id', '4538', '--raw', '--subdir', 'DAGS_FOLDER/trungtran_process.py', '--cfg-path', '/tmp/tmpz6t7vktn']
[2023-05-29T09:58:28.752+0000] {standard_task_runner.py:83} INFO - Job 4538: Subtask trungtran_clean_data_11
[2023-05-29T09:58:28.756+0000] {dagbag.py:525} INFO - Filling up the DagBag from /opt/***/dags/trungtran_process.py
[2023-05-29T09:58:29.138+0000] {task_command.py:384} INFO - Running <TaskInstance: trungtran_process_data_1.trungtran_clean_data_11 manual__2023-05-29T09:58:25.046418+00:00 [running]> on host d68e775f4ed7
[2023-05-29T09:58:29.149+0000] {warnings.py:110} WARNING - /usr/local/lib/python3.7/site-packages/***/models/taskinstance.py:873: SAWarning: TypeDecorator ExecutorConfigType() will not produce a cache key because the ``cache_ok`` attribute is not set to True.  This can have significant performance implications including some performance degradations in comparison to prior SQLAlchemy versions.  Set this attribute to True if this type object's state is safe to use in a cache key, or False to disable this warning. (Background on this error at: https://sqlalche.me/e/14/cprf)
  ti = qry.one_or_none()

[2023-05-29T09:58:29.488+0000] {taskinstance.py:1592} INFO - Exporting the following env vars:
AIRFLOW_CTX_DAG_EMAIL=pioneer22022001@gmail.com
AIRFLOW_CTX_DAG_OWNER=***
AIRFLOW_CTX_DAG_ID=trungtran_process_data_1
AIRFLOW_CTX_TASK_ID=trungtran_clean_data_11
AIRFLOW_CTX_EXECUTION_DATE=2023-05-29T09:58:25.046418+00:00
AIRFLOW_CTX_TRY_NUMBER=1
AIRFLOW_CTX_DAG_RUN_ID=manual__2023-05-29T09:58:25.046418+00:00
[2023-05-29T09:58:29.522+0000] {base.py:71} INFO - Using connection ID 'other_spark_local' for task execution.
[2023-05-29T09:58:29.525+0000] {spark_submit.py:339} INFO - Spark-Submit cmd: spark-submit --master spark://spark-master:7077 --conf spark.master=spark://spark-master:7077 --name trungtran_clean_data --verbose /opt/spark/app/process_trungtran.py
[2023-05-29T09:58:29.572+0000] {spark_submit.py:490} INFO - /opt/spark/bin/load-spark-env.sh: line 68: ps: command not found
[2023-05-29T09:58:33.676+0000] {spark_submit.py:490} INFO - Using properties file: null
[2023-05-29T09:58:33.972+0000] {warnings.py:110} WARNING - /usr/local/lib/python3.7/site-packages/***/models/taskinstance.py:873: SAWarning: TypeDecorator ExecutorConfigType() will not produce a cache key because the ``cache_ok`` attribute is not set to True.  This can have significant performance implications including some performance degradations in comparison to prior SQLAlchemy versions.  Set this attribute to True if this type object's state is safe to use in a cache key, or False to disable this warning. (Background on this error at: https://sqlalche.me/e/14/cprf)
  ti = qry.one_or_none()

[2023-05-29T09:58:34.527+0000] {spark_submit.py:490} INFO - Parsed arguments:
[2023-05-29T09:58:34.528+0000] {spark_submit.py:490} INFO - master                  spark://spark-master:7077
[2023-05-29T09:58:34.529+0000] {spark_submit.py:490} INFO - deployMode              null
[2023-05-29T09:58:34.529+0000] {spark_submit.py:490} INFO - executorMemory          null
[2023-05-29T09:58:34.530+0000] {spark_submit.py:490} INFO - executorCores           null
[2023-05-29T09:58:34.531+0000] {spark_submit.py:490} INFO - totalExecutorCores      null
[2023-05-29T09:58:34.531+0000] {spark_submit.py:490} INFO - propertiesFile          null
[2023-05-29T09:58:34.532+0000] {spark_submit.py:490} INFO - driverMemory            null
[2023-05-29T09:58:34.532+0000] {spark_submit.py:490} INFO - driverCores             null
[2023-05-29T09:58:34.533+0000] {spark_submit.py:490} INFO - driverExtraClassPath    null
[2023-05-29T09:58:34.534+0000] {spark_submit.py:490} INFO - driverExtraLibraryPath  null
[2023-05-29T09:58:34.534+0000] {spark_submit.py:490} INFO - driverExtraJavaOptions  null
[2023-05-29T09:58:34.535+0000] {spark_submit.py:490} INFO - supervise               false
[2023-05-29T09:58:34.535+0000] {spark_submit.py:490} INFO - queue                   null
[2023-05-29T09:58:34.536+0000] {spark_submit.py:490} INFO - numExecutors            null
[2023-05-29T09:58:34.536+0000] {spark_submit.py:490} INFO - files                   null
[2023-05-29T09:58:34.537+0000] {spark_submit.py:490} INFO - pyFiles                 null
[2023-05-29T09:58:34.538+0000] {spark_submit.py:490} INFO - archives                null
[2023-05-29T09:58:34.538+0000] {spark_submit.py:490} INFO - mainClass               null
[2023-05-29T09:58:34.539+0000] {spark_submit.py:490} INFO - primaryResource         file:/opt/spark/app/process_trungtran.py
[2023-05-29T09:58:34.539+0000] {spark_submit.py:490} INFO - name                    trungtran_clean_data
[2023-05-29T09:58:34.540+0000] {spark_submit.py:490} INFO - childArgs               []
[2023-05-29T09:58:34.540+0000] {spark_submit.py:490} INFO - jars                    null
[2023-05-29T09:58:34.545+0000] {spark_submit.py:490} INFO - packages                null
[2023-05-29T09:58:34.547+0000] {spark_submit.py:490} INFO - packagesExclusions      null
[2023-05-29T09:58:34.547+0000] {spark_submit.py:490} INFO - repositories            null
[2023-05-29T09:58:34.548+0000] {spark_submit.py:490} INFO - verbose                 true
[2023-05-29T09:58:34.549+0000] {spark_submit.py:490} INFO - 
[2023-05-29T09:58:34.549+0000] {spark_submit.py:490} INFO - Spark properties used, including those specified through
[2023-05-29T09:58:34.550+0000] {spark_submit.py:490} INFO - --conf and those from the properties file null:
[2023-05-29T09:58:34.550+0000] {spark_submit.py:490} INFO - (spark.master,spark://spark-master:7077)
[2023-05-29T09:58:34.551+0000] {spark_submit.py:490} INFO - 
[2023-05-29T09:58:34.558+0000] {spark_submit.py:490} INFO - 
[2023-05-29T09:58:36.216+0000] {spark_submit.py:490} INFO - Main class:
[2023-05-29T09:58:36.217+0000] {spark_submit.py:490} INFO - org.apache.spark.deploy.PythonRunner
[2023-05-29T09:58:36.221+0000] {spark_submit.py:490} INFO - Arguments:
[2023-05-29T09:58:36.222+0000] {spark_submit.py:490} INFO - file:/opt/spark/app/process_trungtran.py
[2023-05-29T09:58:36.223+0000] {spark_submit.py:490} INFO - null
[2023-05-29T09:58:36.234+0000] {spark_submit.py:490} INFO - Spark config:
[2023-05-29T09:58:36.235+0000] {spark_submit.py:490} INFO - (spark.app.name,trungtran_clean_data)
[2023-05-29T09:58:36.236+0000] {spark_submit.py:490} INFO - (spark.master,spark://spark-master:7077)
[2023-05-29T09:58:36.237+0000] {spark_submit.py:490} INFO - (spark.submit.pyFiles,)
[2023-05-29T09:58:36.239+0000] {spark_submit.py:490} INFO - (spark.submit.deployMode,client)
[2023-05-29T09:58:36.242+0000] {spark_submit.py:490} INFO - Classpath elements:
[2023-05-29T09:58:36.243+0000] {spark_submit.py:490} INFO - 
[2023-05-29T09:58:36.246+0000] {spark_submit.py:490} INFO - 
[2023-05-29T09:58:36.248+0000] {spark_submit.py:490} INFO - 
[2023-05-29T09:58:38.465+0000] {spark_submit.py:490} INFO - Using Spark's default log4j profile: org/apache/spark/log4j-defaults.properties
[2023-05-29T09:58:38.503+0000] {spark_submit.py:490} INFO - 23/05/29 09:58:38 INFO SparkContext: Running Spark version 3.2.3
[2023-05-29T09:58:38.968+0000] {spark_submit.py:490} INFO - 23/05/29 09:58:38 WARN NativeCodeLoader: Unable to load native-hadoop library for your platform... using builtin-java classes where applicable
[2023-05-29T09:58:39.513+0000] {spark_submit.py:490} INFO - 23/05/29 09:58:39 INFO ResourceUtils: ==============================================================
[2023-05-29T09:58:39.515+0000] {spark_submit.py:490} INFO - 23/05/29 09:58:39 INFO ResourceUtils: No custom resources configured for spark.driver.
[2023-05-29T09:58:39.516+0000] {spark_submit.py:490} INFO - 23/05/29 09:58:39 INFO ResourceUtils: ==============================================================
[2023-05-29T09:58:39.518+0000] {spark_submit.py:490} INFO - 23/05/29 09:58:39 INFO SparkContext: Submitted application: clean_data_trungtran
[2023-05-29T09:58:39.621+0000] {spark_submit.py:490} INFO - 23/05/29 09:58:39 INFO ResourceProfile: Default ResourceProfile created, executor resources: Map(cores -> name: cores, amount: 1, script: , vendor: , memory -> name: memory, amount: 1024, script: , vendor: , offHeap -> name: offHeap, amount: 0, script: , vendor: ), task resources: Map(cpus -> name: cpus, amount: 1.0)
[2023-05-29T09:58:39.694+0000] {spark_submit.py:490} INFO - 23/05/29 09:58:39 INFO ResourceProfile: Limiting resource is cpu
[2023-05-29T09:58:39.697+0000] {spark_submit.py:490} INFO - 23/05/29 09:58:39 INFO ResourceProfileManager: Added ResourceProfile id: 0
[2023-05-29T09:58:39.911+0000] {spark_submit.py:490} INFO - 23/05/29 09:58:39 INFO SecurityManager: Changing view acls to: ***
[2023-05-29T09:58:39.912+0000] {spark_submit.py:490} INFO - 23/05/29 09:58:39 INFO SecurityManager: Changing modify acls to: ***
[2023-05-29T09:58:39.913+0000] {spark_submit.py:490} INFO - 23/05/29 09:58:39 INFO SecurityManager: Changing view acls groups to:
[2023-05-29T09:58:39.915+0000] {spark_submit.py:490} INFO - 23/05/29 09:58:39 INFO SecurityManager: Changing modify acls groups to:
[2023-05-29T09:58:39.933+0000] {spark_submit.py:490} INFO - 23/05/29 09:58:39 INFO SecurityManager: SecurityManager: authentication disabled; ui acls disabled; users  with view permissions: Set(***); groups with view permissions: Set(); users  with modify permissions: Set(***); groups with modify permissions: Set()
[2023-05-29T09:58:41.160+0000] {spark_submit.py:490} INFO - 23/05/29 09:58:41 INFO Utils: Successfully started service 'sparkDriver' on port 37339.
[2023-05-29T09:58:41.269+0000] {spark_submit.py:490} INFO - 23/05/29 09:58:41 INFO SparkEnv: Registering MapOutputTracker
[2023-05-29T09:58:41.404+0000] {spark_submit.py:490} INFO - 23/05/29 09:58:41 INFO SparkEnv: Registering BlockManagerMaster
[2023-05-29T09:58:41.470+0000] {spark_submit.py:490} INFO - 23/05/29 09:58:41 INFO BlockManagerMasterEndpoint: Using org.apache.spark.storage.DefaultTopologyMapper for getting topology information
[2023-05-29T09:58:41.471+0000] {spark_submit.py:490} INFO - 23/05/29 09:58:41 INFO BlockManagerMasterEndpoint: BlockManagerMasterEndpoint up
[2023-05-29T09:58:41.482+0000] {spark_submit.py:490} INFO - 23/05/29 09:58:41 INFO SparkEnv: Registering BlockManagerMasterHeartbeat
[2023-05-29T09:58:41.556+0000] {spark_submit.py:490} INFO - 23/05/29 09:58:41 INFO DiskBlockManager: Created local directory at /tmp/blockmgr-fd775be6-2e25-4d66-b088-9571fafd6b4a
[2023-05-29T09:58:41.659+0000] {spark_submit.py:490} INFO - 23/05/29 09:58:41 INFO MemoryStore: MemoryStore started with capacity 366.3 MiB
[2023-05-29T09:58:41.717+0000] {spark_submit.py:490} INFO - 23/05/29 09:58:41 INFO SparkEnv: Registering OutputCommitCoordinator
[2023-05-29T09:58:42.482+0000] {spark_submit.py:490} INFO - 23/05/29 09:58:42 INFO Utils: Successfully started service 'SparkUI' on port 4040.
[2023-05-29T09:58:42.689+0000] {spark_submit.py:490} INFO - 23/05/29 09:58:42 INFO SparkUI: Bound SparkUI to 0.0.0.0, and started at http://d68e775f4ed7:4040
[2023-05-29T09:58:43.526+0000] {spark_submit.py:490} INFO - 23/05/29 09:58:43 INFO StandaloneAppClient$ClientEndpoint: Connecting to master spark://spark-master:7077...
[2023-05-29T09:58:43.805+0000] {spark_submit.py:490} INFO - 23/05/29 09:58:43 INFO TransportClientFactory: Successfully created connection to spark-master/172.27.0.2:7077 after 153 ms (0 ms spent in bootstraps)
[2023-05-29T09:58:44.121+0000] {spark_submit.py:490} INFO - 23/05/29 09:58:44 INFO StandaloneSchedulerBackend: Connected to Spark cluster with app ID app-20230529095844-0024
[2023-05-29T09:58:44.132+0000] {spark_submit.py:490} INFO - 23/05/29 09:58:44 INFO StandaloneAppClient$ClientEndpoint: Executor added: app-20230529095844-0024/0 on worker-20230529072513-172.27.0.3-7000 (172.27.0.3:7000) with 1 core(s)
[2023-05-29T09:58:44.140+0000] {spark_submit.py:490} INFO - 23/05/29 09:58:44 INFO StandaloneSchedulerBackend: Granted executor ID app-20230529095844-0024/0 on hostPort 172.27.0.3:7000 with 1 core(s), 1024.0 MiB RAM
[2023-05-29T09:58:44.149+0000] {spark_submit.py:490} INFO - 23/05/29 09:58:44 INFO Utils: Successfully started service 'org.apache.spark.network.netty.NettyBlockTransferService' on port 35471.
[2023-05-29T09:58:44.149+0000] {spark_submit.py:490} INFO - 23/05/29 09:58:44 INFO NettyBlockTransferService: Server created on d68e775f4ed7:35471
[2023-05-29T09:58:44.157+0000] {spark_submit.py:490} INFO - 23/05/29 09:58:44 INFO BlockManager: Using org.apache.spark.storage.RandomBlockReplicationPolicy for block replication policy
[2023-05-29T09:58:44.190+0000] {spark_submit.py:490} INFO - 23/05/29 09:58:44 INFO BlockManagerMaster: Registering BlockManager BlockManagerId(driver, d68e775f4ed7, 35471, None)
[2023-05-29T09:58:44.214+0000] {spark_submit.py:490} INFO - 23/05/29 09:58:44 INFO BlockManagerMasterEndpoint: Registering block manager d68e775f4ed7:35471 with 366.3 MiB RAM, BlockManagerId(driver, d68e775f4ed7, 35471, None)
[2023-05-29T09:58:44.229+0000] {spark_submit.py:490} INFO - 23/05/29 09:58:44 INFO BlockManagerMaster: Registered BlockManager BlockManagerId(driver, d68e775f4ed7, 35471, None)
[2023-05-29T09:58:44.236+0000] {spark_submit.py:490} INFO - 23/05/29 09:58:44 INFO BlockManager: Initialized BlockManager: BlockManagerId(driver, d68e775f4ed7, 35471, None)
[2023-05-29T09:58:44.273+0000] {spark_submit.py:490} INFO - 23/05/29 09:58:44 INFO StandaloneAppClient$ClientEndpoint: Executor updated: app-20230529095844-0024/0 is now RUNNING
[2023-05-29T09:58:45.008+0000] {spark_submit.py:490} INFO - 23/05/29 09:58:45 INFO StandaloneSchedulerBackend: SchedulerBackend is ready for scheduling beginning after reached minRegisteredResourcesRatio: 0.0
[2023-05-29T09:58:46.361+0000] {spark_submit.py:490} INFO - 23/05/29 09:58:46 INFO SharedState: Setting hive.metastore.warehouse.dir ('null') to the value of spark.sql.warehouse.dir.
[2023-05-29T09:58:46.902+0000] {spark_submit.py:490} INFO - 23/05/29 09:58:46 INFO SharedState: Warehouse path is 'file:/opt/***/spark-warehouse'.
[2023-05-29T09:58:51.924+0000] {spark_submit.py:490} INFO - /usr/local/lib/python3.7/site-packages/pyspark/sql/context.py:79: FutureWarning: Deprecated in 3.0.0. Use SparkSession.builder.getOrCreate() instead.
[2023-05-29T09:58:51.925+0000] {spark_submit.py:490} INFO - FutureWarning
[2023-05-29T09:58:52.812+0000] {spark_submit.py:490} INFO - 23/05/29 09:58:52 INFO InMemoryFileIndex: It took 142 ms to list leaf files for 1 paths.
[2023-05-29T09:58:56.214+0000] {spark_submit.py:490} INFO - 23/05/29 09:58:56 INFO CoarseGrainedSchedulerBackend$DriverEndpoint: Registered executor NettyRpcEndpointRef(spark-client://Executor) (172.27.0.3:53516) with ID 0,  ResourceProfileId 0
[2023-05-29T09:58:56.642+0000] {spark_submit.py:490} INFO - 23/05/29 09:58:56 INFO BlockManagerMasterEndpoint: Registering block manager 172.27.0.3:39883 with 366.3 MiB RAM, BlockManagerId(0, 172.27.0.3, 39883, None)
[2023-05-29T09:59:06.370+0000] {spark_submit.py:490} INFO - 23/05/29 09:59:06 INFO FileSourceStrategy: Pushed Filters: IsNotNull(Price),Not(StringContains(Price,Liên hệ))
[2023-05-29T09:59:06.378+0000] {spark_submit.py:490} INFO - 23/05/29 09:59:06 INFO FileSourceStrategy: Post-Scan Filters: isnotnull(Price#9),NOT Contains(Price#9, Liên hệ)
[2023-05-29T09:59:06.390+0000] {spark_submit.py:490} INFO - 23/05/29 09:59:06 INFO FileSourceStrategy: Output Data Schema: struct<Battery: string, Brand: string, CPU: string, Color: string, Display: string ... 14 more fields>
[2023-05-29T09:59:10.143+0000] {spark_submit.py:490} INFO - 23/05/29 09:59:10 INFO CodeGenerator: Code generated in 1367.396536 ms
[2023-05-29T09:59:10.307+0000] {spark_submit.py:490} INFO - 23/05/29 09:59:10 INFO MemoryStore: Block broadcast_0 stored as values in memory (estimated size 338.6 KiB, free 366.0 MiB)
[2023-05-29T09:59:10.504+0000] {spark_submit.py:490} INFO - 23/05/29 09:59:10 INFO MemoryStore: Block broadcast_0_piece0 stored as bytes in memory (estimated size 32.5 KiB, free 365.9 MiB)
[2023-05-29T09:59:10.512+0000] {spark_submit.py:490} INFO - 23/05/29 09:59:10 INFO BlockManagerInfo: Added broadcast_0_piece0 in memory on d68e775f4ed7:35471 (size: 32.5 KiB, free: 366.3 MiB)
[2023-05-29T09:59:10.527+0000] {spark_submit.py:490} INFO - 23/05/29 09:59:10 INFO SparkContext: Created broadcast 0 from showString at NativeMethodAccessorImpl.java:0
[2023-05-29T09:59:10.619+0000] {spark_submit.py:490} INFO - 23/05/29 09:59:10 INFO FileSourceScanExec: Planning scan with bin packing, max size: 4194304 bytes, open cost is considered as scanning 4194304 bytes.
[2023-05-29T09:59:10.896+0000] {spark_submit.py:490} INFO - 23/05/29 09:59:10 INFO SparkContext: Starting job: showString at NativeMethodAccessorImpl.java:0
[2023-05-29T09:59:10.942+0000] {spark_submit.py:490} INFO - 23/05/29 09:59:10 INFO DAGScheduler: Got job 0 (showString at NativeMethodAccessorImpl.java:0) with 1 output partitions
[2023-05-29T09:59:10.944+0000] {spark_submit.py:490} INFO - 23/05/29 09:59:10 INFO DAGScheduler: Final stage: ResultStage 0 (showString at NativeMethodAccessorImpl.java:0)
[2023-05-29T09:59:10.945+0000] {spark_submit.py:490} INFO - 23/05/29 09:59:10 INFO DAGScheduler: Parents of final stage: List()
[2023-05-29T09:59:10.948+0000] {spark_submit.py:490} INFO - 23/05/29 09:59:10 INFO DAGScheduler: Missing parents: List()
[2023-05-29T09:59:10.964+0000] {spark_submit.py:490} INFO - 23/05/29 09:59:10 INFO DAGScheduler: Submitting ResultStage 0 (MapPartitionsRDD[3] at showString at NativeMethodAccessorImpl.java:0), which has no missing parents
[2023-05-29T09:59:11.239+0000] {spark_submit.py:490} INFO - 23/05/29 09:59:11 INFO MemoryStore: Block broadcast_1 stored as values in memory (estimated size 64.5 KiB, free 365.9 MiB)
[2023-05-29T09:59:11.249+0000] {spark_submit.py:490} INFO - 23/05/29 09:59:11 INFO MemoryStore: Block broadcast_1_piece0 stored as bytes in memory (estimated size 19.8 KiB, free 365.9 MiB)
[2023-05-29T09:59:11.251+0000] {spark_submit.py:490} INFO - 23/05/29 09:59:11 INFO BlockManagerInfo: Added broadcast_1_piece0 in memory on d68e775f4ed7:35471 (size: 19.8 KiB, free: 366.2 MiB)
[2023-05-29T09:59:11.254+0000] {spark_submit.py:490} INFO - 23/05/29 09:59:11 INFO SparkContext: Created broadcast 1 from broadcast at DAGScheduler.scala:1478
[2023-05-29T09:59:11.307+0000] {spark_submit.py:490} INFO - 23/05/29 09:59:11 INFO DAGScheduler: Submitting 1 missing tasks from ResultStage 0 (MapPartitionsRDD[3] at showString at NativeMethodAccessorImpl.java:0) (first 15 tasks are for partitions Vector(0))
[2023-05-29T09:59:11.310+0000] {spark_submit.py:490} INFO - 23/05/29 09:59:11 INFO TaskSchedulerImpl: Adding task set 0.0 with 1 tasks resource profile 0
[2023-05-29T09:59:11.437+0000] {spark_submit.py:490} INFO - 23/05/29 09:59:11 INFO TaskSetManager: Starting task 0.0 in stage 0.0 (TID 0) (172.27.0.3, executor 0, partition 0, PROCESS_LOCAL, 4882 bytes) taskResourceAssignments Map()
[2023-05-29T09:59:12.646+0000] {spark_submit.py:490} INFO - 23/05/29 09:59:12 INFO BlockManagerInfo: Added broadcast_1_piece0 in memory on 172.27.0.3:39883 (size: 19.8 KiB, free: 366.3 MiB)
[2023-05-29T09:59:18.209+0000] {spark_submit.py:490} INFO - 23/05/29 09:59:18 INFO BlockManagerInfo: Added broadcast_0_piece0 in memory on 172.27.0.3:39883 (size: 32.5 KiB, free: 366.2 MiB)
[2023-05-29T09:59:19.787+0000] {spark_submit.py:490} INFO - 23/05/29 09:59:19 INFO TaskSetManager: Finished task 0.0 in stage 0.0 (TID 0) in 8383 ms on 172.27.0.3 (executor 0) (1/1)
[2023-05-29T09:59:19.795+0000] {spark_submit.py:490} INFO - 23/05/29 09:59:19 INFO TaskSchedulerImpl: Removed TaskSet 0.0, whose tasks have all completed, from pool
[2023-05-29T09:59:19.821+0000] {spark_submit.py:490} INFO - 23/05/29 09:59:19 INFO DAGScheduler: ResultStage 0 (showString at NativeMethodAccessorImpl.java:0) finished in 8.807 s
[2023-05-29T09:59:19.836+0000] {spark_submit.py:490} INFO - 23/05/29 09:59:19 INFO DAGScheduler: Job 0 is finished. Cancelling potential speculative or zombie tasks for this job
[2023-05-29T09:59:19.838+0000] {spark_submit.py:490} INFO - 23/05/29 09:59:19 INFO TaskSchedulerImpl: Killing all running tasks in stage 0: Stage finished
[2023-05-29T09:59:19.848+0000] {spark_submit.py:490} INFO - 23/05/29 09:59:19 INFO DAGScheduler: Job 0 finished: showString at NativeMethodAccessorImpl.java:0, took 8.949329 s
[2023-05-29T09:59:20.137+0000] {spark_submit.py:490} INFO - 23/05/29 09:59:20 INFO CodeGenerator: Code generated in 186.132751 ms
[2023-05-29T09:59:20.233+0000] {spark_submit.py:490} INFO - +-------------+------+--------------------+--------------+--------------------+--------------------+--------+--------------------+--------------+-----------+--------------------+--------------------+--------------------+--------------------+-------------+--------------------+
[2023-05-29T09:59:20.234+0000] {spark_submit.py:490} INFO - |      Battery| Brand|                 CPU|         Color|             Display|            Graphics|MFG_year|                Name|            OS|      Price|                 Ram|                Size|             Storage|                 URL|       Weight|            Wireless|
[2023-05-29T09:59:20.235+0000] {spark_submit.py:490} INFO - +-------------+------+--------------------+--------------+--------------------+--------------------+--------+--------------------+--------------+-----------+--------------------+--------------------+--------------------+--------------------+-------------+--------------------+
[2023-05-29T09:59:20.235+0000] {spark_submit.py:490} INFO - |         51wh|Lenovo|Intel core i5 836...|           Đen|14" Full HD (1920...|   Đồ họa Intel® UHD|    2019|Lenovo Thinkpad X...|    Windows 10|11.400.000đ|16GB LPDDR3 2133,...|32.3 x 21.7 x 1.49cm|256GB SSD, có 1 k...|https://trungtran...|       1.08kg|                null|
[2023-05-29T09:59:20.236+0000] {spark_submit.py:490} INFO - |         51wh|Lenovo|Intel core i5 836...|           Đen|14" Full HD (1920...|   Đồ họa Intel® UHD|    2019|Lenovo Thinkpad X...|    Windows 10|11.900.000đ|16GB LPDDR3 2133,...|32.3 x 21.7 x 1.49cm|256GB SSD, có 1 k...|https://trungtran...|       1.08kg|                null|
[2023-05-29T09:59:20.238+0000] {spark_submit.py:490} INFO - | 3-cell, 57wh|Lenovo|Intel Core i5-835...|           Đen|14″ FHD (1920×108...|Intel® UHD 620 on...|    2018|Thinkpad X1 Carbo...|    Windows 10|10.290.000đ|16GB LPDDR3-2133,...|32.3cm x 21.7cm x...|256 GB PCIe® NVMe...|https://trungtran...|       1.13kg|Intel® wifi 2×2 +...|
[2023-05-29T09:59:20.238+0000] {spark_submit.py:490} INFO - | 3-cell, 57wh|Lenovo|Intel Core i5-835...|           Đen|14″ FHD (1920×108...|Intel® UHD 620 on...|    2018|Thinkpad X1 Carbo...|    Windows 10|10.790.000đ|16GB LPDDR3-2133,...|32.3cm x 21.7cm x...|256 GB PCIe® NVMe...|https://trungtran...|       1.13kg|Intel® wifi 2×2 +...|
[2023-05-29T09:59:20.239+0000] {spark_submit.py:490} INFO - | 3-cell, 57wh|Lenovo|Intel Core i5-835...|           Đen|14″ FHD (1920×108...|Intel® UHD 620 on...|    2018|Lenovo Thinkpad X...|    Windows 10|11.400.000đ|16GB LPDDR3-2133,...|32.3cm x 21.7cm x...|256 GB PCIe® NVMe...|https://trungtran...|       1.13kg|Intel® wifi 2×2 +...|
[2023-05-29T09:59:20.240+0000] {spark_submit.py:490} INFO - |         96wh|    HP|Intel Core i7 682...|           Xám|17.3 in diagonal ...|Intel HD Graphics...|    2016|HP ZBook 17 G3 i7...|    Windows 10|13.800.000đ|     16 GB DDR4-2133|42.0 x 28.0 x 3.0 cm|           512GB SSD|https://trungtran...|          3kg|   Wi-Fi + Bluetooth|
[2023-05-29T09:59:20.240+0000] {spark_submit.py:490} INFO - |4-cell, 60 Wh|  Dell|Intel Core i7-866...|           Đen|14″ FHD (1920 x 1...|Intel® UHD 620 on...|    2018|Dell Latitude 740...|    Windows 10| 9.400.000đ|8GB DDR4 2666 (2X...|32.1 x 21.4 x 1.8...|256 GB PCIe® NVMe...|https://trungtran...|       1.35kg|Intel Dual-Band W...|
[2023-05-29T09:59:20.241+0000] {spark_submit.py:490} INFO - |4-cell, 60 Wh|  Dell|Intel Core i7-866...|           Đen|14″ FHD (1920 x 1...|Intel® UHD 620 on...|    2018|Dell Latitude 740...|    Windows 10| 9.900.000đ|8GB DDR4 2666 (2X...|32.1 x 21.4 x 1.8...|256 GB PCIe® NVMe...|https://trungtran...|       1.35kg|Intel Dual-Band W...|
[2023-05-29T09:59:20.241+0000] {spark_submit.py:490} INFO - |4-cell, 60 Wh|  Dell|Intel Core i7-866...|           Đen|14″ FHD (1920 x 1...|Intel® UHD 620 on...|    2018|Dell Latitude 740...|    Windows 10| 9.900.000đ|8GB DDR4 2666 (2X...|32.1 x 21.4 x 1.8...|256 GB PCIe® NVMe...|https://trungtran...|       1.35kg|Intel Dual-Band W...|
[2023-05-29T09:59:20.242+0000] {spark_submit.py:490} INFO - |4-cell, 60 Wh|  Dell|Intel Core i7-866...|           Đen|14″ FHD (1920 x 1...|Intel® UHD 620 on...|    2018|Dell Latitude 740...|    Windows 10|10.400.000đ|8GB DDR4 2666 (2X...|32.1 x 21.4 x 1.8...|256 GB PCIe® NVMe...|https://trungtran...|       1.35kg|Intel Dual-Band W...|
[2023-05-29T09:59:20.242+0000] {spark_submit.py:490} INFO - |4-cell, 60 Wh|  Dell|Intel Core i7-866...|           Đen|14″ FHD (1920 x 1...|Intel® UHD 620 on...|    2018|Dell Latitude 740...|    Windows 10| 8.100.000đ|8GB DDR4 2666 (2X...|32.1 x 21.4 x 1.8...|256 GB PCIe® NVMe...|https://trungtran...|       1.35kg|Intel Dual-Band W...|
[2023-05-29T09:59:20.243+0000] {spark_submit.py:490} INFO - |       6cells|Lenovo|Intel® Core™ i7-7...|           Đen|14.1inch Màn 2K I...|Intel® HD Graphic...|    2017|Lenovo Thinkpad T...|    Windows 10|14.990.000đ|16GB RAM DDR4 240...|34cm x 23,5cm x 2...|           512GB SSD|https://trungtran...|1.85 - 1.95kg|   Wi-Fi + Bluetooth|
[2023-05-29T09:59:20.243+0000] {spark_submit.py:490} INFO - |       6 Cell|Lenovo|Intel Xeon E3-150...|           Đen|15.6 inch FHD (19...|Intel® HD Graphic...|    2017|ThinkPad P50 Xeon...|    Windows 10|15.000.000đ|   16GB DDR4 2133Mhz|37.7 x 25.2 x 2.6...|           512GB SSD|https://trungtran...|    2.8-2.9kg|   Wi-Fi + Bluetooth|
[2023-05-29T09:59:20.244+0000] {spark_submit.py:490} INFO - |       6 Cell|Lenovo|Intel Xeon E3-150...|           Đen|15.6 inch FHD (19...|Intel® HD Graphic...|    2017|ThinkPad P50 Xeon...|    Windows 10|16.000.000đ|   16GB DDR4 2133Mhz|37.7 x 25.2 x 2.6...|           512GB SSD|https://trungtran...|    2.8-2.9kg|   Wi-Fi + Bluetooth|
[2023-05-29T09:59:20.244+0000] {spark_submit.py:490} INFO - |       6 Cell|Lenovo|Intel Xeon E3-150...|           Đen|15.6 inch FHD (19...|Intel® HD Graphic...|    2017|ThinkPad P50 Xeon...|    Windows 10|18.000.000đ|   16GB DDR4 2133Mhz|37.7 x 25.2 x 2.6...|           512GB SSD|https://trungtran...|    2.8-2.9kg|   Wi-Fi + Bluetooth|
[2023-05-29T09:59:20.245+0000] {spark_submit.py:490} INFO - |       6 Cell|Lenovo|Intel Xeon E3-150...|           Đen|15.6 inch FHD (19...|Intel® HD Graphic...|    2017|ThinkPad P50 Xeon...|    Windows 10|19.000.000đ|   16GB DDR4 2133Mhz|37.7 x 25.2 x 2.6...|           512GB SSD|https://trungtran...|    2.8-2.9kg|   Wi-Fi + Bluetooth|
[2023-05-29T09:59:20.245+0000] {spark_submit.py:490} INFO - | 4-cell, 60wh|  Dell|Intel® Core™ i5-8...|           Đen|14″ FHD WVA (1920...|Intel UHD Graphic...|    2018|Dell Latitude 530...|    Windows 10| 8.500.000đ|8GB DDR4 2666 (2X...|30.5 x 20.7 x 1.6...|256GB PCIe® NVMe™...|https://trungtran...|       1.24kg|Intel® Dual Band ...|
[2023-05-29T09:59:20.246+0000] {spark_submit.py:490} INFO - | 4-cell, 60wh|  Dell|Intel® Core™ i5-8...|           Đen|14″ FHD WVA (1920...|Intel UHD Graphic...|    2018|Dell Latitude 530...|    Windows 10| 9.500.000đ|8GB DDR4 2666 (2X...|30.5 x 20.7 x 1.6...|256GB PCIe® NVMe™...|https://trungtran...|       1.24kg|Intel® Dual Band ...|
[2023-05-29T09:59:20.246+0000] {spark_submit.py:490} INFO - |6-cell, 97whr|  Dell|Intel® Core™ i7 8...|Platinum (bạc)|15.6" UltraSharp ...|Intel UHD Graphic...|    2018|Dell Precision 55...|Windows 10 Pro|13.900.000đ|16GB DDR4 bus 266...|35.7cm x 23.5cm x...|512GB PCIe® NVMe™...|https://trungtran...|       1,87kg|Wi-Fi® 6, Bluetoo...|
[2023-05-29T09:59:20.247+0000] {spark_submit.py:490} INFO - |6-cell, 97whr|  Dell|Intel® Core™ i7 8...|Platinum (bạc)|15.6" UltraSharp ...|Intel UHD Graphic...|    2018|Dell Precision 55...|Windows 10 Pro|14.900.000đ|16GB DDR4 bus 266...|35.7cm x 23.5cm x...|512GB PCIe® NVMe™...|https://trungtran...|       1,87kg|Wi-Fi® 6, Bluetoo...|
[2023-05-29T09:59:20.247+0000] {spark_submit.py:490} INFO - +-------------+------+--------------------+--------------+--------------------+--------------------+--------+--------------------+--------------+-----------+--------------------+--------------------+--------------------+--------------------+-------------+--------------------+
[2023-05-29T09:59:20.248+0000] {spark_submit.py:490} INFO - only showing top 20 rows
[2023-05-29T09:59:20.248+0000] {spark_submit.py:490} INFO - 
[2023-05-29T09:59:21.384+0000] {spark_submit.py:490} INFO - 23/05/29 09:59:21 INFO FileSourceStrategy: Pushed Filters: IsNotNull(Price),Not(StringContains(Price,Liên hệ))
[2023-05-29T09:59:21.386+0000] {spark_submit.py:490} INFO - 23/05/29 09:59:21 INFO FileSourceStrategy: Post-Scan Filters: isnotnull(Price#9),NOT Contains(Price#9, Liên hệ)
[2023-05-29T09:59:21.388+0000] {spark_submit.py:490} INFO - 23/05/29 09:59:21 INFO FileSourceStrategy: Output Data Schema: struct<Battery: string, Brand: string, CPU: string, Color: string, Display: string ... 14 more fields>
[2023-05-29T09:59:21.760+0000] {spark_submit.py:490} INFO - 23/05/29 09:59:21 INFO MemoryStore: Block broadcast_2 stored as values in memory (estimated size 338.6 KiB, free 365.5 MiB)
[2023-05-29T09:59:21.922+0000] {spark_submit.py:490} INFO - 23/05/29 09:59:21 INFO MemoryStore: Block broadcast_2_piece0 stored as bytes in memory (estimated size 32.5 KiB, free 365.5 MiB)
[2023-05-29T09:59:21.977+0000] {spark_submit.py:490} INFO - 23/05/29 09:59:21 INFO BlockManagerInfo: Added broadcast_2_piece0 in memory on d68e775f4ed7:35471 (size: 32.5 KiB, free: 366.2 MiB)
[2023-05-29T09:59:21.983+0000] {spark_submit.py:490} INFO - 23/05/29 09:59:21 INFO SparkContext: Created broadcast 2 from toPandas at /opt/spark/app/process_trungtran.py:52
[2023-05-29T09:59:21.989+0000] {spark_submit.py:490} INFO - 23/05/29 09:59:21 INFO FileSourceScanExec: Planning scan with bin packing, max size: 4194304 bytes, open cost is considered as scanning 4194304 bytes.
[2023-05-29T09:59:22.032+0000] {spark_submit.py:490} INFO - 23/05/29 09:59:22 INFO BlockManagerInfo: Removed broadcast_1_piece0 on d68e775f4ed7:35471 in memory (size: 19.8 KiB, free: 366.2 MiB)
[2023-05-29T09:59:22.052+0000] {spark_submit.py:490} INFO - 23/05/29 09:59:22 INFO BlockManagerInfo: Removed broadcast_1_piece0 on 172.27.0.3:39883 in memory (size: 19.8 KiB, free: 366.3 MiB)
[2023-05-29T09:59:22.140+0000] {spark_submit.py:490} INFO - 23/05/29 09:59:22 INFO SparkContext: Starting job: toPandas at /opt/spark/app/process_trungtran.py:52
[2023-05-29T09:59:22.145+0000] {spark_submit.py:490} INFO - 23/05/29 09:59:22 INFO DAGScheduler: Got job 1 (toPandas at /opt/spark/app/process_trungtran.py:52) with 1 output partitions
[2023-05-29T09:59:22.146+0000] {spark_submit.py:490} INFO - 23/05/29 09:59:22 INFO DAGScheduler: Final stage: ResultStage 1 (toPandas at /opt/spark/app/process_trungtran.py:52)
[2023-05-29T09:59:22.147+0000] {spark_submit.py:490} INFO - 23/05/29 09:59:22 INFO DAGScheduler: Parents of final stage: List()
[2023-05-29T09:59:22.147+0000] {spark_submit.py:490} INFO - 23/05/29 09:59:22 INFO DAGScheduler: Missing parents: List()
[2023-05-29T09:59:22.156+0000] {spark_submit.py:490} INFO - 23/05/29 09:59:22 INFO DAGScheduler: Submitting ResultStage 1 (MapPartitionsRDD[7] at toPandas at /opt/spark/app/process_trungtran.py:52), which has no missing parents
[2023-05-29T09:59:22.180+0000] {spark_submit.py:490} INFO - 23/05/29 09:59:22 INFO MemoryStore: Block broadcast_3 stored as values in memory (estimated size 64.6 KiB, free 365.5 MiB)
[2023-05-29T09:59:22.190+0000] {spark_submit.py:490} INFO - 23/05/29 09:59:22 INFO MemoryStore: Block broadcast_3_piece0 stored as bytes in memory (estimated size 19.8 KiB, free 365.5 MiB)
[2023-05-29T09:59:22.197+0000] {spark_submit.py:490} INFO - 23/05/29 09:59:22 INFO BlockManagerInfo: Added broadcast_3_piece0 in memory on d68e775f4ed7:35471 (size: 19.8 KiB, free: 366.2 MiB)
[2023-05-29T09:59:22.198+0000] {spark_submit.py:490} INFO - 23/05/29 09:59:22 INFO SparkContext: Created broadcast 3 from broadcast at DAGScheduler.scala:1478
[2023-05-29T09:59:22.202+0000] {spark_submit.py:490} INFO - 23/05/29 09:59:22 INFO DAGScheduler: Submitting 1 missing tasks from ResultStage 1 (MapPartitionsRDD[7] at toPandas at /opt/spark/app/process_trungtran.py:52) (first 15 tasks are for partitions Vector(0))
[2023-05-29T09:59:22.203+0000] {spark_submit.py:490} INFO - 23/05/29 09:59:22 INFO TaskSchedulerImpl: Adding task set 1.0 with 1 tasks resource profile 0
[2023-05-29T09:59:22.208+0000] {spark_submit.py:490} INFO - 23/05/29 09:59:22 INFO TaskSetManager: Starting task 0.0 in stage 1.0 (TID 1) (172.27.0.3, executor 0, partition 0, PROCESS_LOCAL, 4882 bytes) taskResourceAssignments Map()
[2023-05-29T09:59:22.385+0000] {spark_submit.py:490} INFO - 23/05/29 09:59:22 INFO BlockManagerInfo: Added broadcast_3_piece0 in memory on 172.27.0.3:39883 (size: 19.8 KiB, free: 366.2 MiB)
[2023-05-29T09:59:22.603+0000] {spark_submit.py:490} INFO - 23/05/29 09:59:22 INFO BlockManagerInfo: Added broadcast_2_piece0 in memory on 172.27.0.3:39883 (size: 32.5 KiB, free: 366.2 MiB)
[2023-05-29T09:59:22.925+0000] {spark_submit.py:490} INFO - 23/05/29 09:59:22 INFO TaskSetManager: Finished task 0.0 in stage 1.0 (TID 1) in 718 ms on 172.27.0.3 (executor 0) (1/1)
[2023-05-29T09:59:22.927+0000] {spark_submit.py:490} INFO - 23/05/29 09:59:22 INFO TaskSchedulerImpl: Removed TaskSet 1.0, whose tasks have all completed, from pool
[2023-05-29T09:59:22.931+0000] {spark_submit.py:490} INFO - 23/05/29 09:59:22 INFO DAGScheduler: ResultStage 1 (toPandas at /opt/spark/app/process_trungtran.py:52) finished in 0.766 s
[2023-05-29T09:59:22.932+0000] {spark_submit.py:490} INFO - 23/05/29 09:59:22 INFO DAGScheduler: Job 1 is finished. Cancelling potential speculative or zombie tasks for this job
[2023-05-29T09:59:22.933+0000] {spark_submit.py:490} INFO - 23/05/29 09:59:22 INFO TaskSchedulerImpl: Killing all running tasks in stage 1: Stage finished
[2023-05-29T09:59:22.937+0000] {spark_submit.py:490} INFO - 23/05/29 09:59:22 INFO DAGScheduler: Job 1 finished: toPandas at /opt/spark/app/process_trungtran.py:52, took 0.792527 s
[2023-05-29T09:59:23.248+0000] {spark_submit.py:490} INFO - 23/05/29 09:59:23 INFO SparkUI: Stopped Spark web UI at http://d68e775f4ed7:4040
[2023-05-29T09:59:23.293+0000] {spark_submit.py:490} INFO - 23/05/29 09:59:23 INFO StandaloneSchedulerBackend: Shutting down all executors
[2023-05-29T09:59:23.301+0000] {spark_submit.py:490} INFO - 23/05/29 09:59:23 INFO CoarseGrainedSchedulerBackend$DriverEndpoint: Asking each executor to shut down
[2023-05-29T09:59:23.519+0000] {spark_submit.py:490} INFO - 23/05/29 09:59:23 INFO MapOutputTrackerMasterEndpoint: MapOutputTrackerMasterEndpoint stopped!
[2023-05-29T09:59:23.741+0000] {spark_submit.py:490} INFO - 23/05/29 09:59:23 INFO MemoryStore: MemoryStore cleared
[2023-05-29T09:59:23.745+0000] {spark_submit.py:490} INFO - 23/05/29 09:59:23 INFO BlockManager: BlockManager stopped
[2023-05-29T09:59:23.756+0000] {spark_submit.py:490} INFO - 23/05/29 09:59:23 INFO BlockManagerMaster: BlockManagerMaster stopped
[2023-05-29T09:59:23.783+0000] {spark_submit.py:490} INFO - 23/05/29 09:59:23 INFO OutputCommitCoordinator$OutputCommitCoordinatorEndpoint: OutputCommitCoordinator stopped!
[2023-05-29T09:59:23.910+0000] {spark_submit.py:490} INFO - 23/05/29 09:59:23 INFO SparkContext: Successfully stopped SparkContext
[2023-05-29T09:59:24.607+0000] {spark_submit.py:490} INFO - 23/05/29 09:59:24 INFO ShutdownHookManager: Shutdown hook called
[2023-05-29T09:59:24.610+0000] {spark_submit.py:490} INFO - 23/05/29 09:59:24 INFO ShutdownHookManager: Deleting directory /tmp/spark-4aa96abb-fdfb-474c-8169-e7a53d5be5a1
[2023-05-29T09:59:24.620+0000] {spark_submit.py:490} INFO - 23/05/29 09:59:24 INFO ShutdownHookManager: Deleting directory /tmp/spark-90d03dae-5625-4b96-a5cd-9d70fd875556/pyspark-c1124488-ea2b-45a0-bd62-8c3204d2d766
[2023-05-29T09:59:24.631+0000] {spark_submit.py:490} INFO - 23/05/29 09:59:24 INFO ShutdownHookManager: Deleting directory /tmp/spark-90d03dae-5625-4b96-a5cd-9d70fd875556
[2023-05-29T09:59:24.888+0000] {warnings.py:110} WARNING - /usr/local/lib/python3.7/site-packages/***/models/taskinstance.py:871: SAWarning: TypeDecorator ExecutorConfigType() will not produce a cache key because the ``cache_ok`` attribute is not set to True.  This can have significant performance implications including some performance degradations in comparison to prior SQLAlchemy versions.  Set this attribute to True if this type object's state is safe to use in a cache key, or False to disable this warning. (Background on this error at: https://sqlalche.me/e/14/cprf)
  ti: TaskInstance | None = qry.with_for_update().one_or_none()

[2023-05-29T09:59:24.919+0000] {taskinstance.py:1406} INFO - Marking task as SUCCESS. dag_id=trungtran_process_data_1, task_id=trungtran_clean_data_11, execution_date=20230529T095825, start_date=20230529T095828, end_date=20230529T095924
[2023-05-29T09:59:25.025+0000] {local_task_job.py:164} INFO - Task exited with return code 0
[2023-05-29T09:59:25.136+0000] {local_task_job.py:273} INFO - 1 downstream tasks scheduled from follow-on schedule check
