[2023-05-31T04:54:08.949+0000] {processor.py:156} INFO - Started process (PID=43) to work on /opt/airflow/dags/azure_cosmos.py
[2023-05-31T04:54:08.961+0000] {processor.py:758} INFO - Processing file /opt/airflow/dags/azure_cosmos.py for tasks to queue
[2023-05-31T04:54:08.964+0000] {logging_mixin.py:117} INFO - [2023-05-31T04:54:08.963+0000] {dagbag.py:525} INFO - Filling up the DagBag from /opt/airflow/dags/azure_cosmos.py
[2023-05-31T04:54:13.535+0000] {processor.py:768} INFO - DAG(s) dict_keys(['read_cosmosdb_to_dataframe']) retrieved from /opt/airflow/dags/azure_cosmos.py
[2023-05-31T04:54:14.143+0000] {logging_mixin.py:117} INFO - [2023-05-31T04:54:14.142+0000] {dag.py:2573} INFO - Sync 1 DAGs
[2023-05-31T04:54:14.495+0000] {logging_mixin.py:117} INFO - [2023-05-31T04:54:14.494+0000] {dag.py:3328} INFO - Setting next_dagrun for read_cosmosdb_to_dataframe to None, run_after=None
[2023-05-31T04:54:14.684+0000] {processor.py:178} INFO - Processing /opt/airflow/dags/azure_cosmos.py took 5.801 seconds
[2023-05-31T06:23:47.048+0000] {processor.py:156} INFO - Started process (PID=29) to work on /opt/airflow/dags/azure_cosmos.py
[2023-05-31T06:23:47.051+0000] {processor.py:758} INFO - Processing file /opt/airflow/dags/azure_cosmos.py for tasks to queue
[2023-05-31T06:23:47.053+0000] {logging_mixin.py:117} INFO - [2023-05-31T06:23:47.053+0000] {dagbag.py:525} INFO - Filling up the DagBag from /opt/airflow/dags/azure_cosmos.py
[2023-05-31T06:23:48.560+0000] {processor.py:768} INFO - DAG(s) dict_keys(['read_cosmosdb_to_dataframe']) retrieved from /opt/airflow/dags/azure_cosmos.py
[2023-05-31T06:23:49.043+0000] {logging_mixin.py:117} INFO - [2023-05-31T06:23:49.042+0000] {dag.py:2573} INFO - Sync 1 DAGs
[2023-05-31T06:23:49.193+0000] {logging_mixin.py:117} INFO - [2023-05-31T06:23:49.192+0000] {dag.py:3328} INFO - Setting next_dagrun for read_cosmosdb_to_dataframe to None, run_after=None
[2023-05-31T06:23:49.299+0000] {processor.py:178} INFO - Processing /opt/airflow/dags/azure_cosmos.py took 2.264 seconds
[2023-05-31T06:24:19.580+0000] {processor.py:156} INFO - Started process (PID=56) to work on /opt/airflow/dags/azure_cosmos.py
[2023-05-31T06:24:19.582+0000] {processor.py:758} INFO - Processing file /opt/airflow/dags/azure_cosmos.py for tasks to queue
[2023-05-31T06:24:19.584+0000] {logging_mixin.py:117} INFO - [2023-05-31T06:24:19.584+0000] {dagbag.py:525} INFO - Filling up the DagBag from /opt/airflow/dags/azure_cosmos.py
[2023-05-31T06:24:20.776+0000] {processor.py:768} INFO - DAG(s) dict_keys(['read_cosmosdb_to_dataframe']) retrieved from /opt/airflow/dags/azure_cosmos.py
[2023-05-31T06:24:20.921+0000] {logging_mixin.py:117} INFO - [2023-05-31T06:24:20.920+0000] {dag.py:2573} INFO - Sync 1 DAGs
[2023-05-31T06:24:21.059+0000] {logging_mixin.py:117} INFO - [2023-05-31T06:24:21.058+0000] {dag.py:3328} INFO - Setting next_dagrun for read_cosmosdb_to_dataframe to None, run_after=None
[2023-05-31T06:24:21.148+0000] {processor.py:178} INFO - Processing /opt/airflow/dags/azure_cosmos.py took 1.578 seconds
[2023-05-31T06:24:51.303+0000] {processor.py:156} INFO - Started process (PID=83) to work on /opt/airflow/dags/azure_cosmos.py
[2023-05-31T06:24:51.305+0000] {processor.py:758} INFO - Processing file /opt/airflow/dags/azure_cosmos.py for tasks to queue
[2023-05-31T06:24:51.307+0000] {logging_mixin.py:117} INFO - [2023-05-31T06:24:51.306+0000] {dagbag.py:525} INFO - Filling up the DagBag from /opt/airflow/dags/azure_cosmos.py
[2023-05-31T06:24:52.406+0000] {processor.py:768} INFO - DAG(s) dict_keys(['read_cosmosdb_to_dataframe']) retrieved from /opt/airflow/dags/azure_cosmos.py
[2023-05-31T06:24:52.562+0000] {logging_mixin.py:117} INFO - [2023-05-31T06:24:52.561+0000] {dag.py:2573} INFO - Sync 1 DAGs
[2023-05-31T06:24:52.649+0000] {logging_mixin.py:117} INFO - [2023-05-31T06:24:52.649+0000] {dag.py:3328} INFO - Setting next_dagrun for read_cosmosdb_to_dataframe to None, run_after=None
[2023-05-31T06:24:52.703+0000] {processor.py:178} INFO - Processing /opt/airflow/dags/azure_cosmos.py took 1.410 seconds
[2023-05-31T06:25:23.001+0000] {processor.py:156} INFO - Started process (PID=120) to work on /opt/airflow/dags/azure_cosmos.py
[2023-05-31T06:25:23.003+0000] {processor.py:758} INFO - Processing file /opt/airflow/dags/azure_cosmos.py for tasks to queue
[2023-05-31T06:25:23.005+0000] {logging_mixin.py:117} INFO - [2023-05-31T06:25:23.005+0000] {dagbag.py:525} INFO - Filling up the DagBag from /opt/airflow/dags/azure_cosmos.py
[2023-05-31T06:25:24.001+0000] {processor.py:768} INFO - DAG(s) dict_keys(['read_cosmosdb_to_dataframe']) retrieved from /opt/airflow/dags/azure_cosmos.py
[2023-05-31T06:25:24.110+0000] {logging_mixin.py:117} INFO - [2023-05-31T06:25:24.109+0000] {dag.py:2573} INFO - Sync 1 DAGs
[2023-05-31T06:25:24.177+0000] {logging_mixin.py:117} INFO - [2023-05-31T06:25:24.177+0000] {dag.py:3328} INFO - Setting next_dagrun for read_cosmosdb_to_dataframe to None, run_after=None
[2023-05-31T06:25:24.226+0000] {processor.py:178} INFO - Processing /opt/airflow/dags/azure_cosmos.py took 1.234 seconds
[2023-05-31T06:25:54.689+0000] {processor.py:156} INFO - Started process (PID=146) to work on /opt/airflow/dags/azure_cosmos.py
[2023-05-31T06:25:54.701+0000] {processor.py:758} INFO - Processing file /opt/airflow/dags/azure_cosmos.py for tasks to queue
[2023-05-31T06:25:54.703+0000] {logging_mixin.py:117} INFO - [2023-05-31T06:25:54.703+0000] {dagbag.py:525} INFO - Filling up the DagBag from /opt/airflow/dags/azure_cosmos.py
[2023-05-31T06:25:55.659+0000] {processor.py:768} INFO - DAG(s) dict_keys(['read_cosmosdb_to_dataframe']) retrieved from /opt/airflow/dags/azure_cosmos.py
[2023-05-31T06:25:55.770+0000] {logging_mixin.py:117} INFO - [2023-05-31T06:25:55.770+0000] {dag.py:2573} INFO - Sync 1 DAGs
[2023-05-31T06:25:55.863+0000] {logging_mixin.py:117} INFO - [2023-05-31T06:25:55.863+0000] {dag.py:3328} INFO - Setting next_dagrun for read_cosmosdb_to_dataframe to None, run_after=None
[2023-05-31T06:25:55.935+0000] {processor.py:178} INFO - Processing /opt/airflow/dags/azure_cosmos.py took 1.268 seconds
[2023-05-31T06:26:26.461+0000] {processor.py:156} INFO - Started process (PID=172) to work on /opt/airflow/dags/azure_cosmos.py
[2023-05-31T06:26:26.471+0000] {processor.py:758} INFO - Processing file /opt/airflow/dags/azure_cosmos.py for tasks to queue
[2023-05-31T06:26:26.473+0000] {logging_mixin.py:117} INFO - [2023-05-31T06:26:26.473+0000] {dagbag.py:525} INFO - Filling up the DagBag from /opt/airflow/dags/azure_cosmos.py
[2023-05-31T06:26:27.532+0000] {processor.py:768} INFO - DAG(s) dict_keys(['read_cosmosdb_to_dataframe']) retrieved from /opt/airflow/dags/azure_cosmos.py
[2023-05-31T06:26:27.707+0000] {logging_mixin.py:117} INFO - [2023-05-31T06:26:27.706+0000] {dag.py:2573} INFO - Sync 1 DAGs
[2023-05-31T06:26:27.844+0000] {logging_mixin.py:117} INFO - [2023-05-31T06:26:27.843+0000] {dag.py:3328} INFO - Setting next_dagrun for read_cosmosdb_to_dataframe to None, run_after=None
[2023-05-31T06:26:27.925+0000] {processor.py:178} INFO - Processing /opt/airflow/dags/azure_cosmos.py took 1.473 seconds
[2023-05-31T06:26:58.105+0000] {processor.py:156} INFO - Started process (PID=208) to work on /opt/airflow/dags/azure_cosmos.py
[2023-05-31T06:26:58.110+0000] {processor.py:758} INFO - Processing file /opt/airflow/dags/azure_cosmos.py for tasks to queue
[2023-05-31T06:26:58.116+0000] {logging_mixin.py:117} INFO - [2023-05-31T06:26:58.112+0000] {dagbag.py:525} INFO - Filling up the DagBag from /opt/airflow/dags/azure_cosmos.py
[2023-05-31T06:27:00.516+0000] {processor.py:768} INFO - DAG(s) dict_keys(['read_cosmosdb_to_dataframe']) retrieved from /opt/airflow/dags/azure_cosmos.py
[2023-05-31T06:27:00.809+0000] {logging_mixin.py:117} INFO - [2023-05-31T06:27:00.808+0000] {dag.py:2573} INFO - Sync 1 DAGs
[2023-05-31T06:27:00.982+0000] {logging_mixin.py:117} INFO - [2023-05-31T06:27:00.981+0000] {dag.py:3328} INFO - Setting next_dagrun for read_cosmosdb_to_dataframe to None, run_after=None
[2023-05-31T06:27:01.150+0000] {processor.py:178} INFO - Processing /opt/airflow/dags/azure_cosmos.py took 3.088 seconds
