[2023-05-31T04:54:18.649+0000] {processor.py:156} INFO - Started process (PID=48) to work on /opt/airflow/dags/processSQL.py
[2023-05-31T04:54:18.652+0000] {processor.py:758} INFO - Processing file /opt/airflow/dags/processSQL.py for tasks to queue
[2023-05-31T04:54:18.655+0000] {logging_mixin.py:117} INFO - [2023-05-31T04:54:18.654+0000] {dagbag.py:525} INFO - Filling up the DagBag from /opt/airflow/dags/processSQL.py
[2023-05-31T04:54:18.770+0000] {processor.py:768} INFO - DAG(s) dict_keys(['postgresSQL']) retrieved from /opt/airflow/dags/processSQL.py
[2023-05-31T04:54:19.150+0000] {logging_mixin.py:117} INFO - [2023-05-31T04:54:19.150+0000] {dag.py:2573} INFO - Sync 1 DAGs
[2023-05-31T04:54:19.336+0000] {logging_mixin.py:117} INFO - [2023-05-31T04:54:19.336+0000] {dag.py:3328} INFO - Setting next_dagrun for postgresSQL to 2023-01-31T17:00:00+00:00, run_after=2023-01-31T17:00:00+00:00
[2023-05-31T04:54:19.490+0000] {processor.py:178} INFO - Processing /opt/airflow/dags/processSQL.py took 0.854 seconds
[2023-05-31T06:23:49.421+0000] {processor.py:156} INFO - Started process (PID=33) to work on /opt/airflow/dags/processSQL.py
[2023-05-31T06:23:49.426+0000] {processor.py:758} INFO - Processing file /opt/airflow/dags/processSQL.py for tasks to queue
[2023-05-31T06:23:49.428+0000] {logging_mixin.py:117} INFO - [2023-05-31T06:23:49.428+0000] {dagbag.py:525} INFO - Filling up the DagBag from /opt/airflow/dags/processSQL.py
[2023-05-31T06:23:49.700+0000] {processor.py:768} INFO - DAG(s) dict_keys(['postgresSQL']) retrieved from /opt/airflow/dags/processSQL.py
[2023-05-31T06:23:50.237+0000] {logging_mixin.py:117} INFO - [2023-05-31T06:23:50.236+0000] {dag.py:2573} INFO - Sync 1 DAGs
[2023-05-31T06:23:50.385+0000] {logging_mixin.py:117} INFO - [2023-05-31T06:23:50.385+0000] {dag.py:3328} INFO - Setting next_dagrun for postgresSQL to 2023-01-31T17:00:00+00:00, run_after=2023-01-31T17:00:00+00:00
[2023-05-31T06:23:50.483+0000] {processor.py:178} INFO - Processing /opt/airflow/dags/processSQL.py took 1.081 seconds
[2023-05-31T06:24:20.925+0000] {processor.py:156} INFO - Started process (PID=58) to work on /opt/airflow/dags/processSQL.py
[2023-05-31T06:24:20.936+0000] {processor.py:758} INFO - Processing file /opt/airflow/dags/processSQL.py for tasks to queue
[2023-05-31T06:24:20.938+0000] {logging_mixin.py:117} INFO - [2023-05-31T06:24:20.938+0000] {dagbag.py:525} INFO - Filling up the DagBag from /opt/airflow/dags/processSQL.py
[2023-05-31T06:24:21.083+0000] {processor.py:768} INFO - DAG(s) dict_keys(['postgresSQL']) retrieved from /opt/airflow/dags/processSQL.py
[2023-05-31T06:24:21.354+0000] {logging_mixin.py:117} INFO - [2023-05-31T06:24:21.353+0000] {dag.py:2573} INFO - Sync 1 DAGs
[2023-05-31T06:24:21.546+0000] {logging_mixin.py:117} INFO - [2023-05-31T06:24:21.545+0000] {dag.py:3328} INFO - Setting next_dagrun for postgresSQL to 2023-01-31T17:00:00+00:00, run_after=2023-01-31T17:00:00+00:00
[2023-05-31T06:24:21.637+0000] {processor.py:178} INFO - Processing /opt/airflow/dags/processSQL.py took 0.726 seconds
[2023-05-31T06:24:52.027+0000] {processor.py:156} INFO - Started process (PID=84) to work on /opt/airflow/dags/processSQL.py
[2023-05-31T06:24:52.029+0000] {processor.py:758} INFO - Processing file /opt/airflow/dags/processSQL.py for tasks to queue
[2023-05-31T06:24:52.031+0000] {logging_mixin.py:117} INFO - [2023-05-31T06:24:52.031+0000] {dagbag.py:525} INFO - Filling up the DagBag from /opt/airflow/dags/processSQL.py
[2023-05-31T06:24:52.132+0000] {processor.py:768} INFO - DAG(s) dict_keys(['postgresSQL']) retrieved from /opt/airflow/dags/processSQL.py
[2023-05-31T06:24:52.301+0000] {logging_mixin.py:117} INFO - [2023-05-31T06:24:52.300+0000] {dag.py:2573} INFO - Sync 1 DAGs
[2023-05-31T06:24:52.446+0000] {logging_mixin.py:117} INFO - [2023-05-31T06:24:52.445+0000] {dag.py:3328} INFO - Setting next_dagrun for postgresSQL to 2023-01-31T17:00:00+00:00, run_after=2023-01-31T17:00:00+00:00
[2023-05-31T06:24:52.523+0000] {processor.py:178} INFO - Processing /opt/airflow/dags/processSQL.py took 0.505 seconds
[2023-05-31T06:25:22.583+0000] {processor.py:156} INFO - Started process (PID=119) to work on /opt/airflow/dags/processSQL.py
[2023-05-31T06:25:22.586+0000] {processor.py:758} INFO - Processing file /opt/airflow/dags/processSQL.py for tasks to queue
[2023-05-31T06:25:22.587+0000] {logging_mixin.py:117} INFO - [2023-05-31T06:25:22.587+0000] {dagbag.py:525} INFO - Filling up the DagBag from /opt/airflow/dags/processSQL.py
[2023-05-31T06:25:22.682+0000] {processor.py:768} INFO - DAG(s) dict_keys(['postgresSQL']) retrieved from /opt/airflow/dags/processSQL.py
[2023-05-31T06:25:22.806+0000] {logging_mixin.py:117} INFO - [2023-05-31T06:25:22.806+0000] {dag.py:2573} INFO - Sync 1 DAGs
[2023-05-31T06:25:22.896+0000] {logging_mixin.py:117} INFO - [2023-05-31T06:25:22.896+0000] {dag.py:3328} INFO - Setting next_dagrun for postgresSQL to 2023-01-31T17:00:00+00:00, run_after=2023-01-31T17:00:00+00:00
[2023-05-31T06:25:22.945+0000] {processor.py:178} INFO - Processing /opt/airflow/dags/processSQL.py took 0.371 seconds
[2023-05-31T06:25:53.425+0000] {processor.py:156} INFO - Started process (PID=145) to work on /opt/airflow/dags/processSQL.py
[2023-05-31T06:25:53.427+0000] {processor.py:758} INFO - Processing file /opt/airflow/dags/processSQL.py for tasks to queue
[2023-05-31T06:25:53.429+0000] {logging_mixin.py:117} INFO - [2023-05-31T06:25:53.428+0000] {dagbag.py:525} INFO - Filling up the DagBag from /opt/airflow/dags/processSQL.py
[2023-05-31T06:25:53.520+0000] {processor.py:768} INFO - DAG(s) dict_keys(['postgresSQL']) retrieved from /opt/airflow/dags/processSQL.py
[2023-05-31T06:25:53.649+0000] {logging_mixin.py:117} INFO - [2023-05-31T06:25:53.648+0000] {dag.py:2573} INFO - Sync 1 DAGs
[2023-05-31T06:25:53.741+0000] {logging_mixin.py:117} INFO - [2023-05-31T06:25:53.741+0000] {dag.py:3328} INFO - Setting next_dagrun for postgresSQL to 2023-01-31T17:00:00+00:00, run_after=2023-01-31T17:00:00+00:00
[2023-05-31T06:25:53.799+0000] {processor.py:178} INFO - Processing /opt/airflow/dags/processSQL.py took 0.384 seconds
[2023-05-31T06:26:24.113+0000] {processor.py:156} INFO - Started process (PID=171) to work on /opt/airflow/dags/processSQL.py
[2023-05-31T06:26:24.115+0000] {processor.py:758} INFO - Processing file /opt/airflow/dags/processSQL.py for tasks to queue
[2023-05-31T06:26:24.117+0000] {logging_mixin.py:117} INFO - [2023-05-31T06:26:24.116+0000] {dagbag.py:525} INFO - Filling up the DagBag from /opt/airflow/dags/processSQL.py
[2023-05-31T06:26:24.209+0000] {processor.py:768} INFO - DAG(s) dict_keys(['postgresSQL']) retrieved from /opt/airflow/dags/processSQL.py
[2023-05-31T06:26:24.328+0000] {logging_mixin.py:117} INFO - [2023-05-31T06:26:24.327+0000] {dag.py:2573} INFO - Sync 1 DAGs
[2023-05-31T06:26:24.415+0000] {logging_mixin.py:117} INFO - [2023-05-31T06:26:24.414+0000] {dag.py:3328} INFO - Setting next_dagrun for postgresSQL to 2023-01-31T17:00:00+00:00, run_after=2023-01-31T17:00:00+00:00
[2023-05-31T06:26:24.479+0000] {processor.py:178} INFO - Processing /opt/airflow/dags/processSQL.py took 0.376 seconds
[2023-05-31T06:26:55.060+0000] {processor.py:156} INFO - Started process (PID=197) to work on /opt/airflow/dags/processSQL.py
[2023-05-31T06:26:55.066+0000] {processor.py:758} INFO - Processing file /opt/airflow/dags/processSQL.py for tasks to queue
[2023-05-31T06:26:55.077+0000] {logging_mixin.py:117} INFO - [2023-05-31T06:26:55.076+0000] {dagbag.py:525} INFO - Filling up the DagBag from /opt/airflow/dags/processSQL.py
[2023-05-31T06:26:55.291+0000] {processor.py:768} INFO - DAG(s) dict_keys(['postgresSQL']) retrieved from /opt/airflow/dags/processSQL.py
[2023-05-31T06:26:55.552+0000] {logging_mixin.py:117} INFO - [2023-05-31T06:26:55.552+0000] {dag.py:2573} INFO - Sync 1 DAGs
[2023-05-31T06:26:55.792+0000] {logging_mixin.py:117} INFO - [2023-05-31T06:26:55.791+0000] {dag.py:3328} INFO - Setting next_dagrun for postgresSQL to 2023-01-31T17:00:00+00:00, run_after=2023-01-31T17:00:00+00:00
[2023-05-31T06:26:55.939+0000] {processor.py:178} INFO - Processing /opt/airflow/dags/processSQL.py took 0.895 seconds
[2023-05-31T06:27:26.622+0000] {processor.py:156} INFO - Started process (PID=223) to work on /opt/airflow/dags/processSQL.py
[2023-05-31T06:27:26.625+0000] {processor.py:758} INFO - Processing file /opt/airflow/dags/processSQL.py for tasks to queue
[2023-05-31T06:27:26.627+0000] {logging_mixin.py:117} INFO - [2023-05-31T06:27:26.626+0000] {dagbag.py:525} INFO - Filling up the DagBag from /opt/airflow/dags/processSQL.py
[2023-05-31T06:27:26.742+0000] {processor.py:768} INFO - DAG(s) dict_keys(['postgresSQL']) retrieved from /opt/airflow/dags/processSQL.py
[2023-05-31T06:27:26.885+0000] {logging_mixin.py:117} INFO - [2023-05-31T06:27:26.884+0000] {dag.py:2573} INFO - Sync 1 DAGs
[2023-05-31T06:27:27.010+0000] {logging_mixin.py:117} INFO - [2023-05-31T06:27:27.009+0000] {dag.py:3328} INFO - Setting next_dagrun for postgresSQL to 2023-01-31T17:00:00+00:00, run_after=2023-01-31T17:00:00+00:00
[2023-05-31T06:27:27.119+0000] {processor.py:178} INFO - Processing /opt/airflow/dags/processSQL.py took 0.508 seconds
