[2023-05-31T04:54:14.804+0000] {processor.py:156} INFO - Started process (PID=45) to work on /opt/airflow/dags/spark_process_scheduler.py
[2023-05-31T04:54:14.807+0000] {processor.py:758} INFO - Processing file /opt/airflow/dags/spark_process_scheduler.py for tasks to queue
[2023-05-31T04:54:14.810+0000] {logging_mixin.py:117} INFO - [2023-05-31T04:54:14.809+0000] {dagbag.py:525} INFO - Filling up the DagBag from /opt/airflow/dags/spark_process_scheduler.py
[2023-05-31T04:54:15.023+0000] {processor.py:768} INFO - DAG(s) dict_keys(['spark_process_data_14']) retrieved from /opt/airflow/dags/spark_process_scheduler.py
[2023-05-31T04:54:15.704+0000] {logging_mixin.py:117} INFO - [2023-05-31T04:54:15.703+0000] {dag.py:2573} INFO - Sync 1 DAGs
[2023-05-31T04:54:15.849+0000] {logging_mixin.py:117} INFO - [2023-05-31T04:54:15.848+0000] {dag.py:3328} INFO - Setting next_dagrun for spark_process_data_14 to 2023-05-30T17:00:00+00:00, run_after=2023-05-31T17:00:00+00:00
[2023-05-31T04:54:15.946+0000] {processor.py:178} INFO - Processing /opt/airflow/dags/spark_process_scheduler.py took 1.156 seconds
[2023-05-31T06:23:48.156+0000] {processor.py:156} INFO - Started process (PID=31) to work on /opt/airflow/dags/spark_process_scheduler.py
[2023-05-31T06:23:48.159+0000] {processor.py:758} INFO - Processing file /opt/airflow/dags/spark_process_scheduler.py for tasks to queue
[2023-05-31T06:23:48.162+0000] {logging_mixin.py:117} INFO - [2023-05-31T06:23:48.161+0000] {dagbag.py:525} INFO - Filling up the DagBag from /opt/airflow/dags/spark_process_scheduler.py
[2023-05-31T06:23:48.324+0000] {processor.py:768} INFO - DAG(s) dict_keys(['spark_process_data_14']) retrieved from /opt/airflow/dags/spark_process_scheduler.py
[2023-05-31T06:23:48.881+0000] {logging_mixin.py:117} INFO - [2023-05-31T06:23:48.880+0000] {dag.py:2573} INFO - Sync 1 DAGs
[2023-05-31T06:23:49.041+0000] {logging_mixin.py:117} INFO - [2023-05-31T06:23:49.041+0000] {dag.py:3328} INFO - Setting next_dagrun for spark_process_data_14 to 2023-05-30T17:00:00+00:00, run_after=2023-05-31T17:00:00+00:00
[2023-05-31T06:23:49.143+0000] {processor.py:178} INFO - Processing /opt/airflow/dags/spark_process_scheduler.py took 0.999 seconds
[2023-05-31T06:24:19.602+0000] {processor.py:156} INFO - Started process (PID=57) to work on /opt/airflow/dags/spark_process_scheduler.py
[2023-05-31T06:24:19.605+0000] {processor.py:758} INFO - Processing file /opt/airflow/dags/spark_process_scheduler.py for tasks to queue
[2023-05-31T06:24:19.607+0000] {logging_mixin.py:117} INFO - [2023-05-31T06:24:19.607+0000] {dagbag.py:525} INFO - Filling up the DagBag from /opt/airflow/dags/spark_process_scheduler.py
[2023-05-31T06:24:19.753+0000] {processor.py:768} INFO - DAG(s) dict_keys(['spark_process_data_14']) retrieved from /opt/airflow/dags/spark_process_scheduler.py
[2023-05-31T06:24:19.933+0000] {logging_mixin.py:117} INFO - [2023-05-31T06:24:19.932+0000] {dag.py:2573} INFO - Sync 1 DAGs
[2023-05-31T06:24:20.079+0000] {logging_mixin.py:117} INFO - [2023-05-31T06:24:20.078+0000] {dag.py:3328} INFO - Setting next_dagrun for spark_process_data_14 to 2023-05-30T17:00:00+00:00, run_after=2023-05-31T17:00:00+00:00
[2023-05-31T06:24:20.169+0000] {processor.py:178} INFO - Processing /opt/airflow/dags/spark_process_scheduler.py took 0.579 seconds
[2023-05-31T06:24:50.492+0000] {processor.py:156} INFO - Started process (PID=82) to work on /opt/airflow/dags/spark_process_scheduler.py
[2023-05-31T06:24:50.494+0000] {processor.py:758} INFO - Processing file /opt/airflow/dags/spark_process_scheduler.py for tasks to queue
[2023-05-31T06:24:50.496+0000] {logging_mixin.py:117} INFO - [2023-05-31T06:24:50.495+0000] {dagbag.py:525} INFO - Filling up the DagBag from /opt/airflow/dags/spark_process_scheduler.py
[2023-05-31T06:24:50.602+0000] {processor.py:768} INFO - DAG(s) dict_keys(['spark_process_data_14']) retrieved from /opt/airflow/dags/spark_process_scheduler.py
[2023-05-31T06:24:50.759+0000] {logging_mixin.py:117} INFO - [2023-05-31T06:24:50.759+0000] {dag.py:2573} INFO - Sync 1 DAGs
[2023-05-31T06:24:50.865+0000] {logging_mixin.py:117} INFO - [2023-05-31T06:24:50.864+0000] {dag.py:3328} INFO - Setting next_dagrun for spark_process_data_14 to 2023-05-30T17:00:00+00:00, run_after=2023-05-31T17:00:00+00:00
[2023-05-31T06:24:50.944+0000] {processor.py:178} INFO - Processing /opt/airflow/dags/spark_process_scheduler.py took 0.461 seconds
[2023-05-31T06:25:21.116+0000] {processor.py:156} INFO - Started process (PID=117) to work on /opt/airflow/dags/spark_process_scheduler.py
[2023-05-31T06:25:21.127+0000] {processor.py:758} INFO - Processing file /opt/airflow/dags/spark_process_scheduler.py for tasks to queue
[2023-05-31T06:25:21.130+0000] {logging_mixin.py:117} INFO - [2023-05-31T06:25:21.129+0000] {dagbag.py:525} INFO - Filling up the DagBag from /opt/airflow/dags/spark_process_scheduler.py
[2023-05-31T06:25:21.256+0000] {processor.py:768} INFO - DAG(s) dict_keys(['spark_process_data_14']) retrieved from /opt/airflow/dags/spark_process_scheduler.py
[2023-05-31T06:25:21.404+0000] {logging_mixin.py:117} INFO - [2023-05-31T06:25:21.403+0000] {dag.py:2573} INFO - Sync 1 DAGs
[2023-05-31T06:25:21.500+0000] {logging_mixin.py:117} INFO - [2023-05-31T06:25:21.499+0000] {dag.py:3328} INFO - Setting next_dagrun for spark_process_data_14 to 2023-05-30T17:00:00+00:00, run_after=2023-05-31T17:00:00+00:00
[2023-05-31T06:25:21.564+0000] {processor.py:178} INFO - Processing /opt/airflow/dags/spark_process_scheduler.py took 0.457 seconds
[2023-05-31T06:25:52.117+0000] {processor.py:156} INFO - Started process (PID=143) to work on /opt/airflow/dags/spark_process_scheduler.py
[2023-05-31T06:25:52.127+0000] {processor.py:758} INFO - Processing file /opt/airflow/dags/spark_process_scheduler.py for tasks to queue
[2023-05-31T06:25:52.129+0000] {logging_mixin.py:117} INFO - [2023-05-31T06:25:52.129+0000] {dagbag.py:525} INFO - Filling up the DagBag from /opt/airflow/dags/spark_process_scheduler.py
[2023-05-31T06:25:52.234+0000] {processor.py:768} INFO - DAG(s) dict_keys(['spark_process_data_14']) retrieved from /opt/airflow/dags/spark_process_scheduler.py
[2023-05-31T06:25:52.379+0000] {logging_mixin.py:117} INFO - [2023-05-31T06:25:52.378+0000] {dag.py:2573} INFO - Sync 1 DAGs
[2023-05-31T06:25:52.492+0000] {logging_mixin.py:117} INFO - [2023-05-31T06:25:52.491+0000] {dag.py:3328} INFO - Setting next_dagrun for spark_process_data_14 to 2023-05-30T17:00:00+00:00, run_after=2023-05-31T17:00:00+00:00
[2023-05-31T06:25:52.549+0000] {processor.py:178} INFO - Processing /opt/airflow/dags/spark_process_scheduler.py took 0.442 seconds
[2023-05-31T06:26:22.664+0000] {processor.py:156} INFO - Started process (PID=169) to work on /opt/airflow/dags/spark_process_scheduler.py
[2023-05-31T06:26:22.666+0000] {processor.py:758} INFO - Processing file /opt/airflow/dags/spark_process_scheduler.py for tasks to queue
[2023-05-31T06:26:22.668+0000] {logging_mixin.py:117} INFO - [2023-05-31T06:26:22.667+0000] {dagbag.py:525} INFO - Filling up the DagBag from /opt/airflow/dags/spark_process_scheduler.py
[2023-05-31T06:26:22.772+0000] {processor.py:768} INFO - DAG(s) dict_keys(['spark_process_data_14']) retrieved from /opt/airflow/dags/spark_process_scheduler.py
[2023-05-31T06:26:22.891+0000] {logging_mixin.py:117} INFO - [2023-05-31T06:26:22.891+0000] {dag.py:2573} INFO - Sync 1 DAGs
[2023-05-31T06:26:22.980+0000] {logging_mixin.py:117} INFO - [2023-05-31T06:26:22.979+0000] {dag.py:3328} INFO - Setting next_dagrun for spark_process_data_14 to 2023-05-30T17:00:00+00:00, run_after=2023-05-31T17:00:00+00:00
[2023-05-31T06:26:23.044+0000] {processor.py:178} INFO - Processing /opt/airflow/dags/spark_process_scheduler.py took 0.389 seconds
[2023-05-31T06:26:53.311+0000] {processor.py:156} INFO - Started process (PID=195) to work on /opt/airflow/dags/spark_process_scheduler.py
[2023-05-31T06:26:53.321+0000] {processor.py:758} INFO - Processing file /opt/airflow/dags/spark_process_scheduler.py for tasks to queue
[2023-05-31T06:26:53.323+0000] {logging_mixin.py:117} INFO - [2023-05-31T06:26:53.323+0000] {dagbag.py:525} INFO - Filling up the DagBag from /opt/airflow/dags/spark_process_scheduler.py
[2023-05-31T06:26:53.456+0000] {processor.py:768} INFO - DAG(s) dict_keys(['spark_process_data_14']) retrieved from /opt/airflow/dags/spark_process_scheduler.py
[2023-05-31T06:26:53.638+0000] {logging_mixin.py:117} INFO - [2023-05-31T06:26:53.637+0000] {dag.py:2573} INFO - Sync 1 DAGs
[2023-05-31T06:26:53.805+0000] {logging_mixin.py:117} INFO - [2023-05-31T06:26:53.804+0000] {dag.py:3328} INFO - Setting next_dagrun for spark_process_data_14 to 2023-05-30T17:00:00+00:00, run_after=2023-05-31T17:00:00+00:00
[2023-05-31T06:26:53.911+0000] {processor.py:178} INFO - Processing /opt/airflow/dags/spark_process_scheduler.py took 0.609 seconds
[2023-05-31T06:27:24.250+0000] {processor.py:156} INFO - Started process (PID=221) to work on /opt/airflow/dags/spark_process_scheduler.py
[2023-05-31T06:27:24.253+0000] {processor.py:758} INFO - Processing file /opt/airflow/dags/spark_process_scheduler.py for tasks to queue
[2023-05-31T06:27:24.255+0000] {logging_mixin.py:117} INFO - [2023-05-31T06:27:24.254+0000] {dagbag.py:525} INFO - Filling up the DagBag from /opt/airflow/dags/spark_process_scheduler.py
[2023-05-31T06:27:24.368+0000] {processor.py:768} INFO - DAG(s) dict_keys(['spark_process_data_14']) retrieved from /opt/airflow/dags/spark_process_scheduler.py
[2023-05-31T06:27:24.487+0000] {logging_mixin.py:117} INFO - [2023-05-31T06:27:24.486+0000] {dag.py:2573} INFO - Sync 1 DAGs
[2023-05-31T06:27:24.580+0000] {logging_mixin.py:117} INFO - [2023-05-31T06:27:24.579+0000] {dag.py:3328} INFO - Setting next_dagrun for spark_process_data_14 to 2023-05-30T17:00:00+00:00, run_after=2023-05-31T17:00:00+00:00
[2023-05-31T06:27:24.647+0000] {processor.py:178} INFO - Processing /opt/airflow/dags/spark_process_scheduler.py took 0.406 seconds
