[2023-05-31T04:54:16.037+0000] {processor.py:156} INFO - Started process (PID=46) to work on /opt/airflow/dags/subtaskexample.py
[2023-05-31T04:54:16.039+0000] {processor.py:758} INFO - Processing file /opt/airflow/dags/subtaskexample.py for tasks to queue
[2023-05-31T04:54:16.042+0000] {logging_mixin.py:117} INFO - [2023-05-31T04:54:16.041+0000] {dagbag.py:525} INFO - Filling up the DagBag from /opt/airflow/dags/subtaskexample.py
[2023-05-31T04:54:16.205+0000] {processor.py:768} INFO - DAG(s) dict_keys(['CHIQUANGDAG.subdag', 'CHIQUANGDAG']) retrieved from /opt/airflow/dags/subtaskexample.py
[2023-05-31T04:54:17.112+0000] {logging_mixin.py:117} INFO - [2023-05-31T04:54:17.111+0000] {dag.py:2573} INFO - Sync 2 DAGs
[2023-05-31T04:54:17.200+0000] {logging_mixin.py:117} INFO - [2023-05-31T04:54:17.200+0000] {dag.py:3328} INFO - Setting next_dagrun for CHIQUANGDAG to 2023-01-31T17:00:00+00:00, run_after=2023-02-01T17:00:00+00:00
[2023-05-31T04:54:17.210+0000] {logging_mixin.py:117} INFO - [2023-05-31T04:54:17.209+0000] {dag.py:3328} INFO - Setting next_dagrun for CHIQUANGDAG.subdag to None, run_after=None
[2023-05-31T04:54:17.234+0000] {logging_mixin.py:117} INFO - [2023-05-31T04:54:17.233+0000] {dag.py:2573} INFO - Sync 1 DAGs
[2023-05-31T04:54:17.251+0000] {logging_mixin.py:117} INFO - [2023-05-31T04:54:17.250+0000] {dag.py:3328} INFO - Setting next_dagrun for CHIQUANGDAG.subdag to None, run_after=None
[2023-05-31T04:54:17.290+0000] {processor.py:178} INFO - Processing /opt/airflow/dags/subtaskexample.py took 1.267 seconds
[2023-05-31T06:23:49.240+0000] {processor.py:156} INFO - Started process (PID=32) to work on /opt/airflow/dags/subtaskexample.py
[2023-05-31T06:23:49.244+0000] {processor.py:758} INFO - Processing file /opt/airflow/dags/subtaskexample.py for tasks to queue
[2023-05-31T06:23:49.248+0000] {logging_mixin.py:117} INFO - [2023-05-31T06:23:49.247+0000] {dagbag.py:525} INFO - Filling up the DagBag from /opt/airflow/dags/subtaskexample.py
[2023-05-31T06:23:49.396+0000] {processor.py:768} INFO - DAG(s) dict_keys(['CHIQUANGDAG.subdag', 'CHIQUANGDAG']) retrieved from /opt/airflow/dags/subtaskexample.py
[2023-05-31T06:23:51.376+0000] {logging_mixin.py:117} INFO - [2023-05-31T06:23:51.375+0000] {dag.py:2573} INFO - Sync 2 DAGs
[2023-05-31T06:23:51.597+0000] {logging_mixin.py:117} INFO - [2023-05-31T06:23:51.596+0000] {dag.py:3328} INFO - Setting next_dagrun for CHIQUANGDAG to 2023-01-31T17:00:00+00:00, run_after=2023-02-01T17:00:00+00:00
[2023-05-31T06:23:51.647+0000] {logging_mixin.py:117} INFO - [2023-05-31T06:23:51.647+0000] {dag.py:3328} INFO - Setting next_dagrun for CHIQUANGDAG.subdag to None, run_after=None
[2023-05-31T06:23:51.705+0000] {logging_mixin.py:117} INFO - [2023-05-31T06:23:51.704+0000] {dag.py:2573} INFO - Sync 1 DAGs
[2023-05-31T06:23:51.737+0000] {logging_mixin.py:117} INFO - [2023-05-31T06:23:51.737+0000] {dag.py:3328} INFO - Setting next_dagrun for CHIQUANGDAG.subdag to None, run_after=None
[2023-05-31T06:23:51.790+0000] {processor.py:178} INFO - Processing /opt/airflow/dags/subtaskexample.py took 2.566 seconds
[2023-05-31T06:24:22.288+0000] {processor.py:156} INFO - Started process (PID=68) to work on /opt/airflow/dags/subtaskexample.py
[2023-05-31T06:24:22.290+0000] {processor.py:758} INFO - Processing file /opt/airflow/dags/subtaskexample.py for tasks to queue
[2023-05-31T06:24:22.292+0000] {logging_mixin.py:117} INFO - [2023-05-31T06:24:22.292+0000] {dagbag.py:525} INFO - Filling up the DagBag from /opt/airflow/dags/subtaskexample.py
[2023-05-31T06:24:22.392+0000] {processor.py:768} INFO - DAG(s) dict_keys(['CHIQUANGDAG.subdag', 'CHIQUANGDAG']) retrieved from /opt/airflow/dags/subtaskexample.py
[2023-05-31T06:24:23.202+0000] {logging_mixin.py:117} INFO - [2023-05-31T06:24:23.201+0000] {dag.py:2573} INFO - Sync 2 DAGs
[2023-05-31T06:24:23.297+0000] {logging_mixin.py:117} INFO - [2023-05-31T06:24:23.297+0000] {dag.py:3328} INFO - Setting next_dagrun for CHIQUANGDAG to 2023-01-31T17:00:00+00:00, run_after=2023-02-01T17:00:00+00:00
[2023-05-31T06:24:23.311+0000] {logging_mixin.py:117} INFO - [2023-05-31T06:24:23.311+0000] {dag.py:3328} INFO - Setting next_dagrun for CHIQUANGDAG.subdag to None, run_after=None
[2023-05-31T06:24:23.336+0000] {logging_mixin.py:117} INFO - [2023-05-31T06:24:23.335+0000] {dag.py:2573} INFO - Sync 1 DAGs
[2023-05-31T06:24:23.369+0000] {logging_mixin.py:117} INFO - [2023-05-31T06:24:23.369+0000] {dag.py:3328} INFO - Setting next_dagrun for CHIQUANGDAG.subdag to None, run_after=None
[2023-05-31T06:24:23.492+0000] {processor.py:178} INFO - Processing /opt/airflow/dags/subtaskexample.py took 1.217 seconds
[2023-05-31T06:24:53.597+0000] {processor.py:156} INFO - Started process (PID=94) to work on /opt/airflow/dags/subtaskexample.py
[2023-05-31T06:24:53.600+0000] {processor.py:758} INFO - Processing file /opt/airflow/dags/subtaskexample.py for tasks to queue
[2023-05-31T06:24:53.603+0000] {logging_mixin.py:117} INFO - [2023-05-31T06:24:53.603+0000] {dagbag.py:525} INFO - Filling up the DagBag from /opt/airflow/dags/subtaskexample.py
[2023-05-31T06:24:53.760+0000] {processor.py:768} INFO - DAG(s) dict_keys(['CHIQUANGDAG.subdag', 'CHIQUANGDAG']) retrieved from /opt/airflow/dags/subtaskexample.py
[2023-05-31T06:24:54.614+0000] {logging_mixin.py:117} INFO - [2023-05-31T06:24:54.614+0000] {dag.py:2573} INFO - Sync 2 DAGs
[2023-05-31T06:24:54.727+0000] {logging_mixin.py:117} INFO - [2023-05-31T06:24:54.727+0000] {dag.py:3328} INFO - Setting next_dagrun for CHIQUANGDAG to 2023-01-31T17:00:00+00:00, run_after=2023-02-01T17:00:00+00:00
[2023-05-31T06:24:54.739+0000] {logging_mixin.py:117} INFO - [2023-05-31T06:24:54.739+0000] {dag.py:3328} INFO - Setting next_dagrun for CHIQUANGDAG.subdag to None, run_after=None
[2023-05-31T06:24:54.760+0000] {logging_mixin.py:117} INFO - [2023-05-31T06:24:54.760+0000] {dag.py:2573} INFO - Sync 1 DAGs
[2023-05-31T06:24:54.789+0000] {logging_mixin.py:117} INFO - [2023-05-31T06:24:54.789+0000] {dag.py:3328} INFO - Setting next_dagrun for CHIQUANGDAG.subdag to None, run_after=None
[2023-05-31T06:24:54.827+0000] {processor.py:178} INFO - Processing /opt/airflow/dags/subtaskexample.py took 1.241 seconds
[2023-05-31T06:25:25.028+0000] {processor.py:156} INFO - Started process (PID=121) to work on /opt/airflow/dags/subtaskexample.py
[2023-05-31T06:25:25.038+0000] {processor.py:758} INFO - Processing file /opt/airflow/dags/subtaskexample.py for tasks to queue
[2023-05-31T06:25:25.039+0000] {logging_mixin.py:117} INFO - [2023-05-31T06:25:25.039+0000] {dagbag.py:525} INFO - Filling up the DagBag from /opt/airflow/dags/subtaskexample.py
[2023-05-31T06:25:25.160+0000] {processor.py:768} INFO - DAG(s) dict_keys(['CHIQUANGDAG.subdag', 'CHIQUANGDAG']) retrieved from /opt/airflow/dags/subtaskexample.py
[2023-05-31T06:25:25.668+0000] {logging_mixin.py:117} INFO - [2023-05-31T06:25:25.668+0000] {dag.py:2573} INFO - Sync 2 DAGs
[2023-05-31T06:25:25.743+0000] {logging_mixin.py:117} INFO - [2023-05-31T06:25:25.743+0000] {dag.py:3328} INFO - Setting next_dagrun for CHIQUANGDAG to 2023-01-31T17:00:00+00:00, run_after=2023-02-01T17:00:00+00:00
[2023-05-31T06:25:25.752+0000] {logging_mixin.py:117} INFO - [2023-05-31T06:25:25.752+0000] {dag.py:3328} INFO - Setting next_dagrun for CHIQUANGDAG.subdag to None, run_after=None
[2023-05-31T06:25:25.768+0000] {logging_mixin.py:117} INFO - [2023-05-31T06:25:25.768+0000] {dag.py:2573} INFO - Sync 1 DAGs
[2023-05-31T06:25:25.782+0000] {logging_mixin.py:117} INFO - [2023-05-31T06:25:25.782+0000] {dag.py:3328} INFO - Setting next_dagrun for CHIQUANGDAG.subdag to None, run_after=None
[2023-05-31T06:25:25.824+0000] {processor.py:178} INFO - Processing /opt/airflow/dags/subtaskexample.py took 0.805 seconds
[2023-05-31T06:25:56.011+0000] {processor.py:156} INFO - Started process (PID=148) to work on /opt/airflow/dags/subtaskexample.py
[2023-05-31T06:25:56.014+0000] {processor.py:758} INFO - Processing file /opt/airflow/dags/subtaskexample.py for tasks to queue
[2023-05-31T06:25:56.016+0000] {logging_mixin.py:117} INFO - [2023-05-31T06:25:56.015+0000] {dagbag.py:525} INFO - Filling up the DagBag from /opt/airflow/dags/subtaskexample.py
[2023-05-31T06:25:56.125+0000] {processor.py:768} INFO - DAG(s) dict_keys(['CHIQUANGDAG.subdag', 'CHIQUANGDAG']) retrieved from /opt/airflow/dags/subtaskexample.py
[2023-05-31T06:25:56.724+0000] {logging_mixin.py:117} INFO - [2023-05-31T06:25:56.723+0000] {dag.py:2573} INFO - Sync 2 DAGs
[2023-05-31T06:25:56.810+0000] {logging_mixin.py:117} INFO - [2023-05-31T06:25:56.809+0000] {dag.py:3328} INFO - Setting next_dagrun for CHIQUANGDAG to 2023-01-31T17:00:00+00:00, run_after=2023-02-01T17:00:00+00:00
[2023-05-31T06:25:56.824+0000] {logging_mixin.py:117} INFO - [2023-05-31T06:25:56.824+0000] {dag.py:3328} INFO - Setting next_dagrun for CHIQUANGDAG.subdag to None, run_after=None
[2023-05-31T06:25:56.843+0000] {logging_mixin.py:117} INFO - [2023-05-31T06:25:56.843+0000] {dag.py:2573} INFO - Sync 1 DAGs
[2023-05-31T06:25:56.859+0000] {logging_mixin.py:117} INFO - [2023-05-31T06:25:56.859+0000] {dag.py:3328} INFO - Setting next_dagrun for CHIQUANGDAG.subdag to None, run_after=None
[2023-05-31T06:25:56.897+0000] {processor.py:178} INFO - Processing /opt/airflow/dags/subtaskexample.py took 0.896 seconds
[2023-05-31T06:26:27.570+0000] {processor.py:156} INFO - Started process (PID=174) to work on /opt/airflow/dags/subtaskexample.py
[2023-05-31T06:26:27.573+0000] {processor.py:758} INFO - Processing file /opt/airflow/dags/subtaskexample.py for tasks to queue
[2023-05-31T06:26:27.576+0000] {logging_mixin.py:117} INFO - [2023-05-31T06:26:27.575+0000] {dagbag.py:525} INFO - Filling up the DagBag from /opt/airflow/dags/subtaskexample.py
[2023-05-31T06:26:27.719+0000] {processor.py:768} INFO - DAG(s) dict_keys(['CHIQUANGDAG.subdag', 'CHIQUANGDAG']) retrieved from /opt/airflow/dags/subtaskexample.py
[2023-05-31T06:26:28.269+0000] {logging_mixin.py:117} INFO - [2023-05-31T06:26:28.268+0000] {dag.py:2573} INFO - Sync 2 DAGs
[2023-05-31T06:26:28.385+0000] {logging_mixin.py:117} INFO - [2023-05-31T06:26:28.384+0000] {dag.py:3328} INFO - Setting next_dagrun for CHIQUANGDAG to 2023-01-31T17:00:00+00:00, run_after=2023-02-01T17:00:00+00:00
[2023-05-31T06:26:28.397+0000] {logging_mixin.py:117} INFO - [2023-05-31T06:26:28.397+0000] {dag.py:3328} INFO - Setting next_dagrun for CHIQUANGDAG.subdag to None, run_after=None
[2023-05-31T06:26:28.418+0000] {logging_mixin.py:117} INFO - [2023-05-31T06:26:28.417+0000] {dag.py:2573} INFO - Sync 1 DAGs
[2023-05-31T06:26:28.438+0000] {logging_mixin.py:117} INFO - [2023-05-31T06:26:28.437+0000] {dag.py:3328} INFO - Setting next_dagrun for CHIQUANGDAG.subdag to None, run_after=None
[2023-05-31T06:26:28.482+0000] {processor.py:178} INFO - Processing /opt/airflow/dags/subtaskexample.py took 0.922 seconds
[2023-05-31T06:26:58.655+0000] {processor.py:156} INFO - Started process (PID=209) to work on /opt/airflow/dags/subtaskexample.py
[2023-05-31T06:26:58.666+0000] {processor.py:758} INFO - Processing file /opt/airflow/dags/subtaskexample.py for tasks to queue
[2023-05-31T06:26:58.670+0000] {logging_mixin.py:117} INFO - [2023-05-31T06:26:58.669+0000] {dagbag.py:525} INFO - Filling up the DagBag from /opt/airflow/dags/subtaskexample.py
[2023-05-31T06:26:59.041+0000] {processor.py:768} INFO - DAG(s) dict_keys(['CHIQUANGDAG.subdag', 'CHIQUANGDAG']) retrieved from /opt/airflow/dags/subtaskexample.py
[2023-05-31T06:27:00.515+0000] {logging_mixin.py:117} INFO - [2023-05-31T06:27:00.515+0000] {dag.py:2573} INFO - Sync 2 DAGs
[2023-05-31T06:27:00.879+0000] {logging_mixin.py:117} INFO - [2023-05-31T06:27:00.878+0000] {dag.py:3328} INFO - Setting next_dagrun for CHIQUANGDAG to 2023-01-31T17:00:00+00:00, run_after=2023-02-01T17:00:00+00:00
[2023-05-31T06:27:00.903+0000] {logging_mixin.py:117} INFO - [2023-05-31T06:27:00.903+0000] {dag.py:3328} INFO - Setting next_dagrun for CHIQUANGDAG.subdag to None, run_after=None
[2023-05-31T06:27:00.945+0000] {logging_mixin.py:117} INFO - [2023-05-31T06:27:00.944+0000] {dag.py:2573} INFO - Sync 1 DAGs
[2023-05-31T06:27:00.988+0000] {logging_mixin.py:117} INFO - [2023-05-31T06:27:00.987+0000] {dag.py:3328} INFO - Setting next_dagrun for CHIQUANGDAG.subdag to None, run_after=None
[2023-05-31T06:27:01.076+0000] {processor.py:178} INFO - Processing /opt/airflow/dags/subtaskexample.py took 2.457 seconds
