[2023-05-29T16:41:17.113+0000] {warnings.py:110} WARNING - /usr/local/lib/python3.7/site-packages/***/models/taskinstance.py:871: SAWarning: TypeDecorator ExecutorConfigType() will not produce a cache key because the ``cache_ok`` attribute is not set to True.  This can have significant performance implications including some performance degradations in comparison to prior SQLAlchemy versions.  Set this attribute to True if this type object's state is safe to use in a cache key, or False to disable this warning. (Background on this error at: https://sqlalche.me/e/14/cprf)
  ti: TaskInstance | None = qry.with_for_update().one_or_none()

[2023-05-29T16:41:17.157+0000] {taskinstance.py:1165} INFO - Dependencies all met for <TaskInstance: word_count_1.word_count manual__2023-05-29T16:30:23.965622+00:00 [queued]>
[2023-05-29T16:41:17.190+0000] {taskinstance.py:1165} INFO - Dependencies all met for <TaskInstance: word_count_1.word_count manual__2023-05-29T16:30:23.965622+00:00 [queued]>
[2023-05-29T16:41:17.190+0000] {taskinstance.py:1362} INFO - 
--------------------------------------------------------------------------------
[2023-05-29T16:41:17.191+0000] {taskinstance.py:1363} INFO - Starting attempt 2 of 2
[2023-05-29T16:41:17.191+0000] {taskinstance.py:1364} INFO - 
--------------------------------------------------------------------------------
[2023-05-29T16:41:17.251+0000] {taskinstance.py:1383} INFO - Executing <Task(SparkSubmitOperator): word_count> on 2023-05-29 16:30:23.965622+00:00
[2023-05-29T16:41:17.268+0000] {standard_task_runner.py:54} INFO - Started process 4159 to run task
[2023-05-29T16:41:17.277+0000] {standard_task_runner.py:82} INFO - Running: ['***', 'tasks', 'run', 'word_count_1', 'word_count', 'manual__2023-05-29T16:30:23.965622+00:00', '--job-id', '4581', '--raw', '--subdir', 'DAGS_FOLDER/word_count_scheduler.py', '--cfg-path', '/tmp/tmpqtas5ixs']
[2023-05-29T16:41:17.279+0000] {standard_task_runner.py:83} INFO - Job 4581: Subtask word_count
[2023-05-29T16:41:17.283+0000] {dagbag.py:525} INFO - Filling up the DagBag from /opt/***/dags/word_count_scheduler.py
[2023-05-29T16:41:17.556+0000] {task_command.py:384} INFO - Running <TaskInstance: word_count_1.word_count manual__2023-05-29T16:30:23.965622+00:00 [running]> on host fb138c374944
[2023-05-29T16:41:17.565+0000] {warnings.py:110} WARNING - /usr/local/lib/python3.7/site-packages/***/models/taskinstance.py:873: SAWarning: TypeDecorator ExecutorConfigType() will not produce a cache key because the ``cache_ok`` attribute is not set to True.  This can have significant performance implications including some performance degradations in comparison to prior SQLAlchemy versions.  Set this attribute to True if this type object's state is safe to use in a cache key, or False to disable this warning. (Background on this error at: https://sqlalche.me/e/14/cprf)
  ti = qry.one_or_none()

[2023-05-29T16:41:17.802+0000] {taskinstance.py:1592} INFO - Exporting the following env vars:
AIRFLOW_CTX_DAG_EMAIL=pioneer22022001@gmail.com
AIRFLOW_CTX_DAG_OWNER=***
AIRFLOW_CTX_DAG_ID=word_count_1
AIRFLOW_CTX_TASK_ID=word_count
AIRFLOW_CTX_EXECUTION_DATE=2023-05-29T16:30:23.965622+00:00
AIRFLOW_CTX_TRY_NUMBER=2
AIRFLOW_CTX_DAG_RUN_ID=manual__2023-05-29T16:30:23.965622+00:00
[2023-05-29T16:41:17.831+0000] {base.py:71} INFO - Using connection ID 'other_spark_local' for task execution.
[2023-05-29T16:41:17.833+0000] {spark_submit.py:339} INFO - Spark-Submit cmd: spark-submit --master spark://spark-master:7077 --conf spark.master=spark://spark-master:7077 --name word_count --verbose /opt/spark/app/word_count.py
[2023-05-29T16:41:17.877+0000] {spark_submit.py:490} INFO - /opt/spark/bin/load-spark-env.sh: line 68: ps: command not found
[2023-05-29T16:41:20.958+0000] {spark_submit.py:490} INFO - Using properties file: null
[2023-05-29T16:41:21.512+0000] {spark_submit.py:490} INFO - Parsed arguments:
[2023-05-29T16:41:21.513+0000] {spark_submit.py:490} INFO - master                  spark://spark-master:7077
[2023-05-29T16:41:21.514+0000] {spark_submit.py:490} INFO - deployMode              null
[2023-05-29T16:41:21.514+0000] {spark_submit.py:490} INFO - executorMemory          null
[2023-05-29T16:41:21.515+0000] {spark_submit.py:490} INFO - executorCores           null
[2023-05-29T16:41:21.516+0000] {spark_submit.py:490} INFO - totalExecutorCores      null
[2023-05-29T16:41:21.516+0000] {spark_submit.py:490} INFO - propertiesFile          null
[2023-05-29T16:41:21.517+0000] {spark_submit.py:490} INFO - driverMemory            null
[2023-05-29T16:41:21.518+0000] {spark_submit.py:490} INFO - driverCores             null
[2023-05-29T16:41:21.518+0000] {spark_submit.py:490} INFO - driverExtraClassPath    null
[2023-05-29T16:41:21.519+0000] {spark_submit.py:490} INFO - driverExtraLibraryPath  null
[2023-05-29T16:41:21.520+0000] {spark_submit.py:490} INFO - driverExtraJavaOptions  null
[2023-05-29T16:41:21.520+0000] {spark_submit.py:490} INFO - supervise               false
[2023-05-29T16:41:21.521+0000] {spark_submit.py:490} INFO - queue                   null
[2023-05-29T16:41:21.522+0000] {spark_submit.py:490} INFO - numExecutors            null
[2023-05-29T16:41:21.522+0000] {spark_submit.py:490} INFO - files                   null
[2023-05-29T16:41:21.523+0000] {spark_submit.py:490} INFO - pyFiles                 null
[2023-05-29T16:41:21.524+0000] {spark_submit.py:490} INFO - archives                null
[2023-05-29T16:41:21.525+0000] {spark_submit.py:490} INFO - mainClass               null
[2023-05-29T16:41:21.525+0000] {spark_submit.py:490} INFO - primaryResource         file:/opt/spark/app/word_count.py
[2023-05-29T16:41:21.526+0000] {spark_submit.py:490} INFO - name                    word_count
[2023-05-29T16:41:21.526+0000] {spark_submit.py:490} INFO - childArgs               []
[2023-05-29T16:41:21.527+0000] {spark_submit.py:490} INFO - jars                    null
[2023-05-29T16:41:21.528+0000] {spark_submit.py:490} INFO - packages                null
[2023-05-29T16:41:21.529+0000] {spark_submit.py:490} INFO - packagesExclusions      null
[2023-05-29T16:41:21.530+0000] {spark_submit.py:490} INFO - repositories            null
[2023-05-29T16:41:21.531+0000] {spark_submit.py:490} INFO - verbose                 true
[2023-05-29T16:41:21.532+0000] {spark_submit.py:490} INFO - 
[2023-05-29T16:41:21.532+0000] {spark_submit.py:490} INFO - Spark properties used, including those specified through
[2023-05-29T16:41:21.533+0000] {spark_submit.py:490} INFO - --conf and those from the properties file null:
[2023-05-29T16:41:21.534+0000] {spark_submit.py:490} INFO - (spark.master,spark://spark-master:7077)
[2023-05-29T16:41:21.534+0000] {spark_submit.py:490} INFO - 
[2023-05-29T16:41:21.535+0000] {spark_submit.py:490} INFO - 
[2023-05-29T16:41:22.415+0000] {warnings.py:110} WARNING - /usr/local/lib/python3.7/site-packages/***/models/taskinstance.py:873: SAWarning: TypeDecorator ExecutorConfigType() will not produce a cache key because the ``cache_ok`` attribute is not set to True.  This can have significant performance implications including some performance degradations in comparison to prior SQLAlchemy versions.  Set this attribute to True if this type object's state is safe to use in a cache key, or False to disable this warning. (Background on this error at: https://sqlalche.me/e/14/cprf)
  ti = qry.one_or_none()

[2023-05-29T16:41:22.475+0000] {spark_submit.py:490} INFO - Main class:
[2023-05-29T16:41:22.476+0000] {spark_submit.py:490} INFO - org.apache.spark.deploy.PythonRunner
[2023-05-29T16:41:22.476+0000] {spark_submit.py:490} INFO - Arguments:
[2023-05-29T16:41:22.477+0000] {spark_submit.py:490} INFO - file:/opt/spark/app/word_count.py
[2023-05-29T16:41:22.478+0000] {spark_submit.py:490} INFO - null
[2023-05-29T16:41:22.482+0000] {spark_submit.py:490} INFO - Spark config:
[2023-05-29T16:41:22.482+0000] {spark_submit.py:490} INFO - (spark.master,spark://spark-master:7077)
[2023-05-29T16:41:22.483+0000] {spark_submit.py:490} INFO - (spark.submit.pyFiles,)
[2023-05-29T16:41:22.484+0000] {spark_submit.py:490} INFO - (spark.app.name,word_count)
[2023-05-29T16:41:22.484+0000] {spark_submit.py:490} INFO - (spark.submit.deployMode,client)
[2023-05-29T16:41:22.485+0000] {spark_submit.py:490} INFO - Classpath elements:
[2023-05-29T16:41:22.485+0000] {spark_submit.py:490} INFO - 
[2023-05-29T16:41:22.485+0000] {spark_submit.py:490} INFO - 
[2023-05-29T16:41:22.486+0000] {spark_submit.py:490} INFO - 
[2023-05-29T16:41:23.726+0000] {spark_submit.py:490} INFO - Using Spark's default log4j profile: org/apache/spark/log4j-defaults.properties
[2023-05-29T16:41:23.753+0000] {spark_submit.py:490} INFO - 23/05/29 16:41:23 INFO SparkContext: Running Spark version 3.2.3
[2023-05-29T16:41:24.138+0000] {spark_submit.py:490} INFO - 23/05/29 16:41:24 WARN NativeCodeLoader: Unable to load native-hadoop library for your platform... using builtin-java classes where applicable
[2023-05-29T16:41:24.506+0000] {spark_submit.py:490} INFO - 23/05/29 16:41:24 INFO ResourceUtils: ==============================================================
[2023-05-29T16:41:24.507+0000] {spark_submit.py:490} INFO - 23/05/29 16:41:24 INFO ResourceUtils: No custom resources configured for spark.driver.
[2023-05-29T16:41:24.509+0000] {spark_submit.py:490} INFO - 23/05/29 16:41:24 INFO ResourceUtils: ==============================================================
[2023-05-29T16:41:24.511+0000] {spark_submit.py:490} INFO - 23/05/29 16:41:24 INFO SparkContext: Submitted application: Firstprogram
[2023-05-29T16:41:24.613+0000] {spark_submit.py:490} INFO - 23/05/29 16:41:24 INFO ResourceProfile: Default ResourceProfile created, executor resources: Map(cores -> name: cores, amount: 1, script: , vendor: , memory -> name: memory, amount: 1024, script: , vendor: , offHeap -> name: offHeap, amount: 0, script: , vendor: ), task resources: Map(cpus -> name: cpus, amount: 1.0)
[2023-05-29T16:41:24.669+0000] {spark_submit.py:490} INFO - 23/05/29 16:41:24 INFO ResourceProfile: Limiting resource is cpu
[2023-05-29T16:41:24.670+0000] {spark_submit.py:490} INFO - 23/05/29 16:41:24 INFO ResourceProfileManager: Added ResourceProfile id: 0
[2023-05-29T16:41:24.864+0000] {spark_submit.py:490} INFO - 23/05/29 16:41:24 INFO SecurityManager: Changing view acls to: ***
[2023-05-29T16:41:24.866+0000] {spark_submit.py:490} INFO - 23/05/29 16:41:24 INFO SecurityManager: Changing modify acls to: ***
[2023-05-29T16:41:24.867+0000] {spark_submit.py:490} INFO - 23/05/29 16:41:24 INFO SecurityManager: Changing view acls groups to:
[2023-05-29T16:41:24.869+0000] {spark_submit.py:490} INFO - 23/05/29 16:41:24 INFO SecurityManager: Changing modify acls groups to:
[2023-05-29T16:41:24.870+0000] {spark_submit.py:490} INFO - 23/05/29 16:41:24 INFO SecurityManager: SecurityManager: authentication disabled; ui acls disabled; users  with view permissions: Set(***); groups with view permissions: Set(); users  with modify permissions: Set(***); groups with modify permissions: Set()
[2023-05-29T16:41:25.875+0000] {spark_submit.py:490} INFO - 23/05/29 16:41:25 INFO Utils: Successfully started service 'sparkDriver' on port 33757.
[2023-05-29T16:41:25.991+0000] {spark_submit.py:490} INFO - 23/05/29 16:41:25 INFO SparkEnv: Registering MapOutputTracker
[2023-05-29T16:41:26.139+0000] {spark_submit.py:490} INFO - 23/05/29 16:41:26 INFO SparkEnv: Registering BlockManagerMaster
[2023-05-29T16:41:26.207+0000] {spark_submit.py:490} INFO - 23/05/29 16:41:26 INFO BlockManagerMasterEndpoint: Using org.apache.spark.storage.DefaultTopologyMapper for getting topology information
[2023-05-29T16:41:26.208+0000] {spark_submit.py:490} INFO - 23/05/29 16:41:26 INFO BlockManagerMasterEndpoint: BlockManagerMasterEndpoint up
[2023-05-29T16:41:26.220+0000] {spark_submit.py:490} INFO - 23/05/29 16:41:26 INFO SparkEnv: Registering BlockManagerMasterHeartbeat
[2023-05-29T16:41:26.295+0000] {spark_submit.py:490} INFO - 23/05/29 16:41:26 INFO DiskBlockManager: Created local directory at /tmp/blockmgr-1650b649-1d09-4116-acc5-78d67de6a218
[2023-05-29T16:41:26.386+0000] {spark_submit.py:490} INFO - 23/05/29 16:41:26 INFO MemoryStore: MemoryStore started with capacity 366.3 MiB
[2023-05-29T16:41:26.461+0000] {spark_submit.py:490} INFO - 23/05/29 16:41:26 INFO SparkEnv: Registering OutputCommitCoordinator
[2023-05-29T16:41:27.262+0000] {spark_submit.py:490} INFO - 23/05/29 16:41:27 INFO Utils: Successfully started service 'SparkUI' on port 4040.
[2023-05-29T16:41:27.486+0000] {spark_submit.py:490} INFO - 23/05/29 16:41:27 INFO SparkUI: Bound SparkUI to 0.0.0.0, and started at http://fb138c374944:4040
[2023-05-29T16:41:28.736+0000] {spark_submit.py:490} INFO - 23/05/29 16:41:28 INFO StandaloneAppClient$ClientEndpoint: Connecting to master spark://spark-master:7077...
[2023-05-29T16:41:28.931+0000] {spark_submit.py:490} INFO - 23/05/29 16:41:28 INFO TransportClientFactory: Successfully created connection to spark-master/172.27.0.2:7077 after 120 ms (0 ms spent in bootstraps)
[2023-05-29T16:41:29.372+0000] {spark_submit.py:490} INFO - 23/05/29 16:41:29 INFO StandaloneSchedulerBackend: Connected to Spark cluster with app ID app-20230529164129-0007
[2023-05-29T16:41:29.486+0000] {spark_submit.py:490} INFO - 23/05/29 16:41:29 INFO StandaloneAppClient$ClientEndpoint: Executor added: app-20230529164129-0007/0 on worker-20230529151449-172.27.0.3-7000 (172.27.0.3:7000) with 1 core(s)
[2023-05-29T16:41:29.539+0000] {spark_submit.py:490} INFO - 23/05/29 16:41:29 INFO Utils: Successfully started service 'org.apache.spark.network.netty.NettyBlockTransferService' on port 40927.
[2023-05-29T16:41:29.540+0000] {spark_submit.py:490} INFO - 23/05/29 16:41:29 INFO StandaloneSchedulerBackend: Granted executor ID app-20230529164129-0007/0 on hostPort 172.27.0.3:7000 with 1 core(s), 1024.0 MiB RAM
[2023-05-29T16:41:29.562+0000] {spark_submit.py:490} INFO - 23/05/29 16:41:29 INFO NettyBlockTransferService: Server created on fb138c374944:40927
[2023-05-29T16:41:29.562+0000] {spark_submit.py:490} INFO - 23/05/29 16:41:29 INFO BlockManager: Using org.apache.spark.storage.RandomBlockReplicationPolicy for block replication policy
[2023-05-29T16:41:29.579+0000] {spark_submit.py:490} INFO - 23/05/29 16:41:29 INFO BlockManagerMaster: Registering BlockManager BlockManagerId(driver, fb138c374944, 40927, None)
[2023-05-29T16:41:29.591+0000] {spark_submit.py:490} INFO - 23/05/29 16:41:29 INFO BlockManagerMasterEndpoint: Registering block manager fb138c374944:40927 with 366.3 MiB RAM, BlockManagerId(driver, fb138c374944, 40927, None)
[2023-05-29T16:41:29.599+0000] {spark_submit.py:490} INFO - 23/05/29 16:41:29 INFO BlockManagerMaster: Registered BlockManager BlockManagerId(driver, fb138c374944, 40927, None)
[2023-05-29T16:41:29.606+0000] {spark_submit.py:490} INFO - 23/05/29 16:41:29 INFO BlockManager: Initialized BlockManager: BlockManagerId(driver, fb138c374944, 40927, None)
[2023-05-29T16:41:29.789+0000] {spark_submit.py:490} INFO - 23/05/29 16:41:29 INFO StandaloneAppClient$ClientEndpoint: Executor updated: app-20230529164129-0007/0 is now RUNNING
[2023-05-29T16:41:30.903+0000] {spark_submit.py:490} INFO - 23/05/29 16:41:30 INFO StandaloneSchedulerBackend: SchedulerBackend is ready for scheduling beginning after reached minRegisteredResourcesRatio: 0.0
[2023-05-29T16:41:32.032+0000] {spark_submit.py:490} INFO - 23/05/29 16:41:32 INFO SharedState: Setting hive.metastore.warehouse.dir ('null') to the value of spark.sql.warehouse.dir.
[2023-05-29T16:41:32.281+0000] {spark_submit.py:490} INFO - 23/05/29 16:41:32 INFO SharedState: Warehouse path is 'file:/opt/***/spark-warehouse'.
[2023-05-29T16:41:38.081+0000] {spark_submit.py:490} INFO - 23/05/29 16:41:38 INFO MemoryStore: Block broadcast_0 stored as values in memory (estimated size 354.4 KiB, free 366.0 MiB)
[2023-05-29T16:41:38.304+0000] {spark_submit.py:490} INFO - 23/05/29 16:41:38 INFO MemoryStore: Block broadcast_0_piece0 stored as bytes in memory (estimated size 32.0 KiB, free 365.9 MiB)
[2023-05-29T16:41:38.315+0000] {spark_submit.py:490} INFO - 23/05/29 16:41:38 INFO BlockManagerInfo: Added broadcast_0_piece0 in memory on fb138c374944:40927 (size: 32.0 KiB, free: 366.3 MiB)
[2023-05-29T16:41:38.331+0000] {spark_submit.py:490} INFO - 23/05/29 16:41:38 INFO SparkContext: Created broadcast 0 from textFile at NativeMethodAccessorImpl.java:0
[2023-05-29T16:41:39.008+0000] {spark_submit.py:490} INFO - 23/05/29 16:41:39 INFO FileInputFormat: Total input files to process : 1
[2023-05-29T16:41:39.297+0000] {spark_submit.py:490} INFO - 23/05/29 16:41:39 INFO SparkContext: Starting job: collect at /opt/spark/app/word_count.py:19
[2023-05-29T16:41:39.496+0000] {spark_submit.py:490} INFO - 23/05/29 16:41:39 INFO DAGScheduler: Got job 0 (collect at /opt/spark/app/word_count.py:19) with 34 output partitions
[2023-05-29T16:41:39.516+0000] {spark_submit.py:490} INFO - 23/05/29 16:41:39 INFO DAGScheduler: Final stage: ResultStage 0 (collect at /opt/spark/app/word_count.py:19)
[2023-05-29T16:41:39.524+0000] {spark_submit.py:490} INFO - 23/05/29 16:41:39 INFO DAGScheduler: Parents of final stage: List()
[2023-05-29T16:41:39.531+0000] {spark_submit.py:490} INFO - 23/05/29 16:41:39 INFO DAGScheduler: Missing parents: List()
[2023-05-29T16:41:39.589+0000] {spark_submit.py:490} INFO - 23/05/29 16:41:39 INFO DAGScheduler: Submitting ResultStage 0 (PythonRDD[2] at collect at /opt/spark/app/word_count.py:19), which has no missing parents
[2023-05-29T16:41:40.125+0000] {spark_submit.py:490} INFO - 23/05/29 16:41:40 INFO MemoryStore: Block broadcast_1 stored as values in memory (estimated size 7.5 KiB, free 365.9 MiB)
[2023-05-29T16:41:40.179+0000] {spark_submit.py:490} INFO - 23/05/29 16:41:40 INFO MemoryStore: Block broadcast_1_piece0 stored as bytes in memory (estimated size 4.6 KiB, free 365.9 MiB)
[2023-05-29T16:41:40.196+0000] {spark_submit.py:490} INFO - 23/05/29 16:41:40 INFO BlockManagerInfo: Added broadcast_1_piece0 in memory on fb138c374944:40927 (size: 4.6 KiB, free: 366.3 MiB)
[2023-05-29T16:41:40.237+0000] {spark_submit.py:490} INFO - 23/05/29 16:41:40 INFO SparkContext: Created broadcast 1 from broadcast at DAGScheduler.scala:1478
[2023-05-29T16:41:40.421+0000] {spark_submit.py:490} INFO - 23/05/29 16:41:40 INFO DAGScheduler: Submitting 34 missing tasks from ResultStage 0 (PythonRDD[2] at collect at /opt/spark/app/word_count.py:19) (first 15 tasks are for partitions Vector(0, 1, 2, 3, 4, 5, 6, 7, 8, 9, 10, 11, 12, 13, 14))
[2023-05-29T16:41:40.447+0000] {spark_submit.py:490} INFO - 23/05/29 16:41:40 INFO TaskSchedulerImpl: Adding task set 0.0 with 34 tasks resource profile 0
[2023-05-29T16:41:41.054+0000] {spark_submit.py:490} INFO - 23/05/29 16:41:41 INFO CoarseGrainedSchedulerBackend$DriverEndpoint: Registered executor NettyRpcEndpointRef(spark-client://Executor) (172.27.0.3:58536) with ID 0,  ResourceProfileId 0
[2023-05-29T16:41:42.013+0000] {spark_submit.py:490} INFO - 23/05/29 16:41:42 INFO BlockManagerMasterEndpoint: Registering block manager 172.27.0.3:44447 with 366.3 MiB RAM, BlockManagerId(0, 172.27.0.3, 44447, None)
[2023-05-29T16:41:42.286+0000] {spark_submit.py:490} INFO - 23/05/29 16:41:42 INFO TaskSetManager: Starting task 0.0 in stage 0.0 (TID 0) (172.27.0.3, executor 0, partition 0, PROCESS_LOCAL, 4516 bytes) taskResourceAssignments Map()
[2023-05-29T16:41:44.159+0000] {spark_submit.py:490} INFO - 23/05/29 16:41:44 INFO BlockManagerInfo: Added broadcast_1_piece0 in memory on 172.27.0.3:44447 (size: 4.6 KiB, free: 366.3 MiB)
[2023-05-29T16:41:47.196+0000] {spark_submit.py:490} INFO - 23/05/29 16:41:47 INFO BlockManagerInfo: Added broadcast_0_piece0 in memory on 172.27.0.3:44447 (size: 32.0 KiB, free: 366.3 MiB)
[2023-05-29T16:42:03.968+0000] {spark_submit.py:490} INFO - 23/05/29 16:42:03 INFO BlockManagerInfo: Added taskresult_0 in memory on 172.27.0.3:44447 (size: 31.6 MiB, free: 334.6 MiB)
[2023-05-29T16:42:04.008+0000] {spark_submit.py:490} INFO - 23/05/29 16:42:04 INFO TaskSetManager: Starting task 1.0 in stage 0.0 (TID 1) (172.27.0.3, executor 0, partition 1, PROCESS_LOCAL, 4516 bytes) taskResourceAssignments Map()
[2023-05-29T16:42:04.110+0000] {spark_submit.py:490} INFO - 23/05/29 16:42:04 INFO TransportClientFactory: Successfully created connection to /172.27.0.3:44447 after 14 ms (0 ms spent in bootstraps)
[2023-05-29T16:42:05.381+0000] {spark_submit.py:490} INFO - 23/05/29 16:42:05 INFO TaskSetManager: Finished task 0.0 in stage 0.0 (TID 0) in 23167 ms on 172.27.0.3 (executor 0) (1/34)
[2023-05-29T16:42:05.400+0000] {spark_submit.py:490} INFO - 23/05/29 16:42:05 INFO PythonAccumulatorV2: Connected to AccumulatorServer at host: 127.0.0.1 port: 45205
[2023-05-29T16:42:05.411+0000] {spark_submit.py:490} INFO - 23/05/29 16:42:05 INFO BlockManagerInfo: Removed taskresult_0 on 172.27.0.3:44447 in memory (size: 31.6 MiB, free: 366.3 MiB)
[2023-05-29T16:42:18.928+0000] {spark_submit.py:490} INFO - 23/05/29 16:42:18 INFO BlockManagerInfo: Added taskresult_1 in memory on 172.27.0.3:44447 (size: 31.7 MiB, free: 334.6 MiB)
[2023-05-29T16:42:18.952+0000] {spark_submit.py:490} INFO - 23/05/29 16:42:18 INFO TaskSetManager: Starting task 2.0 in stage 0.0 (TID 2) (172.27.0.3, executor 0, partition 2, PROCESS_LOCAL, 4516 bytes) taskResourceAssignments Map()
[2023-05-29T16:42:19.643+0000] {spark_submit.py:490} INFO - 23/05/29 16:42:19 INFO TaskSetManager: Finished task 1.0 in stage 0.0 (TID 1) in 15637 ms on 172.27.0.3 (executor 0) (2/34)
[2023-05-29T16:42:19.658+0000] {spark_submit.py:490} INFO - 23/05/29 16:42:19 INFO BlockManagerInfo: Removed taskresult_1 on 172.27.0.3:44447 in memory (size: 31.7 MiB, free: 366.3 MiB)
[2023-05-29T16:42:34.885+0000] {spark_submit.py:490} INFO - 23/05/29 16:42:34 INFO BlockManagerInfo: Added taskresult_2 in memory on 172.27.0.3:44447 (size: 31.7 MiB, free: 334.6 MiB)
[2023-05-29T16:42:34.920+0000] {spark_submit.py:490} INFO - 23/05/29 16:42:34 INFO TaskSetManager: Starting task 3.0 in stage 0.0 (TID 3) (172.27.0.3, executor 0, partition 3, PROCESS_LOCAL, 4516 bytes) taskResourceAssignments Map()
[2023-05-29T16:42:35.925+0000] {spark_submit.py:490} INFO - 23/05/29 16:42:35 INFO TaskSetManager: Finished task 2.0 in stage 0.0 (TID 2) in 16975 ms on 172.27.0.3 (executor 0) (3/34)
[2023-05-29T16:42:35.950+0000] {spark_submit.py:490} INFO - 23/05/29 16:42:35 INFO BlockManagerInfo: Removed taskresult_2 on 172.27.0.3:44447 in memory (size: 31.7 MiB, free: 366.3 MiB)
[2023-05-29T16:42:39.740+0000] {local_task_job.py:228} WARNING - State of this instance has been externally set to failed. Terminating instance.
[2023-05-29T16:42:39.750+0000] {process_utils.py:133} INFO - Sending Signals.SIGTERM to group 4159. PIDs of all processes in the group: [4160, 4217, 4159]
[2023-05-29T16:42:39.752+0000] {process_utils.py:84} INFO - Sending the signal Signals.SIGTERM to group 4159
[2023-05-29T16:42:39.757+0000] {taskinstance.py:1562} ERROR - Received SIGTERM. Terminating subprocesses.
[2023-05-29T16:42:39.759+0000] {spark_submit.py:615} INFO - Sending kill signal to spark-submit
[2023-05-29T16:42:39.797+0000] {warnings.py:110} WARNING - /usr/local/lib/python3.7/site-packages/***/models/taskinstance.py:871: SAWarning: TypeDecorator ExecutorConfigType() will not produce a cache key because the ``cache_ok`` attribute is not set to True.  This can have significant performance implications including some performance degradations in comparison to prior SQLAlchemy versions.  Set this attribute to True if this type object's state is safe to use in a cache key, or False to disable this warning. (Background on this error at: https://sqlalche.me/e/14/cprf)
  ti: TaskInstance | None = qry.with_for_update().one_or_none()

[2023-05-29T16:42:39.931+0000] {process_utils.py:79} INFO - Process psutil.Process(pid=4159, status='terminated', exitcode=0, started='16:41:16') (4159) terminated with exit code 0
[2023-05-29T16:43:39.790+0000] {process_utils.py:147} WARNING - process psutil.Process(pid=4160, name='java', status='zombie', started='16:41:17') did not respond to SIGTERM. Trying SIGKILL
[2023-05-29T16:43:39.795+0000] {process_utils.py:147} WARNING - process psutil.Process(pid=4217, name='python3', status='zombie', started='16:41:21') did not respond to SIGTERM. Trying SIGKILL
[2023-05-29T16:43:39.801+0000] {process_utils.py:84} INFO - Sending the signal Signals.SIGKILL to group 4159
[2023-05-29T16:44:39.818+0000] {process_utils.py:158} ERROR - Process psutil.Process(pid=4160, name='java', status='zombie', started='16:41:17') (4160) could not be killed. Giving up.
[2023-05-29T16:44:39.819+0000] {process_utils.py:158} ERROR - Process psutil.Process(pid=4217, name='python3', status='zombie', started='16:41:21') (4217) could not be killed. Giving up.
