[2023-05-29T16:28:24.622+0000] {warnings.py:110} WARNING - /usr/local/lib/python3.7/site-packages/***/models/taskinstance.py:871: SAWarning: TypeDecorator ExecutorConfigType() will not produce a cache key because the ``cache_ok`` attribute is not set to True.  This can have significant performance implications including some performance degradations in comparison to prior SQLAlchemy versions.  Set this attribute to True if this type object's state is safe to use in a cache key, or False to disable this warning. (Background on this error at: https://sqlalche.me/e/14/cprf)
  ti: TaskInstance | None = qry.with_for_update().one_or_none()

[2023-05-29T16:28:24.707+0000] {taskinstance.py:1165} INFO - Dependencies all met for <TaskInstance: word_count_1.word_count manual__2023-05-29T16:28:21.024578+00:00 [queued]>
[2023-05-29T16:28:24.764+0000] {taskinstance.py:1165} INFO - Dependencies all met for <TaskInstance: word_count_1.word_count manual__2023-05-29T16:28:21.024578+00:00 [queued]>
[2023-05-29T16:28:24.765+0000] {taskinstance.py:1362} INFO - 
--------------------------------------------------------------------------------
[2023-05-29T16:28:24.766+0000] {taskinstance.py:1363} INFO - Starting attempt 1 of 2
[2023-05-29T16:28:24.766+0000] {taskinstance.py:1364} INFO - 
--------------------------------------------------------------------------------
[2023-05-29T16:28:24.831+0000] {taskinstance.py:1383} INFO - Executing <Task(SparkSubmitOperator): word_count> on 2023-05-29 16:28:21.024578+00:00
[2023-05-29T16:28:24.845+0000] {standard_task_runner.py:54} INFO - Started process 3234 to run task
[2023-05-29T16:28:24.858+0000] {standard_task_runner.py:82} INFO - Running: ['***', 'tasks', 'run', 'word_count_1', 'word_count', 'manual__2023-05-29T16:28:21.024578+00:00', '--job-id', '4578', '--raw', '--subdir', 'DAGS_FOLDER/word_count_scheduler.py', '--cfg-path', '/tmp/tmptzkjutbw']
[2023-05-29T16:28:24.860+0000] {standard_task_runner.py:83} INFO - Job 4578: Subtask word_count
[2023-05-29T16:28:24.863+0000] {dagbag.py:525} INFO - Filling up the DagBag from /opt/***/dags/word_count_scheduler.py
[2023-05-29T16:28:25.217+0000] {task_command.py:384} INFO - Running <TaskInstance: word_count_1.word_count manual__2023-05-29T16:28:21.024578+00:00 [running]> on host fb138c374944
[2023-05-29T16:28:25.228+0000] {warnings.py:110} WARNING - /usr/local/lib/python3.7/site-packages/***/models/taskinstance.py:873: SAWarning: TypeDecorator ExecutorConfigType() will not produce a cache key because the ``cache_ok`` attribute is not set to True.  This can have significant performance implications including some performance degradations in comparison to prior SQLAlchemy versions.  Set this attribute to True if this type object's state is safe to use in a cache key, or False to disable this warning. (Background on this error at: https://sqlalche.me/e/14/cprf)
  ti = qry.one_or_none()

[2023-05-29T16:28:25.533+0000] {taskinstance.py:1592} INFO - Exporting the following env vars:
AIRFLOW_CTX_DAG_EMAIL=pioneer22022001@gmail.com
AIRFLOW_CTX_DAG_OWNER=***
AIRFLOW_CTX_DAG_ID=word_count_1
AIRFLOW_CTX_TASK_ID=word_count
AIRFLOW_CTX_EXECUTION_DATE=2023-05-29T16:28:21.024578+00:00
AIRFLOW_CTX_TRY_NUMBER=1
AIRFLOW_CTX_DAG_RUN_ID=manual__2023-05-29T16:28:21.024578+00:00
[2023-05-29T16:28:25.564+0000] {base.py:71} INFO - Using connection ID 'other_spark_local' for task execution.
[2023-05-29T16:28:25.566+0000] {spark_submit.py:339} INFO - Spark-Submit cmd: spark-submit --master spark://spark-master:7077 --conf spark.master=spark://spark-master:7077 --name word_count --verbose /opt/spark/app/word_count.py
[2023-05-29T16:28:25.609+0000] {spark_submit.py:490} INFO - /opt/spark/bin/load-spark-env.sh: line 68: ps: command not found
[2023-05-29T16:28:29.613+0000] {spark_submit.py:490} INFO - Using properties file: null
[2023-05-29T16:28:29.982+0000] {warnings.py:110} WARNING - /usr/local/lib/python3.7/site-packages/***/models/taskinstance.py:873: SAWarning: TypeDecorator ExecutorConfigType() will not produce a cache key because the ``cache_ok`` attribute is not set to True.  This can have significant performance implications including some performance degradations in comparison to prior SQLAlchemy versions.  Set this attribute to True if this type object's state is safe to use in a cache key, or False to disable this warning. (Background on this error at: https://sqlalche.me/e/14/cprf)
  ti = qry.one_or_none()

[2023-05-29T16:28:30.103+0000] {spark_submit.py:490} INFO - Parsed arguments:
[2023-05-29T16:28:30.104+0000] {spark_submit.py:490} INFO - master                  spark://spark-master:7077
[2023-05-29T16:28:30.105+0000] {spark_submit.py:490} INFO - deployMode              null
[2023-05-29T16:28:30.105+0000] {spark_submit.py:490} INFO - executorMemory          null
[2023-05-29T16:28:30.106+0000] {spark_submit.py:490} INFO - executorCores           null
[2023-05-29T16:28:30.106+0000] {spark_submit.py:490} INFO - totalExecutorCores      null
[2023-05-29T16:28:30.107+0000] {spark_submit.py:490} INFO - propertiesFile          null
[2023-05-29T16:28:30.107+0000] {spark_submit.py:490} INFO - driverMemory            null
[2023-05-29T16:28:30.108+0000] {spark_submit.py:490} INFO - driverCores             null
[2023-05-29T16:28:30.108+0000] {spark_submit.py:490} INFO - driverExtraClassPath    null
[2023-05-29T16:28:30.109+0000] {spark_submit.py:490} INFO - driverExtraLibraryPath  null
[2023-05-29T16:28:30.109+0000] {spark_submit.py:490} INFO - driverExtraJavaOptions  null
[2023-05-29T16:28:30.110+0000] {spark_submit.py:490} INFO - supervise               false
[2023-05-29T16:28:30.110+0000] {spark_submit.py:490} INFO - queue                   null
[2023-05-29T16:28:30.111+0000] {spark_submit.py:490} INFO - numExecutors            null
[2023-05-29T16:28:30.111+0000] {spark_submit.py:490} INFO - files                   null
[2023-05-29T16:28:30.112+0000] {spark_submit.py:490} INFO - pyFiles                 null
[2023-05-29T16:28:30.112+0000] {spark_submit.py:490} INFO - archives                null
[2023-05-29T16:28:30.113+0000] {spark_submit.py:490} INFO - mainClass               null
[2023-05-29T16:28:30.113+0000] {spark_submit.py:490} INFO - primaryResource         file:/opt/spark/app/word_count.py
[2023-05-29T16:28:30.114+0000] {spark_submit.py:490} INFO - name                    word_count
[2023-05-29T16:28:30.114+0000] {spark_submit.py:490} INFO - childArgs               []
[2023-05-29T16:28:30.115+0000] {spark_submit.py:490} INFO - jars                    null
[2023-05-29T16:28:30.115+0000] {spark_submit.py:490} INFO - packages                null
[2023-05-29T16:28:30.116+0000] {spark_submit.py:490} INFO - packagesExclusions      null
[2023-05-29T16:28:30.117+0000] {spark_submit.py:490} INFO - repositories            null
[2023-05-29T16:28:30.117+0000] {spark_submit.py:490} INFO - verbose                 true
[2023-05-29T16:28:30.118+0000] {spark_submit.py:490} INFO - 
[2023-05-29T16:28:30.118+0000] {spark_submit.py:490} INFO - Spark properties used, including those specified through
[2023-05-29T16:28:30.119+0000] {spark_submit.py:490} INFO - --conf and those from the properties file null:
[2023-05-29T16:28:30.119+0000] {spark_submit.py:490} INFO - (spark.master,spark://spark-master:7077)
[2023-05-29T16:28:30.120+0000] {spark_submit.py:490} INFO - 
[2023-05-29T16:28:30.120+0000] {spark_submit.py:490} INFO - 
[2023-05-29T16:28:31.009+0000] {spark_submit.py:490} INFO - Main class:
[2023-05-29T16:28:31.010+0000] {spark_submit.py:490} INFO - org.apache.spark.deploy.PythonRunner
[2023-05-29T16:28:31.010+0000] {spark_submit.py:490} INFO - Arguments:
[2023-05-29T16:28:31.011+0000] {spark_submit.py:490} INFO - file:/opt/spark/app/word_count.py
[2023-05-29T16:28:31.011+0000] {spark_submit.py:490} INFO - null
[2023-05-29T16:28:31.021+0000] {spark_submit.py:490} INFO - Spark config:
[2023-05-29T16:28:31.022+0000] {spark_submit.py:490} INFO - (spark.master,spark://spark-master:7077)
[2023-05-29T16:28:31.023+0000] {spark_submit.py:490} INFO - (spark.submit.pyFiles,)
[2023-05-29T16:28:31.023+0000] {spark_submit.py:490} INFO - (spark.app.name,word_count)
[2023-05-29T16:28:31.024+0000] {spark_submit.py:490} INFO - (spark.submit.deployMode,client)
[2023-05-29T16:28:31.027+0000] {spark_submit.py:490} INFO - Classpath elements:
[2023-05-29T16:28:31.027+0000] {spark_submit.py:490} INFO - 
[2023-05-29T16:28:31.029+0000] {spark_submit.py:490} INFO - 
[2023-05-29T16:28:31.030+0000] {spark_submit.py:490} INFO - 
[2023-05-29T16:28:32.590+0000] {spark_submit.py:490} INFO - Using Spark's default log4j profile: org/apache/spark/log4j-defaults.properties
[2023-05-29T16:28:32.630+0000] {spark_submit.py:490} INFO - 23/05/29 16:28:32 INFO SparkContext: Running Spark version 3.2.3
[2023-05-29T16:28:33.380+0000] {spark_submit.py:490} INFO - 23/05/29 16:28:33 WARN NativeCodeLoader: Unable to load native-hadoop library for your platform... using builtin-java classes where applicable
[2023-05-29T16:28:33.754+0000] {spark_submit.py:490} INFO - 23/05/29 16:28:33 INFO ResourceUtils: ==============================================================
[2023-05-29T16:28:33.756+0000] {spark_submit.py:490} INFO - 23/05/29 16:28:33 INFO ResourceUtils: No custom resources configured for spark.driver.
[2023-05-29T16:28:33.757+0000] {spark_submit.py:490} INFO - 23/05/29 16:28:33 INFO ResourceUtils: ==============================================================
[2023-05-29T16:28:33.759+0000] {spark_submit.py:490} INFO - 23/05/29 16:28:33 INFO SparkContext: Submitted application: Firstprogram
[2023-05-29T16:28:33.858+0000] {spark_submit.py:490} INFO - 23/05/29 16:28:33 INFO ResourceProfile: Default ResourceProfile created, executor resources: Map(cores -> name: cores, amount: 1, script: , vendor: , memory -> name: memory, amount: 1024, script: , vendor: , offHeap -> name: offHeap, amount: 0, script: , vendor: ), task resources: Map(cpus -> name: cpus, amount: 1.0)
[2023-05-29T16:28:33.922+0000] {spark_submit.py:490} INFO - 23/05/29 16:28:33 INFO ResourceProfile: Limiting resource is cpu
[2023-05-29T16:28:33.924+0000] {spark_submit.py:490} INFO - 23/05/29 16:28:33 INFO ResourceProfileManager: Added ResourceProfile id: 0
[2023-05-29T16:28:34.129+0000] {spark_submit.py:490} INFO - 23/05/29 16:28:34 INFO SecurityManager: Changing view acls to: ***
[2023-05-29T16:28:34.130+0000] {spark_submit.py:490} INFO - 23/05/29 16:28:34 INFO SecurityManager: Changing modify acls to: ***
[2023-05-29T16:28:34.131+0000] {spark_submit.py:490} INFO - 23/05/29 16:28:34 INFO SecurityManager: Changing view acls groups to:
[2023-05-29T16:28:34.133+0000] {spark_submit.py:490} INFO - 23/05/29 16:28:34 INFO SecurityManager: Changing modify acls groups to:
[2023-05-29T16:28:34.134+0000] {spark_submit.py:490} INFO - 23/05/29 16:28:34 INFO SecurityManager: SecurityManager: authentication disabled; ui acls disabled; users  with view permissions: Set(***); groups with view permissions: Set(); users  with modify permissions: Set(***); groups with modify permissions: Set()
[2023-05-29T16:28:35.246+0000] {spark_submit.py:490} INFO - 23/05/29 16:28:35 INFO Utils: Successfully started service 'sparkDriver' on port 43551.
[2023-05-29T16:28:35.334+0000] {spark_submit.py:490} INFO - 23/05/29 16:28:35 INFO SparkEnv: Registering MapOutputTracker
[2023-05-29T16:28:35.491+0000] {spark_submit.py:490} INFO - 23/05/29 16:28:35 INFO SparkEnv: Registering BlockManagerMaster
[2023-05-29T16:28:35.580+0000] {spark_submit.py:490} INFO - 23/05/29 16:28:35 INFO BlockManagerMasterEndpoint: Using org.apache.spark.storage.DefaultTopologyMapper for getting topology information
[2023-05-29T16:28:35.582+0000] {spark_submit.py:490} INFO - 23/05/29 16:28:35 INFO BlockManagerMasterEndpoint: BlockManagerMasterEndpoint up
[2023-05-29T16:28:35.597+0000] {spark_submit.py:490} INFO - 23/05/29 16:28:35 INFO SparkEnv: Registering BlockManagerMasterHeartbeat
[2023-05-29T16:28:35.696+0000] {spark_submit.py:490} INFO - 23/05/29 16:28:35 INFO DiskBlockManager: Created local directory at /tmp/blockmgr-c356627a-3a5b-4146-8a5c-10a499747cb1
[2023-05-29T16:28:35.816+0000] {spark_submit.py:490} INFO - 23/05/29 16:28:35 INFO MemoryStore: MemoryStore started with capacity 366.3 MiB
[2023-05-29T16:28:35.888+0000] {spark_submit.py:490} INFO - 23/05/29 16:28:35 INFO SparkEnv: Registering OutputCommitCoordinator
[2023-05-29T16:28:36.875+0000] {spark_submit.py:490} INFO - 23/05/29 16:28:36 INFO Utils: Successfully started service 'SparkUI' on port 4040.
[2023-05-29T16:28:37.109+0000] {spark_submit.py:490} INFO - 23/05/29 16:28:37 INFO SparkUI: Bound SparkUI to 0.0.0.0, and started at http://fb138c374944:4040
[2023-05-29T16:28:38.078+0000] {spark_submit.py:490} INFO - 23/05/29 16:28:38 INFO StandaloneAppClient$ClientEndpoint: Connecting to master spark://spark-master:7077...
[2023-05-29T16:28:38.355+0000] {spark_submit.py:490} INFO - 23/05/29 16:28:38 INFO TransportClientFactory: Successfully created connection to spark-master/172.27.0.2:7077 after 157 ms (0 ms spent in bootstraps)
[2023-05-29T16:28:38.744+0000] {spark_submit.py:490} INFO - 23/05/29 16:28:38 INFO StandaloneSchedulerBackend: Connected to Spark cluster with app ID app-20230529162838-0004
[2023-05-29T16:28:38.753+0000] {spark_submit.py:490} INFO - 23/05/29 16:28:38 INFO StandaloneAppClient$ClientEndpoint: Executor added: app-20230529162838-0004/0 on worker-20230529151449-172.27.0.3-7000 (172.27.0.3:7000) with 1 core(s)
[2023-05-29T16:28:38.761+0000] {spark_submit.py:490} INFO - 23/05/29 16:28:38 INFO StandaloneSchedulerBackend: Granted executor ID app-20230529162838-0004/0 on hostPort 172.27.0.3:7000 with 1 core(s), 1024.0 MiB RAM
[2023-05-29T16:28:38.780+0000] {spark_submit.py:490} INFO - 23/05/29 16:28:38 INFO Utils: Successfully started service 'org.apache.spark.network.netty.NettyBlockTransferService' on port 36797.
[2023-05-29T16:28:38.781+0000] {spark_submit.py:490} INFO - 23/05/29 16:28:38 INFO NettyBlockTransferService: Server created on fb138c374944:36797
[2023-05-29T16:28:38.798+0000] {spark_submit.py:490} INFO - 23/05/29 16:28:38 INFO BlockManager: Using org.apache.spark.storage.RandomBlockReplicationPolicy for block replication policy
[2023-05-29T16:28:38.847+0000] {spark_submit.py:490} INFO - 23/05/29 16:28:38 INFO BlockManagerMaster: Registering BlockManager BlockManagerId(driver, fb138c374944, 36797, None)
[2023-05-29T16:28:38.877+0000] {spark_submit.py:490} INFO - 23/05/29 16:28:38 INFO BlockManagerMasterEndpoint: Registering block manager fb138c374944:36797 with 366.3 MiB RAM, BlockManagerId(driver, fb138c374944, 36797, None)
[2023-05-29T16:28:38.891+0000] {spark_submit.py:490} INFO - 23/05/29 16:28:38 INFO BlockManagerMaster: Registered BlockManager BlockManagerId(driver, fb138c374944, 36797, None)
[2023-05-29T16:28:38.896+0000] {spark_submit.py:490} INFO - 23/05/29 16:28:38 INFO BlockManager: Initialized BlockManager: BlockManagerId(driver, fb138c374944, 36797, None)
[2023-05-29T16:28:39.012+0000] {spark_submit.py:490} INFO - 23/05/29 16:28:39 INFO StandaloneAppClient$ClientEndpoint: Executor updated: app-20230529162838-0004/0 is now RUNNING
[2023-05-29T16:28:39.784+0000] {spark_submit.py:490} INFO - 23/05/29 16:28:39 INFO StandaloneSchedulerBackend: SchedulerBackend is ready for scheduling beginning after reached minRegisteredResourcesRatio: 0.0
[2023-05-29T16:28:41.129+0000] {spark_submit.py:490} INFO - 23/05/29 16:28:41 INFO SharedState: Setting hive.metastore.warehouse.dir ('null') to the value of spark.sql.warehouse.dir.
[2023-05-29T16:28:41.368+0000] {spark_submit.py:490} INFO - 23/05/29 16:28:41 INFO SharedState: Warehouse path is 'file:/opt/***/spark-warehouse'.
[2023-05-29T16:28:46.720+0000] {spark_submit.py:490} INFO - 23/05/29 16:28:46 INFO MemoryStore: Block broadcast_0 stored as values in memory (estimated size 354.4 KiB, free 366.0 MiB)
[2023-05-29T16:28:47.088+0000] {spark_submit.py:490} INFO - 23/05/29 16:28:47 INFO MemoryStore: Block broadcast_0_piece0 stored as bytes in memory (estimated size 32.0 KiB, free 365.9 MiB)
[2023-05-29T16:28:47.115+0000] {spark_submit.py:490} INFO - 23/05/29 16:28:47 INFO BlockManagerInfo: Added broadcast_0_piece0 in memory on fb138c374944:36797 (size: 32.0 KiB, free: 366.3 MiB)
[2023-05-29T16:28:47.151+0000] {spark_submit.py:490} INFO - 23/05/29 16:28:47 INFO SparkContext: Created broadcast 0 from textFile at NativeMethodAccessorImpl.java:0
[2023-05-29T16:28:47.527+0000] {spark_submit.py:490} INFO - Traceback (most recent call last):
[2023-05-29T16:28:47.528+0000] {spark_submit.py:490} INFO - File "/opt/spark/app/word_count.py", line 17, in <module>
[2023-05-29T16:28:47.528+0000] {spark_submit.py:490} INFO - l = sc.parallelize(text_file)
[2023-05-29T16:28:47.529+0000] {spark_submit.py:490} INFO - File "/usr/local/lib/python3.7/site-packages/pyspark/context.py", line 564, in parallelize
[2023-05-29T16:28:47.541+0000] {spark_submit.py:490} INFO - c = list(c)    # Make it a list so we can compute its length
[2023-05-29T16:28:47.542+0000] {spark_submit.py:490} INFO - TypeError: 'RDD' object is not iterable
[2023-05-29T16:28:47.753+0000] {spark_submit.py:490} INFO - 23/05/29 16:28:47 INFO SparkContext: Invoking stop() from shutdown hook
[2023-05-29T16:28:47.855+0000] {spark_submit.py:490} INFO - 23/05/29 16:28:47 INFO SparkUI: Stopped Spark web UI at http://fb138c374944:4040
[2023-05-29T16:28:47.955+0000] {spark_submit.py:490} INFO - 23/05/29 16:28:47 INFO StandaloneSchedulerBackend: Shutting down all executors
[2023-05-29T16:28:47.956+0000] {spark_submit.py:490} INFO - 23/05/29 16:28:47 INFO CoarseGrainedSchedulerBackend$DriverEndpoint: Asking each executor to shut down
[2023-05-29T16:28:48.054+0000] {spark_submit.py:490} INFO - 23/05/29 16:28:48 INFO MapOutputTrackerMasterEndpoint: MapOutputTrackerMasterEndpoint stopped!
[2023-05-29T16:28:48.102+0000] {spark_submit.py:490} INFO - 23/05/29 16:28:48 INFO MemoryStore: MemoryStore cleared
[2023-05-29T16:28:48.104+0000] {spark_submit.py:490} INFO - 23/05/29 16:28:48 INFO BlockManager: BlockManager stopped
[2023-05-29T16:28:48.141+0000] {spark_submit.py:490} INFO - 23/05/29 16:28:48 INFO BlockManagerMaster: BlockManagerMaster stopped
[2023-05-29T16:28:48.163+0000] {spark_submit.py:490} INFO - 23/05/29 16:28:48 INFO OutputCommitCoordinator$OutputCommitCoordinatorEndpoint: OutputCommitCoordinator stopped!
[2023-05-29T16:28:48.202+0000] {spark_submit.py:490} INFO - 23/05/29 16:28:48 INFO SparkContext: Successfully stopped SparkContext
[2023-05-29T16:28:48.204+0000] {spark_submit.py:490} INFO - 23/05/29 16:28:48 INFO ShutdownHookManager: Shutdown hook called
[2023-05-29T16:28:48.207+0000] {spark_submit.py:490} INFO - 23/05/29 16:28:48 INFO ShutdownHookManager: Deleting directory /tmp/spark-7b812850-55b1-4567-9143-9dda08ed7649
[2023-05-29T16:28:48.218+0000] {spark_submit.py:490} INFO - 23/05/29 16:28:48 INFO ShutdownHookManager: Deleting directory /tmp/spark-ee717cc7-3ed7-484e-a85e-8835f608603f
[2023-05-29T16:28:48.226+0000] {spark_submit.py:490} INFO - 23/05/29 16:28:48 INFO ShutdownHookManager: Deleting directory /tmp/spark-7b812850-55b1-4567-9143-9dda08ed7649/pyspark-dceed118-2c94-49ea-96b2-309afee869cc
[2023-05-29T16:28:48.452+0000] {warnings.py:110} WARNING - /usr/local/lib/python3.7/site-packages/***/models/taskinstance.py:871: SAWarning: TypeDecorator ExecutorConfigType() will not produce a cache key because the ``cache_ok`` attribute is not set to True.  This can have significant performance implications including some performance degradations in comparison to prior SQLAlchemy versions.  Set this attribute to True if this type object's state is safe to use in a cache key, or False to disable this warning. (Background on this error at: https://sqlalche.me/e/14/cprf)
  ti: TaskInstance | None = qry.with_for_update().one_or_none()

[2023-05-29T16:28:48.484+0000] {taskinstance.py:1851} ERROR - Task failed with exception
Traceback (most recent call last):
  File "/usr/local/lib/python3.7/site-packages/airflow/providers/apache/spark/operators/spark_submit.py", line 157, in execute
    self._hook.submit(self._application)
  File "/usr/local/lib/python3.7/site-packages/airflow/providers/apache/spark/hooks/spark_submit.py", line 422, in submit
    f"Cannot execute: {self._mask_cmd(spark_submit_cmd)}. Error code is: {returncode}."
airflow.exceptions.AirflowException: Cannot execute: spark-submit --master spark://spark-master:7077 --conf spark.master=spark://spark-master:7077 --name word_count --verbose /opt/spark/app/word_count.py. Error code is: 1.
[2023-05-29T16:28:48.496+0000] {warnings.py:110} WARNING - /usr/local/lib/python3.7/site-packages/***/models/taskinstance.py:873: SAWarning: TypeDecorator ExecutorConfigType() will not produce a cache key because the ``cache_ok`` attribute is not set to True.  This can have significant performance implications including some performance degradations in comparison to prior SQLAlchemy versions.  Set this attribute to True if this type object's state is safe to use in a cache key, or False to disable this warning. (Background on this error at: https://sqlalche.me/e/14/cprf)
  ti = qry.one_or_none()

[2023-05-29T16:28:48.519+0000] {taskinstance.py:1406} INFO - Marking task as UP_FOR_RETRY. dag_id=word_count_1, task_id=word_count, execution_date=20230529T162821, start_date=20230529T162824, end_date=20230529T162848
[2023-05-29T16:28:48.630+0000] {standard_task_runner.py:107} ERROR - Failed to execute job 4578 for task word_count (Cannot execute: spark-submit --master spark://spark-master:7077 --conf spark.master=spark://spark-master:7077 --name word_count --verbose /opt/spark/app/word_count.py. Error code is: 1.; 3234)
[2023-05-29T16:28:48.670+0000] {local_task_job.py:164} INFO - Task exited with return code 1
[2023-05-29T16:28:48.823+0000] {local_task_job.py:273} INFO - 0 downstream tasks scheduled from follow-on schedule check
