[2023-05-29T17:05:49.144+0000] {warnings.py:110} WARNING - /usr/local/lib/python3.7/site-packages/***/models/taskinstance.py:871: SAWarning: TypeDecorator ExecutorConfigType() will not produce a cache key because the ``cache_ok`` attribute is not set to True.  This can have significant performance implications including some performance degradations in comparison to prior SQLAlchemy versions.  Set this attribute to True if this type object's state is safe to use in a cache key, or False to disable this warning. (Background on this error at: https://sqlalche.me/e/14/cprf)
  ti: TaskInstance | None = qry.with_for_update().one_or_none()

[2023-05-29T17:05:49.241+0000] {taskinstance.py:1165} INFO - Dependencies all met for <TaskInstance: word_count_1.word_count manual__2023-05-29T16:56:18.034010+00:00 [queued]>
[2023-05-29T17:05:49.303+0000] {taskinstance.py:1165} INFO - Dependencies all met for <TaskInstance: word_count_1.word_count manual__2023-05-29T16:56:18.034010+00:00 [queued]>
[2023-05-29T17:05:49.304+0000] {taskinstance.py:1362} INFO - 
--------------------------------------------------------------------------------
[2023-05-29T17:05:49.304+0000] {taskinstance.py:1363} INFO - Starting attempt 2 of 2
[2023-05-29T17:05:49.305+0000] {taskinstance.py:1364} INFO - 
--------------------------------------------------------------------------------
[2023-05-29T17:05:49.412+0000] {taskinstance.py:1383} INFO - Executing <Task(SparkSubmitOperator): word_count> on 2023-05-29 16:56:18.034010+00:00
[2023-05-29T17:05:49.484+0000] {standard_task_runner.py:54} INFO - Started process 6169 to run task
[2023-05-29T17:05:49.486+0000] {standard_task_runner.py:82} INFO - Running: ['***', 'tasks', 'run', 'word_count_1', 'word_count', 'manual__2023-05-29T16:56:18.034010+00:00', '--job-id', '4588', '--raw', '--subdir', 'DAGS_FOLDER/word_count_scheduler.py', '--cfg-path', '/tmp/tmphvq34o4e']
[2023-05-29T17:05:49.488+0000] {standard_task_runner.py:83} INFO - Job 4588: Subtask word_count
[2023-05-29T17:05:49.493+0000] {dagbag.py:525} INFO - Filling up the DagBag from /opt/***/dags/word_count_scheduler.py
[2023-05-29T17:05:50.071+0000] {task_command.py:384} INFO - Running <TaskInstance: word_count_1.word_count manual__2023-05-29T16:56:18.034010+00:00 [running]> on host fb138c374944
[2023-05-29T17:05:50.083+0000] {warnings.py:110} WARNING - /usr/local/lib/python3.7/site-packages/***/models/taskinstance.py:873: SAWarning: TypeDecorator ExecutorConfigType() will not produce a cache key because the ``cache_ok`` attribute is not set to True.  This can have significant performance implications including some performance degradations in comparison to prior SQLAlchemy versions.  Set this attribute to True if this type object's state is safe to use in a cache key, or False to disable this warning. (Background on this error at: https://sqlalche.me/e/14/cprf)
  ti = qry.one_or_none()

[2023-05-29T17:05:50.514+0000] {taskinstance.py:1592} INFO - Exporting the following env vars:
AIRFLOW_CTX_DAG_EMAIL=pioneer22022001@gmail.com
AIRFLOW_CTX_DAG_OWNER=***
AIRFLOW_CTX_DAG_ID=word_count_1
AIRFLOW_CTX_TASK_ID=word_count
AIRFLOW_CTX_EXECUTION_DATE=2023-05-29T16:56:18.034010+00:00
AIRFLOW_CTX_TRY_NUMBER=2
AIRFLOW_CTX_DAG_RUN_ID=manual__2023-05-29T16:56:18.034010+00:00
[2023-05-29T17:05:50.565+0000] {base.py:71} INFO - Using connection ID 'other_spark_local' for task execution.
[2023-05-29T17:05:50.569+0000] {spark_submit.py:339} INFO - Spark-Submit cmd: spark-submit --master spark://spark-master:7077 --conf spark.master=spark://spark-master:7077 --name word_count --verbose /opt/spark/app/word_count.py
[2023-05-29T17:05:50.641+0000] {spark_submit.py:490} INFO - /opt/spark/bin/load-spark-env.sh: line 68: ps: command not found
[2023-05-29T17:05:54.727+0000] {warnings.py:110} WARNING - /usr/local/lib/python3.7/site-packages/***/models/taskinstance.py:873: SAWarning: TypeDecorator ExecutorConfigType() will not produce a cache key because the ``cache_ok`` attribute is not set to True.  This can have significant performance implications including some performance degradations in comparison to prior SQLAlchemy versions.  Set this attribute to True if this type object's state is safe to use in a cache key, or False to disable this warning. (Background on this error at: https://sqlalche.me/e/14/cprf)
  ti = qry.one_or_none()

[2023-05-29T17:05:55.641+0000] {spark_submit.py:490} INFO - Using properties file: null
[2023-05-29T17:05:56.396+0000] {spark_submit.py:490} INFO - Parsed arguments:
[2023-05-29T17:05:56.397+0000] {spark_submit.py:490} INFO - master                  spark://spark-master:7077
[2023-05-29T17:05:56.397+0000] {spark_submit.py:490} INFO - deployMode              null
[2023-05-29T17:05:56.398+0000] {spark_submit.py:490} INFO - executorMemory          null
[2023-05-29T17:05:56.399+0000] {spark_submit.py:490} INFO - executorCores           null
[2023-05-29T17:05:56.399+0000] {spark_submit.py:490} INFO - totalExecutorCores      null
[2023-05-29T17:05:56.400+0000] {spark_submit.py:490} INFO - propertiesFile          null
[2023-05-29T17:05:56.400+0000] {spark_submit.py:490} INFO - driverMemory            null
[2023-05-29T17:05:56.401+0000] {spark_submit.py:490} INFO - driverCores             null
[2023-05-29T17:05:56.401+0000] {spark_submit.py:490} INFO - driverExtraClassPath    null
[2023-05-29T17:05:56.402+0000] {spark_submit.py:490} INFO - driverExtraLibraryPath  null
[2023-05-29T17:05:56.403+0000] {spark_submit.py:490} INFO - driverExtraJavaOptions  null
[2023-05-29T17:05:56.403+0000] {spark_submit.py:490} INFO - supervise               false
[2023-05-29T17:05:56.404+0000] {spark_submit.py:490} INFO - queue                   null
[2023-05-29T17:05:56.404+0000] {spark_submit.py:490} INFO - numExecutors            null
[2023-05-29T17:05:56.405+0000] {spark_submit.py:490} INFO - files                   null
[2023-05-29T17:05:56.406+0000] {spark_submit.py:490} INFO - pyFiles                 null
[2023-05-29T17:05:56.406+0000] {spark_submit.py:490} INFO - archives                null
[2023-05-29T17:05:56.407+0000] {spark_submit.py:490} INFO - mainClass               null
[2023-05-29T17:05:56.408+0000] {spark_submit.py:490} INFO - primaryResource         file:/opt/spark/app/word_count.py
[2023-05-29T17:05:56.408+0000] {spark_submit.py:490} INFO - name                    word_count
[2023-05-29T17:05:56.409+0000] {spark_submit.py:490} INFO - childArgs               []
[2023-05-29T17:05:56.409+0000] {spark_submit.py:490} INFO - jars                    null
[2023-05-29T17:05:56.410+0000] {spark_submit.py:490} INFO - packages                null
[2023-05-29T17:05:56.411+0000] {spark_submit.py:490} INFO - packagesExclusions      null
[2023-05-29T17:05:56.411+0000] {spark_submit.py:490} INFO - repositories            null
[2023-05-29T17:05:56.412+0000] {spark_submit.py:490} INFO - verbose                 true
[2023-05-29T17:05:56.413+0000] {spark_submit.py:490} INFO - 
[2023-05-29T17:05:56.414+0000] {spark_submit.py:490} INFO - Spark properties used, including those specified through
[2023-05-29T17:05:56.414+0000] {spark_submit.py:490} INFO - --conf and those from the properties file null:
[2023-05-29T17:05:56.415+0000] {spark_submit.py:490} INFO - (spark.master,spark://spark-master:7077)
[2023-05-29T17:05:56.415+0000] {spark_submit.py:490} INFO - 
[2023-05-29T17:05:56.416+0000] {spark_submit.py:490} INFO - 
[2023-05-29T17:05:58.004+0000] {spark_submit.py:490} INFO - Main class:
[2023-05-29T17:05:58.005+0000] {spark_submit.py:490} INFO - org.apache.spark.deploy.PythonRunner
[2023-05-29T17:05:58.008+0000] {spark_submit.py:490} INFO - Arguments:
[2023-05-29T17:05:58.009+0000] {spark_submit.py:490} INFO - file:/opt/spark/app/word_count.py
[2023-05-29T17:05:58.010+0000] {spark_submit.py:490} INFO - null
[2023-05-29T17:05:58.019+0000] {spark_submit.py:490} INFO - Spark config:
[2023-05-29T17:05:58.020+0000] {spark_submit.py:490} INFO - (spark.master,spark://spark-master:7077)
[2023-05-29T17:05:58.021+0000] {spark_submit.py:490} INFO - (spark.submit.pyFiles,)
[2023-05-29T17:05:58.021+0000] {spark_submit.py:490} INFO - (spark.app.name,word_count)
[2023-05-29T17:05:58.022+0000] {spark_submit.py:490} INFO - (spark.submit.deployMode,client)
[2023-05-29T17:05:58.025+0000] {spark_submit.py:490} INFO - Classpath elements:
[2023-05-29T17:05:58.026+0000] {spark_submit.py:490} INFO - 
[2023-05-29T17:05:58.029+0000] {spark_submit.py:490} INFO - 
[2023-05-29T17:05:58.030+0000] {spark_submit.py:490} INFO - 
[2023-05-29T17:06:00.107+0000] {spark_submit.py:490} INFO - Using Spark's default log4j profile: org/apache/spark/log4j-defaults.properties
[2023-05-29T17:06:00.141+0000] {spark_submit.py:490} INFO - 23/05/29 17:06:00 INFO SparkContext: Running Spark version 3.2.3
[2023-05-29T17:06:00.716+0000] {spark_submit.py:490} INFO - 23/05/29 17:06:00 WARN NativeCodeLoader: Unable to load native-hadoop library for your platform... using builtin-java classes where applicable
[2023-05-29T17:06:01.258+0000] {spark_submit.py:490} INFO - 23/05/29 17:06:01 INFO ResourceUtils: ==============================================================
[2023-05-29T17:06:01.262+0000] {spark_submit.py:490} INFO - 23/05/29 17:06:01 INFO ResourceUtils: No custom resources configured for spark.driver.
[2023-05-29T17:06:01.266+0000] {spark_submit.py:490} INFO - 23/05/29 17:06:01 INFO ResourceUtils: ==============================================================
[2023-05-29T17:06:01.269+0000] {spark_submit.py:490} INFO - 23/05/29 17:06:01 INFO SparkContext: Submitted application: Firstprogram
[2023-05-29T17:06:01.403+0000] {spark_submit.py:490} INFO - 23/05/29 17:06:01 INFO ResourceProfile: Default ResourceProfile created, executor resources: Map(cores -> name: cores, amount: 1, script: , vendor: , memory -> name: memory, amount: 1024, script: , vendor: , offHeap -> name: offHeap, amount: 0, script: , vendor: ), task resources: Map(cpus -> name: cpus, amount: 1.0)
[2023-05-29T17:06:01.525+0000] {spark_submit.py:490} INFO - 23/05/29 17:06:01 INFO ResourceProfile: Limiting resource is cpu
[2023-05-29T17:06:01.528+0000] {spark_submit.py:490} INFO - 23/05/29 17:06:01 INFO ResourceProfileManager: Added ResourceProfile id: 0
[2023-05-29T17:06:01.913+0000] {spark_submit.py:490} INFO - 23/05/29 17:06:01 INFO SecurityManager: Changing view acls to: ***
[2023-05-29T17:06:01.929+0000] {spark_submit.py:490} INFO - 23/05/29 17:06:01 INFO SecurityManager: Changing modify acls to: ***
[2023-05-29T17:06:01.930+0000] {spark_submit.py:490} INFO - 23/05/29 17:06:01 INFO SecurityManager: Changing view acls groups to:
[2023-05-29T17:06:01.930+0000] {spark_submit.py:490} INFO - 23/05/29 17:06:01 INFO SecurityManager: Changing modify acls groups to:
[2023-05-29T17:06:01.931+0000] {spark_submit.py:490} INFO - 23/05/29 17:06:01 INFO SecurityManager: SecurityManager: authentication disabled; ui acls disabled; users  with view permissions: Set(***); groups with view permissions: Set(); users  with modify permissions: Set(***); groups with modify permissions: Set()
[2023-05-29T17:06:04.540+0000] {spark_submit.py:490} INFO - 23/05/29 17:06:04 INFO Utils: Successfully started service 'sparkDriver' on port 46647.
[2023-05-29T17:06:04.951+0000] {spark_submit.py:490} INFO - 23/05/29 17:06:04 INFO SparkEnv: Registering MapOutputTracker
[2023-05-29T17:06:05.324+0000] {spark_submit.py:490} INFO - 23/05/29 17:06:05 INFO SparkEnv: Registering BlockManagerMaster
[2023-05-29T17:06:05.553+0000] {spark_submit.py:490} INFO - 23/05/29 17:06:05 INFO BlockManagerMasterEndpoint: Using org.apache.spark.storage.DefaultTopologyMapper for getting topology information
[2023-05-29T17:06:05.556+0000] {spark_submit.py:490} INFO - 23/05/29 17:06:05 INFO BlockManagerMasterEndpoint: BlockManagerMasterEndpoint up
[2023-05-29T17:06:05.581+0000] {spark_submit.py:490} INFO - 23/05/29 17:06:05 INFO SparkEnv: Registering BlockManagerMasterHeartbeat
[2023-05-29T17:06:05.796+0000] {spark_submit.py:490} INFO - 23/05/29 17:06:05 INFO DiskBlockManager: Created local directory at /tmp/blockmgr-f3eeb32e-479d-4ac5-8120-328c19dfc664
[2023-05-29T17:06:05.934+0000] {spark_submit.py:490} INFO - 23/05/29 17:06:05 INFO MemoryStore: MemoryStore started with capacity 366.3 MiB
[2023-05-29T17:06:06.159+0000] {spark_submit.py:490} INFO - 23/05/29 17:06:06 INFO SparkEnv: Registering OutputCommitCoordinator
[2023-05-29T17:06:07.160+0000] {spark_submit.py:490} INFO - 23/05/29 17:06:07 INFO Utils: Successfully started service 'SparkUI' on port 4040.
[2023-05-29T17:06:07.464+0000] {spark_submit.py:490} INFO - 23/05/29 17:06:07 INFO SparkUI: Bound SparkUI to 0.0.0.0, and started at http://fb138c374944:4040
[2023-05-29T17:06:09.382+0000] {spark_submit.py:490} INFO - 23/05/29 17:06:09 INFO StandaloneAppClient$ClientEndpoint: Connecting to master spark://spark-master:7077...
[2023-05-29T17:06:09.772+0000] {spark_submit.py:490} INFO - 23/05/29 17:06:09 INFO TransportClientFactory: Successfully created connection to spark-master/172.27.0.2:7077 after 215 ms (0 ms spent in bootstraps)
[2023-05-29T17:06:10.350+0000] {spark_submit.py:490} INFO - 23/05/29 17:06:10 INFO StandaloneSchedulerBackend: Connected to Spark cluster with app ID app-20230529170610-0014
[2023-05-29T17:06:10.417+0000] {spark_submit.py:490} INFO - 23/05/29 17:06:10 INFO Utils: Successfully started service 'org.apache.spark.network.netty.NettyBlockTransferService' on port 43089.
[2023-05-29T17:06:10.418+0000] {spark_submit.py:490} INFO - 23/05/29 17:06:10 INFO NettyBlockTransferService: Server created on fb138c374944:43089
[2023-05-29T17:06:10.455+0000] {spark_submit.py:490} INFO - 23/05/29 17:06:10 INFO BlockManager: Using org.apache.spark.storage.RandomBlockReplicationPolicy for block replication policy
[2023-05-29T17:06:10.588+0000] {spark_submit.py:490} INFO - 23/05/29 17:06:10 INFO BlockManagerMaster: Registering BlockManager BlockManagerId(driver, fb138c374944, 43089, None)
[2023-05-29T17:06:10.613+0000] {spark_submit.py:490} INFO - 23/05/29 17:06:10 INFO BlockManagerMasterEndpoint: Registering block manager fb138c374944:43089 with 366.3 MiB RAM, BlockManagerId(driver, fb138c374944, 43089, None)
[2023-05-29T17:06:10.637+0000] {spark_submit.py:490} INFO - 23/05/29 17:06:10 INFO BlockManagerMaster: Registered BlockManager BlockManagerId(driver, fb138c374944, 43089, None)
[2023-05-29T17:06:10.645+0000] {spark_submit.py:490} INFO - 23/05/29 17:06:10 INFO BlockManager: Initialized BlockManager: BlockManagerId(driver, fb138c374944, 43089, None)
[2023-05-29T17:06:11.801+0000] {spark_submit.py:490} INFO - 23/05/29 17:06:11 INFO StandaloneSchedulerBackend: SchedulerBackend is ready for scheduling beginning after reached minRegisteredResourcesRatio: 0.0
[2023-05-29T17:06:13.032+0000] {spark_submit.py:490} INFO - 23/05/29 17:06:13 INFO SharedState: Setting hive.metastore.warehouse.dir ('null') to the value of spark.sql.warehouse.dir.
[2023-05-29T17:06:13.198+0000] {spark_submit.py:490} INFO - 23/05/29 17:06:13 INFO SharedState: Warehouse path is 'file:/opt/***/spark-warehouse'.
[2023-05-29T17:06:20.240+0000] {spark_submit.py:490} INFO - 23/05/29 17:06:20 INFO MemoryStore: Block broadcast_0 stored as values in memory (estimated size 354.4 KiB, free 366.0 MiB)
[2023-05-29T17:06:20.571+0000] {spark_submit.py:490} INFO - 23/05/29 17:06:20 INFO MemoryStore: Block broadcast_0_piece0 stored as bytes in memory (estimated size 32.0 KiB, free 365.9 MiB)
[2023-05-29T17:06:20.580+0000] {spark_submit.py:490} INFO - 23/05/29 17:06:20 INFO BlockManagerInfo: Added broadcast_0_piece0 in memory on fb138c374944:43089 (size: 32.0 KiB, free: 366.3 MiB)
[2023-05-29T17:06:20.606+0000] {spark_submit.py:490} INFO - 23/05/29 17:06:20 INFO SparkContext: Created broadcast 0 from textFile at NativeMethodAccessorImpl.java:0
[2023-05-29T17:06:22.545+0000] {spark_submit.py:490} INFO - 23/05/29 17:06:22 INFO FileInputFormat: Total input files to process : 1
[2023-05-29T17:06:23.289+0000] {spark_submit.py:490} INFO - 23/05/29 17:06:23 INFO SparkContext: Starting job: collect at /opt/spark/app/word_count.py:16
[2023-05-29T17:06:23.407+0000] {spark_submit.py:490} INFO - 23/05/29 17:06:23 INFO DAGScheduler: Registering RDD 3 (coalesce at NativeMethodAccessorImpl.java:0) as input to shuffle 0
[2023-05-29T17:06:23.438+0000] {spark_submit.py:490} INFO - 23/05/29 17:06:23 INFO DAGScheduler: Got job 0 (collect at /opt/spark/app/word_count.py:16) with 50 output partitions
[2023-05-29T17:06:23.443+0000] {spark_submit.py:490} INFO - 23/05/29 17:06:23 INFO DAGScheduler: Final stage: ResultStage 1 (collect at /opt/spark/app/word_count.py:16)
[2023-05-29T17:06:23.444+0000] {spark_submit.py:490} INFO - 23/05/29 17:06:23 INFO DAGScheduler: Parents of final stage: List(ShuffleMapStage 0)
[2023-05-29T17:06:23.459+0000] {spark_submit.py:490} INFO - 23/05/29 17:06:23 INFO DAGScheduler: Missing parents: List(ShuffleMapStage 0)
[2023-05-29T17:06:23.524+0000] {spark_submit.py:490} INFO - 23/05/29 17:06:23 INFO DAGScheduler: Submitting ShuffleMapStage 0 (MapPartitionsRDD[3] at coalesce at NativeMethodAccessorImpl.java:0), which has no missing parents
[2023-05-29T17:06:23.971+0000] {spark_submit.py:490} INFO - 23/05/29 17:06:23 INFO MemoryStore: Block broadcast_1 stored as values in memory (estimated size 9.0 KiB, free 365.9 MiB)
[2023-05-29T17:06:23.986+0000] {spark_submit.py:490} INFO - 23/05/29 17:06:23 INFO MemoryStore: Block broadcast_1_piece0 stored as bytes in memory (estimated size 5.3 KiB, free 365.9 MiB)
[2023-05-29T17:06:23.992+0000] {spark_submit.py:490} INFO - 23/05/29 17:06:23 INFO BlockManagerInfo: Added broadcast_1_piece0 in memory on fb138c374944:43089 (size: 5.3 KiB, free: 366.3 MiB)
[2023-05-29T17:06:24.003+0000] {spark_submit.py:490} INFO - 23/05/29 17:06:23 INFO SparkContext: Created broadcast 1 from broadcast at DAGScheduler.scala:1478
[2023-05-29T17:06:24.129+0000] {spark_submit.py:490} INFO - 23/05/29 17:06:24 INFO DAGScheduler: Submitting 34 missing tasks from ShuffleMapStage 0 (MapPartitionsRDD[3] at coalesce at NativeMethodAccessorImpl.java:0) (first 15 tasks are for partitions Vector(0, 1, 2, 3, 4, 5, 6, 7, 8, 9, 10, 11, 12, 13, 14))
[2023-05-29T17:06:24.135+0000] {spark_submit.py:490} INFO - 23/05/29 17:06:24 INFO TaskSchedulerImpl: Adding task set 0.0 with 34 tasks resource profile 0
[2023-05-29T17:06:39.325+0000] {spark_submit.py:490} INFO - 23/05/29 17:06:39 WARN TaskSchedulerImpl: Initial job has not accepted any resources; check your cluster UI to ensure that workers are registered and have sufficient resources
[2023-05-29T17:06:54.323+0000] {spark_submit.py:490} INFO - 23/05/29 17:06:54 WARN TaskSchedulerImpl: Initial job has not accepted any resources; check your cluster UI to ensure that workers are registered and have sufficient resources
[2023-05-29T17:07:07.515+0000] {spark_submit.py:490} INFO - 23/05/29 17:07:07 INFO StandaloneAppClient$ClientEndpoint: Executor added: app-20230529170610-0014/0 on worker-20230529151449-172.27.0.3-7000 (172.27.0.3:7000) with 1 core(s)
[2023-05-29T17:07:07.527+0000] {spark_submit.py:490} INFO - 23/05/29 17:07:07 INFO StandaloneSchedulerBackend: Granted executor ID app-20230529170610-0014/0 on hostPort 172.27.0.3:7000 with 1 core(s), 1024.0 MiB RAM
[2023-05-29T17:07:07.885+0000] {spark_submit.py:490} INFO - 23/05/29 17:07:07 INFO StandaloneAppClient$ClientEndpoint: Executor updated: app-20230529170610-0014/0 is now RUNNING
[2023-05-29T17:07:09.329+0000] {spark_submit.py:490} INFO - 23/05/29 17:07:09 WARN TaskSchedulerImpl: Initial job has not accepted any resources; check your cluster UI to ensure that workers are registered and have sufficient resources
[2023-05-29T17:07:17.209+0000] {spark_submit.py:490} INFO - 23/05/29 17:07:17 INFO CoarseGrainedSchedulerBackend$DriverEndpoint: Registered executor NettyRpcEndpointRef(spark-client://Executor) (172.27.0.3:42574) with ID 0,  ResourceProfileId 0
[2023-05-29T17:07:17.696+0000] {spark_submit.py:490} INFO - 23/05/29 17:07:17 INFO BlockManagerMasterEndpoint: Registering block manager 172.27.0.3:40031 with 366.3 MiB RAM, BlockManagerId(0, 172.27.0.3, 40031, None)
[2023-05-29T17:07:18.000+0000] {spark_submit.py:490} INFO - 23/05/29 17:07:17 INFO TaskSetManager: Starting task 0.0 in stage 0.0 (TID 0) (172.27.0.3, executor 0, partition 0, PROCESS_LOCAL, 4505 bytes) taskResourceAssignments Map()
[2023-05-29T17:07:19.230+0000] {spark_submit.py:490} INFO - 23/05/29 17:07:19 INFO BlockManagerInfo: Added broadcast_1_piece0 in memory on 172.27.0.3:40031 (size: 5.3 KiB, free: 366.3 MiB)
[2023-05-29T17:07:21.635+0000] {spark_submit.py:490} INFO - 23/05/29 17:07:21 INFO BlockManagerInfo: Added broadcast_0_piece0 in memory on 172.27.0.3:40031 (size: 32.0 KiB, free: 366.3 MiB)
[2023-05-29T17:07:28.123+0000] {local_task_job.py:228} WARNING - State of this instance has been externally set to failed. Terminating instance.
[2023-05-29T17:07:28.132+0000] {process_utils.py:133} INFO - Sending Signals.SIGTERM to group 6169. PIDs of all processes in the group: [6170, 6286, 6169]
[2023-05-29T17:07:28.133+0000] {process_utils.py:84} INFO - Sending the signal Signals.SIGTERM to group 6169
[2023-05-29T17:07:28.134+0000] {taskinstance.py:1562} ERROR - Received SIGTERM. Terminating subprocesses.
[2023-05-29T17:07:28.135+0000] {spark_submit.py:615} INFO - Sending kill signal to spark-submit
[2023-05-29T17:07:28.162+0000] {warnings.py:110} WARNING - /usr/local/lib/python3.7/site-packages/***/models/taskinstance.py:871: SAWarning: TypeDecorator ExecutorConfigType() will not produce a cache key because the ``cache_ok`` attribute is not set to True.  This can have significant performance implications including some performance degradations in comparison to prior SQLAlchemy versions.  Set this attribute to True if this type object's state is safe to use in a cache key, or False to disable this warning. (Background on this error at: https://sqlalche.me/e/14/cprf)
  ti: TaskInstance | None = qry.with_for_update().one_or_none()

[2023-05-29T17:07:28.268+0000] {process_utils.py:79} INFO - Process psutil.Process(pid=6169, status='terminated', exitcode=0, started='17:05:48') (6169) terminated with exit code 0
[2023-05-29T17:08:28.158+0000] {process_utils.py:147} WARNING - process psutil.Process(pid=6170, name='java', status='zombie', started='17:05:49') did not respond to SIGTERM. Trying SIGKILL
[2023-05-29T17:08:28.162+0000] {process_utils.py:147} WARNING - process psutil.Process(pid=6286, name='python3', status='zombie', started='17:05:57') did not respond to SIGTERM. Trying SIGKILL
[2023-05-29T17:08:28.164+0000] {process_utils.py:84} INFO - Sending the signal Signals.SIGKILL to group 6169
[2023-05-29T17:09:28.177+0000] {process_utils.py:158} ERROR - Process psutil.Process(pid=6170, name='java', status='zombie', started='17:05:49') (6170) could not be killed. Giving up.
[2023-05-29T17:09:28.178+0000] {process_utils.py:158} ERROR - Process psutil.Process(pid=6286, name='python3', status='zombie', started='17:05:57') (6286) could not be killed. Giving up.
