[2023-05-29T17:00:04.188+0000] {warnings.py:110} WARNING - /usr/local/lib/python3.7/site-packages/***/models/taskinstance.py:871: SAWarning: TypeDecorator ExecutorConfigType() will not produce a cache key because the ``cache_ok`` attribute is not set to True.  This can have significant performance implications including some performance degradations in comparison to prior SQLAlchemy versions.  Set this attribute to True if this type object's state is safe to use in a cache key, or False to disable this warning. (Background on this error at: https://sqlalche.me/e/14/cprf)
  ti: TaskInstance | None = qry.with_for_update().one_or_none()

[2023-05-29T17:00:04.272+0000] {taskinstance.py:1165} INFO - Dependencies all met for <TaskInstance: word_count_1.word_count scheduled__2023-05-28T17:00:00+00:00 [queued]>
[2023-05-29T17:00:04.334+0000] {taskinstance.py:1165} INFO - Dependencies all met for <TaskInstance: word_count_1.word_count scheduled__2023-05-28T17:00:00+00:00 [queued]>
[2023-05-29T17:00:04.335+0000] {taskinstance.py:1362} INFO - 
--------------------------------------------------------------------------------
[2023-05-29T17:00:04.335+0000] {taskinstance.py:1363} INFO - Starting attempt 1 of 2
[2023-05-29T17:00:04.336+0000] {taskinstance.py:1364} INFO - 
--------------------------------------------------------------------------------
[2023-05-29T17:00:04.451+0000] {taskinstance.py:1383} INFO - Executing <Task(SparkSubmitOperator): word_count> on 2023-05-28 17:00:00+00:00
[2023-05-29T17:00:04.479+0000] {standard_task_runner.py:54} INFO - Started process 5390 to run task
[2023-05-29T17:00:04.505+0000] {standard_task_runner.py:82} INFO - Running: ['***', 'tasks', 'run', 'word_count_1', 'word_count', 'scheduled__2023-05-28T17:00:00+00:00', '--job-id', '4585', '--raw', '--subdir', 'DAGS_FOLDER/word_count_scheduler.py', '--cfg-path', '/tmp/tmp3jxv3kfa']
[2023-05-29T17:00:04.507+0000] {standard_task_runner.py:83} INFO - Job 4585: Subtask word_count
[2023-05-29T17:00:04.511+0000] {dagbag.py:525} INFO - Filling up the DagBag from /opt/***/dags/word_count_scheduler.py
[2023-05-29T17:00:05.108+0000] {task_command.py:384} INFO - Running <TaskInstance: word_count_1.word_count scheduled__2023-05-28T17:00:00+00:00 [running]> on host fb138c374944
[2023-05-29T17:00:05.123+0000] {warnings.py:110} WARNING - /usr/local/lib/python3.7/site-packages/***/models/taskinstance.py:873: SAWarning: TypeDecorator ExecutorConfigType() will not produce a cache key because the ``cache_ok`` attribute is not set to True.  This can have significant performance implications including some performance degradations in comparison to prior SQLAlchemy versions.  Set this attribute to True if this type object's state is safe to use in a cache key, or False to disable this warning. (Background on this error at: https://sqlalche.me/e/14/cprf)
  ti = qry.one_or_none()

[2023-05-29T17:00:05.646+0000] {taskinstance.py:1592} INFO - Exporting the following env vars:
AIRFLOW_CTX_DAG_EMAIL=pioneer22022001@gmail.com
AIRFLOW_CTX_DAG_OWNER=***
AIRFLOW_CTX_DAG_ID=word_count_1
AIRFLOW_CTX_TASK_ID=word_count
AIRFLOW_CTX_EXECUTION_DATE=2023-05-28T17:00:00+00:00
AIRFLOW_CTX_TRY_NUMBER=1
AIRFLOW_CTX_DAG_RUN_ID=scheduled__2023-05-28T17:00:00+00:00
[2023-05-29T17:00:05.715+0000] {base.py:71} INFO - Using connection ID 'other_spark_local' for task execution.
[2023-05-29T17:00:05.719+0000] {spark_submit.py:339} INFO - Spark-Submit cmd: spark-submit --master spark://spark-master:7077 --conf spark.master=spark://spark-master:7077 --name word_count --verbose /opt/spark/app/word_count.py
[2023-05-29T17:00:05.797+0000] {spark_submit.py:490} INFO - /opt/spark/bin/load-spark-env.sh: line 68: ps: command not found
[2023-05-29T17:00:09.951+0000] {warnings.py:110} WARNING - /usr/local/lib/python3.7/site-packages/***/models/taskinstance.py:873: SAWarning: TypeDecorator ExecutorConfigType() will not produce a cache key because the ``cache_ok`` attribute is not set to True.  This can have significant performance implications including some performance degradations in comparison to prior SQLAlchemy versions.  Set this attribute to True if this type object's state is safe to use in a cache key, or False to disable this warning. (Background on this error at: https://sqlalche.me/e/14/cprf)
  ti = qry.one_or_none()

[2023-05-29T17:00:19.728+0000] {spark_submit.py:490} INFO - Using properties file: null
[2023-05-29T17:00:21.103+0000] {spark_submit.py:490} INFO - Parsed arguments:
[2023-05-29T17:00:21.105+0000] {spark_submit.py:490} INFO - master                  spark://spark-master:7077
[2023-05-29T17:00:21.105+0000] {spark_submit.py:490} INFO - deployMode              null
[2023-05-29T17:00:21.106+0000] {spark_submit.py:490} INFO - executorMemory          null
[2023-05-29T17:00:21.106+0000] {spark_submit.py:490} INFO - executorCores           null
[2023-05-29T17:00:21.107+0000] {spark_submit.py:490} INFO - totalExecutorCores      null
[2023-05-29T17:00:21.107+0000] {spark_submit.py:490} INFO - propertiesFile          null
[2023-05-29T17:00:21.108+0000] {spark_submit.py:490} INFO - driverMemory            null
[2023-05-29T17:00:21.108+0000] {spark_submit.py:490} INFO - driverCores             null
[2023-05-29T17:00:21.109+0000] {spark_submit.py:490} INFO - driverExtraClassPath    null
[2023-05-29T17:00:21.110+0000] {spark_submit.py:490} INFO - driverExtraLibraryPath  null
[2023-05-29T17:00:21.110+0000] {spark_submit.py:490} INFO - driverExtraJavaOptions  null
[2023-05-29T17:00:21.111+0000] {spark_submit.py:490} INFO - supervise               false
[2023-05-29T17:00:21.111+0000] {spark_submit.py:490} INFO - queue                   null
[2023-05-29T17:00:21.112+0000] {spark_submit.py:490} INFO - numExecutors            null
[2023-05-29T17:00:21.112+0000] {spark_submit.py:490} INFO - files                   null
[2023-05-29T17:00:21.113+0000] {spark_submit.py:490} INFO - pyFiles                 null
[2023-05-29T17:00:21.113+0000] {spark_submit.py:490} INFO - archives                null
[2023-05-29T17:00:21.114+0000] {spark_submit.py:490} INFO - mainClass               null
[2023-05-29T17:00:21.115+0000] {spark_submit.py:490} INFO - primaryResource         file:/opt/spark/app/word_count.py
[2023-05-29T17:00:21.115+0000] {spark_submit.py:490} INFO - name                    word_count
[2023-05-29T17:00:21.116+0000] {spark_submit.py:490} INFO - childArgs               []
[2023-05-29T17:00:21.116+0000] {spark_submit.py:490} INFO - jars                    null
[2023-05-29T17:00:21.125+0000] {spark_submit.py:490} INFO - packages                null
[2023-05-29T17:00:21.126+0000] {spark_submit.py:490} INFO - packagesExclusions      null
[2023-05-29T17:00:21.126+0000] {spark_submit.py:490} INFO - repositories            null
[2023-05-29T17:00:21.127+0000] {spark_submit.py:490} INFO - verbose                 true
[2023-05-29T17:00:21.127+0000] {spark_submit.py:490} INFO - 
[2023-05-29T17:00:21.128+0000] {spark_submit.py:490} INFO - Spark properties used, including those specified through
[2023-05-29T17:00:21.129+0000] {spark_submit.py:490} INFO - --conf and those from the properties file null:
[2023-05-29T17:00:21.129+0000] {spark_submit.py:490} INFO - (spark.master,spark://spark-master:7077)
[2023-05-29T17:00:21.130+0000] {spark_submit.py:490} INFO - 
[2023-05-29T17:00:21.130+0000] {spark_submit.py:490} INFO - 
[2023-05-29T17:00:23.840+0000] {spark_submit.py:490} INFO - Main class:
[2023-05-29T17:00:23.841+0000] {spark_submit.py:490} INFO - org.apache.spark.deploy.PythonRunner
[2023-05-29T17:00:23.870+0000] {spark_submit.py:490} INFO - Arguments:
[2023-05-29T17:00:23.870+0000] {spark_submit.py:490} INFO - file:/opt/spark/app/word_count.py
[2023-05-29T17:00:23.871+0000] {spark_submit.py:490} INFO - null
[2023-05-29T17:00:23.877+0000] {spark_submit.py:490} INFO - Spark config:
[2023-05-29T17:00:23.878+0000] {spark_submit.py:490} INFO - (spark.master,spark://spark-master:7077)
[2023-05-29T17:00:23.878+0000] {spark_submit.py:490} INFO - (spark.submit.pyFiles,)
[2023-05-29T17:00:23.878+0000] {spark_submit.py:490} INFO - (spark.app.name,word_count)
[2023-05-29T17:00:23.881+0000] {spark_submit.py:490} INFO - (spark.submit.deployMode,client)
[2023-05-29T17:00:23.884+0000] {spark_submit.py:490} INFO - Classpath elements:
[2023-05-29T17:00:23.884+0000] {spark_submit.py:490} INFO - 
[2023-05-29T17:00:23.887+0000] {spark_submit.py:490} INFO - 
[2023-05-29T17:00:23.887+0000] {spark_submit.py:490} INFO - 
[2023-05-29T17:00:26.166+0000] {spark_submit.py:490} INFO - Using Spark's default log4j profile: org/apache/spark/log4j-defaults.properties
[2023-05-29T17:00:26.207+0000] {spark_submit.py:490} INFO - 23/05/29 17:00:26 INFO SparkContext: Running Spark version 3.2.3
[2023-05-29T17:00:26.729+0000] {spark_submit.py:490} INFO - 23/05/29 17:00:26 WARN NativeCodeLoader: Unable to load native-hadoop library for your platform... using builtin-java classes where applicable
[2023-05-29T17:00:27.659+0000] {spark_submit.py:490} INFO - 23/05/29 17:00:27 INFO ResourceUtils: ==============================================================
[2023-05-29T17:00:27.670+0000] {spark_submit.py:490} INFO - 23/05/29 17:00:27 INFO ResourceUtils: No custom resources configured for spark.driver.
[2023-05-29T17:00:27.674+0000] {spark_submit.py:490} INFO - 23/05/29 17:00:27 INFO ResourceUtils: ==============================================================
[2023-05-29T17:00:27.679+0000] {spark_submit.py:490} INFO - 23/05/29 17:00:27 INFO SparkContext: Submitted application: Firstprogram
[2023-05-29T17:00:27.873+0000] {spark_submit.py:490} INFO - 23/05/29 17:00:27 INFO ResourceProfile: Default ResourceProfile created, executor resources: Map(cores -> name: cores, amount: 1, script: , vendor: , memory -> name: memory, amount: 1024, script: , vendor: , offHeap -> name: offHeap, amount: 0, script: , vendor: ), task resources: Map(cpus -> name: cpus, amount: 1.0)
[2023-05-29T17:00:27.970+0000] {spark_submit.py:490} INFO - 23/05/29 17:00:27 INFO ResourceProfile: Limiting resource is cpu
[2023-05-29T17:00:27.974+0000] {spark_submit.py:490} INFO - 23/05/29 17:00:27 INFO ResourceProfileManager: Added ResourceProfile id: 0
[2023-05-29T17:00:28.303+0000] {spark_submit.py:490} INFO - 23/05/29 17:00:28 INFO SecurityManager: Changing view acls to: ***
[2023-05-29T17:00:28.307+0000] {spark_submit.py:490} INFO - 23/05/29 17:00:28 INFO SecurityManager: Changing modify acls to: ***
[2023-05-29T17:00:28.310+0000] {spark_submit.py:490} INFO - 23/05/29 17:00:28 INFO SecurityManager: Changing view acls groups to:
[2023-05-29T17:00:28.313+0000] {spark_submit.py:490} INFO - 23/05/29 17:00:28 INFO SecurityManager: Changing modify acls groups to:
[2023-05-29T17:00:28.315+0000] {spark_submit.py:490} INFO - 23/05/29 17:00:28 INFO SecurityManager: SecurityManager: authentication disabled; ui acls disabled; users  with view permissions: Set(***); groups with view permissions: Set(); users  with modify permissions: Set(***); groups with modify permissions: Set()
[2023-05-29T17:00:30.418+0000] {spark_submit.py:490} INFO - 23/05/29 17:00:30 INFO Utils: Successfully started service 'sparkDriver' on port 45963.
[2023-05-29T17:00:30.632+0000] {spark_submit.py:490} INFO - 23/05/29 17:00:30 INFO SparkEnv: Registering MapOutputTracker
[2023-05-29T17:00:30.876+0000] {spark_submit.py:490} INFO - 23/05/29 17:00:30 INFO SparkEnv: Registering BlockManagerMaster
[2023-05-29T17:00:31.095+0000] {spark_submit.py:490} INFO - 23/05/29 17:00:31 INFO BlockManagerMasterEndpoint: Using org.apache.spark.storage.DefaultTopologyMapper for getting topology information
[2023-05-29T17:00:31.098+0000] {spark_submit.py:490} INFO - 23/05/29 17:00:31 INFO BlockManagerMasterEndpoint: BlockManagerMasterEndpoint up
[2023-05-29T17:00:31.122+0000] {spark_submit.py:490} INFO - 23/05/29 17:00:31 INFO SparkEnv: Registering BlockManagerMasterHeartbeat
[2023-05-29T17:00:31.229+0000] {spark_submit.py:490} INFO - 23/05/29 17:00:31 INFO DiskBlockManager: Created local directory at /tmp/blockmgr-0a150bc4-7d99-43e1-afe9-c010084a946c
[2023-05-29T17:00:31.392+0000] {spark_submit.py:490} INFO - 23/05/29 17:00:31 INFO MemoryStore: MemoryStore started with capacity 366.3 MiB
[2023-05-29T17:00:31.527+0000] {spark_submit.py:490} INFO - 23/05/29 17:00:31 INFO SparkEnv: Registering OutputCommitCoordinator
[2023-05-29T17:00:33.765+0000] {spark_submit.py:490} INFO - 23/05/29 17:00:33 WARN Utils: Service 'SparkUI' could not bind on port 4040. Attempting port 4041.
[2023-05-29T17:00:33.965+0000] {spark_submit.py:490} INFO - 23/05/29 17:00:33 INFO Utils: Successfully started service 'SparkUI' on port 4041.
[2023-05-29T17:00:35.103+0000] {spark_submit.py:490} INFO - 23/05/29 17:00:35 INFO SparkUI: Bound SparkUI to 0.0.0.0, and started at http://fb138c374944:4041
[2023-05-29T17:00:39.008+0000] {spark_submit.py:490} INFO - 23/05/29 17:00:39 INFO StandaloneAppClient$ClientEndpoint: Connecting to master spark://spark-master:7077...
[2023-05-29T17:00:39.663+0000] {spark_submit.py:490} INFO - 23/05/29 17:00:39 INFO TransportClientFactory: Successfully created connection to spark-master/172.27.0.2:7077 after 388 ms (0 ms spent in bootstraps)
[2023-05-29T17:00:41.288+0000] {spark_submit.py:490} INFO - 23/05/29 17:00:41 INFO StandaloneSchedulerBackend: Connected to Spark cluster with app ID app-20230529170041-0011
[2023-05-29T17:00:41.358+0000] {spark_submit.py:490} INFO - 23/05/29 17:00:41 INFO Utils: Successfully started service 'org.apache.spark.network.netty.NettyBlockTransferService' on port 42491.
[2023-05-29T17:00:41.359+0000] {spark_submit.py:490} INFO - 23/05/29 17:00:41 INFO NettyBlockTransferService: Server created on fb138c374944:42491
[2023-05-29T17:00:41.377+0000] {spark_submit.py:490} INFO - 23/05/29 17:00:41 INFO BlockManager: Using org.apache.spark.storage.RandomBlockReplicationPolicy for block replication policy
[2023-05-29T17:00:41.523+0000] {spark_submit.py:490} INFO - 23/05/29 17:00:41 INFO BlockManagerMaster: Registering BlockManager BlockManagerId(driver, fb138c374944, 42491, None)
[2023-05-29T17:00:41.551+0000] {spark_submit.py:490} INFO - 23/05/29 17:00:41 INFO BlockManagerMasterEndpoint: Registering block manager fb138c374944:42491 with 366.3 MiB RAM, BlockManagerId(driver, fb138c374944, 42491, None)
[2023-05-29T17:00:41.568+0000] {spark_submit.py:490} INFO - 23/05/29 17:00:41 INFO BlockManagerMaster: Registered BlockManager BlockManagerId(driver, fb138c374944, 42491, None)
[2023-05-29T17:00:41.575+0000] {spark_submit.py:490} INFO - 23/05/29 17:00:41 INFO BlockManager: Initialized BlockManager: BlockManagerId(driver, fb138c374944, 42491, None)
[2023-05-29T17:00:43.224+0000] {spark_submit.py:490} INFO - 23/05/29 17:00:43 INFO StandaloneSchedulerBackend: SchedulerBackend is ready for scheduling beginning after reached minRegisteredResourcesRatio: 0.0
[2023-05-29T17:00:44.723+0000] {spark_submit.py:490} INFO - 23/05/29 17:00:44 INFO SharedState: Setting hive.metastore.warehouse.dir ('null') to the value of spark.sql.warehouse.dir.
[2023-05-29T17:00:44.997+0000] {spark_submit.py:490} INFO - 23/05/29 17:00:44 INFO SharedState: Warehouse path is 'file:/opt/***/spark-warehouse'.
[2023-05-29T17:00:55.948+0000] {spark_submit.py:490} INFO - 23/05/29 17:00:55 INFO MemoryStore: Block broadcast_0 stored as values in memory (estimated size 354.4 KiB, free 366.0 MiB)
[2023-05-29T17:00:57.204+0000] {spark_submit.py:490} INFO - 23/05/29 17:00:57 INFO MemoryStore: Block broadcast_0_piece0 stored as bytes in memory (estimated size 32.0 KiB, free 365.9 MiB)
[2023-05-29T17:00:57.216+0000] {spark_submit.py:490} INFO - 23/05/29 17:00:57 INFO BlockManagerInfo: Added broadcast_0_piece0 in memory on fb138c374944:42491 (size: 32.0 KiB, free: 366.3 MiB)
[2023-05-29T17:00:57.225+0000] {local_task_job.py:228} WARNING - State of this instance has been externally set to failed. Terminating instance.
[2023-05-29T17:00:57.242+0000] {spark_submit.py:490} INFO - 23/05/29 17:00:57 INFO SparkContext: Created broadcast 0 from textFile at NativeMethodAccessorImpl.java:0
[2023-05-29T17:00:57.273+0000] {process_utils.py:133} INFO - Sending Signals.SIGTERM to group 5390. PIDs of all processes in the group: [5393, 5559, 5390]
[2023-05-29T17:00:57.274+0000] {process_utils.py:84} INFO - Sending the signal Signals.SIGTERM to group 5390
[2023-05-29T17:00:57.281+0000] {taskinstance.py:1562} ERROR - Received SIGTERM. Terminating subprocesses.
[2023-05-29T17:00:57.282+0000] {spark_submit.py:615} INFO - Sending kill signal to spark-submit
[2023-05-29T17:00:57.331+0000] {warnings.py:110} WARNING - /usr/local/lib/python3.7/site-packages/***/models/taskinstance.py:871: SAWarning: TypeDecorator ExecutorConfigType() will not produce a cache key because the ``cache_ok`` attribute is not set to True.  This can have significant performance implications including some performance degradations in comparison to prior SQLAlchemy versions.  Set this attribute to True if this type object's state is safe to use in a cache key, or False to disable this warning. (Background on this error at: https://sqlalche.me/e/14/cprf)
  ti: TaskInstance | None = qry.with_for_update().one_or_none()

[2023-05-29T17:00:57.497+0000] {process_utils.py:79} INFO - Process psutil.Process(pid=5390, status='terminated', exitcode=0, started='17:00:03') (5390) terminated with exit code 0
[2023-05-29T17:01:57.347+0000] {process_utils.py:147} WARNING - process psutil.Process(pid=5393, name='java', status='zombie', started='17:00:05') did not respond to SIGTERM. Trying SIGKILL
[2023-05-29T17:01:57.351+0000] {process_utils.py:147} WARNING - process psutil.Process(pid=5559, name='python3', status='zombie', started='17:00:23') did not respond to SIGTERM. Trying SIGKILL
[2023-05-29T17:01:57.352+0000] {process_utils.py:84} INFO - Sending the signal Signals.SIGKILL to group 5390
[2023-05-29T17:02:57.366+0000] {process_utils.py:158} ERROR - Process psutil.Process(pid=5393, name='java', status='zombie', started='17:00:05') (5393) could not be killed. Giving up.
[2023-05-29T17:02:57.367+0000] {process_utils.py:158} ERROR - Process psutil.Process(pid=5559, name='python3', status='zombie', started='17:00:23') (5559) could not be killed. Giving up.
